[2026-01-23T14:06:29.687+0000] {taskinstance.py:1956} INFO - Dependencies all met for dep_context=non-requeueable deps ti=<TaskInstance: ml_pipeline.wait_for_etl scheduled__2026-01-23T13:45:00+00:00 [queued]>
[2026-01-23T14:06:29.698+0000] {taskinstance.py:1956} INFO - Dependencies all met for dep_context=requeueable deps ti=<TaskInstance: ml_pipeline.wait_for_etl scheduled__2026-01-23T13:45:00+00:00 [queued]>
[2026-01-23T14:06:29.699+0000] {taskinstance.py:2170} INFO - Starting attempt 1 of 2
[2026-01-23T14:06:29.714+0000] {taskinstance.py:2191} INFO - Executing <Task(ExternalTaskSensor): wait_for_etl> on 2026-01-23 13:45:00+00:00
[2026-01-23T14:06:29.721+0000] {standard_task_runner.py:60} INFO - Started process 371 to run task
[2026-01-23T14:06:29.725+0000] {standard_task_runner.py:87} INFO - Running: ['***', 'tasks', 'run', 'ml_pipeline', 'wait_for_etl', 'scheduled__2026-01-23T13:45:00+00:00', '--job-id', '3', '--raw', '--subdir', 'DAGS_FOLDER/ml_pipeline.py', '--cfg-path', '/tmp/tmpuvzux05d']
[2026-01-23T14:06:29.727+0000] {standard_task_runner.py:88} INFO - Job 3: Subtask wait_for_etl
[2026-01-23T14:06:29.790+0000] {task_command.py:423} INFO - Running <TaskInstance: ml_pipeline.wait_for_etl scheduled__2026-01-23T13:45:00+00:00 [running]> on host f73c8cf119da
[2026-01-23T14:06:29.888+0000] {taskinstance.py:2480} INFO - Exporting env vars: AIRFLOW_CTX_DAG_OWNER='***' AIRFLOW_CTX_DAG_ID='ml_pipeline' AIRFLOW_CTX_TASK_ID='wait_for_etl' AIRFLOW_CTX_EXECUTION_DATE='2026-01-23T13:45:00+00:00' AIRFLOW_CTX_TRY_NUMBER='1' AIRFLOW_CTX_DAG_RUN_ID='scheduled__2026-01-23T13:45:00+00:00'
[2026-01-23T14:06:29.889+0000] {external_task.py:244} INFO - Poking for tasks ['save_silver_postgres'] in dag ETL_TASKFLOW on 2026-01-23T13:45:00+00:00 ... 
[2026-01-23T14:06:59.890+0000] {external_task.py:244} INFO - Poking for tasks ['save_silver_postgres'] in dag ETL_TASKFLOW on 2026-01-23T13:45:00+00:00 ... 
[2026-01-23T14:07:30.020+0000] {external_task.py:244} INFO - Poking for tasks ['save_silver_postgres'] in dag ETL_TASKFLOW on 2026-01-23T13:45:00+00:00 ... 
[2026-01-23T14:08:00.095+0000] {external_task.py:244} INFO - Poking for tasks ['save_silver_postgres'] in dag ETL_TASKFLOW on 2026-01-23T13:45:00+00:00 ... 
[2026-01-23T14:08:30.129+0000] {external_task.py:244} INFO - Poking for tasks ['save_silver_postgres'] in dag ETL_TASKFLOW on 2026-01-23T13:45:00+00:00 ... 
[2026-01-23T14:09:00.147+0000] {external_task.py:244} INFO - Poking for tasks ['save_silver_postgres'] in dag ETL_TASKFLOW on 2026-01-23T13:45:00+00:00 ... 
[2026-01-23T14:09:30.191+0000] {external_task.py:244} INFO - Poking for tasks ['save_silver_postgres'] in dag ETL_TASKFLOW on 2026-01-23T13:45:00+00:00 ... 
[2026-01-23T14:10:00.226+0000] {external_task.py:244} INFO - Poking for tasks ['save_silver_postgres'] in dag ETL_TASKFLOW on 2026-01-23T13:45:00+00:00 ... 
[2026-01-23T14:10:30.258+0000] {external_task.py:244} INFO - Poking for tasks ['save_silver_postgres'] in dag ETL_TASKFLOW on 2026-01-23T13:45:00+00:00 ... 
[2026-01-23T14:11:00.291+0000] {external_task.py:244} INFO - Poking for tasks ['save_silver_postgres'] in dag ETL_TASKFLOW on 2026-01-23T13:45:00+00:00 ... 
[2026-01-23T14:11:30.329+0000] {external_task.py:244} INFO - Poking for tasks ['save_silver_postgres'] in dag ETL_TASKFLOW on 2026-01-23T13:45:00+00:00 ... 
[2026-01-23T14:12:00.352+0000] {external_task.py:244} INFO - Poking for tasks ['save_silver_postgres'] in dag ETL_TASKFLOW on 2026-01-23T13:45:00+00:00 ... 
[2026-01-23T14:12:30.404+0000] {external_task.py:244} INFO - Poking for tasks ['save_silver_postgres'] in dag ETL_TASKFLOW on 2026-01-23T13:45:00+00:00 ... 
[2026-01-23T14:13:00.442+0000] {external_task.py:244} INFO - Poking for tasks ['save_silver_postgres'] in dag ETL_TASKFLOW on 2026-01-23T13:45:00+00:00 ... 
[2026-01-23T14:13:30.470+0000] {external_task.py:244} INFO - Poking for tasks ['save_silver_postgres'] in dag ETL_TASKFLOW on 2026-01-23T13:45:00+00:00 ... 
[2026-01-23T14:14:00.495+0000] {external_task.py:244} INFO - Poking for tasks ['save_silver_postgres'] in dag ETL_TASKFLOW on 2026-01-23T13:45:00+00:00 ... 
[2026-01-23T14:14:30.522+0000] {external_task.py:244} INFO - Poking for tasks ['save_silver_postgres'] in dag ETL_TASKFLOW on 2026-01-23T13:45:00+00:00 ... 
[2026-01-23T14:15:00.548+0000] {external_task.py:244} INFO - Poking for tasks ['save_silver_postgres'] in dag ETL_TASKFLOW on 2026-01-23T13:45:00+00:00 ... 
[2026-01-23T14:15:30.575+0000] {external_task.py:244} INFO - Poking for tasks ['save_silver_postgres'] in dag ETL_TASKFLOW on 2026-01-23T13:45:00+00:00 ... 
[2026-01-23T14:16:00.602+0000] {external_task.py:244} INFO - Poking for tasks ['save_silver_postgres'] in dag ETL_TASKFLOW on 2026-01-23T13:45:00+00:00 ... 
[2026-01-23T14:16:30.650+0000] {external_task.py:244} INFO - Poking for tasks ['save_silver_postgres'] in dag ETL_TASKFLOW on 2026-01-23T13:45:00+00:00 ... 
[2026-01-23T14:16:30.664+0000] {taskinstance.py:2698} ERROR - Task failed with exception
Traceback (most recent call last):
  File "/home/airflow/.local/lib/python3.8/site-packages/airflow/models/taskinstance.py", line 433, in _execute_task
    result = execute_callable(context=context, **execute_callable_kwargs)
  File "/home/airflow/.local/lib/python3.8/site-packages/airflow/sensors/external_task.py", line 334, in execute
    super().execute(context)
  File "/home/airflow/.local/lib/python3.8/site-packages/airflow/sensors/base.py", line 282, in execute
    raise AirflowSensorTimeout(message)
airflow.exceptions.AirflowSensorTimeout: Sensor has timed out; run duration of 600.5652250929998 seconds exceeds the specified timeout of 600.0.
[2026-01-23T14:16:30.677+0000] {taskinstance.py:1138} INFO - Immediate failure requested. Marking task as FAILED. dag_id=ml_pipeline, task_id=wait_for_etl, execution_date=20260123T134500, start_date=20260123T140629, end_date=20260123T141630
[2026-01-23T14:16:30.697+0000] {standard_task_runner.py:107} ERROR - Failed to execute job 3 for task wait_for_etl (Sensor has timed out; run duration of 600.5652250929998 seconds exceeds the specified timeout of 600.0.; 371)
[2026-01-23T14:16:30.732+0000] {local_task_job_runner.py:234} INFO - Task exited with return code 1
[2026-01-23T14:16:30.774+0000] {taskinstance.py:3280} INFO - 0 downstream tasks scheduled from follow-on schedule check
