[2026-01-21T10:05:37.681+0000] {taskinstance.py:1956} INFO - Dependencies all met for dep_context=non-requeueable deps ti=<TaskInstance: ETL.Extract_data scheduled__2026-01-21T09:45:00+00:00 [queued]>
[2026-01-21T10:05:37.689+0000] {taskinstance.py:1956} INFO - Dependencies all met for dep_context=requeueable deps ti=<TaskInstance: ETL.Extract_data scheduled__2026-01-21T09:45:00+00:00 [queued]>
[2026-01-21T10:05:37.690+0000] {taskinstance.py:2170} INFO - Starting attempt 1 of 1
[2026-01-21T10:05:37.707+0000] {taskinstance.py:2191} INFO - Executing <Task(PythonOperator): Extract_data> on 2026-01-21 09:45:00+00:00
[2026-01-21T10:05:37.712+0000] {standard_task_runner.py:60} INFO - Started process 80 to run task
[2026-01-21T10:05:37.716+0000] {standard_task_runner.py:87} INFO - Running: ['***', 'tasks', 'run', 'ETL', 'Extract_data', 'scheduled__2026-01-21T09:45:00+00:00', '--job-id', '10', '--raw', '--subdir', 'DAGS_FOLDER/ETL.py', '--cfg-path', '/tmp/tmp5p2c23z9']
[2026-01-21T10:05:37.719+0000] {standard_task_runner.py:88} INFO - Job 10: Subtask Extract_data
[2026-01-21T10:05:37.798+0000] {task_command.py:423} INFO - Running <TaskInstance: ETL.Extract_data scheduled__2026-01-21T09:45:00+00:00 [running]> on host 1088443c7c2b
[2026-01-21T10:05:37.882+0000] {taskinstance.py:2480} INFO - Exporting env vars: AIRFLOW_CTX_DAG_OWNER='***' AIRFLOW_CTX_DAG_ID='ETL' AIRFLOW_CTX_TASK_ID='Extract_data' AIRFLOW_CTX_EXECUTION_DATE='2026-01-21T09:45:00+00:00' AIRFLOW_CTX_TRY_NUMBER='1' AIRFLOW_CTX_DAG_RUN_ID='scheduled__2026-01-21T09:45:00+00:00'
[2026-01-21T10:05:37.884+0000] {taskinstance.py:2698} ERROR - Task failed with exception
Traceback (most recent call last):
  File "/home/airflow/.local/lib/python3.8/site-packages/airflow/models/taskinstance.py", line 433, in _execute_task
    result = execute_callable(context=context, **execute_callable_kwargs)
  File "/home/airflow/.local/lib/python3.8/site-packages/airflow/operators/python.py", line 199, in execute
    return_value = self.execute_callable()
  File "/home/airflow/.local/lib/python3.8/site-packages/airflow/operators/python.py", line 216, in execute_callable
    return self.python_callable(*self.op_args, **self.op_kwargs)
  File "/opt/airflow/dags/ETL.py", line 107, in Extract_Data
    df = data_collection_api(15, "1m", "BTCUSDT")
NameError: name 'data_collection_api' is not defined
[2026-01-21T10:05:37.894+0000] {taskinstance.py:1138} INFO - Marking task as FAILED. dag_id=ETL, task_id=Extract_data, execution_date=20260121T094500, start_date=20260121T100537, end_date=20260121T100537
[2026-01-21T10:05:37.906+0000] {standard_task_runner.py:107} ERROR - Failed to execute job 10 for task Extract_data (name 'data_collection_api' is not defined; 80)
[2026-01-21T10:05:37.944+0000] {local_task_job_runner.py:234} INFO - Task exited with return code 1
[2026-01-21T10:05:37.974+0000] {taskinstance.py:3280} INFO - 0 downstream tasks scheduled from follow-on schedule check
[2026-01-21T10:14:45.059+0000] {taskinstance.py:1956} INFO - Dependencies all met for dep_context=non-requeueable deps ti=<TaskInstance: ETL.Extract_data scheduled__2026-01-21T09:45:00+00:00 [queued]>
[2026-01-21T10:14:45.080+0000] {taskinstance.py:1956} INFO - Dependencies all met for dep_context=requeueable deps ti=<TaskInstance: ETL.Extract_data scheduled__2026-01-21T09:45:00+00:00 [queued]>
[2026-01-21T10:14:45.080+0000] {taskinstance.py:2170} INFO - Starting attempt 1 of 1
[2026-01-21T10:14:45.099+0000] {taskinstance.py:2191} INFO - Executing <Task(PythonOperator): Extract_data> on 2026-01-21 09:45:00+00:00
[2026-01-21T10:14:45.103+0000] {standard_task_runner.py:60} INFO - Started process 74 to run task
[2026-01-21T10:14:45.107+0000] {standard_task_runner.py:87} INFO - Running: ['***', 'tasks', 'run', 'ETL', 'Extract_data', 'scheduled__2026-01-21T09:45:00+00:00', '--job-id', '2', '--raw', '--subdir', 'DAGS_FOLDER/ETL.py', '--cfg-path', '/tmp/tmpm887zpgw']
[2026-01-21T10:14:45.110+0000] {standard_task_runner.py:88} INFO - Job 2: Subtask Extract_data
[2026-01-21T10:14:45.164+0000] {task_command.py:423} INFO - Running <TaskInstance: ETL.Extract_data scheduled__2026-01-21T09:45:00+00:00 [running]> on host d6a8c67c486d
[2026-01-21T10:14:45.245+0000] {taskinstance.py:2480} INFO - Exporting env vars: AIRFLOW_CTX_DAG_OWNER='***' AIRFLOW_CTX_DAG_ID='ETL' AIRFLOW_CTX_TASK_ID='Extract_data' AIRFLOW_CTX_EXECUTION_DATE='2026-01-21T09:45:00+00:00' AIRFLOW_CTX_TRY_NUMBER='1' AIRFLOW_CTX_DAG_RUN_ID='scheduled__2026-01-21T09:45:00+00:00'
[2026-01-21T10:14:45.840+0000] {taskinstance.py:2698} ERROR - Task failed with exception
Traceback (most recent call last):
  File "/home/airflow/.local/lib/python3.8/site-packages/airflow/models/taskinstance.py", line 433, in _execute_task
    result = execute_callable(context=context, **execute_callable_kwargs)
  File "/home/airflow/.local/lib/python3.8/site-packages/airflow/operators/python.py", line 199, in execute
    return_value = self.execute_callable()
  File "/home/airflow/.local/lib/python3.8/site-packages/airflow/operators/python.py", line 216, in execute_callable
    return self.python_callable(*self.op_args, **self.op_kwargs)
  File "/opt/airflow/dags/ETL.py", line 141, in Extract_Data
    df = data_collection_api(15, "1m", "BTCUSDT")
  File "/opt/airflow/dags/ETL.py", line 40, in data_collection_api
    df = pd.DataFrame(data, columns=columns)
NameError: name 'pd' is not defined
[2026-01-21T10:14:45.856+0000] {taskinstance.py:1138} INFO - Marking task as FAILED. dag_id=ETL, task_id=Extract_data, execution_date=20260121T094500, start_date=20260121T101445, end_date=20260121T101445
[2026-01-21T10:14:45.875+0000] {standard_task_runner.py:107} ERROR - Failed to execute job 2 for task Extract_data (name 'pd' is not defined; 74)
[2026-01-21T10:14:45.902+0000] {local_task_job_runner.py:234} INFO - Task exited with return code 1
[2026-01-21T10:14:45.938+0000] {taskinstance.py:3280} INFO - 0 downstream tasks scheduled from follow-on schedule check
