[2026-01-23T18:32:29.939+0000] {taskinstance.py:1956} INFO - Dependencies all met for dep_context=non-requeueable deps ti=<TaskInstance: ml_pipeline.evaluate_random_forest manual__2026-01-23T18:01:08.420539+00:00 [queued]>
[2026-01-23T18:32:29.950+0000] {taskinstance.py:1956} INFO - Dependencies all met for dep_context=requeueable deps ti=<TaskInstance: ml_pipeline.evaluate_random_forest manual__2026-01-23T18:01:08.420539+00:00 [queued]>
[2026-01-23T18:32:29.951+0000] {taskinstance.py:2170} INFO - Starting attempt 1 of 2
[2026-01-23T18:32:29.966+0000] {taskinstance.py:2191} INFO - Executing <Task(PythonOperator): evaluate_random_forest> on 2026-01-23 18:01:08.420539+00:00
[2026-01-23T18:32:29.975+0000] {standard_task_runner.py:60} INFO - Started process 6491 to run task
[2026-01-23T18:32:29.981+0000] {standard_task_runner.py:87} INFO - Running: ['***', 'tasks', 'run', 'ml_pipeline', 'evaluate_random_forest', 'manual__2026-01-23T18:01:08.420539+00:00', '--job-id', '204', '--raw', '--subdir', 'DAGS_FOLDER/ml_pipeline.py', '--cfg-path', '/tmp/tmp6vi0ca7w']
[2026-01-23T18:32:29.984+0000] {standard_task_runner.py:88} INFO - Job 204: Subtask evaluate_random_forest
[2026-01-23T18:32:30.052+0000] {task_command.py:423} INFO - Running <TaskInstance: ml_pipeline.evaluate_random_forest manual__2026-01-23T18:01:08.420539+00:00 [running]> on host 29e73cfdca90
[2026-01-23T18:32:30.155+0000] {taskinstance.py:2480} INFO - Exporting env vars: AIRFLOW_CTX_DAG_OWNER='***' AIRFLOW_CTX_DAG_ID='ml_pipeline' AIRFLOW_CTX_TASK_ID='evaluate_random_forest' AIRFLOW_CTX_EXECUTION_DATE='2026-01-23T18:01:08.420539+00:00' AIRFLOW_CTX_TRY_NUMBER='1' AIRFLOW_CTX_DAG_RUN_ID='manual__2026-01-23T18:01:08.420539+00:00'
[2026-01-23T18:32:30.156+0000] {logging_mixin.py:188} INFO - 
==================================================
[2026-01-23T18:32:30.157+0000] {logging_mixin.py:188} INFO - ÉVALUATION - RANDOM FOREST
[2026-01-23T18:32:30.157+0000] {logging_mixin.py:188} INFO - ==================================================
[2026-01-23T18:32:42.921+0000] {logging_mixin.py:188} INFO - 
Résultats:
[2026-01-23T18:32:42.922+0000] {logging_mixin.py:188} INFO -   RMSE: $670.91
[2026-01-23T18:32:42.923+0000] {logging_mixin.py:188} INFO -   MAE:  $593.88
[2026-01-23T18:32:42.924+0000] {logging_mixin.py:188} INFO -   R²:   -2.3110
[2026-01-23T18:32:42.925+0000] {logging_mixin.py:188} INFO - 
Exemples de prédictions:
[2026-01-23T18:32:43.230+0000] {logging_mixin.py:188} INFO - +---------------+-----------------+
|close_t_plus_10|prediction       |
+---------------+-----------------+
|89694.474      |89715.29865618689|
|89694.474      |89715.29865618689|
|89694.474      |89715.29865618689|
|89694.474      |89719.6791950036 |
|89694.474      |89719.6791950036 |
+---------------+-----------------+
only showing top 5 rows
[2026-01-23T18:32:43.231+0000] {logging_mixin.py:188} INFO - ==================================================
[2026-01-23T18:32:43.233+0000] {python.py:201} INFO - Done. Returned value was: None
[2026-01-23T18:32:43.253+0000] {taskinstance.py:1138} INFO - Marking task as SUCCESS. dag_id=ml_pipeline, task_id=evaluate_random_forest, execution_date=20260123T180108, start_date=20260123T183229, end_date=20260123T183243
[2026-01-23T18:32:43.325+0000] {local_task_job_runner.py:234} INFO - Task exited with return code 0
[2026-01-23T18:32:43.360+0000] {taskinstance.py:3280} INFO - 0 downstream tasks scheduled from follow-on schedule check
