[2026-01-23T16:27:02.413+0000] {taskinstance.py:1956} INFO - Dependencies all met for dep_context=non-requeueable deps ti=<TaskInstance: ml_pipeline.wait_for_etl scheduled__2026-01-23T16:00:00+00:00 [queued]>
[2026-01-23T16:27:02.425+0000] {taskinstance.py:1956} INFO - Dependencies all met for dep_context=requeueable deps ti=<TaskInstance: ml_pipeline.wait_for_etl scheduled__2026-01-23T16:00:00+00:00 [queued]>
[2026-01-23T16:27:02.426+0000] {taskinstance.py:2170} INFO - Starting attempt 1 of 2
[2026-01-23T16:27:02.443+0000] {taskinstance.py:2191} INFO - Executing <Task(ExternalTaskSensor): wait_for_etl> on 2026-01-23 16:00:00+00:00
[2026-01-23T16:27:02.451+0000] {standard_task_runner.py:60} INFO - Started process 18183 to run task
[2026-01-23T16:27:02.458+0000] {standard_task_runner.py:87} INFO - Running: ['***', 'tasks', 'run', 'ml_pipeline', 'wait_for_etl', 'scheduled__2026-01-23T16:00:00+00:00', '--job-id', '52', '--raw', '--subdir', 'DAGS_FOLDER/ml_pipeline.py', '--cfg-path', '/tmp/tmp0es87czw']
[2026-01-23T16:27:02.462+0000] {standard_task_runner.py:88} INFO - Job 52: Subtask wait_for_etl
[2026-01-23T16:27:02.527+0000] {task_command.py:423} INFO - Running <TaskInstance: ml_pipeline.wait_for_etl scheduled__2026-01-23T16:00:00+00:00 [running]> on host d6104de25333
[2026-01-23T16:27:02.646+0000] {taskinstance.py:2480} INFO - Exporting env vars: AIRFLOW_CTX_DAG_OWNER='***' AIRFLOW_CTX_DAG_ID='ml_pipeline' AIRFLOW_CTX_TASK_ID='wait_for_etl' AIRFLOW_CTX_EXECUTION_DATE='2026-01-23T16:00:00+00:00' AIRFLOW_CTX_TRY_NUMBER='1' AIRFLOW_CTX_DAG_RUN_ID='scheduled__2026-01-23T16:00:00+00:00'
[2026-01-23T16:27:02.648+0000] {external_task.py:244} INFO - Poking for tasks ['save_silver_postgres'] in dag ETL_TASKFLOW on 2026-01-23T16:00:00+00:00 ... 
[2026-01-23T16:28:02.693+0000] {external_task.py:244} INFO - Poking for tasks ['save_silver_postgres'] in dag ETL_TASKFLOW on 2026-01-23T16:00:00+00:00 ... 
[2026-01-23T16:29:02.730+0000] {external_task.py:244} INFO - Poking for tasks ['save_silver_postgres'] in dag ETL_TASKFLOW on 2026-01-23T16:00:00+00:00 ... 
[2026-01-23T16:30:02.777+0000] {external_task.py:244} INFO - Poking for tasks ['save_silver_postgres'] in dag ETL_TASKFLOW on 2026-01-23T16:00:00+00:00 ... 
[2026-01-23T16:31:02.805+0000] {external_task.py:244} INFO - Poking for tasks ['save_silver_postgres'] in dag ETL_TASKFLOW on 2026-01-23T16:00:00+00:00 ... 
[2026-01-23T16:32:02.855+0000] {external_task.py:244} INFO - Poking for tasks ['save_silver_postgres'] in dag ETL_TASKFLOW on 2026-01-23T16:00:00+00:00 ... 
[2026-01-23T16:33:02.879+0000] {external_task.py:244} INFO - Poking for tasks ['save_silver_postgres'] in dag ETL_TASKFLOW on 2026-01-23T16:00:00+00:00 ... 
[2026-01-23T16:34:02.915+0000] {external_task.py:244} INFO - Poking for tasks ['save_silver_postgres'] in dag ETL_TASKFLOW on 2026-01-23T16:00:00+00:00 ... 
[2026-01-23T16:35:02.977+0000] {external_task.py:244} INFO - Poking for tasks ['save_silver_postgres'] in dag ETL_TASKFLOW on 2026-01-23T16:00:00+00:00 ... 
[2026-01-23T16:36:03.011+0000] {external_task.py:244} INFO - Poking for tasks ['save_silver_postgres'] in dag ETL_TASKFLOW on 2026-01-23T16:00:00+00:00 ... 
[2026-01-23T16:41:18.680+0000] {external_task.py:244} INFO - Poking for tasks ['save_silver_postgres'] in dag ETL_TASKFLOW on 2026-01-23T16:00:00+00:00 ... 
