[2026-01-23T19:17:14.822+0000] {taskinstance.py:1956} INFO - Dependencies all met for dep_context=non-requeueable deps ti=<TaskInstance: ml_pipeline.evaluate_random_forest scheduled__2026-01-23T19:00:00+00:00 [queued]>
[2026-01-23T19:17:14.837+0000] {taskinstance.py:1956} INFO - Dependencies all met for dep_context=requeueable deps ti=<TaskInstance: ml_pipeline.evaluate_random_forest scheduled__2026-01-23T19:00:00+00:00 [queued]>
[2026-01-23T19:17:14.838+0000] {taskinstance.py:2170} INFO - Starting attempt 1 of 2
[2026-01-23T19:17:14.856+0000] {taskinstance.py:2191} INFO - Executing <Task(PythonOperator): evaluate_random_forest> on 2026-01-23 19:00:00+00:00
[2026-01-23T19:17:14.866+0000] {standard_task_runner.py:60} INFO - Started process 5871 to run task
[2026-01-23T19:17:14.873+0000] {standard_task_runner.py:87} INFO - Running: ['***', 'tasks', 'run', 'ml_pipeline', 'evaluate_random_forest', 'scheduled__2026-01-23T19:00:00+00:00', '--job-id', '275', '--raw', '--subdir', 'DAGS_FOLDER/ml_pipeline.py', '--cfg-path', '/tmp/tmpb008eca9']
[2026-01-23T19:17:14.877+0000] {standard_task_runner.py:88} INFO - Job 275: Subtask evaluate_random_forest
[2026-01-23T19:17:14.948+0000] {task_command.py:423} INFO - Running <TaskInstance: ml_pipeline.evaluate_random_forest scheduled__2026-01-23T19:00:00+00:00 [running]> on host 29e73cfdca90
[2026-01-23T19:17:15.064+0000] {taskinstance.py:2480} INFO - Exporting env vars: AIRFLOW_CTX_DAG_OWNER='***' AIRFLOW_CTX_DAG_ID='ml_pipeline' AIRFLOW_CTX_TASK_ID='evaluate_random_forest' AIRFLOW_CTX_EXECUTION_DATE='2026-01-23T19:00:00+00:00' AIRFLOW_CTX_TRY_NUMBER='1' AIRFLOW_CTX_DAG_RUN_ID='scheduled__2026-01-23T19:00:00+00:00'
[2026-01-23T19:17:15.066+0000] {logging_mixin.py:188} INFO - 
==================================================
[2026-01-23T19:17:15.067+0000] {logging_mixin.py:188} INFO - ÉVALUATION - RANDOM FOREST
[2026-01-23T19:17:15.068+0000] {logging_mixin.py:188} INFO - ==================================================
[2026-01-23T19:17:30.256+0000] {logging_mixin.py:188} INFO - 
Résultats:
[2026-01-23T19:17:30.257+0000] {logging_mixin.py:188} INFO -   RMSE: $74.88
[2026-01-23T19:17:30.258+0000] {logging_mixin.py:188} INFO -   MAE:  $59.07
[2026-01-23T19:17:30.259+0000] {logging_mixin.py:188} INFO -   R²:   0.4802
[2026-01-23T19:17:30.260+0000] {logging_mixin.py:188} INFO - 
Exemples de prédictions:
[2026-01-23T19:17:30.668+0000] {logging_mixin.py:188} INFO - +---------------+-----------------+
|close_t_plus_10|prediction       |
+---------------+-----------------+
|90854.04       |90689.74603634627|
|90854.04       |90695.21359502884|
|90854.04       |90759.21020143002|
|90854.04       |90787.11248243   |
|90854.04       |90778.5659236919 |
+---------------+-----------------+
only showing top 5 rows
[2026-01-23T19:17:30.670+0000] {logging_mixin.py:188} INFO - ==================================================
[2026-01-23T19:17:30.674+0000] {python.py:201} INFO - Done. Returned value was: None
[2026-01-23T19:17:30.699+0000] {taskinstance.py:1138} INFO - Marking task as SUCCESS. dag_id=ml_pipeline, task_id=evaluate_random_forest, execution_date=20260123T190000, start_date=20260123T191714, end_date=20260123T191730
[2026-01-23T19:17:30.743+0000] {local_task_job_runner.py:234} INFO - Task exited with return code 0
[2026-01-23T19:17:30.774+0000] {taskinstance.py:3280} INFO - 0 downstream tasks scheduled from follow-on schedule check
