[2026-01-23T15:53:11.206+0000] {taskinstance.py:1956} INFO - Dependencies all met for dep_context=non-requeueable deps ti=<TaskInstance: ml_pipeline.wait_for_etl scheduled__2026-01-23T15:30:00+00:00 [queued]>
[2026-01-23T15:53:11.217+0000] {taskinstance.py:1956} INFO - Dependencies all met for dep_context=requeueable deps ti=<TaskInstance: ml_pipeline.wait_for_etl scheduled__2026-01-23T15:30:00+00:00 [queued]>
[2026-01-23T15:53:11.218+0000] {taskinstance.py:2170} INFO - Starting attempt 1 of 2
[2026-01-23T15:53:11.234+0000] {taskinstance.py:2191} INFO - Executing <Task(ExternalTaskSensor): wait_for_etl> on 2026-01-23 15:30:00+00:00
[2026-01-23T15:53:11.242+0000] {standard_task_runner.py:60} INFO - Started process 13030 to run task
[2026-01-23T15:53:11.249+0000] {standard_task_runner.py:87} INFO - Running: ['***', 'tasks', 'run', 'ml_pipeline', 'wait_for_etl', 'scheduled__2026-01-23T15:30:00+00:00', '--job-id', '39', '--raw', '--subdir', 'DAGS_FOLDER/ml_pipeline.py', '--cfg-path', '/tmp/tmp1nyewwv6']
[2026-01-23T15:53:11.253+0000] {standard_task_runner.py:88} INFO - Job 39: Subtask wait_for_etl
[2026-01-23T15:53:11.320+0000] {task_command.py:423} INFO - Running <TaskInstance: ml_pipeline.wait_for_etl scheduled__2026-01-23T15:30:00+00:00 [running]> on host d6104de25333
[2026-01-23T15:53:11.434+0000] {taskinstance.py:2480} INFO - Exporting env vars: AIRFLOW_CTX_DAG_OWNER='***' AIRFLOW_CTX_DAG_ID='ml_pipeline' AIRFLOW_CTX_TASK_ID='wait_for_etl' AIRFLOW_CTX_EXECUTION_DATE='2026-01-23T15:30:00+00:00' AIRFLOW_CTX_TRY_NUMBER='1' AIRFLOW_CTX_DAG_RUN_ID='scheduled__2026-01-23T15:30:00+00:00'
[2026-01-23T15:53:11.436+0000] {external_task.py:244} INFO - Poking for tasks ['save_silver_postgres'] in dag ETL_TASKFLOW on 2026-01-23T15:30:00+00:00 ... 
[2026-01-23T15:54:11.512+0000] {external_task.py:244} INFO - Poking for tasks ['save_silver_postgres'] in dag ETL_TASKFLOW on 2026-01-23T15:30:00+00:00 ... 
[2026-01-23T15:55:11.564+0000] {external_task.py:244} INFO - Poking for tasks ['save_silver_postgres'] in dag ETL_TASKFLOW on 2026-01-23T15:30:00+00:00 ... 
[2026-01-23T15:56:11.624+0000] {external_task.py:244} INFO - Poking for tasks ['save_silver_postgres'] in dag ETL_TASKFLOW on 2026-01-23T15:30:00+00:00 ... 
[2026-01-23T15:57:11.666+0000] {external_task.py:244} INFO - Poking for tasks ['save_silver_postgres'] in dag ETL_TASKFLOW on 2026-01-23T15:30:00+00:00 ... 
[2026-01-23T15:58:11.695+0000] {external_task.py:244} INFO - Poking for tasks ['save_silver_postgres'] in dag ETL_TASKFLOW on 2026-01-23T15:30:00+00:00 ... 
[2026-01-23T15:59:11.738+0000] {external_task.py:244} INFO - Poking for tasks ['save_silver_postgres'] in dag ETL_TASKFLOW on 2026-01-23T15:30:00+00:00 ... 
[2026-01-23T16:00:11.766+0000] {external_task.py:244} INFO - Poking for tasks ['save_silver_postgres'] in dag ETL_TASKFLOW on 2026-01-23T15:30:00+00:00 ... 
[2026-01-23T16:01:11.826+0000] {external_task.py:244} INFO - Poking for tasks ['save_silver_postgres'] in dag ETL_TASKFLOW on 2026-01-23T15:30:00+00:00 ... 
[2026-01-23T16:02:11.883+0000] {external_task.py:244} INFO - Poking for tasks ['save_silver_postgres'] in dag ETL_TASKFLOW on 2026-01-23T15:30:00+00:00 ... 
[2026-01-23T16:03:11.926+0000] {external_task.py:244} INFO - Poking for tasks ['save_silver_postgres'] in dag ETL_TASKFLOW on 2026-01-23T15:30:00+00:00 ... 
[2026-01-23T16:04:11.974+0000] {external_task.py:244} INFO - Poking for tasks ['save_silver_postgres'] in dag ETL_TASKFLOW on 2026-01-23T15:30:00+00:00 ... 
[2026-01-23T16:05:12.016+0000] {external_task.py:244} INFO - Poking for tasks ['save_silver_postgres'] in dag ETL_TASKFLOW on 2026-01-23T15:30:00+00:00 ... 
[2026-01-23T16:06:12.074+0000] {external_task.py:244} INFO - Poking for tasks ['save_silver_postgres'] in dag ETL_TASKFLOW on 2026-01-23T15:30:00+00:00 ... 
[2026-01-23T16:07:12.128+0000] {external_task.py:244} INFO - Poking for tasks ['save_silver_postgres'] in dag ETL_TASKFLOW on 2026-01-23T15:30:00+00:00 ... 
[2026-01-23T16:08:12.183+0000] {external_task.py:244} INFO - Poking for tasks ['save_silver_postgres'] in dag ETL_TASKFLOW on 2026-01-23T15:30:00+00:00 ... 
[2026-01-23T16:08:12.202+0000] {taskinstance.py:2698} ERROR - Task failed with exception
Traceback (most recent call last):
  File "/home/airflow/.local/lib/python3.8/site-packages/airflow/models/taskinstance.py", line 433, in _execute_task
    result = execute_callable(context=context, **execute_callable_kwargs)
  File "/home/airflow/.local/lib/python3.8/site-packages/airflow/sensors/external_task.py", line 334, in execute
    super().execute(context)
  File "/home/airflow/.local/lib/python3.8/site-packages/airflow/sensors/base.py", line 282, in execute
    raise AirflowSensorTimeout(message)
airflow.exceptions.AirflowSensorTimeout: Sensor has timed out; run duration of 900.7027215519993 seconds exceeds the specified timeout of 900.0.
[2026-01-23T16:08:12.221+0000] {taskinstance.py:1138} INFO - Immediate failure requested. Marking task as FAILED. dag_id=ml_pipeline, task_id=wait_for_etl, execution_date=20260123T153000, start_date=20260123T155311, end_date=20260123T160812
[2026-01-23T16:08:12.251+0000] {standard_task_runner.py:107} ERROR - Failed to execute job 39 for task wait_for_etl (Sensor has timed out; run duration of 900.7027215519993 seconds exceeds the specified timeout of 900.0.; 13030)
[2026-01-23T16:08:12.306+0000] {local_task_job_runner.py:234} INFO - Task exited with return code 1
[2026-01-23T16:08:12.366+0000] {taskinstance.py:3280} INFO - 0 downstream tasks scheduled from follow-on schedule check
