[2026-01-21T15:45:03.750+0000] {taskinstance.py:1956} INFO - Dependencies all met for dep_context=non-requeueable deps ti=<TaskInstance: ETL.Extract_data scheduled__2026-01-21T15:30:00+00:00 [queued]>
[2026-01-21T15:45:03.759+0000] {taskinstance.py:1956} INFO - Dependencies all met for dep_context=requeueable deps ti=<TaskInstance: ETL.Extract_data scheduled__2026-01-21T15:30:00+00:00 [queued]>
[2026-01-21T15:45:03.759+0000] {taskinstance.py:2170} INFO - Starting attempt 1 of 1
[2026-01-21T15:45:03.775+0000] {taskinstance.py:2191} INFO - Executing <Task(PythonOperator): Extract_data> on 2026-01-21 15:30:00+00:00
[2026-01-21T15:45:03.780+0000] {standard_task_runner.py:60} INFO - Started process 10216 to run task
[2026-01-21T15:45:03.784+0000] {standard_task_runner.py:87} INFO - Running: ['***', 'tasks', 'run', 'ETL', 'Extract_data', 'scheduled__2026-01-21T15:30:00+00:00', '--job-id', '45', '--raw', '--subdir', 'DAGS_FOLDER/ETL.py', '--cfg-path', '/tmp/tmpyb0p4bga']
[2026-01-21T15:45:03.787+0000] {standard_task_runner.py:88} INFO - Job 45: Subtask Extract_data
[2026-01-21T15:45:03.833+0000] {task_command.py:423} INFO - Running <TaskInstance: ETL.Extract_data scheduled__2026-01-21T15:30:00+00:00 [running]> on host d6a8c67c486d
[2026-01-21T15:45:03.924+0000] {taskinstance.py:2480} INFO - Exporting env vars: AIRFLOW_CTX_DAG_OWNER='***' AIRFLOW_CTX_DAG_ID='ETL' AIRFLOW_CTX_TASK_ID='Extract_data' AIRFLOW_CTX_EXECUTION_DATE='2026-01-21T15:30:00+00:00' AIRFLOW_CTX_TRY_NUMBER='1' AIRFLOW_CTX_DAG_RUN_ID='scheduled__2026-01-21T15:30:00+00:00'
[2026-01-21T15:45:09.714+0000] {taskinstance.py:2698} ERROR - Task failed with exception
Traceback (most recent call last):
  File "/home/airflow/.local/lib/python3.8/site-packages/airflow/models/taskinstance.py", line 433, in _execute_task
    result = execute_callable(context=context, **execute_callable_kwargs)
  File "/home/airflow/.local/lib/python3.8/site-packages/airflow/operators/python.py", line 199, in execute
    return_value = self.execute_callable()
  File "/home/airflow/.local/lib/python3.8/site-packages/airflow/operators/python.py", line 216, in execute_callable
    return self.python_callable(*self.op_args, **self.op_kwargs)
  File "/opt/airflow/dags/ETL.py", line 140, in Extract_Data
    df = load_data()
  File "/opt/airflow/dags/ETL.py", line 52, in load_data
    df = spark.read.parquet(output_path)
  File "/home/airflow/.local/lib/python3.8/site-packages/pyspark/sql/readwriter.py", line 544, in parquet
    return self._df(self._jreader.parquet(_to_seq(self._spark._sc, paths)))
  File "/home/airflow/.local/lib/python3.8/site-packages/py4j/java_gateway.py", line 1362, in __call__
    return_value = get_return_value(
  File "/home/airflow/.local/lib/python3.8/site-packages/pyspark/errors/exceptions/captured.py", line 185, in deco
    raise converted from None
pyspark.errors.exceptions.captured.AnalysisException: [PATH_NOT_FOUND] Path does not exist: file:/media/rachid/d70e3dc6-74e7-4c87-96bc-e4c3689c979a/lmobrmij/Projects/BTC_Prediction_Price/ml/Data/Normal/btc_minute_data.parquet.
[2026-01-21T15:45:09.744+0000] {taskinstance.py:1138} INFO - Marking task as FAILED. dag_id=ETL, task_id=Extract_data, execution_date=20260121T153000, start_date=20260121T154503, end_date=20260121T154509
[2026-01-21T15:45:09.761+0000] {standard_task_runner.py:107} ERROR - Failed to execute job 45 for task Extract_data ([PATH_NOT_FOUND] Path does not exist: file:/media/rachid/d70e3dc6-74e7-4c87-96bc-e4c3689c979a/lmobrmij/Projects/BTC_Prediction_Price/ml/Data/Normal/btc_minute_data.parquet.; 10216)
[2026-01-21T15:45:09.790+0000] {local_task_job_runner.py:234} INFO - Task exited with return code 1
[2026-01-21T15:45:09.820+0000] {taskinstance.py:3280} INFO - 0 downstream tasks scheduled from follow-on schedule check
