[2026-01-23T15:21:30.770+0000] {taskinstance.py:1956} INFO - Dependencies all met for dep_context=non-requeueable deps ti=<TaskInstance: ml_pipeline.wait_for_etl scheduled__2026-01-23T14:45:00+00:00 [queued]>
[2026-01-23T15:21:30.782+0000] {taskinstance.py:1956} INFO - Dependencies all met for dep_context=requeueable deps ti=<TaskInstance: ml_pipeline.wait_for_etl scheduled__2026-01-23T14:45:00+00:00 [queued]>
[2026-01-23T15:21:30.783+0000] {taskinstance.py:2170} INFO - Starting attempt 1 of 2
[2026-01-23T15:21:30.799+0000] {taskinstance.py:2191} INFO - Executing <Task(ExternalTaskSensor): wait_for_etl> on 2026-01-23 14:45:00+00:00
[2026-01-23T15:21:30.807+0000] {standard_task_runner.py:60} INFO - Started process 9887 to run task
[2026-01-23T15:21:30.813+0000] {standard_task_runner.py:87} INFO - Running: ['***', 'tasks', 'run', 'ml_pipeline', 'wait_for_etl', 'scheduled__2026-01-23T14:45:00+00:00', '--job-id', '32', '--raw', '--subdir', 'DAGS_FOLDER/ml_pipeline.py', '--cfg-path', '/tmp/tmpspq73ebr']
[2026-01-23T15:21:30.818+0000] {standard_task_runner.py:88} INFO - Job 32: Subtask wait_for_etl
[2026-01-23T15:21:30.877+0000] {task_command.py:423} INFO - Running <TaskInstance: ml_pipeline.wait_for_etl scheduled__2026-01-23T14:45:00+00:00 [running]> on host d6104de25333
[2026-01-23T15:21:30.973+0000] {taskinstance.py:2480} INFO - Exporting env vars: AIRFLOW_CTX_DAG_OWNER='***' AIRFLOW_CTX_DAG_ID='ml_pipeline' AIRFLOW_CTX_TASK_ID='wait_for_etl' AIRFLOW_CTX_EXECUTION_DATE='2026-01-23T14:45:00+00:00' AIRFLOW_CTX_TRY_NUMBER='1' AIRFLOW_CTX_DAG_RUN_ID='scheduled__2026-01-23T14:45:00+00:00'
[2026-01-23T15:21:30.975+0000] {external_task.py:244} INFO - Poking for tasks ['save_silver_postgres'] in dag ETL_TASKFLOW on 2026-01-23T14:45:00+00:00 ... 
[2026-01-23T15:22:31.026+0000] {external_task.py:244} INFO - Poking for tasks ['save_silver_postgres'] in dag ETL_TASKFLOW on 2026-01-23T14:45:00+00:00 ... 
[2026-01-23T15:23:31.070+0000] {external_task.py:244} INFO - Poking for tasks ['save_silver_postgres'] in dag ETL_TASKFLOW on 2026-01-23T14:45:00+00:00 ... 
[2026-01-23T15:24:31.079+0000] {external_task.py:244} INFO - Poking for tasks ['save_silver_postgres'] in dag ETL_TASKFLOW on 2026-01-23T14:45:00+00:00 ... 
[2026-01-23T15:25:31.095+0000] {external_task.py:244} INFO - Poking for tasks ['save_silver_postgres'] in dag ETL_TASKFLOW on 2026-01-23T14:45:00+00:00 ... 
[2026-01-23T15:26:31.140+0000] {external_task.py:244} INFO - Poking for tasks ['save_silver_postgres'] in dag ETL_TASKFLOW on 2026-01-23T14:45:00+00:00 ... 
[2026-01-23T15:27:31.494+0000] {external_task.py:244} INFO - Poking for tasks ['save_silver_postgres'] in dag ETL_TASKFLOW on 2026-01-23T14:45:00+00:00 ... 
[2026-01-23T15:28:31.525+0000] {external_task.py:244} INFO - Poking for tasks ['save_silver_postgres'] in dag ETL_TASKFLOW on 2026-01-23T14:45:00+00:00 ... 
[2026-01-23T15:29:31.650+0000] {external_task.py:244} INFO - Poking for tasks ['save_silver_postgres'] in dag ETL_TASKFLOW on 2026-01-23T14:45:00+00:00 ... 
[2026-01-23T15:30:31.867+0000] {external_task.py:244} INFO - Poking for tasks ['save_silver_postgres'] in dag ETL_TASKFLOW on 2026-01-23T14:45:00+00:00 ... 
[2026-01-23T15:31:31.805+0000] {external_task.py:244} INFO - Poking for tasks ['save_silver_postgres'] in dag ETL_TASKFLOW on 2026-01-23T14:45:00+00:00 ... 
[2026-01-23T15:32:31.856+0000] {external_task.py:244} INFO - Poking for tasks ['save_silver_postgres'] in dag ETL_TASKFLOW on 2026-01-23T14:45:00+00:00 ... 
[2026-01-23T15:33:31.858+0000] {external_task.py:244} INFO - Poking for tasks ['save_silver_postgres'] in dag ETL_TASKFLOW on 2026-01-23T14:45:00+00:00 ... 
[2026-01-23T15:34:31.909+0000] {external_task.py:244} INFO - Poking for tasks ['save_silver_postgres'] in dag ETL_TASKFLOW on 2026-01-23T14:45:00+00:00 ... 
[2026-01-23T15:35:31.932+0000] {external_task.py:244} INFO - Poking for tasks ['save_silver_postgres'] in dag ETL_TASKFLOW on 2026-01-23T14:45:00+00:00 ... 
[2026-01-23T15:36:31.977+0000] {external_task.py:244} INFO - Poking for tasks ['save_silver_postgres'] in dag ETL_TASKFLOW on 2026-01-23T14:45:00+00:00 ... 
[2026-01-23T15:36:31.995+0000] {taskinstance.py:2698} ERROR - Task failed with exception
Traceback (most recent call last):
  File "/home/airflow/.local/lib/python3.8/site-packages/airflow/models/taskinstance.py", line 433, in _execute_task
    result = execute_callable(context=context, **execute_callable_kwargs)
  File "/home/airflow/.local/lib/python3.8/site-packages/airflow/sensors/external_task.py", line 334, in execute
    super().execute(context)
  File "/home/airflow/.local/lib/python3.8/site-packages/airflow/sensors/base.py", line 282, in execute
    raise AirflowSensorTimeout(message)
airflow.exceptions.AirflowSensorTimeout: Sensor has timed out; run duration of 900.9095599930006 seconds exceeds the specified timeout of 900.0.
[2026-01-23T15:36:32.010+0000] {taskinstance.py:1138} INFO - Immediate failure requested. Marking task as FAILED. dag_id=ml_pipeline, task_id=wait_for_etl, execution_date=20260123T144500, start_date=20260123T152130, end_date=20260123T153632
[2026-01-23T15:36:32.039+0000] {standard_task_runner.py:107} ERROR - Failed to execute job 32 for task wait_for_etl (Sensor has timed out; run duration of 900.9095599930006 seconds exceeds the specified timeout of 900.0.; 9887)
[2026-01-23T15:36:32.067+0000] {local_task_job_runner.py:234} INFO - Task exited with return code 1
[2026-01-23T15:36:32.125+0000] {taskinstance.py:3280} INFO - 0 downstream tasks scheduled from follow-on schedule check
