[2026-01-23T18:14:49.238+0000] {taskinstance.py:1956} INFO - Dependencies all met for dep_context=non-requeueable deps ti=<TaskInstance: ml_pipeline.wait_for_etl manual__2026-01-23T18:14:43.275911+00:00 [queued]>
[2026-01-23T18:14:49.254+0000] {taskinstance.py:1956} INFO - Dependencies all met for dep_context=requeueable deps ti=<TaskInstance: ml_pipeline.wait_for_etl manual__2026-01-23T18:14:43.275911+00:00 [queued]>
[2026-01-23T18:14:49.255+0000] {taskinstance.py:2170} INFO - Starting attempt 1 of 2
[2026-01-23T18:14:49.283+0000] {taskinstance.py:2191} INFO - Executing <Task(ExternalTaskSensor): wait_for_etl> on 2026-01-23 18:14:43.275911+00:00
[2026-01-23T18:14:49.291+0000] {standard_task_runner.py:60} INFO - Started process 398 to run task
[2026-01-23T18:14:49.298+0000] {standard_task_runner.py:87} INFO - Running: ['***', 'tasks', 'run', 'ml_pipeline', 'wait_for_etl', 'manual__2026-01-23T18:14:43.275911+00:00', '--job-id', '100', '--raw', '--subdir', 'DAGS_FOLDER/ml_pipeline.py', '--cfg-path', '/tmp/tmpalataeyw']
[2026-01-23T18:14:49.303+0000] {standard_task_runner.py:88} INFO - Job 100: Subtask wait_for_etl
[2026-01-23T18:14:49.381+0000] {task_command.py:423} INFO - Running <TaskInstance: ml_pipeline.wait_for_etl manual__2026-01-23T18:14:43.275911+00:00 [running]> on host 2c38044477dc
[2026-01-23T18:14:49.512+0000] {taskinstance.py:2480} INFO - Exporting env vars: AIRFLOW_CTX_DAG_OWNER='***' AIRFLOW_CTX_DAG_ID='ml_pipeline' AIRFLOW_CTX_TASK_ID='wait_for_etl' AIRFLOW_CTX_EXECUTION_DATE='2026-01-23T18:14:43.275911+00:00' AIRFLOW_CTX_TRY_NUMBER='1' AIRFLOW_CTX_DAG_RUN_ID='manual__2026-01-23T18:14:43.275911+00:00'
[2026-01-23T18:14:49.530+0000] {external_task.py:244} INFO - Poking for tasks ['save_silver_postgres'] in dag ETL_TASKFLOW on 2026-01-23T17:59:43.275911+00:00 ... 
[2026-01-23T18:14:49.586+0000] {taskinstance.py:2658} INFO - Rescheduling task, marking task as UP_FOR_RESCHEDULE
[2026-01-23T18:14:49.598+0000] {local_task_job_runner.py:234} INFO - Task exited with return code 0
[2026-01-23T18:14:49.673+0000] {taskinstance.py:3280} INFO - 0 downstream tasks scheduled from follow-on schedule check
[2026-01-23T18:15:30.353+0000] {taskinstance.py:1956} INFO - Dependencies all met for dep_context=non-requeueable deps ti=<TaskInstance: ml_pipeline.wait_for_etl manual__2026-01-23T18:14:43.275911+00:00 [queued]>
[2026-01-23T18:15:30.364+0000] {taskinstance.py:1956} INFO - Dependencies all met for dep_context=requeueable deps ti=<TaskInstance: ml_pipeline.wait_for_etl manual__2026-01-23T18:14:43.275911+00:00 [queued]>
[2026-01-23T18:15:30.365+0000] {taskinstance.py:2170} INFO - Starting attempt 1 of 2
[2026-01-23T18:15:30.380+0000] {taskinstance.py:2191} INFO - Executing <Task(ExternalTaskSensor): wait_for_etl> on 2026-01-23 18:14:43.275911+00:00
[2026-01-23T18:15:30.386+0000] {standard_task_runner.py:60} INFO - Started process 992 to run task
[2026-01-23T18:15:30.392+0000] {standard_task_runner.py:87} INFO - Running: ['***', 'tasks', 'run', 'ml_pipeline', 'wait_for_etl', 'manual__2026-01-23T18:14:43.275911+00:00', '--job-id', '106', '--raw', '--subdir', 'DAGS_FOLDER/ml_pipeline.py', '--cfg-path', '/tmp/tmpjydyw_cj']
[2026-01-23T18:15:30.395+0000] {standard_task_runner.py:88} INFO - Job 106: Subtask wait_for_etl
[2026-01-23T18:15:30.472+0000] {task_command.py:423} INFO - Running <TaskInstance: ml_pipeline.wait_for_etl manual__2026-01-23T18:14:43.275911+00:00 [running]> on host 2c38044477dc
[2026-01-23T18:15:30.579+0000] {taskinstance.py:2480} INFO - Exporting env vars: AIRFLOW_CTX_DAG_OWNER='***' AIRFLOW_CTX_DAG_ID='ml_pipeline' AIRFLOW_CTX_TASK_ID='wait_for_etl' AIRFLOW_CTX_EXECUTION_DATE='2026-01-23T18:14:43.275911+00:00' AIRFLOW_CTX_TRY_NUMBER='1' AIRFLOW_CTX_DAG_RUN_ID='manual__2026-01-23T18:14:43.275911+00:00'
[2026-01-23T18:15:30.597+0000] {external_task.py:244} INFO - Poking for tasks ['save_silver_postgres'] in dag ETL_TASKFLOW on 2026-01-23T17:59:43.275911+00:00 ... 
[2026-01-23T18:15:30.671+0000] {taskinstance.py:2658} INFO - Rescheduling task, marking task as UP_FOR_RESCHEDULE
[2026-01-23T18:15:30.692+0000] {local_task_job_runner.py:234} INFO - Task exited with return code 0
[2026-01-23T18:15:30.738+0000] {taskinstance.py:3280} INFO - 0 downstream tasks scheduled from follow-on schedule check
[2026-01-23T18:17:14.859+0000] {taskinstance.py:1956} INFO - Dependencies all met for dep_context=non-requeueable deps ti=<TaskInstance: ml_pipeline.wait_for_etl manual__2026-01-23T18:14:43.275911+00:00 [queued]>
[2026-01-23T18:17:14.870+0000] {taskinstance.py:1956} INFO - Dependencies all met for dep_context=requeueable deps ti=<TaskInstance: ml_pipeline.wait_for_etl manual__2026-01-23T18:14:43.275911+00:00 [queued]>
[2026-01-23T18:17:14.871+0000] {taskinstance.py:2170} INFO - Starting attempt 1 of 2
[2026-01-23T18:17:14.892+0000] {taskinstance.py:2191} INFO - Executing <Task(ExternalTaskSensor): wait_for_etl> on 2026-01-23 18:14:43.275911+00:00
[2026-01-23T18:17:14.899+0000] {standard_task_runner.py:60} INFO - Started process 803 to run task
[2026-01-23T18:17:14.907+0000] {standard_task_runner.py:87} INFO - Running: ['***', 'tasks', 'run', 'ml_pipeline', 'wait_for_etl', 'manual__2026-01-23T18:14:43.275911+00:00', '--job-id', '114', '--raw', '--subdir', 'DAGS_FOLDER/ml_pipeline.py', '--cfg-path', '/tmp/tmpr3m1jmd5']
[2026-01-23T18:17:14.913+0000] {standard_task_runner.py:88} INFO - Job 114: Subtask wait_for_etl
[2026-01-23T18:17:14.981+0000] {task_command.py:423} INFO - Running <TaskInstance: ml_pipeline.wait_for_etl manual__2026-01-23T18:14:43.275911+00:00 [running]> on host f2c086da0204
[2026-01-23T18:17:15.080+0000] {taskinstance.py:2480} INFO - Exporting env vars: AIRFLOW_CTX_DAG_OWNER='***' AIRFLOW_CTX_DAG_ID='ml_pipeline' AIRFLOW_CTX_TASK_ID='wait_for_etl' AIRFLOW_CTX_EXECUTION_DATE='2026-01-23T18:14:43.275911+00:00' AIRFLOW_CTX_TRY_NUMBER='1' AIRFLOW_CTX_DAG_RUN_ID='manual__2026-01-23T18:14:43.275911+00:00'
[2026-01-23T18:17:15.093+0000] {external_task.py:244} INFO - Poking for tasks ['save_silver_postgres'] in dag ETL_TASKFLOW on 2026-01-23T17:59:43.275911+00:00 ... 
[2026-01-23T18:17:15.145+0000] {taskinstance.py:2658} INFO - Rescheduling task, marking task as UP_FOR_RESCHEDULE
[2026-01-23T18:17:15.169+0000] {local_task_job_runner.py:234} INFO - Task exited with return code 0
[2026-01-23T18:17:15.216+0000] {taskinstance.py:3280} INFO - 0 downstream tasks scheduled from follow-on schedule check
[2026-01-23T18:18:02.067+0000] {taskinstance.py:1956} INFO - Dependencies all met for dep_context=non-requeueable deps ti=<TaskInstance: ml_pipeline.wait_for_etl manual__2026-01-23T18:14:43.275911+00:00 [queued]>
[2026-01-23T18:18:02.078+0000] {taskinstance.py:1956} INFO - Dependencies all met for dep_context=requeueable deps ti=<TaskInstance: ml_pipeline.wait_for_etl manual__2026-01-23T18:14:43.275911+00:00 [queued]>
[2026-01-23T18:18:02.079+0000] {taskinstance.py:2170} INFO - Starting attempt 1 of 2
[2026-01-23T18:18:02.099+0000] {taskinstance.py:2191} INFO - Executing <Task(ExternalTaskSensor): wait_for_etl> on 2026-01-23 18:14:43.275911+00:00
[2026-01-23T18:18:02.106+0000] {standard_task_runner.py:60} INFO - Started process 1726 to run task
[2026-01-23T18:18:02.110+0000] {standard_task_runner.py:87} INFO - Running: ['***', 'tasks', 'run', 'ml_pipeline', 'wait_for_etl', 'manual__2026-01-23T18:14:43.275911+00:00', '--job-id', '118', '--raw', '--subdir', 'DAGS_FOLDER/ml_pipeline.py', '--cfg-path', '/tmp/tmp3sdiq4ib']
[2026-01-23T18:18:02.113+0000] {standard_task_runner.py:88} INFO - Job 118: Subtask wait_for_etl
[2026-01-23T18:18:02.172+0000] {task_command.py:423} INFO - Running <TaskInstance: ml_pipeline.wait_for_etl manual__2026-01-23T18:14:43.275911+00:00 [running]> on host f2c086da0204
[2026-01-23T18:18:02.270+0000] {taskinstance.py:2480} INFO - Exporting env vars: AIRFLOW_CTX_DAG_OWNER='***' AIRFLOW_CTX_DAG_ID='ml_pipeline' AIRFLOW_CTX_TASK_ID='wait_for_etl' AIRFLOW_CTX_EXECUTION_DATE='2026-01-23T18:14:43.275911+00:00' AIRFLOW_CTX_TRY_NUMBER='1' AIRFLOW_CTX_DAG_RUN_ID='manual__2026-01-23T18:14:43.275911+00:00'
[2026-01-23T18:18:02.283+0000] {external_task.py:244} INFO - Poking for tasks ['save_silver_postgres'] in dag ETL_TASKFLOW on 2026-01-23T17:59:43.275911+00:00 ... 
[2026-01-23T18:18:02.347+0000] {taskinstance.py:2658} INFO - Rescheduling task, marking task as UP_FOR_RESCHEDULE
[2026-01-23T18:18:02.372+0000] {local_task_job_runner.py:234} INFO - Task exited with return code 0
[2026-01-23T18:18:02.419+0000] {taskinstance.py:3280} INFO - 0 downstream tasks scheduled from follow-on schedule check
[2026-01-23T18:18:37.493+0000] {taskinstance.py:1956} INFO - Dependencies all met for dep_context=non-requeueable deps ti=<TaskInstance: ml_pipeline.wait_for_etl manual__2026-01-23T18:14:43.275911+00:00 [queued]>
[2026-01-23T18:18:37.508+0000] {taskinstance.py:1956} INFO - Dependencies all met for dep_context=requeueable deps ti=<TaskInstance: ml_pipeline.wait_for_etl manual__2026-01-23T18:14:43.275911+00:00 [queued]>
[2026-01-23T18:18:37.509+0000] {taskinstance.py:2170} INFO - Starting attempt 1 of 2
[2026-01-23T18:18:37.529+0000] {taskinstance.py:2191} INFO - Executing <Task(ExternalTaskSensor): wait_for_etl> on 2026-01-23 18:14:43.275911+00:00
[2026-01-23T18:18:37.539+0000] {standard_task_runner.py:60} INFO - Started process 1845 to run task
[2026-01-23T18:18:37.547+0000] {standard_task_runner.py:87} INFO - Running: ['***', 'tasks', 'run', 'ml_pipeline', 'wait_for_etl', 'manual__2026-01-23T18:14:43.275911+00:00', '--job-id', '121', '--raw', '--subdir', 'DAGS_FOLDER/ml_pipeline.py', '--cfg-path', '/tmp/tmp9cuh2e90']
[2026-01-23T18:18:37.550+0000] {standard_task_runner.py:88} INFO - Job 121: Subtask wait_for_etl
[2026-01-23T18:18:37.627+0000] {task_command.py:423} INFO - Running <TaskInstance: ml_pipeline.wait_for_etl manual__2026-01-23T18:14:43.275911+00:00 [running]> on host f2c086da0204
[2026-01-23T18:18:37.766+0000] {taskinstance.py:2480} INFO - Exporting env vars: AIRFLOW_CTX_DAG_OWNER='***' AIRFLOW_CTX_DAG_ID='ml_pipeline' AIRFLOW_CTX_TASK_ID='wait_for_etl' AIRFLOW_CTX_EXECUTION_DATE='2026-01-23T18:14:43.275911+00:00' AIRFLOW_CTX_TRY_NUMBER='1' AIRFLOW_CTX_DAG_RUN_ID='manual__2026-01-23T18:14:43.275911+00:00'
[2026-01-23T18:18:37.781+0000] {external_task.py:244} INFO - Poking for tasks ['save_silver_postgres'] in dag ETL_TASKFLOW on 2026-01-23T17:59:43.275911+00:00 ... 
[2026-01-23T18:18:37.842+0000] {taskinstance.py:2658} INFO - Rescheduling task, marking task as UP_FOR_RESCHEDULE
[2026-01-23T18:18:37.888+0000] {local_task_job_runner.py:234} INFO - Task exited with return code 0
[2026-01-23T18:18:37.947+0000] {taskinstance.py:3280} INFO - 0 downstream tasks scheduled from follow-on schedule check
[2026-01-23T18:19:13.157+0000] {taskinstance.py:1956} INFO - Dependencies all met for dep_context=non-requeueable deps ti=<TaskInstance: ml_pipeline.wait_for_etl manual__2026-01-23T18:14:43.275911+00:00 [queued]>
[2026-01-23T18:19:13.172+0000] {taskinstance.py:1956} INFO - Dependencies all met for dep_context=requeueable deps ti=<TaskInstance: ml_pipeline.wait_for_etl manual__2026-01-23T18:14:43.275911+00:00 [queued]>
[2026-01-23T18:19:13.172+0000] {taskinstance.py:2170} INFO - Starting attempt 1 of 2
[2026-01-23T18:19:13.200+0000] {taskinstance.py:2191} INFO - Executing <Task(ExternalTaskSensor): wait_for_etl> on 2026-01-23 18:14:43.275911+00:00
[2026-01-23T18:19:13.208+0000] {standard_task_runner.py:60} INFO - Started process 1964 to run task
[2026-01-23T18:19:13.215+0000] {standard_task_runner.py:87} INFO - Running: ['***', 'tasks', 'run', 'ml_pipeline', 'wait_for_etl', 'manual__2026-01-23T18:14:43.275911+00:00', '--job-id', '124', '--raw', '--subdir', 'DAGS_FOLDER/ml_pipeline.py', '--cfg-path', '/tmp/tmpl4kd531p']
[2026-01-23T18:19:13.219+0000] {standard_task_runner.py:88} INFO - Job 124: Subtask wait_for_etl
[2026-01-23T18:19:13.297+0000] {task_command.py:423} INFO - Running <TaskInstance: ml_pipeline.wait_for_etl manual__2026-01-23T18:14:43.275911+00:00 [running]> on host f2c086da0204
[2026-01-23T18:19:13.445+0000] {taskinstance.py:2480} INFO - Exporting env vars: AIRFLOW_CTX_DAG_OWNER='***' AIRFLOW_CTX_DAG_ID='ml_pipeline' AIRFLOW_CTX_TASK_ID='wait_for_etl' AIRFLOW_CTX_EXECUTION_DATE='2026-01-23T18:14:43.275911+00:00' AIRFLOW_CTX_TRY_NUMBER='1' AIRFLOW_CTX_DAG_RUN_ID='manual__2026-01-23T18:14:43.275911+00:00'
[2026-01-23T18:19:13.464+0000] {external_task.py:244} INFO - Poking for tasks ['save_silver_postgres'] in dag ETL_TASKFLOW on 2026-01-23T17:59:43.275911+00:00 ... 
[2026-01-23T18:19:13.531+0000] {taskinstance.py:2658} INFO - Rescheduling task, marking task as UP_FOR_RESCHEDULE
[2026-01-23T18:19:13.558+0000] {local_task_job_runner.py:234} INFO - Task exited with return code 0
[2026-01-23T18:19:13.614+0000] {taskinstance.py:3280} INFO - 0 downstream tasks scheduled from follow-on schedule check
[2026-01-23T18:19:54.131+0000] {taskinstance.py:1956} INFO - Dependencies all met for dep_context=non-requeueable deps ti=<TaskInstance: ml_pipeline.wait_for_etl manual__2026-01-23T18:14:43.275911+00:00 [queued]>
[2026-01-23T18:19:54.142+0000] {taskinstance.py:1956} INFO - Dependencies all met for dep_context=requeueable deps ti=<TaskInstance: ml_pipeline.wait_for_etl manual__2026-01-23T18:14:43.275911+00:00 [queued]>
[2026-01-23T18:19:54.143+0000] {taskinstance.py:2170} INFO - Starting attempt 1 of 2
[2026-01-23T18:19:54.159+0000] {taskinstance.py:2191} INFO - Executing <Task(ExternalTaskSensor): wait_for_etl> on 2026-01-23 18:14:43.275911+00:00
[2026-01-23T18:19:54.165+0000] {standard_task_runner.py:60} INFO - Started process 2117 to run task
[2026-01-23T18:19:54.170+0000] {standard_task_runner.py:87} INFO - Running: ['***', 'tasks', 'run', 'ml_pipeline', 'wait_for_etl', 'manual__2026-01-23T18:14:43.275911+00:00', '--job-id', '128', '--raw', '--subdir', 'DAGS_FOLDER/ml_pipeline.py', '--cfg-path', '/tmp/tmp1vwtcr_0']
[2026-01-23T18:19:54.174+0000] {standard_task_runner.py:88} INFO - Job 128: Subtask wait_for_etl
[2026-01-23T18:19:54.233+0000] {task_command.py:423} INFO - Running <TaskInstance: ml_pipeline.wait_for_etl manual__2026-01-23T18:14:43.275911+00:00 [running]> on host f2c086da0204
[2026-01-23T18:19:54.322+0000] {taskinstance.py:2480} INFO - Exporting env vars: AIRFLOW_CTX_DAG_OWNER='***' AIRFLOW_CTX_DAG_ID='ml_pipeline' AIRFLOW_CTX_TASK_ID='wait_for_etl' AIRFLOW_CTX_EXECUTION_DATE='2026-01-23T18:14:43.275911+00:00' AIRFLOW_CTX_TRY_NUMBER='1' AIRFLOW_CTX_DAG_RUN_ID='manual__2026-01-23T18:14:43.275911+00:00'
[2026-01-23T18:19:54.334+0000] {external_task.py:244} INFO - Poking for tasks ['save_silver_postgres'] in dag ETL_TASKFLOW on 2026-01-23T17:59:43.275911+00:00 ... 
[2026-01-23T18:19:54.376+0000] {taskinstance.py:2658} INFO - Rescheduling task, marking task as UP_FOR_RESCHEDULE
[2026-01-23T18:19:54.430+0000] {local_task_job_runner.py:234} INFO - Task exited with return code 0
[2026-01-23T18:19:54.489+0000] {taskinstance.py:3280} INFO - 0 downstream tasks scheduled from follow-on schedule check
[2026-01-23T18:20:29.208+0000] {taskinstance.py:1956} INFO - Dependencies all met for dep_context=non-requeueable deps ti=<TaskInstance: ml_pipeline.wait_for_etl manual__2026-01-23T18:14:43.275911+00:00 [queued]>
[2026-01-23T18:20:29.219+0000] {taskinstance.py:1956} INFO - Dependencies all met for dep_context=requeueable deps ti=<TaskInstance: ml_pipeline.wait_for_etl manual__2026-01-23T18:14:43.275911+00:00 [queued]>
[2026-01-23T18:20:29.220+0000] {taskinstance.py:2170} INFO - Starting attempt 1 of 2
[2026-01-23T18:20:29.237+0000] {taskinstance.py:2191} INFO - Executing <Task(ExternalTaskSensor): wait_for_etl> on 2026-01-23 18:14:43.275911+00:00
[2026-01-23T18:20:29.244+0000] {standard_task_runner.py:60} INFO - Started process 2304 to run task
[2026-01-23T18:20:29.251+0000] {standard_task_runner.py:87} INFO - Running: ['***', 'tasks', 'run', 'ml_pipeline', 'wait_for_etl', 'manual__2026-01-23T18:14:43.275911+00:00', '--job-id', '133', '--raw', '--subdir', 'DAGS_FOLDER/ml_pipeline.py', '--cfg-path', '/tmp/tmp0qj2vr27']
[2026-01-23T18:20:29.254+0000] {standard_task_runner.py:88} INFO - Job 133: Subtask wait_for_etl
[2026-01-23T18:20:29.314+0000] {task_command.py:423} INFO - Running <TaskInstance: ml_pipeline.wait_for_etl manual__2026-01-23T18:14:43.275911+00:00 [running]> on host f2c086da0204
[2026-01-23T18:20:29.431+0000] {taskinstance.py:2480} INFO - Exporting env vars: AIRFLOW_CTX_DAG_OWNER='***' AIRFLOW_CTX_DAG_ID='ml_pipeline' AIRFLOW_CTX_TASK_ID='wait_for_etl' AIRFLOW_CTX_EXECUTION_DATE='2026-01-23T18:14:43.275911+00:00' AIRFLOW_CTX_TRY_NUMBER='1' AIRFLOW_CTX_DAG_RUN_ID='manual__2026-01-23T18:14:43.275911+00:00'
[2026-01-23T18:20:29.445+0000] {external_task.py:244} INFO - Poking for tasks ['save_silver_postgres'] in dag ETL_TASKFLOW on 2026-01-23T17:59:43.275911+00:00 ... 
[2026-01-23T18:20:29.493+0000] {taskinstance.py:2658} INFO - Rescheduling task, marking task as UP_FOR_RESCHEDULE
[2026-01-23T18:20:29.509+0000] {local_task_job_runner.py:234} INFO - Task exited with return code 0
[2026-01-23T18:20:29.547+0000] {taskinstance.py:3280} INFO - 0 downstream tasks scheduled from follow-on schedule check
[2026-01-23T18:21:04.519+0000] {taskinstance.py:1956} INFO - Dependencies all met for dep_context=non-requeueable deps ti=<TaskInstance: ml_pipeline.wait_for_etl manual__2026-01-23T18:14:43.275911+00:00 [queued]>
[2026-01-23T18:21:04.531+0000] {taskinstance.py:1956} INFO - Dependencies all met for dep_context=requeueable deps ti=<TaskInstance: ml_pipeline.wait_for_etl manual__2026-01-23T18:14:43.275911+00:00 [queued]>
[2026-01-23T18:21:04.532+0000] {taskinstance.py:2170} INFO - Starting attempt 1 of 2
[2026-01-23T18:21:04.546+0000] {taskinstance.py:2191} INFO - Executing <Task(ExternalTaskSensor): wait_for_etl> on 2026-01-23 18:14:43.275911+00:00
[2026-01-23T18:21:04.553+0000] {standard_task_runner.py:60} INFO - Started process 2492 to run task
[2026-01-23T18:21:04.558+0000] {standard_task_runner.py:87} INFO - Running: ['***', 'tasks', 'run', 'ml_pipeline', 'wait_for_etl', 'manual__2026-01-23T18:14:43.275911+00:00', '--job-id', '138', '--raw', '--subdir', 'DAGS_FOLDER/ml_pipeline.py', '--cfg-path', '/tmp/tmpow194yvm']
[2026-01-23T18:21:04.562+0000] {standard_task_runner.py:88} INFO - Job 138: Subtask wait_for_etl
[2026-01-23T18:21:04.621+0000] {task_command.py:423} INFO - Running <TaskInstance: ml_pipeline.wait_for_etl manual__2026-01-23T18:14:43.275911+00:00 [running]> on host f2c086da0204
[2026-01-23T18:21:04.707+0000] {taskinstance.py:2480} INFO - Exporting env vars: AIRFLOW_CTX_DAG_OWNER='***' AIRFLOW_CTX_DAG_ID='ml_pipeline' AIRFLOW_CTX_TASK_ID='wait_for_etl' AIRFLOW_CTX_EXECUTION_DATE='2026-01-23T18:14:43.275911+00:00' AIRFLOW_CTX_TRY_NUMBER='1' AIRFLOW_CTX_DAG_RUN_ID='manual__2026-01-23T18:14:43.275911+00:00'
[2026-01-23T18:21:04.720+0000] {external_task.py:244} INFO - Poking for tasks ['save_silver_postgres'] in dag ETL_TASKFLOW on 2026-01-23T17:59:43.275911+00:00 ... 
[2026-01-23T18:21:04.766+0000] {taskinstance.py:2658} INFO - Rescheduling task, marking task as UP_FOR_RESCHEDULE
[2026-01-23T18:21:04.819+0000] {local_task_job_runner.py:234} INFO - Task exited with return code 0
[2026-01-23T18:21:04.909+0000] {taskinstance.py:3280} INFO - 0 downstream tasks scheduled from follow-on schedule check
[2026-01-23T18:21:40.312+0000] {taskinstance.py:1956} INFO - Dependencies all met for dep_context=non-requeueable deps ti=<TaskInstance: ml_pipeline.wait_for_etl manual__2026-01-23T18:14:43.275911+00:00 [queued]>
[2026-01-23T18:21:40.335+0000] {taskinstance.py:1956} INFO - Dependencies all met for dep_context=requeueable deps ti=<TaskInstance: ml_pipeline.wait_for_etl manual__2026-01-23T18:14:43.275911+00:00 [queued]>
[2026-01-23T18:21:40.336+0000] {taskinstance.py:2170} INFO - Starting attempt 1 of 2
[2026-01-23T18:21:40.358+0000] {taskinstance.py:2191} INFO - Executing <Task(ExternalTaskSensor): wait_for_etl> on 2026-01-23 18:14:43.275911+00:00
[2026-01-23T18:21:40.365+0000] {standard_task_runner.py:60} INFO - Started process 2695 to run task
[2026-01-23T18:21:40.371+0000] {standard_task_runner.py:87} INFO - Running: ['***', 'tasks', 'run', 'ml_pipeline', 'wait_for_etl', 'manual__2026-01-23T18:14:43.275911+00:00', '--job-id', '143', '--raw', '--subdir', 'DAGS_FOLDER/ml_pipeline.py', '--cfg-path', '/tmp/tmpx7t7rbwq']
[2026-01-23T18:21:40.375+0000] {standard_task_runner.py:88} INFO - Job 143: Subtask wait_for_etl
[2026-01-23T18:21:40.441+0000] {task_command.py:423} INFO - Running <TaskInstance: ml_pipeline.wait_for_etl manual__2026-01-23T18:14:43.275911+00:00 [running]> on host f2c086da0204
[2026-01-23T18:21:40.546+0000] {taskinstance.py:2480} INFO - Exporting env vars: AIRFLOW_CTX_DAG_OWNER='***' AIRFLOW_CTX_DAG_ID='ml_pipeline' AIRFLOW_CTX_TASK_ID='wait_for_etl' AIRFLOW_CTX_EXECUTION_DATE='2026-01-23T18:14:43.275911+00:00' AIRFLOW_CTX_TRY_NUMBER='1' AIRFLOW_CTX_DAG_RUN_ID='manual__2026-01-23T18:14:43.275911+00:00'
[2026-01-23T18:21:40.562+0000] {external_task.py:244} INFO - Poking for tasks ['save_silver_postgres'] in dag ETL_TASKFLOW on 2026-01-23T17:59:43.275911+00:00 ... 
[2026-01-23T18:21:40.626+0000] {taskinstance.py:2658} INFO - Rescheduling task, marking task as UP_FOR_RESCHEDULE
[2026-01-23T18:21:40.671+0000] {local_task_job_runner.py:234} INFO - Task exited with return code 0
[2026-01-23T18:21:40.718+0000] {taskinstance.py:3280} INFO - 0 downstream tasks scheduled from follow-on schedule check
[2026-01-23T18:22:15.575+0000] {taskinstance.py:1956} INFO - Dependencies all met for dep_context=non-requeueable deps ti=<TaskInstance: ml_pipeline.wait_for_etl manual__2026-01-23T18:14:43.275911+00:00 [queued]>
[2026-01-23T18:22:15.590+0000] {taskinstance.py:1956} INFO - Dependencies all met for dep_context=requeueable deps ti=<TaskInstance: ml_pipeline.wait_for_etl manual__2026-01-23T18:14:43.275911+00:00 [queued]>
[2026-01-23T18:22:15.591+0000] {taskinstance.py:2170} INFO - Starting attempt 1 of 2
[2026-01-23T18:22:15.619+0000] {taskinstance.py:2191} INFO - Executing <Task(ExternalTaskSensor): wait_for_etl> on 2026-01-23 18:14:43.275911+00:00
[2026-01-23T18:22:15.627+0000] {standard_task_runner.py:60} INFO - Started process 2882 to run task
[2026-01-23T18:22:15.634+0000] {standard_task_runner.py:87} INFO - Running: ['***', 'tasks', 'run', 'ml_pipeline', 'wait_for_etl', 'manual__2026-01-23T18:14:43.275911+00:00', '--job-id', '148', '--raw', '--subdir', 'DAGS_FOLDER/ml_pipeline.py', '--cfg-path', '/tmp/tmpm2jv6m3a']
[2026-01-23T18:22:15.638+0000] {standard_task_runner.py:88} INFO - Job 148: Subtask wait_for_etl
[2026-01-23T18:22:15.719+0000] {task_command.py:423} INFO - Running <TaskInstance: ml_pipeline.wait_for_etl manual__2026-01-23T18:14:43.275911+00:00 [running]> on host f2c086da0204
[2026-01-23T18:22:15.834+0000] {taskinstance.py:2480} INFO - Exporting env vars: AIRFLOW_CTX_DAG_OWNER='***' AIRFLOW_CTX_DAG_ID='ml_pipeline' AIRFLOW_CTX_TASK_ID='wait_for_etl' AIRFLOW_CTX_EXECUTION_DATE='2026-01-23T18:14:43.275911+00:00' AIRFLOW_CTX_TRY_NUMBER='1' AIRFLOW_CTX_DAG_RUN_ID='manual__2026-01-23T18:14:43.275911+00:00'
[2026-01-23T18:22:15.852+0000] {external_task.py:244} INFO - Poking for tasks ['save_silver_postgres'] in dag ETL_TASKFLOW on 2026-01-23T17:59:43.275911+00:00 ... 
[2026-01-23T18:22:15.910+0000] {taskinstance.py:2658} INFO - Rescheduling task, marking task as UP_FOR_RESCHEDULE
[2026-01-23T18:22:15.935+0000] {local_task_job_runner.py:234} INFO - Task exited with return code 0
[2026-01-23T18:22:15.990+0000] {taskinstance.py:3280} INFO - 0 downstream tasks scheduled from follow-on schedule check
[2026-01-23T18:22:51.326+0000] {taskinstance.py:1956} INFO - Dependencies all met for dep_context=non-requeueable deps ti=<TaskInstance: ml_pipeline.wait_for_etl manual__2026-01-23T18:14:43.275911+00:00 [queued]>
[2026-01-23T18:22:51.342+0000] {taskinstance.py:1956} INFO - Dependencies all met for dep_context=requeueable deps ti=<TaskInstance: ml_pipeline.wait_for_etl manual__2026-01-23T18:14:43.275911+00:00 [queued]>
[2026-01-23T18:22:51.343+0000] {taskinstance.py:2170} INFO - Starting attempt 1 of 2
[2026-01-23T18:22:51.371+0000] {taskinstance.py:2191} INFO - Executing <Task(ExternalTaskSensor): wait_for_etl> on 2026-01-23 18:14:43.275911+00:00
[2026-01-23T18:22:51.381+0000] {standard_task_runner.py:60} INFO - Started process 3069 to run task
[2026-01-23T18:22:51.387+0000] {standard_task_runner.py:87} INFO - Running: ['***', 'tasks', 'run', 'ml_pipeline', 'wait_for_etl', 'manual__2026-01-23T18:14:43.275911+00:00', '--job-id', '153', '--raw', '--subdir', 'DAGS_FOLDER/ml_pipeline.py', '--cfg-path', '/tmp/tmpn5_n6nh_']
[2026-01-23T18:22:51.391+0000] {standard_task_runner.py:88} INFO - Job 153: Subtask wait_for_etl
[2026-01-23T18:22:51.473+0000] {task_command.py:423} INFO - Running <TaskInstance: ml_pipeline.wait_for_etl manual__2026-01-23T18:14:43.275911+00:00 [running]> on host f2c086da0204
[2026-01-23T18:22:51.614+0000] {taskinstance.py:2480} INFO - Exporting env vars: AIRFLOW_CTX_DAG_OWNER='***' AIRFLOW_CTX_DAG_ID='ml_pipeline' AIRFLOW_CTX_TASK_ID='wait_for_etl' AIRFLOW_CTX_EXECUTION_DATE='2026-01-23T18:14:43.275911+00:00' AIRFLOW_CTX_TRY_NUMBER='1' AIRFLOW_CTX_DAG_RUN_ID='manual__2026-01-23T18:14:43.275911+00:00'
[2026-01-23T18:22:51.631+0000] {external_task.py:244} INFO - Poking for tasks ['save_silver_postgres'] in dag ETL_TASKFLOW on 2026-01-23T17:59:43.275911+00:00 ... 
[2026-01-23T18:22:51.696+0000] {taskinstance.py:2658} INFO - Rescheduling task, marking task as UP_FOR_RESCHEDULE
[2026-01-23T18:22:51.730+0000] {local_task_job_runner.py:234} INFO - Task exited with return code 0
[2026-01-23T18:22:51.787+0000] {taskinstance.py:3280} INFO - 0 downstream tasks scheduled from follow-on schedule check
[2026-01-23T18:23:25.427+0000] {taskinstance.py:1956} INFO - Dependencies all met for dep_context=non-requeueable deps ti=<TaskInstance: ml_pipeline.wait_for_etl manual__2026-01-23T18:14:43.275911+00:00 [queued]>
[2026-01-23T18:23:25.439+0000] {taskinstance.py:1956} INFO - Dependencies all met for dep_context=requeueable deps ti=<TaskInstance: ml_pipeline.wait_for_etl manual__2026-01-23T18:14:43.275911+00:00 [queued]>
[2026-01-23T18:23:25.440+0000] {taskinstance.py:2170} INFO - Starting attempt 1 of 2
[2026-01-23T18:23:25.455+0000] {taskinstance.py:2191} INFO - Executing <Task(ExternalTaskSensor): wait_for_etl> on 2026-01-23 18:14:43.275911+00:00
[2026-01-23T18:23:25.463+0000] {standard_task_runner.py:60} INFO - Started process 3256 to run task
[2026-01-23T18:23:25.470+0000] {standard_task_runner.py:87} INFO - Running: ['***', 'tasks', 'run', 'ml_pipeline', 'wait_for_etl', 'manual__2026-01-23T18:14:43.275911+00:00', '--job-id', '158', '--raw', '--subdir', 'DAGS_FOLDER/ml_pipeline.py', '--cfg-path', '/tmp/tmpf2so_kll']
[2026-01-23T18:23:25.474+0000] {standard_task_runner.py:88} INFO - Job 158: Subtask wait_for_etl
[2026-01-23T18:23:25.549+0000] {task_command.py:423} INFO - Running <TaskInstance: ml_pipeline.wait_for_etl manual__2026-01-23T18:14:43.275911+00:00 [running]> on host f2c086da0204
[2026-01-23T18:23:25.673+0000] {taskinstance.py:2480} INFO - Exporting env vars: AIRFLOW_CTX_DAG_OWNER='***' AIRFLOW_CTX_DAG_ID='ml_pipeline' AIRFLOW_CTX_TASK_ID='wait_for_etl' AIRFLOW_CTX_EXECUTION_DATE='2026-01-23T18:14:43.275911+00:00' AIRFLOW_CTX_TRY_NUMBER='1' AIRFLOW_CTX_DAG_RUN_ID='manual__2026-01-23T18:14:43.275911+00:00'
[2026-01-23T18:23:25.689+0000] {external_task.py:244} INFO - Poking for tasks ['save_silver_postgres'] in dag ETL_TASKFLOW on 2026-01-23T17:59:43.275911+00:00 ... 
[2026-01-23T18:23:25.753+0000] {taskinstance.py:2658} INFO - Rescheduling task, marking task as UP_FOR_RESCHEDULE
[2026-01-23T18:23:25.770+0000] {local_task_job_runner.py:234} INFO - Task exited with return code 0
[2026-01-23T18:23:25.807+0000] {taskinstance.py:3280} INFO - 0 downstream tasks scheduled from follow-on schedule check
[2026-01-23T18:24:01.097+0000] {taskinstance.py:1956} INFO - Dependencies all met for dep_context=non-requeueable deps ti=<TaskInstance: ml_pipeline.wait_for_etl manual__2026-01-23T18:14:43.275911+00:00 [queued]>
[2026-01-23T18:24:01.109+0000] {taskinstance.py:1956} INFO - Dependencies all met for dep_context=requeueable deps ti=<TaskInstance: ml_pipeline.wait_for_etl manual__2026-01-23T18:14:43.275911+00:00 [queued]>
[2026-01-23T18:24:01.110+0000] {taskinstance.py:2170} INFO - Starting attempt 1 of 2
[2026-01-23T18:24:01.126+0000] {taskinstance.py:2191} INFO - Executing <Task(ExternalTaskSensor): wait_for_etl> on 2026-01-23 18:14:43.275911+00:00
[2026-01-23T18:24:01.132+0000] {standard_task_runner.py:60} INFO - Started process 3443 to run task
[2026-01-23T18:24:01.137+0000] {standard_task_runner.py:87} INFO - Running: ['***', 'tasks', 'run', 'ml_pipeline', 'wait_for_etl', 'manual__2026-01-23T18:14:43.275911+00:00', '--job-id', '163', '--raw', '--subdir', 'DAGS_FOLDER/ml_pipeline.py', '--cfg-path', '/tmp/tmp_z3frgyu']
[2026-01-23T18:24:01.139+0000] {standard_task_runner.py:88} INFO - Job 163: Subtask wait_for_etl
[2026-01-23T18:24:01.197+0000] {task_command.py:423} INFO - Running <TaskInstance: ml_pipeline.wait_for_etl manual__2026-01-23T18:14:43.275911+00:00 [running]> on host f2c086da0204
[2026-01-23T18:24:01.298+0000] {taskinstance.py:2480} INFO - Exporting env vars: AIRFLOW_CTX_DAG_OWNER='***' AIRFLOW_CTX_DAG_ID='ml_pipeline' AIRFLOW_CTX_TASK_ID='wait_for_etl' AIRFLOW_CTX_EXECUTION_DATE='2026-01-23T18:14:43.275911+00:00' AIRFLOW_CTX_TRY_NUMBER='1' AIRFLOW_CTX_DAG_RUN_ID='manual__2026-01-23T18:14:43.275911+00:00'
[2026-01-23T18:24:01.310+0000] {external_task.py:244} INFO - Poking for tasks ['save_silver_postgres'] in dag ETL_TASKFLOW on 2026-01-23T17:59:43.275911+00:00 ... 
[2026-01-23T18:24:01.366+0000] {taskinstance.py:2658} INFO - Rescheduling task, marking task as UP_FOR_RESCHEDULE
[2026-01-23T18:24:01.398+0000] {local_task_job_runner.py:234} INFO - Task exited with return code 0
[2026-01-23T18:24:01.437+0000] {taskinstance.py:3280} INFO - 0 downstream tasks scheduled from follow-on schedule check
[2026-01-23T18:25:54.013+0000] {taskinstance.py:1956} INFO - Dependencies all met for dep_context=non-requeueable deps ti=<TaskInstance: ml_pipeline.wait_for_etl manual__2026-01-23T18:14:43.275911+00:00 [queued]>
[2026-01-23T18:25:54.025+0000] {taskinstance.py:1956} INFO - Dependencies all met for dep_context=requeueable deps ti=<TaskInstance: ml_pipeline.wait_for_etl manual__2026-01-23T18:14:43.275911+00:00 [queued]>
[2026-01-23T18:25:54.026+0000] {taskinstance.py:2170} INFO - Starting attempt 1 of 2
[2026-01-23T18:25:54.051+0000] {taskinstance.py:2191} INFO - Executing <Task(ExternalTaskSensor): wait_for_etl> on 2026-01-23 18:14:43.275911+00:00
[2026-01-23T18:25:54.060+0000] {standard_task_runner.py:60} INFO - Started process 261 to run task
[2026-01-23T18:25:54.064+0000] {standard_task_runner.py:87} INFO - Running: ['***', 'tasks', 'run', 'ml_pipeline', 'wait_for_etl', 'manual__2026-01-23T18:14:43.275911+00:00', '--job-id', '169', '--raw', '--subdir', 'DAGS_FOLDER/ml_pipeline.py', '--cfg-path', '/tmp/tmpoaqfad68']
[2026-01-23T18:25:54.066+0000] {standard_task_runner.py:88} INFO - Job 169: Subtask wait_for_etl
[2026-01-23T18:25:54.148+0000] {task_command.py:423} INFO - Running <TaskInstance: ml_pipeline.wait_for_etl manual__2026-01-23T18:14:43.275911+00:00 [running]> on host 29e73cfdca90
[2026-01-23T18:25:54.252+0000] {taskinstance.py:2480} INFO - Exporting env vars: AIRFLOW_CTX_DAG_OWNER='***' AIRFLOW_CTX_DAG_ID='ml_pipeline' AIRFLOW_CTX_TASK_ID='wait_for_etl' AIRFLOW_CTX_EXECUTION_DATE='2026-01-23T18:14:43.275911+00:00' AIRFLOW_CTX_TRY_NUMBER='1' AIRFLOW_CTX_DAG_RUN_ID='manual__2026-01-23T18:14:43.275911+00:00'
[2026-01-23T18:25:54.265+0000] {external_task.py:244} INFO - Poking for tasks ['save_silver_postgres'] in dag ETL_TASKFLOW on 2026-01-23T17:59:43.275911+00:00 ... 
[2026-01-23T18:25:54.320+0000] {taskinstance.py:2658} INFO - Rescheduling task, marking task as UP_FOR_RESCHEDULE
[2026-01-23T18:25:54.368+0000] {local_task_job_runner.py:234} INFO - Task exited with return code 0
[2026-01-23T18:25:54.420+0000] {taskinstance.py:3280} INFO - 0 downstream tasks scheduled from follow-on schedule check
[2026-01-23T18:26:29.923+0000] {taskinstance.py:1956} INFO - Dependencies all met for dep_context=non-requeueable deps ti=<TaskInstance: ml_pipeline.wait_for_etl manual__2026-01-23T18:14:43.275911+00:00 [queued]>
[2026-01-23T18:26:29.934+0000] {taskinstance.py:1956} INFO - Dependencies all met for dep_context=requeueable deps ti=<TaskInstance: ml_pipeline.wait_for_etl manual__2026-01-23T18:14:43.275911+00:00 [queued]>
[2026-01-23T18:26:29.934+0000] {taskinstance.py:2170} INFO - Starting attempt 1 of 2
[2026-01-23T18:26:29.951+0000] {taskinstance.py:2191} INFO - Executing <Task(ExternalTaskSensor): wait_for_etl> on 2026-01-23 18:14:43.275911+00:00
[2026-01-23T18:26:29.958+0000] {standard_task_runner.py:60} INFO - Started process 448 to run task
[2026-01-23T18:26:29.963+0000] {standard_task_runner.py:87} INFO - Running: ['***', 'tasks', 'run', 'ml_pipeline', 'wait_for_etl', 'manual__2026-01-23T18:14:43.275911+00:00', '--job-id', '174', '--raw', '--subdir', 'DAGS_FOLDER/ml_pipeline.py', '--cfg-path', '/tmp/tmpc_4p3ovl']
[2026-01-23T18:26:29.967+0000] {standard_task_runner.py:88} INFO - Job 174: Subtask wait_for_etl
[2026-01-23T18:26:30.027+0000] {task_command.py:423} INFO - Running <TaskInstance: ml_pipeline.wait_for_etl manual__2026-01-23T18:14:43.275911+00:00 [running]> on host 29e73cfdca90
[2026-01-23T18:26:30.131+0000] {taskinstance.py:2480} INFO - Exporting env vars: AIRFLOW_CTX_DAG_OWNER='***' AIRFLOW_CTX_DAG_ID='ml_pipeline' AIRFLOW_CTX_TASK_ID='wait_for_etl' AIRFLOW_CTX_EXECUTION_DATE='2026-01-23T18:14:43.275911+00:00' AIRFLOW_CTX_TRY_NUMBER='1' AIRFLOW_CTX_DAG_RUN_ID='manual__2026-01-23T18:14:43.275911+00:00'
[2026-01-23T18:26:30.145+0000] {external_task.py:244} INFO - Poking for tasks ['save_silver_postgres'] in dag ETL_TASKFLOW on 2026-01-23T17:59:43.275911+00:00 ... 
[2026-01-23T18:26:30.206+0000] {taskinstance.py:2658} INFO - Rescheduling task, marking task as UP_FOR_RESCHEDULE
[2026-01-23T18:26:30.224+0000] {local_task_job_runner.py:234} INFO - Task exited with return code 0
[2026-01-23T18:26:30.263+0000] {taskinstance.py:3280} INFO - 0 downstream tasks scheduled from follow-on schedule check
[2026-01-23T18:27:05.574+0000] {taskinstance.py:1956} INFO - Dependencies all met for dep_context=non-requeueable deps ti=<TaskInstance: ml_pipeline.wait_for_etl manual__2026-01-23T18:14:43.275911+00:00 [queued]>
[2026-01-23T18:27:05.585+0000] {taskinstance.py:1956} INFO - Dependencies all met for dep_context=requeueable deps ti=<TaskInstance: ml_pipeline.wait_for_etl manual__2026-01-23T18:14:43.275911+00:00 [queued]>
[2026-01-23T18:27:05.586+0000] {taskinstance.py:2170} INFO - Starting attempt 1 of 2
[2026-01-23T18:27:05.602+0000] {taskinstance.py:2191} INFO - Executing <Task(ExternalTaskSensor): wait_for_etl> on 2026-01-23 18:14:43.275911+00:00
[2026-01-23T18:27:05.610+0000] {standard_task_runner.py:60} INFO - Started process 636 to run task
[2026-01-23T18:27:05.618+0000] {standard_task_runner.py:87} INFO - Running: ['***', 'tasks', 'run', 'ml_pipeline', 'wait_for_etl', 'manual__2026-01-23T18:14:43.275911+00:00', '--job-id', '179', '--raw', '--subdir', 'DAGS_FOLDER/ml_pipeline.py', '--cfg-path', '/tmp/tmp3bz72wy5']
[2026-01-23T18:27:05.622+0000] {standard_task_runner.py:88} INFO - Job 179: Subtask wait_for_etl
[2026-01-23T18:27:05.689+0000] {task_command.py:423} INFO - Running <TaskInstance: ml_pipeline.wait_for_etl manual__2026-01-23T18:14:43.275911+00:00 [running]> on host 29e73cfdca90
[2026-01-23T18:27:05.804+0000] {taskinstance.py:2480} INFO - Exporting env vars: AIRFLOW_CTX_DAG_OWNER='***' AIRFLOW_CTX_DAG_ID='ml_pipeline' AIRFLOW_CTX_TASK_ID='wait_for_etl' AIRFLOW_CTX_EXECUTION_DATE='2026-01-23T18:14:43.275911+00:00' AIRFLOW_CTX_TRY_NUMBER='1' AIRFLOW_CTX_DAG_RUN_ID='manual__2026-01-23T18:14:43.275911+00:00'
[2026-01-23T18:27:05.827+0000] {external_task.py:244} INFO - Poking for tasks ['save_silver_postgres'] in dag ETL_TASKFLOW on 2026-01-23T17:59:43.275911+00:00 ... 
[2026-01-23T18:27:05.846+0000] {taskinstance.py:2698} ERROR - Task failed with exception
Traceback (most recent call last):
  File "/home/airflow/.local/lib/python3.8/site-packages/airflow/models/taskinstance.py", line 433, in _execute_task
    result = execute_callable(context=context, **execute_callable_kwargs)
  File "/home/airflow/.local/lib/python3.8/site-packages/airflow/sensors/external_task.py", line 334, in execute
    super().execute(context)
  File "/home/airflow/.local/lib/python3.8/site-packages/airflow/sensors/base.py", line 282, in execute
    raise AirflowSensorTimeout(message)
airflow.exceptions.AirflowSensorTimeout: Sensor has timed out; run duration of 736.42243 seconds exceeds the specified timeout of 720.0.
[2026-01-23T18:27:05.865+0000] {taskinstance.py:1138} INFO - Immediate failure requested. Marking task as FAILED. dag_id=ml_pipeline, task_id=wait_for_etl, execution_date=20260123T181443, start_date=20260123T182705, end_date=20260123T182705
[2026-01-23T18:27:05.883+0000] {standard_task_runner.py:107} ERROR - Failed to execute job 179 for task wait_for_etl (Sensor has timed out; run duration of 736.42243 seconds exceeds the specified timeout of 720.0.; 636)
[2026-01-23T18:27:05.919+0000] {local_task_job_runner.py:234} INFO - Task exited with return code 1
[2026-01-23T18:27:05.978+0000] {taskinstance.py:3280} INFO - 0 downstream tasks scheduled from follow-on schedule check
