[2026-01-23T17:57:30.231+0000] {taskinstance.py:1956} INFO - Dependencies all met for dep_context=non-requeueable deps ti=<TaskInstance: ml_pipeline.wait_for_etl manual__2026-01-23T17:32:57.364336+00:00 [queued]>
[2026-01-23T17:57:30.246+0000] {taskinstance.py:1956} INFO - Dependencies all met for dep_context=requeueable deps ti=<TaskInstance: ml_pipeline.wait_for_etl manual__2026-01-23T17:32:57.364336+00:00 [queued]>
[2026-01-23T17:57:30.247+0000] {taskinstance.py:2170} INFO - Starting attempt 1 of 2
[2026-01-23T17:57:30.270+0000] {taskinstance.py:2191} INFO - Executing <Task(ExternalTaskSensor): wait_for_etl> on 2026-01-23 17:32:57.364336+00:00
[2026-01-23T17:57:30.281+0000] {standard_task_runner.py:60} INFO - Started process 20045 to run task
[2026-01-23T17:57:30.287+0000] {standard_task_runner.py:87} INFO - Running: ['***', 'tasks', 'run', 'ml_pipeline', 'wait_for_etl', 'manual__2026-01-23T17:32:57.364336+00:00', '--job-id', '57', '--raw', '--subdir', 'DAGS_FOLDER/ml_pipeline.py', '--cfg-path', '/tmp/tmpxn638j8a']
[2026-01-23T17:57:30.290+0000] {standard_task_runner.py:88} INFO - Job 57: Subtask wait_for_etl
[2026-01-23T17:57:30.379+0000] {task_command.py:423} INFO - Running <TaskInstance: ml_pipeline.wait_for_etl manual__2026-01-23T17:32:57.364336+00:00 [running]> on host d6104de25333
[2026-01-23T17:57:30.535+0000] {taskinstance.py:2480} INFO - Exporting env vars: AIRFLOW_CTX_DAG_OWNER='***' AIRFLOW_CTX_DAG_ID='ml_pipeline' AIRFLOW_CTX_TASK_ID='wait_for_etl' AIRFLOW_CTX_EXECUTION_DATE='2026-01-23T17:32:57.364336+00:00' AIRFLOW_CTX_TRY_NUMBER='1' AIRFLOW_CTX_DAG_RUN_ID='manual__2026-01-23T17:32:57.364336+00:00'
[2026-01-23T17:57:30.537+0000] {external_task.py:244} INFO - Poking for tasks ['save_silver_postgres'] in dag ETL_TASKFLOW on 2026-01-23T17:32:57.364336+00:00 ... 
[2026-01-23T17:58:30.581+0000] {external_task.py:244} INFO - Poking for tasks ['save_silver_postgres'] in dag ETL_TASKFLOW on 2026-01-23T17:32:57.364336+00:00 ... 
[2026-01-23T17:59:30.637+0000] {external_task.py:244} INFO - Poking for tasks ['save_silver_postgres'] in dag ETL_TASKFLOW on 2026-01-23T17:32:57.364336+00:00 ... 
[2026-01-23T18:00:08.826+0000] {local_task_job_runner.py:121} ERROR - Received SIGTERM. Terminating subprocesses
[2026-01-23T18:00:08.833+0000] {process_utils.py:131} INFO - Sending 15 to group 20045. PIDs of all processes in the group: [20045]
[2026-01-23T18:00:08.835+0000] {process_utils.py:86} INFO - Sending the signal 15 to group 20045
[2026-01-23T18:00:08.837+0000] {taskinstance.py:2450} ERROR - Received SIGTERM. Terminating subprocesses.
[2026-01-23T18:00:08.864+0000] {taskinstance.py:2698} ERROR - Task failed with exception
Traceback (most recent call last):
  File "/home/airflow/.local/lib/python3.8/site-packages/airflow/models/taskinstance.py", line 433, in _execute_task
    result = execute_callable(context=context, **execute_callable_kwargs)
  File "/home/airflow/.local/lib/python3.8/site-packages/airflow/sensors/external_task.py", line 334, in execute
    super().execute(context)
  File "/home/airflow/.local/lib/python3.8/site-packages/airflow/sensors/base.py", line 293, in execute
    time.sleep(self._get_next_poke_interval(started_at, run_duration, try_number))
  File "/home/airflow/.local/lib/python3.8/site-packages/airflow/models/taskinstance.py", line 2452, in signal_handler
    raise AirflowException("Task received SIGTERM signal")
airflow.exceptions.AirflowException: Task received SIGTERM signal
[2026-01-23T18:00:08.875+0000] {taskinstance.py:1138} INFO - Marking task as UP_FOR_RETRY. dag_id=ml_pipeline, task_id=wait_for_etl, execution_date=20260123T173257, start_date=20260123T175730, end_date=20260123T180008
[2026-01-23T18:00:08.908+0000] {standard_task_runner.py:107} ERROR - Failed to execute job 57 for task wait_for_etl (Task received SIGTERM signal; 20045)
[2026-01-23T18:00:08.936+0000] {process_utils.py:79} INFO - Process psutil.Process(pid=20045, status='terminated', exitcode=1, started='17:57:30') (20045) terminated with exit code 1
[2026-01-23T18:00:08.938+0000] {local_task_job_runner.py:234} INFO - Task exited with return code 143
[2026-01-23T18:00:08.994+0000] {taskinstance.py:3280} INFO - 0 downstream tasks scheduled from follow-on schedule check
