[2026-01-23T18:05:14.390+0000] {taskinstance.py:1956} INFO - Dependencies all met for dep_context=non-requeueable deps ti=<TaskInstance: ml_pipeline.wait_for_etl manual__2026-01-23T17:32:57.364336+00:00 [queued]>
[2026-01-23T18:05:14.407+0000] {taskinstance.py:1956} INFO - Dependencies all met for dep_context=requeueable deps ti=<TaskInstance: ml_pipeline.wait_for_etl manual__2026-01-23T17:32:57.364336+00:00 [queued]>
[2026-01-23T18:05:14.408+0000] {taskinstance.py:2170} INFO - Starting attempt 2 of 2
[2026-01-23T18:05:14.430+0000] {taskinstance.py:2191} INFO - Executing <Task(ExternalTaskSensor): wait_for_etl> on 2026-01-23 17:32:57.364336+00:00
[2026-01-23T18:05:14.441+0000] {standard_task_runner.py:60} INFO - Started process 1733 to run task
[2026-01-23T18:05:14.448+0000] {standard_task_runner.py:87} INFO - Running: ['***', 'tasks', 'run', 'ml_pipeline', 'wait_for_etl', 'manual__2026-01-23T17:32:57.364336+00:00', '--job-id', '71', '--raw', '--subdir', 'DAGS_FOLDER/ml_pipeline.py', '--cfg-path', '/tmp/tmpgsqggcv1']
[2026-01-23T18:05:14.453+0000] {standard_task_runner.py:88} INFO - Job 71: Subtask wait_for_etl
[2026-01-23T18:05:14.539+0000] {task_command.py:423} INFO - Running <TaskInstance: ml_pipeline.wait_for_etl manual__2026-01-23T17:32:57.364336+00:00 [running]> on host ba0940bbb30b
[2026-01-23T18:05:14.692+0000] {taskinstance.py:2480} INFO - Exporting env vars: AIRFLOW_CTX_DAG_OWNER='***' AIRFLOW_CTX_DAG_ID='ml_pipeline' AIRFLOW_CTX_TASK_ID='wait_for_etl' AIRFLOW_CTX_EXECUTION_DATE='2026-01-23T17:32:57.364336+00:00' AIRFLOW_CTX_TRY_NUMBER='2' AIRFLOW_CTX_DAG_RUN_ID='manual__2026-01-23T17:32:57.364336+00:00'
[2026-01-23T18:05:14.708+0000] {external_task.py:244} INFO - Poking for tasks ['save_silver_postgres'] in dag ETL_TASKFLOW on 2026-01-23T17:17:57.364336+00:00 ... 
[2026-01-23T18:05:14.767+0000] {taskinstance.py:2658} INFO - Rescheduling task, marking task as UP_FOR_RESCHEDULE
[2026-01-23T18:05:14.789+0000] {local_task_job_runner.py:234} INFO - Task exited with return code 0
[2026-01-23T18:05:14.839+0000] {taskinstance.py:3280} INFO - 0 downstream tasks scheduled from follow-on schedule check
[2026-01-23T18:06:20.419+0000] {taskinstance.py:1956} INFO - Dependencies all met for dep_context=non-requeueable deps ti=<TaskInstance: ml_pipeline.wait_for_etl manual__2026-01-23T17:32:57.364336+00:00 [queued]>
[2026-01-23T18:06:20.434+0000] {taskinstance.py:1956} INFO - Dependencies all met for dep_context=requeueable deps ti=<TaskInstance: ml_pipeline.wait_for_etl manual__2026-01-23T17:32:57.364336+00:00 [queued]>
[2026-01-23T18:06:20.435+0000] {taskinstance.py:2170} INFO - Starting attempt 2 of 2
[2026-01-23T18:06:20.461+0000] {taskinstance.py:2191} INFO - Executing <Task(ExternalTaskSensor): wait_for_etl> on 2026-01-23 17:32:57.364336+00:00
[2026-01-23T18:06:20.471+0000] {standard_task_runner.py:60} INFO - Started process 1869 to run task
[2026-01-23T18:06:20.478+0000] {standard_task_runner.py:87} INFO - Running: ['***', 'tasks', 'run', 'ml_pipeline', 'wait_for_etl', 'manual__2026-01-23T17:32:57.364336+00:00', '--job-id', '74', '--raw', '--subdir', 'DAGS_FOLDER/ml_pipeline.py', '--cfg-path', '/tmp/tmptrp88429']
[2026-01-23T18:06:20.483+0000] {standard_task_runner.py:88} INFO - Job 74: Subtask wait_for_etl
[2026-01-23T18:06:20.562+0000] {task_command.py:423} INFO - Running <TaskInstance: ml_pipeline.wait_for_etl manual__2026-01-23T17:32:57.364336+00:00 [running]> on host ba0940bbb30b
[2026-01-23T18:06:20.700+0000] {taskinstance.py:2480} INFO - Exporting env vars: AIRFLOW_CTX_DAG_OWNER='***' AIRFLOW_CTX_DAG_ID='ml_pipeline' AIRFLOW_CTX_TASK_ID='wait_for_etl' AIRFLOW_CTX_EXECUTION_DATE='2026-01-23T17:32:57.364336+00:00' AIRFLOW_CTX_TRY_NUMBER='2' AIRFLOW_CTX_DAG_RUN_ID='manual__2026-01-23T17:32:57.364336+00:00'
[2026-01-23T18:06:20.717+0000] {external_task.py:244} INFO - Poking for tasks ['save_silver_postgres'] in dag ETL_TASKFLOW on 2026-01-23T17:17:57.364336+00:00 ... 
[2026-01-23T18:06:20.777+0000] {taskinstance.py:2658} INFO - Rescheduling task, marking task as UP_FOR_RESCHEDULE
[2026-01-23T18:06:20.819+0000] {local_task_job_runner.py:234} INFO - Task exited with return code 0
[2026-01-23T18:06:20.877+0000] {taskinstance.py:3280} INFO - 0 downstream tasks scheduled from follow-on schedule check
[2026-01-23T18:07:26.005+0000] {taskinstance.py:1956} INFO - Dependencies all met for dep_context=non-requeueable deps ti=<TaskInstance: ml_pipeline.wait_for_etl manual__2026-01-23T17:32:57.364336+00:00 [queued]>
[2026-01-23T18:07:26.024+0000] {taskinstance.py:1956} INFO - Dependencies all met for dep_context=requeueable deps ti=<TaskInstance: ml_pipeline.wait_for_etl manual__2026-01-23T17:32:57.364336+00:00 [queued]>
[2026-01-23T18:07:26.025+0000] {taskinstance.py:2170} INFO - Starting attempt 2 of 2
[2026-01-23T18:07:26.057+0000] {taskinstance.py:2191} INFO - Executing <Task(ExternalTaskSensor): wait_for_etl> on 2026-01-23 17:32:57.364336+00:00
[2026-01-23T18:07:26.066+0000] {standard_task_runner.py:60} INFO - Started process 2005 to run task
[2026-01-23T18:07:26.074+0000] {standard_task_runner.py:87} INFO - Running: ['***', 'tasks', 'run', 'ml_pipeline', 'wait_for_etl', 'manual__2026-01-23T17:32:57.364336+00:00', '--job-id', '77', '--raw', '--subdir', 'DAGS_FOLDER/ml_pipeline.py', '--cfg-path', '/tmp/tmp2uz8mwxz']
[2026-01-23T18:07:26.078+0000] {standard_task_runner.py:88} INFO - Job 77: Subtask wait_for_etl
[2026-01-23T18:07:26.172+0000] {task_command.py:423} INFO - Running <TaskInstance: ml_pipeline.wait_for_etl manual__2026-01-23T17:32:57.364336+00:00 [running]> on host ba0940bbb30b
[2026-01-23T18:07:26.313+0000] {taskinstance.py:2480} INFO - Exporting env vars: AIRFLOW_CTX_DAG_OWNER='***' AIRFLOW_CTX_DAG_ID='ml_pipeline' AIRFLOW_CTX_TASK_ID='wait_for_etl' AIRFLOW_CTX_EXECUTION_DATE='2026-01-23T17:32:57.364336+00:00' AIRFLOW_CTX_TRY_NUMBER='2' AIRFLOW_CTX_DAG_RUN_ID='manual__2026-01-23T17:32:57.364336+00:00'
[2026-01-23T18:07:26.332+0000] {external_task.py:244} INFO - Poking for tasks ['save_silver_postgres'] in dag ETL_TASKFLOW on 2026-01-23T17:17:57.364336+00:00 ... 
[2026-01-23T18:07:26.388+0000] {taskinstance.py:2658} INFO - Rescheduling task, marking task as UP_FOR_RESCHEDULE
[2026-01-23T18:07:26.414+0000] {local_task_job_runner.py:234} INFO - Task exited with return code 0
[2026-01-23T18:07:26.486+0000] {taskinstance.py:3280} INFO - 0 downstream tasks scheduled from follow-on schedule check
[2026-01-23T18:08:31.982+0000] {taskinstance.py:1956} INFO - Dependencies all met for dep_context=non-requeueable deps ti=<TaskInstance: ml_pipeline.wait_for_etl manual__2026-01-23T17:32:57.364336+00:00 [queued]>
[2026-01-23T18:08:31.998+0000] {taskinstance.py:1956} INFO - Dependencies all met for dep_context=requeueable deps ti=<TaskInstance: ml_pipeline.wait_for_etl manual__2026-01-23T17:32:57.364336+00:00 [queued]>
[2026-01-23T18:08:31.999+0000] {taskinstance.py:2170} INFO - Starting attempt 2 of 2
[2026-01-23T18:08:32.029+0000] {taskinstance.py:2191} INFO - Executing <Task(ExternalTaskSensor): wait_for_etl> on 2026-01-23 17:32:57.364336+00:00
[2026-01-23T18:08:32.037+0000] {standard_task_runner.py:60} INFO - Started process 2141 to run task
[2026-01-23T18:08:32.043+0000] {standard_task_runner.py:87} INFO - Running: ['***', 'tasks', 'run', 'ml_pipeline', 'wait_for_etl', 'manual__2026-01-23T17:32:57.364336+00:00', '--job-id', '80', '--raw', '--subdir', 'DAGS_FOLDER/ml_pipeline.py', '--cfg-path', '/tmp/tmp4lsop3x9']
[2026-01-23T18:08:32.046+0000] {standard_task_runner.py:88} INFO - Job 80: Subtask wait_for_etl
[2026-01-23T18:08:32.130+0000] {task_command.py:423} INFO - Running <TaskInstance: ml_pipeline.wait_for_etl manual__2026-01-23T17:32:57.364336+00:00 [running]> on host ba0940bbb30b
[2026-01-23T18:08:32.285+0000] {taskinstance.py:2480} INFO - Exporting env vars: AIRFLOW_CTX_DAG_OWNER='***' AIRFLOW_CTX_DAG_ID='ml_pipeline' AIRFLOW_CTX_TASK_ID='wait_for_etl' AIRFLOW_CTX_EXECUTION_DATE='2026-01-23T17:32:57.364336+00:00' AIRFLOW_CTX_TRY_NUMBER='2' AIRFLOW_CTX_DAG_RUN_ID='manual__2026-01-23T17:32:57.364336+00:00'
[2026-01-23T18:08:32.303+0000] {external_task.py:244} INFO - Poking for tasks ['save_silver_postgres'] in dag ETL_TASKFLOW on 2026-01-23T17:17:57.364336+00:00 ... 
[2026-01-23T18:08:32.371+0000] {taskinstance.py:2658} INFO - Rescheduling task, marking task as UP_FOR_RESCHEDULE
[2026-01-23T18:08:32.385+0000] {local_task_job_runner.py:234} INFO - Task exited with return code 0
[2026-01-23T18:08:32.439+0000] {taskinstance.py:3280} INFO - 0 downstream tasks scheduled from follow-on schedule check
[2026-01-23T18:09:37.895+0000] {taskinstance.py:1956} INFO - Dependencies all met for dep_context=non-requeueable deps ti=<TaskInstance: ml_pipeline.wait_for_etl manual__2026-01-23T17:32:57.364336+00:00 [queued]>
[2026-01-23T18:09:37.910+0000] {taskinstance.py:1956} INFO - Dependencies all met for dep_context=requeueable deps ti=<TaskInstance: ml_pipeline.wait_for_etl manual__2026-01-23T17:32:57.364336+00:00 [queued]>
[2026-01-23T18:09:37.911+0000] {taskinstance.py:2170} INFO - Starting attempt 2 of 2
[2026-01-23T18:09:37.938+0000] {taskinstance.py:2191} INFO - Executing <Task(ExternalTaskSensor): wait_for_etl> on 2026-01-23 17:32:57.364336+00:00
[2026-01-23T18:09:37.946+0000] {standard_task_runner.py:60} INFO - Started process 2294 to run task
[2026-01-23T18:09:37.954+0000] {standard_task_runner.py:87} INFO - Running: ['***', 'tasks', 'run', 'ml_pipeline', 'wait_for_etl', 'manual__2026-01-23T17:32:57.364336+00:00', '--job-id', '83', '--raw', '--subdir', 'DAGS_FOLDER/ml_pipeline.py', '--cfg-path', '/tmp/tmpuz8cvmuf']
[2026-01-23T18:09:37.958+0000] {standard_task_runner.py:88} INFO - Job 83: Subtask wait_for_etl
[2026-01-23T18:09:38.042+0000] {task_command.py:423} INFO - Running <TaskInstance: ml_pipeline.wait_for_etl manual__2026-01-23T17:32:57.364336+00:00 [running]> on host ba0940bbb30b
[2026-01-23T18:09:38.178+0000] {taskinstance.py:2480} INFO - Exporting env vars: AIRFLOW_CTX_DAG_OWNER='***' AIRFLOW_CTX_DAG_ID='ml_pipeline' AIRFLOW_CTX_TASK_ID='wait_for_etl' AIRFLOW_CTX_EXECUTION_DATE='2026-01-23T17:32:57.364336+00:00' AIRFLOW_CTX_TRY_NUMBER='2' AIRFLOW_CTX_DAG_RUN_ID='manual__2026-01-23T17:32:57.364336+00:00'
[2026-01-23T18:09:38.194+0000] {external_task.py:244} INFO - Poking for tasks ['save_silver_postgres'] in dag ETL_TASKFLOW on 2026-01-23T17:17:57.364336+00:00 ... 
[2026-01-23T18:09:38.260+0000] {taskinstance.py:2658} INFO - Rescheduling task, marking task as UP_FOR_RESCHEDULE
[2026-01-23T18:09:38.295+0000] {local_task_job_runner.py:234} INFO - Task exited with return code 0
[2026-01-23T18:09:38.352+0000] {taskinstance.py:3280} INFO - 0 downstream tasks scheduled from follow-on schedule check
[2026-01-23T18:10:43.037+0000] {taskinstance.py:1956} INFO - Dependencies all met for dep_context=non-requeueable deps ti=<TaskInstance: ml_pipeline.wait_for_etl manual__2026-01-23T17:32:57.364336+00:00 [queued]>
[2026-01-23T18:10:43.052+0000] {taskinstance.py:1956} INFO - Dependencies all met for dep_context=requeueable deps ti=<TaskInstance: ml_pipeline.wait_for_etl manual__2026-01-23T17:32:57.364336+00:00 [queued]>
[2026-01-23T18:10:43.053+0000] {taskinstance.py:2170} INFO - Starting attempt 2 of 2
[2026-01-23T18:10:43.079+0000] {taskinstance.py:2191} INFO - Executing <Task(ExternalTaskSensor): wait_for_etl> on 2026-01-23 17:32:57.364336+00:00
[2026-01-23T18:10:43.086+0000] {standard_task_runner.py:60} INFO - Started process 2430 to run task
[2026-01-23T18:10:43.093+0000] {standard_task_runner.py:87} INFO - Running: ['***', 'tasks', 'run', 'ml_pipeline', 'wait_for_etl', 'manual__2026-01-23T17:32:57.364336+00:00', '--job-id', '86', '--raw', '--subdir', 'DAGS_FOLDER/ml_pipeline.py', '--cfg-path', '/tmp/tmp_e4uq9dl']
[2026-01-23T18:10:43.098+0000] {standard_task_runner.py:88} INFO - Job 86: Subtask wait_for_etl
[2026-01-23T18:10:43.172+0000] {task_command.py:423} INFO - Running <TaskInstance: ml_pipeline.wait_for_etl manual__2026-01-23T17:32:57.364336+00:00 [running]> on host ba0940bbb30b
[2026-01-23T18:10:43.314+0000] {taskinstance.py:2480} INFO - Exporting env vars: AIRFLOW_CTX_DAG_OWNER='***' AIRFLOW_CTX_DAG_ID='ml_pipeline' AIRFLOW_CTX_TASK_ID='wait_for_etl' AIRFLOW_CTX_EXECUTION_DATE='2026-01-23T17:32:57.364336+00:00' AIRFLOW_CTX_TRY_NUMBER='2' AIRFLOW_CTX_DAG_RUN_ID='manual__2026-01-23T17:32:57.364336+00:00'
[2026-01-23T18:10:43.330+0000] {external_task.py:244} INFO - Poking for tasks ['save_silver_postgres'] in dag ETL_TASKFLOW on 2026-01-23T17:17:57.364336+00:00 ... 
[2026-01-23T18:10:43.391+0000] {taskinstance.py:2658} INFO - Rescheduling task, marking task as UP_FOR_RESCHEDULE
[2026-01-23T18:10:43.435+0000] {local_task_job_runner.py:234} INFO - Task exited with return code 0
[2026-01-23T18:10:43.496+0000] {taskinstance.py:3280} INFO - 0 downstream tasks scheduled from follow-on schedule check
[2026-01-23T18:11:48.498+0000] {taskinstance.py:1956} INFO - Dependencies all met for dep_context=non-requeueable deps ti=<TaskInstance: ml_pipeline.wait_for_etl manual__2026-01-23T17:32:57.364336+00:00 [queued]>
[2026-01-23T18:11:48.512+0000] {taskinstance.py:1956} INFO - Dependencies all met for dep_context=requeueable deps ti=<TaskInstance: ml_pipeline.wait_for_etl manual__2026-01-23T17:32:57.364336+00:00 [queued]>
[2026-01-23T18:11:48.513+0000] {taskinstance.py:2170} INFO - Starting attempt 2 of 2
[2026-01-23T18:11:48.535+0000] {taskinstance.py:2191} INFO - Executing <Task(ExternalTaskSensor): wait_for_etl> on 2026-01-23 17:32:57.364336+00:00
[2026-01-23T18:11:48.546+0000] {standard_task_runner.py:60} INFO - Started process 2566 to run task
[2026-01-23T18:11:48.554+0000] {standard_task_runner.py:87} INFO - Running: ['***', 'tasks', 'run', 'ml_pipeline', 'wait_for_etl', 'manual__2026-01-23T17:32:57.364336+00:00', '--job-id', '89', '--raw', '--subdir', 'DAGS_FOLDER/ml_pipeline.py', '--cfg-path', '/tmp/tmp2viksr72']
[2026-01-23T18:11:48.559+0000] {standard_task_runner.py:88} INFO - Job 89: Subtask wait_for_etl
[2026-01-23T18:11:48.646+0000] {task_command.py:423} INFO - Running <TaskInstance: ml_pipeline.wait_for_etl manual__2026-01-23T17:32:57.364336+00:00 [running]> on host ba0940bbb30b
[2026-01-23T18:11:48.785+0000] {taskinstance.py:2480} INFO - Exporting env vars: AIRFLOW_CTX_DAG_OWNER='***' AIRFLOW_CTX_DAG_ID='ml_pipeline' AIRFLOW_CTX_TASK_ID='wait_for_etl' AIRFLOW_CTX_EXECUTION_DATE='2026-01-23T17:32:57.364336+00:00' AIRFLOW_CTX_TRY_NUMBER='2' AIRFLOW_CTX_DAG_RUN_ID='manual__2026-01-23T17:32:57.364336+00:00'
[2026-01-23T18:11:48.799+0000] {external_task.py:244} INFO - Poking for tasks ['save_silver_postgres'] in dag ETL_TASKFLOW on 2026-01-23T17:17:57.364336+00:00 ... 
[2026-01-23T18:11:48.850+0000] {taskinstance.py:2658} INFO - Rescheduling task, marking task as UP_FOR_RESCHEDULE
[2026-01-23T18:11:48.897+0000] {local_task_job_runner.py:234} INFO - Task exited with return code 0
[2026-01-23T18:11:48.952+0000] {taskinstance.py:3280} INFO - 0 downstream tasks scheduled from follow-on schedule check
[2026-01-23T18:12:53.677+0000] {taskinstance.py:1956} INFO - Dependencies all met for dep_context=non-requeueable deps ti=<TaskInstance: ml_pipeline.wait_for_etl manual__2026-01-23T17:32:57.364336+00:00 [queued]>
[2026-01-23T18:12:53.692+0000] {taskinstance.py:1956} INFO - Dependencies all met for dep_context=requeueable deps ti=<TaskInstance: ml_pipeline.wait_for_etl manual__2026-01-23T17:32:57.364336+00:00 [queued]>
[2026-01-23T18:12:53.693+0000] {taskinstance.py:2170} INFO - Starting attempt 2 of 2
[2026-01-23T18:12:53.723+0000] {taskinstance.py:2191} INFO - Executing <Task(ExternalTaskSensor): wait_for_etl> on 2026-01-23 17:32:57.364336+00:00
[2026-01-23T18:12:53.731+0000] {standard_task_runner.py:60} INFO - Started process 2815 to run task
[2026-01-23T18:12:53.738+0000] {standard_task_runner.py:87} INFO - Running: ['***', 'tasks', 'run', 'ml_pipeline', 'wait_for_etl', 'manual__2026-01-23T17:32:57.364336+00:00', '--job-id', '92', '--raw', '--subdir', 'DAGS_FOLDER/ml_pipeline.py', '--cfg-path', '/tmp/tmpa5kcbd8u']
[2026-01-23T18:12:53.743+0000] {standard_task_runner.py:88} INFO - Job 92: Subtask wait_for_etl
[2026-01-23T18:12:53.818+0000] {task_command.py:423} INFO - Running <TaskInstance: ml_pipeline.wait_for_etl manual__2026-01-23T17:32:57.364336+00:00 [running]> on host ba0940bbb30b
[2026-01-23T18:12:53.942+0000] {taskinstance.py:2480} INFO - Exporting env vars: AIRFLOW_CTX_DAG_OWNER='***' AIRFLOW_CTX_DAG_ID='ml_pipeline' AIRFLOW_CTX_TASK_ID='wait_for_etl' AIRFLOW_CTX_EXECUTION_DATE='2026-01-23T17:32:57.364336+00:00' AIRFLOW_CTX_TRY_NUMBER='2' AIRFLOW_CTX_DAG_RUN_ID='manual__2026-01-23T17:32:57.364336+00:00'
[2026-01-23T18:12:53.957+0000] {external_task.py:244} INFO - Poking for tasks ['save_silver_postgres'] in dag ETL_TASKFLOW on 2026-01-23T17:17:57.364336+00:00 ... 
[2026-01-23T18:12:54.011+0000] {taskinstance.py:2658} INFO - Rescheduling task, marking task as UP_FOR_RESCHEDULE
[2026-01-23T18:12:54.039+0000] {local_task_job_runner.py:234} INFO - Task exited with return code 0
[2026-01-23T18:12:54.098+0000] {taskinstance.py:3280} INFO - 0 downstream tasks scheduled from follow-on schedule check
[2026-01-23T18:13:46.280+0000] {taskinstance.py:1956} INFO - Dependencies all met for dep_context=non-requeueable deps ti=<TaskInstance: ml_pipeline.wait_for_etl manual__2026-01-23T17:32:57.364336+00:00 [queued]>
[2026-01-23T18:13:46.299+0000] {taskinstance.py:1956} INFO - Dependencies all met for dep_context=requeueable deps ti=<TaskInstance: ml_pipeline.wait_for_etl manual__2026-01-23T17:32:57.364336+00:00 [queued]>
[2026-01-23T18:13:46.299+0000] {taskinstance.py:2170} INFO - Starting attempt 2 of 2
[2026-01-23T18:13:46.332+0000] {taskinstance.py:2191} INFO - Executing <Task(ExternalTaskSensor): wait_for_etl> on 2026-01-23 17:32:57.364336+00:00
[2026-01-23T18:13:46.342+0000] {standard_task_runner.py:60} INFO - Started process 155 to run task
[2026-01-23T18:13:46.346+0000] {standard_task_runner.py:87} INFO - Running: ['***', 'tasks', 'run', 'ml_pipeline', 'wait_for_etl', 'manual__2026-01-23T17:32:57.364336+00:00', '--job-id', '94', '--raw', '--subdir', 'DAGS_FOLDER/ml_pipeline.py', '--cfg-path', '/tmp/tmpfkp3e6ez']
[2026-01-23T18:13:46.349+0000] {standard_task_runner.py:88} INFO - Job 94: Subtask wait_for_etl
[2026-01-23T18:13:46.426+0000] {task_command.py:423} INFO - Running <TaskInstance: ml_pipeline.wait_for_etl manual__2026-01-23T17:32:57.364336+00:00 [running]> on host 2c38044477dc
[2026-01-23T18:13:46.540+0000] {taskinstance.py:2480} INFO - Exporting env vars: AIRFLOW_CTX_DAG_OWNER='***' AIRFLOW_CTX_DAG_ID='ml_pipeline' AIRFLOW_CTX_TASK_ID='wait_for_etl' AIRFLOW_CTX_EXECUTION_DATE='2026-01-23T17:32:57.364336+00:00' AIRFLOW_CTX_TRY_NUMBER='2' AIRFLOW_CTX_DAG_RUN_ID='manual__2026-01-23T17:32:57.364336+00:00'
[2026-01-23T18:13:46.556+0000] {external_task.py:244} INFO - Poking for tasks ['save_silver_postgres'] in dag ETL_TASKFLOW on 2026-01-23T17:17:57.364336+00:00 ... 
[2026-01-23T18:13:46.614+0000] {taskinstance.py:2658} INFO - Rescheduling task, marking task as UP_FOR_RESCHEDULE
[2026-01-23T18:13:46.649+0000] {local_task_job_runner.py:234} INFO - Task exited with return code 0
[2026-01-23T18:13:46.697+0000] {taskinstance.py:3280} INFO - 0 downstream tasks scheduled from follow-on schedule check
[2026-01-23T18:14:22.680+0000] {taskinstance.py:1956} INFO - Dependencies all met for dep_context=non-requeueable deps ti=<TaskInstance: ml_pipeline.wait_for_etl manual__2026-01-23T17:32:57.364336+00:00 [queued]>
[2026-01-23T18:14:22.697+0000] {taskinstance.py:1956} INFO - Dependencies all met for dep_context=requeueable deps ti=<TaskInstance: ml_pipeline.wait_for_etl manual__2026-01-23T17:32:57.364336+00:00 [queued]>
[2026-01-23T18:14:22.698+0000] {taskinstance.py:2170} INFO - Starting attempt 2 of 2
[2026-01-23T18:14:22.731+0000] {taskinstance.py:2191} INFO - Executing <Task(ExternalTaskSensor): wait_for_etl> on 2026-01-23 17:32:57.364336+00:00
[2026-01-23T18:14:22.743+0000] {standard_task_runner.py:60} INFO - Started process 278 to run task
[2026-01-23T18:14:22.751+0000] {standard_task_runner.py:87} INFO - Running: ['***', 'tasks', 'run', 'ml_pipeline', 'wait_for_etl', 'manual__2026-01-23T17:32:57.364336+00:00', '--job-id', '97', '--raw', '--subdir', 'DAGS_FOLDER/ml_pipeline.py', '--cfg-path', '/tmp/tmp7fo_6tma']
[2026-01-23T18:14:22.757+0000] {standard_task_runner.py:88} INFO - Job 97: Subtask wait_for_etl
[2026-01-23T18:14:22.861+0000] {task_command.py:423} INFO - Running <TaskInstance: ml_pipeline.wait_for_etl manual__2026-01-23T17:32:57.364336+00:00 [running]> on host 2c38044477dc
[2026-01-23T18:14:23.024+0000] {taskinstance.py:2480} INFO - Exporting env vars: AIRFLOW_CTX_DAG_OWNER='***' AIRFLOW_CTX_DAG_ID='ml_pipeline' AIRFLOW_CTX_TASK_ID='wait_for_etl' AIRFLOW_CTX_EXECUTION_DATE='2026-01-23T17:32:57.364336+00:00' AIRFLOW_CTX_TRY_NUMBER='2' AIRFLOW_CTX_DAG_RUN_ID='manual__2026-01-23T17:32:57.364336+00:00'
[2026-01-23T18:14:23.042+0000] {external_task.py:244} INFO - Poking for tasks ['save_silver_postgres'] in dag ETL_TASKFLOW on 2026-01-23T17:17:57.364336+00:00 ... 
[2026-01-23T18:14:23.107+0000] {taskinstance.py:2658} INFO - Rescheduling task, marking task as UP_FOR_RESCHEDULE
[2026-01-23T18:14:23.134+0000] {local_task_job_runner.py:234} INFO - Task exited with return code 0
[2026-01-23T18:14:23.194+0000] {taskinstance.py:3280} INFO - 0 downstream tasks scheduled from follow-on schedule check
[2026-01-23T18:14:58.392+0000] {taskinstance.py:1956} INFO - Dependencies all met for dep_context=non-requeueable deps ti=<TaskInstance: ml_pipeline.wait_for_etl manual__2026-01-23T17:32:57.364336+00:00 [queued]>
[2026-01-23T18:14:58.407+0000] {taskinstance.py:1956} INFO - Dependencies all met for dep_context=requeueable deps ti=<TaskInstance: ml_pipeline.wait_for_etl manual__2026-01-23T17:32:57.364336+00:00 [queued]>
[2026-01-23T18:14:58.408+0000] {taskinstance.py:2170} INFO - Starting attempt 2 of 2
[2026-01-23T18:14:58.435+0000] {taskinstance.py:2191} INFO - Executing <Task(ExternalTaskSensor): wait_for_etl> on 2026-01-23 17:32:57.364336+00:00
[2026-01-23T18:14:58.443+0000] {standard_task_runner.py:60} INFO - Started process 432 to run task
[2026-01-23T18:14:58.450+0000] {standard_task_runner.py:87} INFO - Running: ['***', 'tasks', 'run', 'ml_pipeline', 'wait_for_etl', 'manual__2026-01-23T17:32:57.364336+00:00', '--job-id', '101', '--raw', '--subdir', 'DAGS_FOLDER/ml_pipeline.py', '--cfg-path', '/tmp/tmp80vltc72']
[2026-01-23T18:14:58.455+0000] {standard_task_runner.py:88} INFO - Job 101: Subtask wait_for_etl
[2026-01-23T18:14:58.535+0000] {task_command.py:423} INFO - Running <TaskInstance: ml_pipeline.wait_for_etl manual__2026-01-23T17:32:57.364336+00:00 [running]> on host 2c38044477dc
[2026-01-23T18:14:58.651+0000] {taskinstance.py:2480} INFO - Exporting env vars: AIRFLOW_CTX_DAG_OWNER='***' AIRFLOW_CTX_DAG_ID='ml_pipeline' AIRFLOW_CTX_TASK_ID='wait_for_etl' AIRFLOW_CTX_EXECUTION_DATE='2026-01-23T17:32:57.364336+00:00' AIRFLOW_CTX_TRY_NUMBER='2' AIRFLOW_CTX_DAG_RUN_ID='manual__2026-01-23T17:32:57.364336+00:00'
[2026-01-23T18:14:58.668+0000] {external_task.py:244} INFO - Poking for tasks ['save_silver_postgres'] in dag ETL_TASKFLOW on 2026-01-23T17:17:57.364336+00:00 ... 
[2026-01-23T18:14:58.726+0000] {taskinstance.py:2658} INFO - Rescheduling task, marking task as UP_FOR_RESCHEDULE
[2026-01-23T18:14:58.751+0000] {local_task_job_runner.py:234} INFO - Task exited with return code 0
[2026-01-23T18:14:58.807+0000] {taskinstance.py:3280} INFO - 0 downstream tasks scheduled from follow-on schedule check
[2026-01-23T18:16:59.930+0000] {taskinstance.py:1956} INFO - Dependencies all met for dep_context=non-requeueable deps ti=<TaskInstance: ml_pipeline.wait_for_etl manual__2026-01-23T17:32:57.364336+00:00 [queued]>
[2026-01-23T18:16:59.943+0000] {taskinstance.py:1956} INFO - Dependencies all met for dep_context=requeueable deps ti=<TaskInstance: ml_pipeline.wait_for_etl manual__2026-01-23T17:32:57.364336+00:00 [queued]>
[2026-01-23T18:16:59.944+0000] {taskinstance.py:2170} INFO - Starting attempt 2 of 2
[2026-01-23T18:16:59.963+0000] {taskinstance.py:2191} INFO - Executing <Task(ExternalTaskSensor): wait_for_etl> on 2026-01-23 17:32:57.364336+00:00
[2026-01-23T18:16:59.974+0000] {standard_task_runner.py:60} INFO - Started process 701 to run task
[2026-01-23T18:16:59.981+0000] {standard_task_runner.py:87} INFO - Running: ['***', 'tasks', 'run', 'ml_pipeline', 'wait_for_etl', 'manual__2026-01-23T17:32:57.364336+00:00', '--job-id', '111', '--raw', '--subdir', 'DAGS_FOLDER/ml_pipeline.py', '--cfg-path', '/tmp/tmpwapv3n86']
[2026-01-23T18:16:59.987+0000] {standard_task_runner.py:88} INFO - Job 111: Subtask wait_for_etl
[2026-01-23T18:17:00.082+0000] {task_command.py:423} INFO - Running <TaskInstance: ml_pipeline.wait_for_etl manual__2026-01-23T17:32:57.364336+00:00 [running]> on host f2c086da0204
[2026-01-23T18:17:00.222+0000] {taskinstance.py:2480} INFO - Exporting env vars: AIRFLOW_CTX_DAG_OWNER='***' AIRFLOW_CTX_DAG_ID='ml_pipeline' AIRFLOW_CTX_TASK_ID='wait_for_etl' AIRFLOW_CTX_EXECUTION_DATE='2026-01-23T17:32:57.364336+00:00' AIRFLOW_CTX_TRY_NUMBER='2' AIRFLOW_CTX_DAG_RUN_ID='manual__2026-01-23T17:32:57.364336+00:00'
[2026-01-23T18:17:00.240+0000] {external_task.py:244} INFO - Poking for tasks ['save_silver_postgres'] in dag ETL_TASKFLOW on 2026-01-23T17:17:57.364336+00:00 ... 
[2026-01-23T18:17:00.295+0000] {taskinstance.py:2658} INFO - Rescheduling task, marking task as UP_FOR_RESCHEDULE
[2026-01-23T18:17:00.323+0000] {local_task_job_runner.py:234} INFO - Task exited with return code 0
[2026-01-23T18:17:00.365+0000] {taskinstance.py:3280} INFO - 0 downstream tasks scheduled from follow-on schedule check
[2026-01-23T18:17:39.223+0000] {taskinstance.py:1956} INFO - Dependencies all met for dep_context=non-requeueable deps ti=<TaskInstance: ml_pipeline.wait_for_etl manual__2026-01-23T17:32:57.364336+00:00 [queued]>
[2026-01-23T18:17:39.235+0000] {taskinstance.py:1956} INFO - Dependencies all met for dep_context=requeueable deps ti=<TaskInstance: ml_pipeline.wait_for_etl manual__2026-01-23T17:32:57.364336+00:00 [queued]>
[2026-01-23T18:17:39.236+0000] {taskinstance.py:2170} INFO - Starting attempt 2 of 2
[2026-01-23T18:17:39.253+0000] {taskinstance.py:2191} INFO - Executing <Task(ExternalTaskSensor): wait_for_etl> on 2026-01-23 17:32:57.364336+00:00
[2026-01-23T18:17:39.262+0000] {standard_task_runner.py:60} INFO - Started process 1352 to run task
[2026-01-23T18:17:39.267+0000] {standard_task_runner.py:87} INFO - Running: ['***', 'tasks', 'run', 'ml_pipeline', 'wait_for_etl', 'manual__2026-01-23T17:32:57.364336+00:00', '--job-id', '116', '--raw', '--subdir', 'DAGS_FOLDER/ml_pipeline.py', '--cfg-path', '/tmp/tmpd9kot9iw']
[2026-01-23T18:17:39.269+0000] {standard_task_runner.py:88} INFO - Job 116: Subtask wait_for_etl
[2026-01-23T18:17:39.334+0000] {task_command.py:423} INFO - Running <TaskInstance: ml_pipeline.wait_for_etl manual__2026-01-23T17:32:57.364336+00:00 [running]> on host f2c086da0204
[2026-01-23T18:17:39.431+0000] {taskinstance.py:2480} INFO - Exporting env vars: AIRFLOW_CTX_DAG_OWNER='***' AIRFLOW_CTX_DAG_ID='ml_pipeline' AIRFLOW_CTX_TASK_ID='wait_for_etl' AIRFLOW_CTX_EXECUTION_DATE='2026-01-23T17:32:57.364336+00:00' AIRFLOW_CTX_TRY_NUMBER='2' AIRFLOW_CTX_DAG_RUN_ID='manual__2026-01-23T17:32:57.364336+00:00'
[2026-01-23T18:17:39.448+0000] {external_task.py:244} INFO - Poking for tasks ['save_silver_postgres'] in dag ETL_TASKFLOW on 2026-01-23T17:17:57.364336+00:00 ... 
[2026-01-23T18:17:39.513+0000] {taskinstance.py:2658} INFO - Rescheduling task, marking task as UP_FOR_RESCHEDULE
[2026-01-23T18:17:39.530+0000] {local_task_job_runner.py:234} INFO - Task exited with return code 0
[2026-01-23T18:17:39.566+0000] {taskinstance.py:3280} INFO - 0 downstream tasks scheduled from follow-on schedule check
[2026-01-23T18:18:14.264+0000] {taskinstance.py:1956} INFO - Dependencies all met for dep_context=non-requeueable deps ti=<TaskInstance: ml_pipeline.wait_for_etl manual__2026-01-23T17:32:57.364336+00:00 [queued]>
[2026-01-23T18:18:14.279+0000] {taskinstance.py:1956} INFO - Dependencies all met for dep_context=requeueable deps ti=<TaskInstance: ml_pipeline.wait_for_etl manual__2026-01-23T17:32:57.364336+00:00 [queued]>
[2026-01-23T18:18:14.279+0000] {taskinstance.py:2170} INFO - Starting attempt 2 of 2
[2026-01-23T18:18:14.307+0000] {taskinstance.py:2191} INFO - Executing <Task(ExternalTaskSensor): wait_for_etl> on 2026-01-23 17:32:57.364336+00:00
[2026-01-23T18:18:14.316+0000] {standard_task_runner.py:60} INFO - Started process 1794 to run task
[2026-01-23T18:18:14.322+0000] {standard_task_runner.py:87} INFO - Running: ['***', 'tasks', 'run', 'ml_pipeline', 'wait_for_etl', 'manual__2026-01-23T17:32:57.364336+00:00', '--job-id', '120', '--raw', '--subdir', 'DAGS_FOLDER/ml_pipeline.py', '--cfg-path', '/tmp/tmpzs2oihq0']
[2026-01-23T18:18:14.327+0000] {standard_task_runner.py:88} INFO - Job 120: Subtask wait_for_etl
[2026-01-23T18:18:14.410+0000] {task_command.py:423} INFO - Running <TaskInstance: ml_pipeline.wait_for_etl manual__2026-01-23T17:32:57.364336+00:00 [running]> on host f2c086da0204
[2026-01-23T18:18:14.553+0000] {taskinstance.py:2480} INFO - Exporting env vars: AIRFLOW_CTX_DAG_OWNER='***' AIRFLOW_CTX_DAG_ID='ml_pipeline' AIRFLOW_CTX_TASK_ID='wait_for_etl' AIRFLOW_CTX_EXECUTION_DATE='2026-01-23T17:32:57.364336+00:00' AIRFLOW_CTX_TRY_NUMBER='2' AIRFLOW_CTX_DAG_RUN_ID='manual__2026-01-23T17:32:57.364336+00:00'
[2026-01-23T18:18:14.570+0000] {external_task.py:244} INFO - Poking for tasks ['save_silver_postgres'] in dag ETL_TASKFLOW on 2026-01-23T17:17:57.364336+00:00 ... 
[2026-01-23T18:18:14.636+0000] {taskinstance.py:2658} INFO - Rescheduling task, marking task as UP_FOR_RESCHEDULE
[2026-01-23T18:18:14.664+0000] {local_task_job_runner.py:234} INFO - Task exited with return code 0
[2026-01-23T18:18:14.720+0000] {taskinstance.py:3280} INFO - 0 downstream tasks scheduled from follow-on schedule check
[2026-01-23T18:18:49.699+0000] {taskinstance.py:1956} INFO - Dependencies all met for dep_context=non-requeueable deps ti=<TaskInstance: ml_pipeline.wait_for_etl manual__2026-01-23T17:32:57.364336+00:00 [queued]>
[2026-01-23T18:18:49.717+0000] {taskinstance.py:1956} INFO - Dependencies all met for dep_context=requeueable deps ti=<TaskInstance: ml_pipeline.wait_for_etl manual__2026-01-23T17:32:57.364336+00:00 [queued]>
[2026-01-23T18:18:49.718+0000] {taskinstance.py:2170} INFO - Starting attempt 2 of 2
[2026-01-23T18:18:49.751+0000] {taskinstance.py:2191} INFO - Executing <Task(ExternalTaskSensor): wait_for_etl> on 2026-01-23 17:32:57.364336+00:00
[2026-01-23T18:18:49.762+0000] {standard_task_runner.py:60} INFO - Started process 1913 to run task
[2026-01-23T18:18:49.767+0000] {standard_task_runner.py:87} INFO - Running: ['***', 'tasks', 'run', 'ml_pipeline', 'wait_for_etl', 'manual__2026-01-23T17:32:57.364336+00:00', '--job-id', '123', '--raw', '--subdir', 'DAGS_FOLDER/ml_pipeline.py', '--cfg-path', '/tmp/tmpuz_0wldz']
[2026-01-23T18:18:49.771+0000] {standard_task_runner.py:88} INFO - Job 123: Subtask wait_for_etl
[2026-01-23T18:18:49.852+0000] {task_command.py:423} INFO - Running <TaskInstance: ml_pipeline.wait_for_etl manual__2026-01-23T17:32:57.364336+00:00 [running]> on host f2c086da0204
[2026-01-23T18:18:49.994+0000] {taskinstance.py:2480} INFO - Exporting env vars: AIRFLOW_CTX_DAG_OWNER='***' AIRFLOW_CTX_DAG_ID='ml_pipeline' AIRFLOW_CTX_TASK_ID='wait_for_etl' AIRFLOW_CTX_EXECUTION_DATE='2026-01-23T17:32:57.364336+00:00' AIRFLOW_CTX_TRY_NUMBER='2' AIRFLOW_CTX_DAG_RUN_ID='manual__2026-01-23T17:32:57.364336+00:00'
[2026-01-23T18:18:50.012+0000] {external_task.py:244} INFO - Poking for tasks ['save_silver_postgres'] in dag ETL_TASKFLOW on 2026-01-23T17:17:57.364336+00:00 ... 
[2026-01-23T18:18:50.077+0000] {taskinstance.py:2658} INFO - Rescheduling task, marking task as UP_FOR_RESCHEDULE
[2026-01-23T18:18:50.110+0000] {local_task_job_runner.py:234} INFO - Task exited with return code 0
[2026-01-23T18:18:50.164+0000] {taskinstance.py:3280} INFO - 0 downstream tasks scheduled from follow-on schedule check
[2026-01-23T18:19:25.400+0000] {taskinstance.py:1956} INFO - Dependencies all met for dep_context=non-requeueable deps ti=<TaskInstance: ml_pipeline.wait_for_etl manual__2026-01-23T17:32:57.364336+00:00 [queued]>
[2026-01-23T18:19:25.416+0000] {taskinstance.py:1956} INFO - Dependencies all met for dep_context=requeueable deps ti=<TaskInstance: ml_pipeline.wait_for_etl manual__2026-01-23T17:32:57.364336+00:00 [queued]>
[2026-01-23T18:19:25.417+0000] {taskinstance.py:2170} INFO - Starting attempt 2 of 2
[2026-01-23T18:19:25.443+0000] {taskinstance.py:2191} INFO - Executing <Task(ExternalTaskSensor): wait_for_etl> on 2026-01-23 17:32:57.364336+00:00
[2026-01-23T18:19:25.452+0000] {standard_task_runner.py:60} INFO - Started process 2032 to run task
[2026-01-23T18:19:25.460+0000] {standard_task_runner.py:87} INFO - Running: ['***', 'tasks', 'run', 'ml_pipeline', 'wait_for_etl', 'manual__2026-01-23T17:32:57.364336+00:00', '--job-id', '126', '--raw', '--subdir', 'DAGS_FOLDER/ml_pipeline.py', '--cfg-path', '/tmp/tmpsusn73b9']
[2026-01-23T18:19:25.464+0000] {standard_task_runner.py:88} INFO - Job 126: Subtask wait_for_etl
[2026-01-23T18:19:25.544+0000] {task_command.py:423} INFO - Running <TaskInstance: ml_pipeline.wait_for_etl manual__2026-01-23T17:32:57.364336+00:00 [running]> on host f2c086da0204
[2026-01-23T18:19:25.691+0000] {taskinstance.py:2480} INFO - Exporting env vars: AIRFLOW_CTX_DAG_OWNER='***' AIRFLOW_CTX_DAG_ID='ml_pipeline' AIRFLOW_CTX_TASK_ID='wait_for_etl' AIRFLOW_CTX_EXECUTION_DATE='2026-01-23T17:32:57.364336+00:00' AIRFLOW_CTX_TRY_NUMBER='2' AIRFLOW_CTX_DAG_RUN_ID='manual__2026-01-23T17:32:57.364336+00:00'
[2026-01-23T18:19:25.708+0000] {external_task.py:244} INFO - Poking for tasks ['save_silver_postgres'] in dag ETL_TASKFLOW on 2026-01-23T17:17:57.364336+00:00 ... 
[2026-01-23T18:19:25.773+0000] {taskinstance.py:2658} INFO - Rescheduling task, marking task as UP_FOR_RESCHEDULE
[2026-01-23T18:19:25.803+0000] {local_task_job_runner.py:234} INFO - Task exited with return code 0
[2026-01-23T18:19:25.858+0000] {taskinstance.py:3280} INFO - 0 downstream tasks scheduled from follow-on schedule check
[2026-01-23T18:19:48.684+0000] {taskinstance.py:1956} INFO - Dependencies all met for dep_context=non-requeueable deps ti=<TaskInstance: ml_pipeline.wait_for_etl manual__2026-01-23T17:32:57.364336+00:00 [queued]>
[2026-01-23T18:19:48.699+0000] {taskinstance.py:1956} INFO - Dependencies all met for dep_context=requeueable deps ti=<TaskInstance: ml_pipeline.wait_for_etl manual__2026-01-23T17:32:57.364336+00:00 [queued]>
[2026-01-23T18:19:48.700+0000] {taskinstance.py:2170} INFO - Starting attempt 2 of 3
[2026-01-23T18:19:48.727+0000] {taskinstance.py:2191} INFO - Executing <Task(ExternalTaskSensor): wait_for_etl> on 2026-01-23 17:32:57.364336+00:00
[2026-01-23T18:19:48.736+0000] {standard_task_runner.py:60} INFO - Started process 2083 to run task
[2026-01-23T18:19:48.743+0000] {standard_task_runner.py:87} INFO - Running: ['***', 'tasks', 'run', 'ml_pipeline', 'wait_for_etl', 'manual__2026-01-23T17:32:57.364336+00:00', '--job-id', '127', '--raw', '--subdir', 'DAGS_FOLDER/ml_pipeline.py', '--cfg-path', '/tmp/tmp1jzfmj_s']
[2026-01-23T18:19:48.747+0000] {standard_task_runner.py:88} INFO - Job 127: Subtask wait_for_etl
[2026-01-23T18:19:48.826+0000] {task_command.py:423} INFO - Running <TaskInstance: ml_pipeline.wait_for_etl manual__2026-01-23T17:32:57.364336+00:00 [running]> on host f2c086da0204
[2026-01-23T18:19:48.974+0000] {taskinstance.py:2480} INFO - Exporting env vars: AIRFLOW_CTX_DAG_OWNER='***' AIRFLOW_CTX_DAG_ID='ml_pipeline' AIRFLOW_CTX_TASK_ID='wait_for_etl' AIRFLOW_CTX_EXECUTION_DATE='2026-01-23T17:32:57.364336+00:00' AIRFLOW_CTX_TRY_NUMBER='2' AIRFLOW_CTX_DAG_RUN_ID='manual__2026-01-23T17:32:57.364336+00:00'
[2026-01-23T18:19:48.993+0000] {external_task.py:244} INFO - Poking for tasks ['save_silver_postgres'] in dag ETL_TASKFLOW on 2026-01-23T17:17:57.364336+00:00 ... 
[2026-01-23T18:19:49.057+0000] {taskinstance.py:2658} INFO - Rescheduling task, marking task as UP_FOR_RESCHEDULE
[2026-01-23T18:19:49.084+0000] {local_task_job_runner.py:234} INFO - Task exited with return code 0
[2026-01-23T18:19:49.141+0000] {taskinstance.py:3280} INFO - 0 downstream tasks scheduled from follow-on schedule check
[2026-01-23T18:20:23.762+0000] {taskinstance.py:1956} INFO - Dependencies all met for dep_context=non-requeueable deps ti=<TaskInstance: ml_pipeline.wait_for_etl manual__2026-01-23T17:32:57.364336+00:00 [queued]>
[2026-01-23T18:20:23.778+0000] {taskinstance.py:1956} INFO - Dependencies all met for dep_context=requeueable deps ti=<TaskInstance: ml_pipeline.wait_for_etl manual__2026-01-23T17:32:57.364336+00:00 [queued]>
[2026-01-23T18:20:23.779+0000] {taskinstance.py:2170} INFO - Starting attempt 2 of 3
[2026-01-23T18:20:23.802+0000] {taskinstance.py:2191} INFO - Executing <Task(ExternalTaskSensor): wait_for_etl> on 2026-01-23 17:32:57.364336+00:00
[2026-01-23T18:20:23.811+0000] {standard_task_runner.py:60} INFO - Started process 2270 to run task
[2026-01-23T18:20:23.817+0000] {standard_task_runner.py:87} INFO - Running: ['***', 'tasks', 'run', 'ml_pipeline', 'wait_for_etl', 'manual__2026-01-23T17:32:57.364336+00:00', '--job-id', '132', '--raw', '--subdir', 'DAGS_FOLDER/ml_pipeline.py', '--cfg-path', '/tmp/tmpi19uqrkk']
[2026-01-23T18:20:23.821+0000] {standard_task_runner.py:88} INFO - Job 132: Subtask wait_for_etl
[2026-01-23T18:20:23.898+0000] {task_command.py:423} INFO - Running <TaskInstance: ml_pipeline.wait_for_etl manual__2026-01-23T17:32:57.364336+00:00 [running]> on host f2c086da0204
[2026-01-23T18:20:24.035+0000] {taskinstance.py:2480} INFO - Exporting env vars: AIRFLOW_CTX_DAG_OWNER='***' AIRFLOW_CTX_DAG_ID='ml_pipeline' AIRFLOW_CTX_TASK_ID='wait_for_etl' AIRFLOW_CTX_EXECUTION_DATE='2026-01-23T17:32:57.364336+00:00' AIRFLOW_CTX_TRY_NUMBER='2' AIRFLOW_CTX_DAG_RUN_ID='manual__2026-01-23T17:32:57.364336+00:00'
[2026-01-23T18:20:24.052+0000] {external_task.py:244} INFO - Poking for tasks ['save_silver_postgres'] in dag ETL_TASKFLOW on 2026-01-23T17:17:57.364336+00:00 ... 
[2026-01-23T18:20:24.110+0000] {taskinstance.py:2658} INFO - Rescheduling task, marking task as UP_FOR_RESCHEDULE
[2026-01-23T18:20:24.160+0000] {local_task_job_runner.py:234} INFO - Task exited with return code 0
[2026-01-23T18:20:24.226+0000] {taskinstance.py:3280} INFO - 0 downstream tasks scheduled from follow-on schedule check
[2026-01-23T18:20:59.032+0000] {taskinstance.py:1956} INFO - Dependencies all met for dep_context=non-requeueable deps ti=<TaskInstance: ml_pipeline.wait_for_etl manual__2026-01-23T17:32:57.364336+00:00 [queued]>
[2026-01-23T18:20:59.046+0000] {taskinstance.py:1956} INFO - Dependencies all met for dep_context=requeueable deps ti=<TaskInstance: ml_pipeline.wait_for_etl manual__2026-01-23T17:32:57.364336+00:00 [queued]>
[2026-01-23T18:20:59.047+0000] {taskinstance.py:2170} INFO - Starting attempt 2 of 3
[2026-01-23T18:20:59.068+0000] {taskinstance.py:2191} INFO - Executing <Task(ExternalTaskSensor): wait_for_etl> on 2026-01-23 17:32:57.364336+00:00
[2026-01-23T18:20:59.076+0000] {standard_task_runner.py:60} INFO - Started process 2457 to run task
[2026-01-23T18:20:59.082+0000] {standard_task_runner.py:87} INFO - Running: ['***', 'tasks', 'run', 'ml_pipeline', 'wait_for_etl', 'manual__2026-01-23T17:32:57.364336+00:00', '--job-id', '137', '--raw', '--subdir', 'DAGS_FOLDER/ml_pipeline.py', '--cfg-path', '/tmp/tmpig0wjj8j']
[2026-01-23T18:20:59.085+0000] {standard_task_runner.py:88} INFO - Job 137: Subtask wait_for_etl
[2026-01-23T18:20:59.162+0000] {task_command.py:423} INFO - Running <TaskInstance: ml_pipeline.wait_for_etl manual__2026-01-23T17:32:57.364336+00:00 [running]> on host f2c086da0204
[2026-01-23T18:20:59.285+0000] {taskinstance.py:2480} INFO - Exporting env vars: AIRFLOW_CTX_DAG_OWNER='***' AIRFLOW_CTX_DAG_ID='ml_pipeline' AIRFLOW_CTX_TASK_ID='wait_for_etl' AIRFLOW_CTX_EXECUTION_DATE='2026-01-23T17:32:57.364336+00:00' AIRFLOW_CTX_TRY_NUMBER='2' AIRFLOW_CTX_DAG_RUN_ID='manual__2026-01-23T17:32:57.364336+00:00'
[2026-01-23T18:20:59.299+0000] {external_task.py:244} INFO - Poking for tasks ['save_silver_postgres'] in dag ETL_TASKFLOW on 2026-01-23T17:17:57.364336+00:00 ... 
[2026-01-23T18:20:59.352+0000] {taskinstance.py:2658} INFO - Rescheduling task, marking task as UP_FOR_RESCHEDULE
[2026-01-23T18:20:59.382+0000] {local_task_job_runner.py:234} INFO - Task exited with return code 0
[2026-01-23T18:20:59.443+0000] {taskinstance.py:3280} INFO - 0 downstream tasks scheduled from follow-on schedule check
[2026-01-23T18:21:34.795+0000] {taskinstance.py:1956} INFO - Dependencies all met for dep_context=non-requeueable deps ti=<TaskInstance: ml_pipeline.wait_for_etl manual__2026-01-23T17:32:57.364336+00:00 [queued]>
[2026-01-23T18:21:34.817+0000] {taskinstance.py:1956} INFO - Dependencies all met for dep_context=requeueable deps ti=<TaskInstance: ml_pipeline.wait_for_etl manual__2026-01-23T17:32:57.364336+00:00 [queued]>
[2026-01-23T18:21:34.818+0000] {taskinstance.py:2170} INFO - Starting attempt 2 of 3
[2026-01-23T18:21:34.848+0000] {taskinstance.py:2191} INFO - Executing <Task(ExternalTaskSensor): wait_for_etl> on 2026-01-23 17:32:57.364336+00:00
[2026-01-23T18:21:34.858+0000] {standard_task_runner.py:60} INFO - Started process 2645 to run task
[2026-01-23T18:21:34.866+0000] {standard_task_runner.py:87} INFO - Running: ['***', 'tasks', 'run', 'ml_pipeline', 'wait_for_etl', 'manual__2026-01-23T17:32:57.364336+00:00', '--job-id', '142', '--raw', '--subdir', 'DAGS_FOLDER/ml_pipeline.py', '--cfg-path', '/tmp/tmp3bd9u8ay']
[2026-01-23T18:21:34.869+0000] {standard_task_runner.py:88} INFO - Job 142: Subtask wait_for_etl
[2026-01-23T18:21:34.953+0000] {task_command.py:423} INFO - Running <TaskInstance: ml_pipeline.wait_for_etl manual__2026-01-23T17:32:57.364336+00:00 [running]> on host f2c086da0204
[2026-01-23T18:21:35.093+0000] {taskinstance.py:2480} INFO - Exporting env vars: AIRFLOW_CTX_DAG_OWNER='***' AIRFLOW_CTX_DAG_ID='ml_pipeline' AIRFLOW_CTX_TASK_ID='wait_for_etl' AIRFLOW_CTX_EXECUTION_DATE='2026-01-23T17:32:57.364336+00:00' AIRFLOW_CTX_TRY_NUMBER='2' AIRFLOW_CTX_DAG_RUN_ID='manual__2026-01-23T17:32:57.364336+00:00'
[2026-01-23T18:21:35.113+0000] {external_task.py:244} INFO - Poking for tasks ['save_silver_postgres'] in dag ETL_TASKFLOW on 2026-01-23T17:17:57.364336+00:00 ... 
[2026-01-23T18:21:35.179+0000] {taskinstance.py:2658} INFO - Rescheduling task, marking task as UP_FOR_RESCHEDULE
[2026-01-23T18:21:35.208+0000] {local_task_job_runner.py:234} INFO - Task exited with return code 0
[2026-01-23T18:21:35.270+0000] {taskinstance.py:3280} INFO - 0 downstream tasks scheduled from follow-on schedule check
[2026-01-23T18:22:09.027+0000] {taskinstance.py:1956} INFO - Dependencies all met for dep_context=non-requeueable deps ti=<TaskInstance: ml_pipeline.wait_for_etl manual__2026-01-23T17:32:57.364336+00:00 [queued]>
[2026-01-23T18:22:09.037+0000] {taskinstance.py:1956} INFO - Dependencies all met for dep_context=requeueable deps ti=<TaskInstance: ml_pipeline.wait_for_etl manual__2026-01-23T17:32:57.364336+00:00 [queued]>
[2026-01-23T18:22:09.038+0000] {taskinstance.py:2170} INFO - Starting attempt 2 of 3
[2026-01-23T18:22:09.053+0000] {taskinstance.py:2191} INFO - Executing <Task(ExternalTaskSensor): wait_for_etl> on 2026-01-23 17:32:57.364336+00:00
[2026-01-23T18:22:09.059+0000] {standard_task_runner.py:60} INFO - Started process 2848 to run task
[2026-01-23T18:22:09.064+0000] {standard_task_runner.py:87} INFO - Running: ['***', 'tasks', 'run', 'ml_pipeline', 'wait_for_etl', 'manual__2026-01-23T17:32:57.364336+00:00', '--job-id', '147', '--raw', '--subdir', 'DAGS_FOLDER/ml_pipeline.py', '--cfg-path', '/tmp/tmpsvyci18u']
[2026-01-23T18:22:09.068+0000] {standard_task_runner.py:88} INFO - Job 147: Subtask wait_for_etl
[2026-01-23T18:22:09.125+0000] {task_command.py:423} INFO - Running <TaskInstance: ml_pipeline.wait_for_etl manual__2026-01-23T17:32:57.364336+00:00 [running]> on host f2c086da0204
[2026-01-23T18:22:09.231+0000] {taskinstance.py:2480} INFO - Exporting env vars: AIRFLOW_CTX_DAG_OWNER='***' AIRFLOW_CTX_DAG_ID='ml_pipeline' AIRFLOW_CTX_TASK_ID='wait_for_etl' AIRFLOW_CTX_EXECUTION_DATE='2026-01-23T17:32:57.364336+00:00' AIRFLOW_CTX_TRY_NUMBER='2' AIRFLOW_CTX_DAG_RUN_ID='manual__2026-01-23T17:32:57.364336+00:00'
[2026-01-23T18:22:09.241+0000] {external_task.py:244} INFO - Poking for tasks ['save_silver_postgres'] in dag ETL_TASKFLOW on 2026-01-23T17:17:57.364336+00:00 ... 
[2026-01-23T18:22:09.292+0000] {taskinstance.py:2658} INFO - Rescheduling task, marking task as UP_FOR_RESCHEDULE
[2026-01-23T18:22:09.324+0000] {local_task_job_runner.py:234} INFO - Task exited with return code 0
[2026-01-23T18:22:09.377+0000] {taskinstance.py:3280} INFO - 0 downstream tasks scheduled from follow-on schedule check
[2026-01-23T18:22:44.161+0000] {taskinstance.py:1956} INFO - Dependencies all met for dep_context=non-requeueable deps ti=<TaskInstance: ml_pipeline.wait_for_etl manual__2026-01-23T17:32:57.364336+00:00 [queued]>
[2026-01-23T18:22:44.177+0000] {taskinstance.py:1956} INFO - Dependencies all met for dep_context=requeueable deps ti=<TaskInstance: ml_pipeline.wait_for_etl manual__2026-01-23T17:32:57.364336+00:00 [queued]>
[2026-01-23T18:22:44.179+0000] {taskinstance.py:2170} INFO - Starting attempt 2 of 3
[2026-01-23T18:22:44.208+0000] {taskinstance.py:2191} INFO - Executing <Task(ExternalTaskSensor): wait_for_etl> on 2026-01-23 17:32:57.364336+00:00
[2026-01-23T18:22:44.217+0000] {standard_task_runner.py:60} INFO - Started process 3035 to run task
[2026-01-23T18:22:44.225+0000] {standard_task_runner.py:87} INFO - Running: ['***', 'tasks', 'run', 'ml_pipeline', 'wait_for_etl', 'manual__2026-01-23T17:32:57.364336+00:00', '--job-id', '152', '--raw', '--subdir', 'DAGS_FOLDER/ml_pipeline.py', '--cfg-path', '/tmp/tmp_sfvq22a']
[2026-01-23T18:22:44.230+0000] {standard_task_runner.py:88} INFO - Job 152: Subtask wait_for_etl
[2026-01-23T18:22:44.319+0000] {task_command.py:423} INFO - Running <TaskInstance: ml_pipeline.wait_for_etl manual__2026-01-23T17:32:57.364336+00:00 [running]> on host f2c086da0204
[2026-01-23T18:22:44.451+0000] {taskinstance.py:2480} INFO - Exporting env vars: AIRFLOW_CTX_DAG_OWNER='***' AIRFLOW_CTX_DAG_ID='ml_pipeline' AIRFLOW_CTX_TASK_ID='wait_for_etl' AIRFLOW_CTX_EXECUTION_DATE='2026-01-23T17:32:57.364336+00:00' AIRFLOW_CTX_TRY_NUMBER='2' AIRFLOW_CTX_DAG_RUN_ID='manual__2026-01-23T17:32:57.364336+00:00'
[2026-01-23T18:22:44.468+0000] {external_task.py:244} INFO - Poking for tasks ['save_silver_postgres'] in dag ETL_TASKFLOW on 2026-01-23T17:17:57.364336+00:00 ... 
[2026-01-23T18:22:44.537+0000] {taskinstance.py:2658} INFO - Rescheduling task, marking task as UP_FOR_RESCHEDULE
[2026-01-23T18:22:44.568+0000] {local_task_job_runner.py:234} INFO - Task exited with return code 0
[2026-01-23T18:22:44.626+0000] {taskinstance.py:3280} INFO - 0 downstream tasks scheduled from follow-on schedule check
[2026-01-23T18:23:20.351+0000] {taskinstance.py:1956} INFO - Dependencies all met for dep_context=non-requeueable deps ti=<TaskInstance: ml_pipeline.wait_for_etl manual__2026-01-23T17:32:57.364336+00:00 [queued]>
[2026-01-23T18:23:20.367+0000] {taskinstance.py:1956} INFO - Dependencies all met for dep_context=requeueable deps ti=<TaskInstance: ml_pipeline.wait_for_etl manual__2026-01-23T17:32:57.364336+00:00 [queued]>
[2026-01-23T18:23:20.368+0000] {taskinstance.py:2170} INFO - Starting attempt 2 of 3
[2026-01-23T18:23:20.396+0000] {taskinstance.py:2191} INFO - Executing <Task(ExternalTaskSensor): wait_for_etl> on 2026-01-23 17:32:57.364336+00:00
[2026-01-23T18:23:20.405+0000] {standard_task_runner.py:60} INFO - Started process 3222 to run task
[2026-01-23T18:23:20.411+0000] {standard_task_runner.py:87} INFO - Running: ['***', 'tasks', 'run', 'ml_pipeline', 'wait_for_etl', 'manual__2026-01-23T17:32:57.364336+00:00', '--job-id', '157', '--raw', '--subdir', 'DAGS_FOLDER/ml_pipeline.py', '--cfg-path', '/tmp/tmp9ysmy2xl']
[2026-01-23T18:23:20.414+0000] {standard_task_runner.py:88} INFO - Job 157: Subtask wait_for_etl
[2026-01-23T18:23:20.490+0000] {task_command.py:423} INFO - Running <TaskInstance: ml_pipeline.wait_for_etl manual__2026-01-23T17:32:57.364336+00:00 [running]> on host f2c086da0204
[2026-01-23T18:23:20.627+0000] {taskinstance.py:2480} INFO - Exporting env vars: AIRFLOW_CTX_DAG_OWNER='***' AIRFLOW_CTX_DAG_ID='ml_pipeline' AIRFLOW_CTX_TASK_ID='wait_for_etl' AIRFLOW_CTX_EXECUTION_DATE='2026-01-23T17:32:57.364336+00:00' AIRFLOW_CTX_TRY_NUMBER='2' AIRFLOW_CTX_DAG_RUN_ID='manual__2026-01-23T17:32:57.364336+00:00'
[2026-01-23T18:23:20.645+0000] {external_task.py:244} INFO - Poking for tasks ['save_silver_postgres'] in dag ETL_TASKFLOW on 2026-01-23T17:17:57.364336+00:00 ... 
[2026-01-23T18:23:20.703+0000] {taskinstance.py:2658} INFO - Rescheduling task, marking task as UP_FOR_RESCHEDULE
[2026-01-23T18:23:20.714+0000] {local_task_job_runner.py:234} INFO - Task exited with return code 0
[2026-01-23T18:23:20.759+0000] {taskinstance.py:3280} INFO - 0 downstream tasks scheduled from follow-on schedule check
[2026-01-23T18:23:55.538+0000] {taskinstance.py:1956} INFO - Dependencies all met for dep_context=non-requeueable deps ti=<TaskInstance: ml_pipeline.wait_for_etl manual__2026-01-23T17:32:57.364336+00:00 [queued]>
[2026-01-23T18:23:55.553+0000] {taskinstance.py:1956} INFO - Dependencies all met for dep_context=requeueable deps ti=<TaskInstance: ml_pipeline.wait_for_etl manual__2026-01-23T17:32:57.364336+00:00 [queued]>
[2026-01-23T18:23:55.554+0000] {taskinstance.py:2170} INFO - Starting attempt 2 of 3
[2026-01-23T18:23:55.581+0000] {taskinstance.py:2191} INFO - Executing <Task(ExternalTaskSensor): wait_for_etl> on 2026-01-23 17:32:57.364336+00:00
[2026-01-23T18:23:55.590+0000] {standard_task_runner.py:60} INFO - Started process 3409 to run task
[2026-01-23T18:23:55.597+0000] {standard_task_runner.py:87} INFO - Running: ['***', 'tasks', 'run', 'ml_pipeline', 'wait_for_etl', 'manual__2026-01-23T17:32:57.364336+00:00', '--job-id', '162', '--raw', '--subdir', 'DAGS_FOLDER/ml_pipeline.py', '--cfg-path', '/tmp/tmp5v24y4n5']
[2026-01-23T18:23:55.602+0000] {standard_task_runner.py:88} INFO - Job 162: Subtask wait_for_etl
[2026-01-23T18:23:55.683+0000] {task_command.py:423} INFO - Running <TaskInstance: ml_pipeline.wait_for_etl manual__2026-01-23T17:32:57.364336+00:00 [running]> on host f2c086da0204
[2026-01-23T18:23:55.833+0000] {taskinstance.py:2480} INFO - Exporting env vars: AIRFLOW_CTX_DAG_OWNER='***' AIRFLOW_CTX_DAG_ID='ml_pipeline' AIRFLOW_CTX_TASK_ID='wait_for_etl' AIRFLOW_CTX_EXECUTION_DATE='2026-01-23T17:32:57.364336+00:00' AIRFLOW_CTX_TRY_NUMBER='2' AIRFLOW_CTX_DAG_RUN_ID='manual__2026-01-23T17:32:57.364336+00:00'
[2026-01-23T18:23:55.852+0000] {external_task.py:244} INFO - Poking for tasks ['save_silver_postgres'] in dag ETL_TASKFLOW on 2026-01-23T17:17:57.364336+00:00 ... 
[2026-01-23T18:23:55.920+0000] {taskinstance.py:2658} INFO - Rescheduling task, marking task as UP_FOR_RESCHEDULE
[2026-01-23T18:23:55.940+0000] {local_task_job_runner.py:234} INFO - Task exited with return code 0
[2026-01-23T18:23:55.995+0000] {taskinstance.py:3280} INFO - 0 downstream tasks scheduled from follow-on schedule check
[2026-01-23T18:25:40.343+0000] {taskinstance.py:1956} INFO - Dependencies all met for dep_context=non-requeueable deps ti=<TaskInstance: ml_pipeline.wait_for_etl manual__2026-01-23T17:32:57.364336+00:00 [queued]>
[2026-01-23T18:25:40.359+0000] {taskinstance.py:1956} INFO - Dependencies all met for dep_context=requeueable deps ti=<TaskInstance: ml_pipeline.wait_for_etl manual__2026-01-23T17:32:57.364336+00:00 [queued]>
[2026-01-23T18:25:40.359+0000] {taskinstance.py:2170} INFO - Starting attempt 2 of 3
[2026-01-23T18:25:40.384+0000] {taskinstance.py:2191} INFO - Executing <Task(ExternalTaskSensor): wait_for_etl> on 2026-01-23 17:32:57.364336+00:00
[2026-01-23T18:25:40.392+0000] {standard_task_runner.py:60} INFO - Started process 155 to run task
[2026-01-23T18:25:40.400+0000] {standard_task_runner.py:87} INFO - Running: ['***', 'tasks', 'run', 'ml_pipeline', 'wait_for_etl', 'manual__2026-01-23T17:32:57.364336+00:00', '--job-id', '166', '--raw', '--subdir', 'DAGS_FOLDER/ml_pipeline.py', '--cfg-path', '/tmp/tmpqu12gk7l']
[2026-01-23T18:25:40.404+0000] {standard_task_runner.py:88} INFO - Job 166: Subtask wait_for_etl
[2026-01-23T18:25:40.486+0000] {task_command.py:423} INFO - Running <TaskInstance: ml_pipeline.wait_for_etl manual__2026-01-23T17:32:57.364336+00:00 [running]> on host 29e73cfdca90
[2026-01-23T18:25:40.609+0000] {taskinstance.py:2480} INFO - Exporting env vars: AIRFLOW_CTX_DAG_OWNER='***' AIRFLOW_CTX_DAG_ID='ml_pipeline' AIRFLOW_CTX_TASK_ID='wait_for_etl' AIRFLOW_CTX_EXECUTION_DATE='2026-01-23T17:32:57.364336+00:00' AIRFLOW_CTX_TRY_NUMBER='2' AIRFLOW_CTX_DAG_RUN_ID='manual__2026-01-23T17:32:57.364336+00:00'
[2026-01-23T18:25:40.625+0000] {external_task.py:244} INFO - Poking for tasks ['save_silver_postgres'] in dag ETL_TASKFLOW on 2026-01-23T17:17:57.364336+00:00 ... 
[2026-01-23T18:25:40.674+0000] {taskinstance.py:2658} INFO - Rescheduling task, marking task as UP_FOR_RESCHEDULE
[2026-01-23T18:25:40.701+0000] {local_task_job_runner.py:234} INFO - Task exited with return code 0
[2026-01-23T18:25:40.746+0000] {taskinstance.py:3280} INFO - 0 downstream tasks scheduled from follow-on schedule check
[2026-01-23T18:26:15.474+0000] {taskinstance.py:1956} INFO - Dependencies all met for dep_context=non-requeueable deps ti=<TaskInstance: ml_pipeline.wait_for_etl manual__2026-01-23T17:32:57.364336+00:00 [queued]>
[2026-01-23T18:26:15.491+0000] {taskinstance.py:1956} INFO - Dependencies all met for dep_context=requeueable deps ti=<TaskInstance: ml_pipeline.wait_for_etl manual__2026-01-23T17:32:57.364336+00:00 [queued]>
[2026-01-23T18:26:15.491+0000] {taskinstance.py:2170} INFO - Starting attempt 2 of 3
[2026-01-23T18:26:15.521+0000] {taskinstance.py:2191} INFO - Executing <Task(ExternalTaskSensor): wait_for_etl> on 2026-01-23 17:32:57.364336+00:00
[2026-01-23T18:26:15.529+0000] {standard_task_runner.py:60} INFO - Started process 346 to run task
[2026-01-23T18:26:15.536+0000] {standard_task_runner.py:87} INFO - Running: ['***', 'tasks', 'run', 'ml_pipeline', 'wait_for_etl', 'manual__2026-01-23T17:32:57.364336+00:00', '--job-id', '171', '--raw', '--subdir', 'DAGS_FOLDER/ml_pipeline.py', '--cfg-path', '/tmp/tmp4u70woj2']
[2026-01-23T18:26:15.540+0000] {standard_task_runner.py:88} INFO - Job 171: Subtask wait_for_etl
[2026-01-23T18:26:15.626+0000] {task_command.py:423} INFO - Running <TaskInstance: ml_pipeline.wait_for_etl manual__2026-01-23T17:32:57.364336+00:00 [running]> on host 29e73cfdca90
[2026-01-23T18:26:15.757+0000] {taskinstance.py:2480} INFO - Exporting env vars: AIRFLOW_CTX_DAG_OWNER='***' AIRFLOW_CTX_DAG_ID='ml_pipeline' AIRFLOW_CTX_TASK_ID='wait_for_etl' AIRFLOW_CTX_EXECUTION_DATE='2026-01-23T17:32:57.364336+00:00' AIRFLOW_CTX_TRY_NUMBER='2' AIRFLOW_CTX_DAG_RUN_ID='manual__2026-01-23T17:32:57.364336+00:00'
[2026-01-23T18:26:15.773+0000] {external_task.py:244} INFO - Poking for tasks ['save_silver_postgres'] in dag ETL_TASKFLOW on 2026-01-23T17:17:57.364336+00:00 ... 
[2026-01-23T18:26:15.836+0000] {taskinstance.py:2658} INFO - Rescheduling task, marking task as UP_FOR_RESCHEDULE
[2026-01-23T18:26:15.877+0000] {local_task_job_runner.py:234} INFO - Task exited with return code 0
[2026-01-23T18:26:15.934+0000] {taskinstance.py:3280} INFO - 0 downstream tasks scheduled from follow-on schedule check
[2026-01-23T18:26:50.985+0000] {taskinstance.py:1956} INFO - Dependencies all met for dep_context=non-requeueable deps ti=<TaskInstance: ml_pipeline.wait_for_etl manual__2026-01-23T17:32:57.364336+00:00 [queued]>
[2026-01-23T18:26:51.001+0000] {taskinstance.py:1956} INFO - Dependencies all met for dep_context=requeueable deps ti=<TaskInstance: ml_pipeline.wait_for_etl manual__2026-01-23T17:32:57.364336+00:00 [queued]>
[2026-01-23T18:26:51.002+0000] {taskinstance.py:2170} INFO - Starting attempt 2 of 3
[2026-01-23T18:26:51.030+0000] {taskinstance.py:2191} INFO - Executing <Task(ExternalTaskSensor): wait_for_etl> on 2026-01-23 17:32:57.364336+00:00
[2026-01-23T18:26:51.039+0000] {standard_task_runner.py:60} INFO - Started process 534 to run task
[2026-01-23T18:26:51.046+0000] {standard_task_runner.py:87} INFO - Running: ['***', 'tasks', 'run', 'ml_pipeline', 'wait_for_etl', 'manual__2026-01-23T17:32:57.364336+00:00', '--job-id', '176', '--raw', '--subdir', 'DAGS_FOLDER/ml_pipeline.py', '--cfg-path', '/tmp/tmpxx4zr0s1']
[2026-01-23T18:26:51.051+0000] {standard_task_runner.py:88} INFO - Job 176: Subtask wait_for_etl
[2026-01-23T18:26:51.131+0000] {task_command.py:423} INFO - Running <TaskInstance: ml_pipeline.wait_for_etl manual__2026-01-23T17:32:57.364336+00:00 [running]> on host 29e73cfdca90
[2026-01-23T18:26:51.266+0000] {taskinstance.py:2480} INFO - Exporting env vars: AIRFLOW_CTX_DAG_OWNER='***' AIRFLOW_CTX_DAG_ID='ml_pipeline' AIRFLOW_CTX_TASK_ID='wait_for_etl' AIRFLOW_CTX_EXECUTION_DATE='2026-01-23T17:32:57.364336+00:00' AIRFLOW_CTX_TRY_NUMBER='2' AIRFLOW_CTX_DAG_RUN_ID='manual__2026-01-23T17:32:57.364336+00:00'
[2026-01-23T18:26:51.281+0000] {external_task.py:244} INFO - Poking for tasks ['save_silver_postgres'] in dag ETL_TASKFLOW on 2026-01-23T17:17:57.364336+00:00 ... 
[2026-01-23T18:26:51.348+0000] {taskinstance.py:2658} INFO - Rescheduling task, marking task as UP_FOR_RESCHEDULE
[2026-01-23T18:26:51.387+0000] {local_task_job_runner.py:234} INFO - Task exited with return code 0
[2026-01-23T18:26:51.447+0000] {taskinstance.py:3280} INFO - 0 downstream tasks scheduled from follow-on schedule check
[2026-01-23T18:27:26.019+0000] {taskinstance.py:1956} INFO - Dependencies all met for dep_context=non-requeueable deps ti=<TaskInstance: ml_pipeline.wait_for_etl manual__2026-01-23T17:32:57.364336+00:00 [queued]>
[2026-01-23T18:27:26.034+0000] {taskinstance.py:1956} INFO - Dependencies all met for dep_context=requeueable deps ti=<TaskInstance: ml_pipeline.wait_for_etl manual__2026-01-23T17:32:57.364336+00:00 [queued]>
[2026-01-23T18:27:26.035+0000] {taskinstance.py:2170} INFO - Starting attempt 2 of 3
[2026-01-23T18:27:26.064+0000] {taskinstance.py:2191} INFO - Executing <Task(ExternalTaskSensor): wait_for_etl> on 2026-01-23 17:32:57.364336+00:00
[2026-01-23T18:27:26.073+0000] {standard_task_runner.py:60} INFO - Started process 721 to run task
[2026-01-23T18:27:26.080+0000] {standard_task_runner.py:87} INFO - Running: ['***', 'tasks', 'run', 'ml_pipeline', 'wait_for_etl', 'manual__2026-01-23T17:32:57.364336+00:00', '--job-id', '181', '--raw', '--subdir', 'DAGS_FOLDER/ml_pipeline.py', '--cfg-path', '/tmp/tmpu8wcln5b']
[2026-01-23T18:27:26.084+0000] {standard_task_runner.py:88} INFO - Job 181: Subtask wait_for_etl
[2026-01-23T18:27:26.165+0000] {task_command.py:423} INFO - Running <TaskInstance: ml_pipeline.wait_for_etl manual__2026-01-23T17:32:57.364336+00:00 [running]> on host 29e73cfdca90
[2026-01-23T18:27:26.308+0000] {taskinstance.py:2480} INFO - Exporting env vars: AIRFLOW_CTX_DAG_OWNER='***' AIRFLOW_CTX_DAG_ID='ml_pipeline' AIRFLOW_CTX_TASK_ID='wait_for_etl' AIRFLOW_CTX_EXECUTION_DATE='2026-01-23T17:32:57.364336+00:00' AIRFLOW_CTX_TRY_NUMBER='2' AIRFLOW_CTX_DAG_RUN_ID='manual__2026-01-23T17:32:57.364336+00:00'
[2026-01-23T18:27:26.326+0000] {external_task.py:244} INFO - Poking for tasks ['save_silver_postgres'] in dag ETL_TASKFLOW on 2026-01-23T17:17:57.364336+00:00 ... 
[2026-01-23T18:27:26.399+0000] {taskinstance.py:2658} INFO - Rescheduling task, marking task as UP_FOR_RESCHEDULE
[2026-01-23T18:27:26.421+0000] {local_task_job_runner.py:234} INFO - Task exited with return code 0
[2026-01-23T18:27:26.478+0000] {taskinstance.py:3280} INFO - 0 downstream tasks scheduled from follow-on schedule check
[2026-01-23T18:28:04.109+0000] {taskinstance.py:1956} INFO - Dependencies all met for dep_context=non-requeueable deps ti=<TaskInstance: ml_pipeline.wait_for_etl manual__2026-01-23T17:32:57.364336+00:00 [queued]>
[2026-01-23T18:28:04.122+0000] {taskinstance.py:1956} INFO - Dependencies all met for dep_context=requeueable deps ti=<TaskInstance: ml_pipeline.wait_for_etl manual__2026-01-23T17:32:57.364336+00:00 [queued]>
[2026-01-23T18:28:04.123+0000] {taskinstance.py:2170} INFO - Starting attempt 2 of 3
[2026-01-23T18:28:04.142+0000] {taskinstance.py:2191} INFO - Executing <Task(ExternalTaskSensor): wait_for_etl> on 2026-01-23 17:32:57.364336+00:00
[2026-01-23T18:28:04.149+0000] {standard_task_runner.py:60} INFO - Started process 1122 to run task
[2026-01-23T18:28:04.155+0000] {standard_task_runner.py:87} INFO - Running: ['***', 'tasks', 'run', 'ml_pipeline', 'wait_for_etl', 'manual__2026-01-23T17:32:57.364336+00:00', '--job-id', '186', '--raw', '--subdir', 'DAGS_FOLDER/ml_pipeline.py', '--cfg-path', '/tmp/tmp4nqsnwqz']
[2026-01-23T18:28:04.158+0000] {standard_task_runner.py:88} INFO - Job 186: Subtask wait_for_etl
[2026-01-23T18:28:04.224+0000] {task_command.py:423} INFO - Running <TaskInstance: ml_pipeline.wait_for_etl manual__2026-01-23T17:32:57.364336+00:00 [running]> on host 29e73cfdca90
[2026-01-23T18:28:04.336+0000] {taskinstance.py:2480} INFO - Exporting env vars: AIRFLOW_CTX_DAG_OWNER='***' AIRFLOW_CTX_DAG_ID='ml_pipeline' AIRFLOW_CTX_TASK_ID='wait_for_etl' AIRFLOW_CTX_EXECUTION_DATE='2026-01-23T17:32:57.364336+00:00' AIRFLOW_CTX_TRY_NUMBER='2' AIRFLOW_CTX_DAG_RUN_ID='manual__2026-01-23T17:32:57.364336+00:00'
[2026-01-23T18:28:04.351+0000] {external_task.py:244} INFO - Poking for tasks ['save_silver_postgres'] in dag ETL_TASKFLOW on 2026-01-23T17:17:57.364336+00:00 ... 
[2026-01-23T18:28:04.401+0000] {taskinstance.py:2658} INFO - Rescheduling task, marking task as UP_FOR_RESCHEDULE
[2026-01-23T18:28:04.416+0000] {local_task_job_runner.py:234} INFO - Task exited with return code 0
[2026-01-23T18:28:04.459+0000] {taskinstance.py:3280} INFO - 0 downstream tasks scheduled from follow-on schedule check
[2026-01-23T18:29:27.306+0000] {taskinstance.py:1956} INFO - Dependencies all met for dep_context=non-requeueable deps ti=<TaskInstance: ml_pipeline.wait_for_etl manual__2026-01-23T17:32:57.364336+00:00 [queued]>
[2026-01-23T18:29:27.319+0000] {taskinstance.py:1956} INFO - Dependencies all met for dep_context=requeueable deps ti=<TaskInstance: ml_pipeline.wait_for_etl manual__2026-01-23T17:32:57.364336+00:00 [queued]>
[2026-01-23T18:29:27.320+0000] {taskinstance.py:2170} INFO - Starting attempt 2 of 3
[2026-01-23T18:29:27.336+0000] {taskinstance.py:2191} INFO - Executing <Task(ExternalTaskSensor): wait_for_etl> on 2026-01-23 17:32:57.364336+00:00
[2026-01-23T18:29:27.343+0000] {standard_task_runner.py:60} INFO - Started process 2712 to run task
[2026-01-23T18:29:27.349+0000] {standard_task_runner.py:87} INFO - Running: ['***', 'tasks', 'run', 'ml_pipeline', 'wait_for_etl', 'manual__2026-01-23T17:32:57.364336+00:00', '--job-id', '191', '--raw', '--subdir', 'DAGS_FOLDER/ml_pipeline.py', '--cfg-path', '/tmp/tmpnljac5t3']
[2026-01-23T18:29:27.352+0000] {standard_task_runner.py:88} INFO - Job 191: Subtask wait_for_etl
[2026-01-23T18:29:27.412+0000] {task_command.py:423} INFO - Running <TaskInstance: ml_pipeline.wait_for_etl manual__2026-01-23T17:32:57.364336+00:00 [running]> on host 29e73cfdca90
[2026-01-23T18:29:27.509+0000] {taskinstance.py:2480} INFO - Exporting env vars: AIRFLOW_CTX_DAG_OWNER='***' AIRFLOW_CTX_DAG_ID='ml_pipeline' AIRFLOW_CTX_TASK_ID='wait_for_etl' AIRFLOW_CTX_EXECUTION_DATE='2026-01-23T17:32:57.364336+00:00' AIRFLOW_CTX_TRY_NUMBER='2' AIRFLOW_CTX_DAG_RUN_ID='manual__2026-01-23T17:32:57.364336+00:00'
[2026-01-23T18:29:27.519+0000] {external_task.py:244} INFO - Poking for tasks ['save_silver_postgres'] in dag ETL_TASKFLOW on 2026-01-23T17:17:57.364336+00:00 ... 
[2026-01-23T18:29:27.560+0000] {taskinstance.py:2658} INFO - Rescheduling task, marking task as UP_FOR_RESCHEDULE
[2026-01-23T18:29:27.607+0000] {local_task_job_runner.py:234} INFO - Task exited with return code 0
[2026-01-23T18:29:27.662+0000] {taskinstance.py:3280} INFO - 0 downstream tasks scheduled from follow-on schedule check
[2026-01-23T18:30:33.012+0000] {taskinstance.py:1956} INFO - Dependencies all met for dep_context=non-requeueable deps ti=<TaskInstance: ml_pipeline.wait_for_etl manual__2026-01-23T17:32:57.364336+00:00 [queued]>
[2026-01-23T18:30:33.023+0000] {taskinstance.py:1956} INFO - Dependencies all met for dep_context=requeueable deps ti=<TaskInstance: ml_pipeline.wait_for_etl manual__2026-01-23T17:32:57.364336+00:00 [queued]>
[2026-01-23T18:30:33.023+0000] {taskinstance.py:2170} INFO - Starting attempt 2 of 3
[2026-01-23T18:30:33.038+0000] {taskinstance.py:2191} INFO - Executing <Task(ExternalTaskSensor): wait_for_etl> on 2026-01-23 17:32:57.364336+00:00
[2026-01-23T18:30:33.046+0000] {standard_task_runner.py:60} INFO - Started process 4114 to run task
[2026-01-23T18:30:33.051+0000] {standard_task_runner.py:87} INFO - Running: ['***', 'tasks', 'run', 'ml_pipeline', 'wait_for_etl', 'manual__2026-01-23T17:32:57.364336+00:00', '--job-id', '195', '--raw', '--subdir', 'DAGS_FOLDER/ml_pipeline.py', '--cfg-path', '/tmp/tmp9q696hb3']
[2026-01-23T18:30:33.054+0000] {standard_task_runner.py:88} INFO - Job 195: Subtask wait_for_etl
[2026-01-23T18:30:33.112+0000] {task_command.py:423} INFO - Running <TaskInstance: ml_pipeline.wait_for_etl manual__2026-01-23T17:32:57.364336+00:00 [running]> on host 29e73cfdca90
[2026-01-23T18:30:33.218+0000] {taskinstance.py:2480} INFO - Exporting env vars: AIRFLOW_CTX_DAG_OWNER='***' AIRFLOW_CTX_DAG_ID='ml_pipeline' AIRFLOW_CTX_TASK_ID='wait_for_etl' AIRFLOW_CTX_EXECUTION_DATE='2026-01-23T17:32:57.364336+00:00' AIRFLOW_CTX_TRY_NUMBER='2' AIRFLOW_CTX_DAG_RUN_ID='manual__2026-01-23T17:32:57.364336+00:00'
[2026-01-23T18:30:33.233+0000] {external_task.py:244} INFO - Poking for tasks ['save_silver_postgres'] in dag ETL_TASKFLOW on 2026-01-23T17:17:57.364336+00:00 ... 
[2026-01-23T18:30:33.282+0000] {taskinstance.py:2658} INFO - Rescheduling task, marking task as UP_FOR_RESCHEDULE
[2026-01-23T18:30:33.312+0000] {local_task_job_runner.py:234} INFO - Task exited with return code 0
[2026-01-23T18:30:33.351+0000] {taskinstance.py:3280} INFO - 0 downstream tasks scheduled from follow-on schedule check
[2026-01-23T18:31:39.318+0000] {taskinstance.py:1956} INFO - Dependencies all met for dep_context=non-requeueable deps ti=<TaskInstance: ml_pipeline.wait_for_etl manual__2026-01-23T17:32:57.364336+00:00 [queued]>
[2026-01-23T18:31:39.330+0000] {taskinstance.py:1956} INFO - Dependencies all met for dep_context=requeueable deps ti=<TaskInstance: ml_pipeline.wait_for_etl manual__2026-01-23T17:32:57.364336+00:00 [queued]>
[2026-01-23T18:31:39.331+0000] {taskinstance.py:2170} INFO - Starting attempt 2 of 3
[2026-01-23T18:31:39.346+0000] {taskinstance.py:2191} INFO - Executing <Task(ExternalTaskSensor): wait_for_etl> on 2026-01-23 17:32:57.364336+00:00
[2026-01-23T18:31:39.353+0000] {standard_task_runner.py:60} INFO - Started process 5600 to run task
[2026-01-23T18:31:39.359+0000] {standard_task_runner.py:87} INFO - Running: ['***', 'tasks', 'run', 'ml_pipeline', 'wait_for_etl', 'manual__2026-01-23T17:32:57.364336+00:00', '--job-id', '200', '--raw', '--subdir', 'DAGS_FOLDER/ml_pipeline.py', '--cfg-path', '/tmp/tmpqgndn6ly']
[2026-01-23T18:31:39.362+0000] {standard_task_runner.py:88} INFO - Job 200: Subtask wait_for_etl
[2026-01-23T18:31:39.432+0000] {task_command.py:423} INFO - Running <TaskInstance: ml_pipeline.wait_for_etl manual__2026-01-23T17:32:57.364336+00:00 [running]> on host 29e73cfdca90
[2026-01-23T18:31:39.534+0000] {taskinstance.py:2480} INFO - Exporting env vars: AIRFLOW_CTX_DAG_OWNER='***' AIRFLOW_CTX_DAG_ID='ml_pipeline' AIRFLOW_CTX_TASK_ID='wait_for_etl' AIRFLOW_CTX_EXECUTION_DATE='2026-01-23T17:32:57.364336+00:00' AIRFLOW_CTX_TRY_NUMBER='2' AIRFLOW_CTX_DAG_RUN_ID='manual__2026-01-23T17:32:57.364336+00:00'
[2026-01-23T18:31:39.552+0000] {external_task.py:244} INFO - Poking for tasks ['save_silver_postgres'] in dag ETL_TASKFLOW on 2026-01-23T17:17:57.364336+00:00 ... 
[2026-01-23T18:31:39.606+0000] {taskinstance.py:2658} INFO - Rescheduling task, marking task as UP_FOR_RESCHEDULE
[2026-01-23T18:31:39.659+0000] {local_task_job_runner.py:234} INFO - Task exited with return code 0
[2026-01-23T18:31:39.714+0000] {taskinstance.py:3280} INFO - 0 downstream tasks scheduled from follow-on schedule check
[2026-01-23T18:32:47.647+0000] {taskinstance.py:1956} INFO - Dependencies all met for dep_context=non-requeueable deps ti=<TaskInstance: ml_pipeline.wait_for_etl manual__2026-01-23T17:32:57.364336+00:00 [queued]>
[2026-01-23T18:32:47.658+0000] {taskinstance.py:1956} INFO - Dependencies all met for dep_context=requeueable deps ti=<TaskInstance: ml_pipeline.wait_for_etl manual__2026-01-23T17:32:57.364336+00:00 [queued]>
[2026-01-23T18:32:47.659+0000] {taskinstance.py:2170} INFO - Starting attempt 2 of 3
[2026-01-23T18:32:47.673+0000] {taskinstance.py:2191} INFO - Executing <Task(ExternalTaskSensor): wait_for_etl> on 2026-01-23 17:32:57.364336+00:00
[2026-01-23T18:32:47.680+0000] {standard_task_runner.py:60} INFO - Started process 6837 to run task
[2026-01-23T18:32:47.684+0000] {standard_task_runner.py:87} INFO - Running: ['***', 'tasks', 'run', 'ml_pipeline', 'wait_for_etl', 'manual__2026-01-23T17:32:57.364336+00:00', '--job-id', '205', '--raw', '--subdir', 'DAGS_FOLDER/ml_pipeline.py', '--cfg-path', '/tmp/tmpqxt3b3uq']
[2026-01-23T18:32:47.686+0000] {standard_task_runner.py:88} INFO - Job 205: Subtask wait_for_etl
[2026-01-23T18:32:47.745+0000] {task_command.py:423} INFO - Running <TaskInstance: ml_pipeline.wait_for_etl manual__2026-01-23T17:32:57.364336+00:00 [running]> on host 29e73cfdca90
[2026-01-23T18:32:47.840+0000] {taskinstance.py:2480} INFO - Exporting env vars: AIRFLOW_CTX_DAG_OWNER='***' AIRFLOW_CTX_DAG_ID='ml_pipeline' AIRFLOW_CTX_TASK_ID='wait_for_etl' AIRFLOW_CTX_EXECUTION_DATE='2026-01-23T17:32:57.364336+00:00' AIRFLOW_CTX_TRY_NUMBER='2' AIRFLOW_CTX_DAG_RUN_ID='manual__2026-01-23T17:32:57.364336+00:00'
[2026-01-23T18:32:47.854+0000] {external_task.py:244} INFO - Poking for tasks ['save_silver_postgres'] in dag ETL_TASKFLOW on 2026-01-23T17:17:57.364336+00:00 ... 
[2026-01-23T18:32:47.868+0000] {taskinstance.py:2698} ERROR - Task failed with exception
Traceback (most recent call last):
  File "/home/airflow/.local/lib/python3.8/site-packages/airflow/models/taskinstance.py", line 433, in _execute_task
    result = execute_callable(context=context, **execute_callable_kwargs)
  File "/home/airflow/.local/lib/python3.8/site-packages/airflow/sensors/external_task.py", line 334, in execute
    super().execute(context)
  File "/home/airflow/.local/lib/python3.8/site-packages/airflow/sensors/base.py", line 282, in execute
    raise AirflowSensorTimeout(message)
airflow.exceptions.AirflowSensorTimeout: Sensor has timed out; run duration of 778.989955 seconds exceeds the specified timeout of 720.0.
[2026-01-23T18:32:47.885+0000] {taskinstance.py:1138} INFO - Immediate failure requested. Marking task as FAILED. dag_id=ml_pipeline, task_id=wait_for_etl, execution_date=20260123T173257, start_date=20260123T183247, end_date=20260123T183247
[2026-01-23T18:32:47.900+0000] {standard_task_runner.py:107} ERROR - Failed to execute job 205 for task wait_for_etl (Sensor has timed out; run duration of 778.989955 seconds exceeds the specified timeout of 720.0.; 6837)
[2026-01-23T18:32:47.946+0000] {local_task_job_runner.py:234} INFO - Task exited with return code 1
[2026-01-23T18:32:48.005+0000] {taskinstance.py:3280} INFO - 0 downstream tasks scheduled from follow-on schedule check
