[2026-01-23T17:41:35.838+0000] {taskinstance.py:1956} INFO - Dependencies all met for dep_context=non-requeueable deps ti=<TaskInstance: ml_pipeline.wait_for_etl scheduled__2026-01-23T17:15:00+00:00 [queued]>
[2026-01-23T17:41:35.850+0000] {taskinstance.py:1956} INFO - Dependencies all met for dep_context=requeueable deps ti=<TaskInstance: ml_pipeline.wait_for_etl scheduled__2026-01-23T17:15:00+00:00 [queued]>
[2026-01-23T17:41:35.851+0000] {taskinstance.py:2170} INFO - Starting attempt 1 of 2
[2026-01-23T17:41:35.866+0000] {taskinstance.py:2191} INFO - Executing <Task(ExternalTaskSensor): wait_for_etl> on 2026-01-23 17:15:00+00:00
[2026-01-23T17:41:35.874+0000] {standard_task_runner.py:60} INFO - Started process 19566 to run task
[2026-01-23T17:41:35.879+0000] {standard_task_runner.py:87} INFO - Running: ['***', 'tasks', 'run', 'ml_pipeline', 'wait_for_etl', 'scheduled__2026-01-23T17:15:00+00:00', '--job-id', '56', '--raw', '--subdir', 'DAGS_FOLDER/ml_pipeline.py', '--cfg-path', '/tmp/tmp_nci2_bv']
[2026-01-23T17:41:35.883+0000] {standard_task_runner.py:88} INFO - Job 56: Subtask wait_for_etl
[2026-01-23T17:41:35.945+0000] {task_command.py:423} INFO - Running <TaskInstance: ml_pipeline.wait_for_etl scheduled__2026-01-23T17:15:00+00:00 [running]> on host d6104de25333
[2026-01-23T17:41:36.052+0000] {taskinstance.py:2480} INFO - Exporting env vars: AIRFLOW_CTX_DAG_OWNER='***' AIRFLOW_CTX_DAG_ID='ml_pipeline' AIRFLOW_CTX_TASK_ID='wait_for_etl' AIRFLOW_CTX_EXECUTION_DATE='2026-01-23T17:15:00+00:00' AIRFLOW_CTX_TRY_NUMBER='1' AIRFLOW_CTX_DAG_RUN_ID='scheduled__2026-01-23T17:15:00+00:00'
[2026-01-23T17:41:36.053+0000] {external_task.py:244} INFO - Poking for tasks ['save_silver_postgres'] in dag ETL_TASKFLOW on 2026-01-23T17:15:00+00:00 ... 
[2026-01-23T17:42:36.114+0000] {external_task.py:244} INFO - Poking for tasks ['save_silver_postgres'] in dag ETL_TASKFLOW on 2026-01-23T17:15:00+00:00 ... 
[2026-01-23T17:43:36.173+0000] {external_task.py:244} INFO - Poking for tasks ['save_silver_postgres'] in dag ETL_TASKFLOW on 2026-01-23T17:15:00+00:00 ... 
[2026-01-23T17:44:36.218+0000] {external_task.py:244} INFO - Poking for tasks ['save_silver_postgres'] in dag ETL_TASKFLOW on 2026-01-23T17:15:00+00:00 ... 
[2026-01-23T17:45:36.264+0000] {external_task.py:244} INFO - Poking for tasks ['save_silver_postgres'] in dag ETL_TASKFLOW on 2026-01-23T17:15:00+00:00 ... 
[2026-01-23T17:46:36.297+0000] {external_task.py:244} INFO - Poking for tasks ['save_silver_postgres'] in dag ETL_TASKFLOW on 2026-01-23T17:15:00+00:00 ... 
[2026-01-23T17:47:36.334+0000] {external_task.py:244} INFO - Poking for tasks ['save_silver_postgres'] in dag ETL_TASKFLOW on 2026-01-23T17:15:00+00:00 ... 
[2026-01-23T17:48:36.386+0000] {external_task.py:244} INFO - Poking for tasks ['save_silver_postgres'] in dag ETL_TASKFLOW on 2026-01-23T17:15:00+00:00 ... 
[2026-01-23T17:51:24.733+0000] {external_task.py:244} INFO - Poking for tasks ['save_silver_postgres'] in dag ETL_TASKFLOW on 2026-01-23T17:15:00+00:00 ... 
[2026-01-23T17:52:24.474+0000] {external_task.py:244} INFO - Poking for tasks ['save_silver_postgres'] in dag ETL_TASKFLOW on 2026-01-23T17:15:00+00:00 ... 
[2026-01-23T17:53:24.497+0000] {external_task.py:244} INFO - Poking for tasks ['save_silver_postgres'] in dag ETL_TASKFLOW on 2026-01-23T17:15:00+00:00 ... 
[2026-01-23T17:54:24.568+0000] {external_task.py:244} INFO - Poking for tasks ['save_silver_postgres'] in dag ETL_TASKFLOW on 2026-01-23T17:15:00+00:00 ... 
[2026-01-23T17:55:24.616+0000] {external_task.py:244} INFO - Poking for tasks ['save_silver_postgres'] in dag ETL_TASKFLOW on 2026-01-23T17:15:00+00:00 ... 
[2026-01-23T17:56:24.656+0000] {external_task.py:244} INFO - Poking for tasks ['save_silver_postgres'] in dag ETL_TASKFLOW on 2026-01-23T17:15:00+00:00 ... 
[2026-01-23T17:57:24.685+0000] {external_task.py:244} INFO - Poking for tasks ['save_silver_postgres'] in dag ETL_TASKFLOW on 2026-01-23T17:15:00+00:00 ... 
[2026-01-23T17:57:24.705+0000] {taskinstance.py:2698} ERROR - Task failed with exception
Traceback (most recent call last):
  File "/home/airflow/.local/lib/python3.8/site-packages/airflow/models/taskinstance.py", line 433, in _execute_task
    result = execute_callable(context=context, **execute_callable_kwargs)
  File "/home/airflow/.local/lib/python3.8/site-packages/airflow/sensors/external_task.py", line 334, in execute
    super().execute(context)
  File "/home/airflow/.local/lib/python3.8/site-packages/airflow/sensors/base.py", line 282, in execute
    raise AirflowSensorTimeout(message)
airflow.exceptions.AirflowSensorTimeout: Sensor has timed out; run duration of 948.9820636530021 seconds exceeds the specified timeout of 900.0.
[2026-01-23T17:57:24.726+0000] {taskinstance.py:1138} INFO - Immediate failure requested. Marking task as FAILED. dag_id=ml_pipeline, task_id=wait_for_etl, execution_date=20260123T171500, start_date=20260123T174135, end_date=20260123T175724
[2026-01-23T17:57:24.761+0000] {standard_task_runner.py:107} ERROR - Failed to execute job 56 for task wait_for_etl (Sensor has timed out; run duration of 948.9820636530021 seconds exceeds the specified timeout of 900.0.; 19566)
[2026-01-23T17:57:24.808+0000] {local_task_job_runner.py:234} INFO - Task exited with return code 1
[2026-01-23T17:57:24.867+0000] {taskinstance.py:3280} INFO - 0 downstream tasks scheduled from follow-on schedule check
