[2026-01-23T18:18:06.258+0000] {taskinstance.py:1956} INFO - Dependencies all met for dep_context=non-requeueable deps ti=<TaskInstance: ml_pipeline.wait_for_etl manual__2026-01-23T18:17:46.584008+00:00 [queued]>
[2026-01-23T18:18:06.271+0000] {taskinstance.py:1956} INFO - Dependencies all met for dep_context=requeueable deps ti=<TaskInstance: ml_pipeline.wait_for_etl manual__2026-01-23T18:17:46.584008+00:00 [queued]>
[2026-01-23T18:18:06.272+0000] {taskinstance.py:2170} INFO - Starting attempt 1 of 2
[2026-01-23T18:18:06.289+0000] {taskinstance.py:2191} INFO - Executing <Task(ExternalTaskSensor): wait_for_etl> on 2026-01-23 18:17:46.584008+00:00
[2026-01-23T18:18:06.297+0000] {standard_task_runner.py:60} INFO - Started process 1760 to run task
[2026-01-23T18:18:06.301+0000] {standard_task_runner.py:87} INFO - Running: ['***', 'tasks', 'run', 'ml_pipeline', 'wait_for_etl', 'manual__2026-01-23T18:17:46.584008+00:00', '--job-id', '119', '--raw', '--subdir', 'DAGS_FOLDER/ml_pipeline.py', '--cfg-path', '/tmp/tmpm_tk73zl']
[2026-01-23T18:18:06.304+0000] {standard_task_runner.py:88} INFO - Job 119: Subtask wait_for_etl
[2026-01-23T18:18:06.369+0000] {task_command.py:423} INFO - Running <TaskInstance: ml_pipeline.wait_for_etl manual__2026-01-23T18:17:46.584008+00:00 [running]> on host f2c086da0204
[2026-01-23T18:18:06.468+0000] {taskinstance.py:2480} INFO - Exporting env vars: AIRFLOW_CTX_DAG_OWNER='***' AIRFLOW_CTX_DAG_ID='ml_pipeline' AIRFLOW_CTX_TASK_ID='wait_for_etl' AIRFLOW_CTX_EXECUTION_DATE='2026-01-23T18:17:46.584008+00:00' AIRFLOW_CTX_TRY_NUMBER='1' AIRFLOW_CTX_DAG_RUN_ID='manual__2026-01-23T18:17:46.584008+00:00'
[2026-01-23T18:18:06.480+0000] {external_task.py:244} INFO - Poking for tasks ['save_silver_postgres'] in dag ETL_TASKFLOW on 2026-01-23T18:02:46.584008+00:00 ... 
[2026-01-23T18:18:06.530+0000] {taskinstance.py:2658} INFO - Rescheduling task, marking task as UP_FOR_RESCHEDULE
[2026-01-23T18:18:06.562+0000] {local_task_job_runner.py:234} INFO - Task exited with return code 0
[2026-01-23T18:18:06.617+0000] {taskinstance.py:3280} INFO - 0 downstream tasks scheduled from follow-on schedule check
[2026-01-23T18:18:43.001+0000] {taskinstance.py:1956} INFO - Dependencies all met for dep_context=non-requeueable deps ti=<TaskInstance: ml_pipeline.wait_for_etl manual__2026-01-23T18:17:46.584008+00:00 [queued]>
[2026-01-23T18:18:43.014+0000] {taskinstance.py:1956} INFO - Dependencies all met for dep_context=requeueable deps ti=<TaskInstance: ml_pipeline.wait_for_etl manual__2026-01-23T18:17:46.584008+00:00 [queued]>
[2026-01-23T18:18:43.014+0000] {taskinstance.py:2170} INFO - Starting attempt 1 of 2
[2026-01-23T18:18:43.030+0000] {taskinstance.py:2191} INFO - Executing <Task(ExternalTaskSensor): wait_for_etl> on 2026-01-23 18:17:46.584008+00:00
[2026-01-23T18:18:43.038+0000] {standard_task_runner.py:60} INFO - Started process 1879 to run task
[2026-01-23T18:18:43.044+0000] {standard_task_runner.py:87} INFO - Running: ['***', 'tasks', 'run', 'ml_pipeline', 'wait_for_etl', 'manual__2026-01-23T18:17:46.584008+00:00', '--job-id', '122', '--raw', '--subdir', 'DAGS_FOLDER/ml_pipeline.py', '--cfg-path', '/tmp/tmphkwis4ys']
[2026-01-23T18:18:43.048+0000] {standard_task_runner.py:88} INFO - Job 122: Subtask wait_for_etl
[2026-01-23T18:18:43.111+0000] {task_command.py:423} INFO - Running <TaskInstance: ml_pipeline.wait_for_etl manual__2026-01-23T18:17:46.584008+00:00 [running]> on host f2c086da0204
[2026-01-23T18:18:43.213+0000] {taskinstance.py:2480} INFO - Exporting env vars: AIRFLOW_CTX_DAG_OWNER='***' AIRFLOW_CTX_DAG_ID='ml_pipeline' AIRFLOW_CTX_TASK_ID='wait_for_etl' AIRFLOW_CTX_EXECUTION_DATE='2026-01-23T18:17:46.584008+00:00' AIRFLOW_CTX_TRY_NUMBER='1' AIRFLOW_CTX_DAG_RUN_ID='manual__2026-01-23T18:17:46.584008+00:00'
[2026-01-23T18:18:43.229+0000] {external_task.py:244} INFO - Poking for tasks ['save_silver_postgres'] in dag ETL_TASKFLOW on 2026-01-23T18:02:46.584008+00:00 ... 
[2026-01-23T18:18:43.292+0000] {taskinstance.py:2658} INFO - Rescheduling task, marking task as UP_FOR_RESCHEDULE
[2026-01-23T18:18:43.346+0000] {local_task_job_runner.py:234} INFO - Task exited with return code 0
[2026-01-23T18:18:43.406+0000] {taskinstance.py:3280} INFO - 0 downstream tasks scheduled from follow-on schedule check
[2026-01-23T18:19:18.637+0000] {taskinstance.py:1956} INFO - Dependencies all met for dep_context=non-requeueable deps ti=<TaskInstance: ml_pipeline.wait_for_etl manual__2026-01-23T18:17:46.584008+00:00 [queued]>
[2026-01-23T18:19:18.650+0000] {taskinstance.py:1956} INFO - Dependencies all met for dep_context=requeueable deps ti=<TaskInstance: ml_pipeline.wait_for_etl manual__2026-01-23T18:17:46.584008+00:00 [queued]>
[2026-01-23T18:19:18.651+0000] {taskinstance.py:2170} INFO - Starting attempt 1 of 2
[2026-01-23T18:19:18.668+0000] {taskinstance.py:2191} INFO - Executing <Task(ExternalTaskSensor): wait_for_etl> on 2026-01-23 18:17:46.584008+00:00
[2026-01-23T18:19:18.675+0000] {standard_task_runner.py:60} INFO - Started process 1998 to run task
[2026-01-23T18:19:18.679+0000] {standard_task_runner.py:87} INFO - Running: ['***', 'tasks', 'run', 'ml_pipeline', 'wait_for_etl', 'manual__2026-01-23T18:17:46.584008+00:00', '--job-id', '125', '--raw', '--subdir', 'DAGS_FOLDER/ml_pipeline.py', '--cfg-path', '/tmp/tmpxfgzcs7v']
[2026-01-23T18:19:18.682+0000] {standard_task_runner.py:88} INFO - Job 125: Subtask wait_for_etl
[2026-01-23T18:19:18.749+0000] {task_command.py:423} INFO - Running <TaskInstance: ml_pipeline.wait_for_etl manual__2026-01-23T18:17:46.584008+00:00 [running]> on host f2c086da0204
[2026-01-23T18:19:18.855+0000] {taskinstance.py:2480} INFO - Exporting env vars: AIRFLOW_CTX_DAG_OWNER='***' AIRFLOW_CTX_DAG_ID='ml_pipeline' AIRFLOW_CTX_TASK_ID='wait_for_etl' AIRFLOW_CTX_EXECUTION_DATE='2026-01-23T18:17:46.584008+00:00' AIRFLOW_CTX_TRY_NUMBER='1' AIRFLOW_CTX_DAG_RUN_ID='manual__2026-01-23T18:17:46.584008+00:00'
[2026-01-23T18:19:18.867+0000] {external_task.py:244} INFO - Poking for tasks ['save_silver_postgres'] in dag ETL_TASKFLOW on 2026-01-23T18:02:46.584008+00:00 ... 
[2026-01-23T18:19:18.902+0000] {taskinstance.py:2658} INFO - Rescheduling task, marking task as UP_FOR_RESCHEDULE
[2026-01-23T18:19:18.941+0000] {local_task_job_runner.py:234} INFO - Task exited with return code 0
[2026-01-23T18:19:18.997+0000] {taskinstance.py:3280} INFO - 0 downstream tasks scheduled from follow-on schedule check
[2026-01-23T18:20:02.603+0000] {taskinstance.py:1956} INFO - Dependencies all met for dep_context=non-requeueable deps ti=<TaskInstance: ml_pipeline.wait_for_etl manual__2026-01-23T18:17:46.584008+00:00 [queued]>
[2026-01-23T18:20:02.615+0000] {taskinstance.py:1956} INFO - Dependencies all met for dep_context=requeueable deps ti=<TaskInstance: ml_pipeline.wait_for_etl manual__2026-01-23T18:17:46.584008+00:00 [queued]>
[2026-01-23T18:20:02.616+0000] {taskinstance.py:2170} INFO - Starting attempt 1 of 2
[2026-01-23T18:20:02.633+0000] {taskinstance.py:2191} INFO - Executing <Task(ExternalTaskSensor): wait_for_etl> on 2026-01-23 18:17:46.584008+00:00
[2026-01-23T18:20:02.641+0000] {standard_task_runner.py:60} INFO - Started process 2186 to run task
[2026-01-23T18:20:02.647+0000] {standard_task_runner.py:87} INFO - Running: ['***', 'tasks', 'run', 'ml_pipeline', 'wait_for_etl', 'manual__2026-01-23T18:17:46.584008+00:00', '--job-id', '130', '--raw', '--subdir', 'DAGS_FOLDER/ml_pipeline.py', '--cfg-path', '/tmp/tmpp4u0i961']
[2026-01-23T18:20:02.650+0000] {standard_task_runner.py:88} INFO - Job 130: Subtask wait_for_etl
[2026-01-23T18:20:02.709+0000] {task_command.py:423} INFO - Running <TaskInstance: ml_pipeline.wait_for_etl manual__2026-01-23T18:17:46.584008+00:00 [running]> on host f2c086da0204
[2026-01-23T18:20:02.826+0000] {taskinstance.py:2480} INFO - Exporting env vars: AIRFLOW_CTX_DAG_OWNER='***' AIRFLOW_CTX_DAG_ID='ml_pipeline' AIRFLOW_CTX_TASK_ID='wait_for_etl' AIRFLOW_CTX_EXECUTION_DATE='2026-01-23T18:17:46.584008+00:00' AIRFLOW_CTX_TRY_NUMBER='1' AIRFLOW_CTX_DAG_RUN_ID='manual__2026-01-23T18:17:46.584008+00:00'
[2026-01-23T18:20:02.843+0000] {external_task.py:244} INFO - Poking for tasks ['save_silver_postgres'] in dag ETL_TASKFLOW on 2026-01-23T18:02:46.584008+00:00 ... 
[2026-01-23T18:20:02.910+0000] {taskinstance.py:2658} INFO - Rescheduling task, marking task as UP_FOR_RESCHEDULE
[2026-01-23T18:20:02.948+0000] {local_task_job_runner.py:234} INFO - Task exited with return code 0
[2026-01-23T18:20:03.009+0000] {taskinstance.py:3280} INFO - 0 downstream tasks scheduled from follow-on schedule check
[2026-01-23T18:20:37.968+0000] {taskinstance.py:1956} INFO - Dependencies all met for dep_context=non-requeueable deps ti=<TaskInstance: ml_pipeline.wait_for_etl manual__2026-01-23T18:17:46.584008+00:00 [queued]>
[2026-01-23T18:20:37.979+0000] {taskinstance.py:1956} INFO - Dependencies all met for dep_context=requeueable deps ti=<TaskInstance: ml_pipeline.wait_for_etl manual__2026-01-23T18:17:46.584008+00:00 [queued]>
[2026-01-23T18:20:37.980+0000] {taskinstance.py:2170} INFO - Starting attempt 1 of 2
[2026-01-23T18:20:37.995+0000] {taskinstance.py:2191} INFO - Executing <Task(ExternalTaskSensor): wait_for_etl> on 2026-01-23 18:17:46.584008+00:00
[2026-01-23T18:20:38.003+0000] {standard_task_runner.py:60} INFO - Started process 2389 to run task
[2026-01-23T18:20:38.007+0000] {standard_task_runner.py:87} INFO - Running: ['***', 'tasks', 'run', 'ml_pipeline', 'wait_for_etl', 'manual__2026-01-23T18:17:46.584008+00:00', '--job-id', '135', '--raw', '--subdir', 'DAGS_FOLDER/ml_pipeline.py', '--cfg-path', '/tmp/tmppe1qlrgc']
[2026-01-23T18:20:38.009+0000] {standard_task_runner.py:88} INFO - Job 135: Subtask wait_for_etl
[2026-01-23T18:20:38.071+0000] {task_command.py:423} INFO - Running <TaskInstance: ml_pipeline.wait_for_etl manual__2026-01-23T18:17:46.584008+00:00 [running]> on host f2c086da0204
[2026-01-23T18:20:38.170+0000] {taskinstance.py:2480} INFO - Exporting env vars: AIRFLOW_CTX_DAG_OWNER='***' AIRFLOW_CTX_DAG_ID='ml_pipeline' AIRFLOW_CTX_TASK_ID='wait_for_etl' AIRFLOW_CTX_EXECUTION_DATE='2026-01-23T18:17:46.584008+00:00' AIRFLOW_CTX_TRY_NUMBER='1' AIRFLOW_CTX_DAG_RUN_ID='manual__2026-01-23T18:17:46.584008+00:00'
[2026-01-23T18:20:38.182+0000] {external_task.py:244} INFO - Poking for tasks ['save_silver_postgres'] in dag ETL_TASKFLOW on 2026-01-23T18:02:46.584008+00:00 ... 
[2026-01-23T18:20:38.220+0000] {taskinstance.py:2658} INFO - Rescheduling task, marking task as UP_FOR_RESCHEDULE
[2026-01-23T18:20:38.269+0000] {local_task_job_runner.py:234} INFO - Task exited with return code 0
[2026-01-23T18:20:38.325+0000] {taskinstance.py:3280} INFO - 0 downstream tasks scheduled from follow-on schedule check
[2026-01-23T18:21:13.194+0000] {taskinstance.py:1956} INFO - Dependencies all met for dep_context=non-requeueable deps ti=<TaskInstance: ml_pipeline.wait_for_etl manual__2026-01-23T18:17:46.584008+00:00 [queued]>
[2026-01-23T18:21:13.206+0000] {taskinstance.py:1956} INFO - Dependencies all met for dep_context=requeueable deps ti=<TaskInstance: ml_pipeline.wait_for_etl manual__2026-01-23T18:17:46.584008+00:00 [queued]>
[2026-01-23T18:21:13.207+0000] {taskinstance.py:2170} INFO - Starting attempt 1 of 2
[2026-01-23T18:21:13.223+0000] {taskinstance.py:2191} INFO - Executing <Task(ExternalTaskSensor): wait_for_etl> on 2026-01-23 18:17:46.584008+00:00
[2026-01-23T18:21:13.230+0000] {standard_task_runner.py:60} INFO - Started process 2576 to run task
[2026-01-23T18:21:13.237+0000] {standard_task_runner.py:87} INFO - Running: ['***', 'tasks', 'run', 'ml_pipeline', 'wait_for_etl', 'manual__2026-01-23T18:17:46.584008+00:00', '--job-id', '140', '--raw', '--subdir', 'DAGS_FOLDER/ml_pipeline.py', '--cfg-path', '/tmp/tmpb1u21rbo']
[2026-01-23T18:21:13.242+0000] {standard_task_runner.py:88} INFO - Job 140: Subtask wait_for_etl
[2026-01-23T18:21:13.306+0000] {task_command.py:423} INFO - Running <TaskInstance: ml_pipeline.wait_for_etl manual__2026-01-23T18:17:46.584008+00:00 [running]> on host f2c086da0204
[2026-01-23T18:21:13.405+0000] {taskinstance.py:2480} INFO - Exporting env vars: AIRFLOW_CTX_DAG_OWNER='***' AIRFLOW_CTX_DAG_ID='ml_pipeline' AIRFLOW_CTX_TASK_ID='wait_for_etl' AIRFLOW_CTX_EXECUTION_DATE='2026-01-23T18:17:46.584008+00:00' AIRFLOW_CTX_TRY_NUMBER='1' AIRFLOW_CTX_DAG_RUN_ID='manual__2026-01-23T18:17:46.584008+00:00'
[2026-01-23T18:21:13.420+0000] {external_task.py:244} INFO - Poking for tasks ['save_silver_postgres'] in dag ETL_TASKFLOW on 2026-01-23T18:02:46.584008+00:00 ... 
[2026-01-23T18:21:13.483+0000] {taskinstance.py:2658} INFO - Rescheduling task, marking task as UP_FOR_RESCHEDULE
[2026-01-23T18:21:13.537+0000] {local_task_job_runner.py:234} INFO - Task exited with return code 0
[2026-01-23T18:21:13.574+0000] {taskinstance.py:3280} INFO - 0 downstream tasks scheduled from follow-on schedule check
[2026-01-23T18:21:48.698+0000] {taskinstance.py:1956} INFO - Dependencies all met for dep_context=non-requeueable deps ti=<TaskInstance: ml_pipeline.wait_for_etl manual__2026-01-23T18:17:46.584008+00:00 [queued]>
[2026-01-23T18:21:48.710+0000] {taskinstance.py:1956} INFO - Dependencies all met for dep_context=requeueable deps ti=<TaskInstance: ml_pipeline.wait_for_etl manual__2026-01-23T18:17:46.584008+00:00 [queued]>
[2026-01-23T18:21:48.710+0000] {taskinstance.py:2170} INFO - Starting attempt 1 of 2
[2026-01-23T18:21:48.726+0000] {taskinstance.py:2191} INFO - Executing <Task(ExternalTaskSensor): wait_for_etl> on 2026-01-23 18:17:46.584008+00:00
[2026-01-23T18:21:48.733+0000] {standard_task_runner.py:60} INFO - Started process 2763 to run task
[2026-01-23T18:21:48.737+0000] {standard_task_runner.py:87} INFO - Running: ['***', 'tasks', 'run', 'ml_pipeline', 'wait_for_etl', 'manual__2026-01-23T18:17:46.584008+00:00', '--job-id', '145', '--raw', '--subdir', 'DAGS_FOLDER/ml_pipeline.py', '--cfg-path', '/tmp/tmpyqiiz1rd']
[2026-01-23T18:21:48.740+0000] {standard_task_runner.py:88} INFO - Job 145: Subtask wait_for_etl
[2026-01-23T18:21:48.806+0000] {task_command.py:423} INFO - Running <TaskInstance: ml_pipeline.wait_for_etl manual__2026-01-23T18:17:46.584008+00:00 [running]> on host f2c086da0204
[2026-01-23T18:21:48.914+0000] {taskinstance.py:2480} INFO - Exporting env vars: AIRFLOW_CTX_DAG_OWNER='***' AIRFLOW_CTX_DAG_ID='ml_pipeline' AIRFLOW_CTX_TASK_ID='wait_for_etl' AIRFLOW_CTX_EXECUTION_DATE='2026-01-23T18:17:46.584008+00:00' AIRFLOW_CTX_TRY_NUMBER='1' AIRFLOW_CTX_DAG_RUN_ID='manual__2026-01-23T18:17:46.584008+00:00'
[2026-01-23T18:21:48.929+0000] {external_task.py:244} INFO - Poking for tasks ['save_silver_postgres'] in dag ETL_TASKFLOW on 2026-01-23T18:02:46.584008+00:00 ... 
[2026-01-23T18:21:48.979+0000] {taskinstance.py:2658} INFO - Rescheduling task, marking task as UP_FOR_RESCHEDULE
[2026-01-23T18:21:49.000+0000] {local_task_job_runner.py:234} INFO - Task exited with return code 0
[2026-01-23T18:21:49.032+0000] {taskinstance.py:3280} INFO - 0 downstream tasks scheduled from follow-on schedule check
[2026-01-23T18:22:24.424+0000] {taskinstance.py:1956} INFO - Dependencies all met for dep_context=non-requeueable deps ti=<TaskInstance: ml_pipeline.wait_for_etl manual__2026-01-23T18:17:46.584008+00:00 [queued]>
[2026-01-23T18:22:24.435+0000] {taskinstance.py:1956} INFO - Dependencies all met for dep_context=requeueable deps ti=<TaskInstance: ml_pipeline.wait_for_etl manual__2026-01-23T18:17:46.584008+00:00 [queued]>
[2026-01-23T18:22:24.436+0000] {taskinstance.py:2170} INFO - Starting attempt 1 of 2
[2026-01-23T18:22:24.452+0000] {taskinstance.py:2191} INFO - Executing <Task(ExternalTaskSensor): wait_for_etl> on 2026-01-23 18:17:46.584008+00:00
[2026-01-23T18:22:24.458+0000] {standard_task_runner.py:60} INFO - Started process 2950 to run task
[2026-01-23T18:22:24.463+0000] {standard_task_runner.py:87} INFO - Running: ['***', 'tasks', 'run', 'ml_pipeline', 'wait_for_etl', 'manual__2026-01-23T18:17:46.584008+00:00', '--job-id', '150', '--raw', '--subdir', 'DAGS_FOLDER/ml_pipeline.py', '--cfg-path', '/tmp/tmpx0lyu8pr']
[2026-01-23T18:22:24.467+0000] {standard_task_runner.py:88} INFO - Job 150: Subtask wait_for_etl
[2026-01-23T18:22:24.519+0000] {task_command.py:423} INFO - Running <TaskInstance: ml_pipeline.wait_for_etl manual__2026-01-23T18:17:46.584008+00:00 [running]> on host f2c086da0204
[2026-01-23T18:22:24.607+0000] {taskinstance.py:2480} INFO - Exporting env vars: AIRFLOW_CTX_DAG_OWNER='***' AIRFLOW_CTX_DAG_ID='ml_pipeline' AIRFLOW_CTX_TASK_ID='wait_for_etl' AIRFLOW_CTX_EXECUTION_DATE='2026-01-23T18:17:46.584008+00:00' AIRFLOW_CTX_TRY_NUMBER='1' AIRFLOW_CTX_DAG_RUN_ID='manual__2026-01-23T18:17:46.584008+00:00'
[2026-01-23T18:22:24.622+0000] {external_task.py:244} INFO - Poking for tasks ['save_silver_postgres'] in dag ETL_TASKFLOW on 2026-01-23T18:02:46.584008+00:00 ... 
[2026-01-23T18:22:24.667+0000] {taskinstance.py:2658} INFO - Rescheduling task, marking task as UP_FOR_RESCHEDULE
[2026-01-23T18:22:24.683+0000] {local_task_job_runner.py:234} INFO - Task exited with return code 0
[2026-01-23T18:22:24.726+0000] {taskinstance.py:3280} INFO - 0 downstream tasks scheduled from follow-on schedule check
[2026-01-23T18:23:00.503+0000] {taskinstance.py:1956} INFO - Dependencies all met for dep_context=non-requeueable deps ti=<TaskInstance: ml_pipeline.wait_for_etl manual__2026-01-23T18:17:46.584008+00:00 [queued]>
[2026-01-23T18:23:00.514+0000] {taskinstance.py:1956} INFO - Dependencies all met for dep_context=requeueable deps ti=<TaskInstance: ml_pipeline.wait_for_etl manual__2026-01-23T18:17:46.584008+00:00 [queued]>
[2026-01-23T18:23:00.515+0000] {taskinstance.py:2170} INFO - Starting attempt 1 of 2
[2026-01-23T18:23:00.531+0000] {taskinstance.py:2191} INFO - Executing <Task(ExternalTaskSensor): wait_for_etl> on 2026-01-23 18:17:46.584008+00:00
[2026-01-23T18:23:00.538+0000] {standard_task_runner.py:60} INFO - Started process 3137 to run task
[2026-01-23T18:23:00.545+0000] {standard_task_runner.py:87} INFO - Running: ['***', 'tasks', 'run', 'ml_pipeline', 'wait_for_etl', 'manual__2026-01-23T18:17:46.584008+00:00', '--job-id', '155', '--raw', '--subdir', 'DAGS_FOLDER/ml_pipeline.py', '--cfg-path', '/tmp/tmp2v2w14tm']
[2026-01-23T18:23:00.550+0000] {standard_task_runner.py:88} INFO - Job 155: Subtask wait_for_etl
[2026-01-23T18:23:00.614+0000] {task_command.py:423} INFO - Running <TaskInstance: ml_pipeline.wait_for_etl manual__2026-01-23T18:17:46.584008+00:00 [running]> on host f2c086da0204
[2026-01-23T18:23:00.721+0000] {taskinstance.py:2480} INFO - Exporting env vars: AIRFLOW_CTX_DAG_OWNER='***' AIRFLOW_CTX_DAG_ID='ml_pipeline' AIRFLOW_CTX_TASK_ID='wait_for_etl' AIRFLOW_CTX_EXECUTION_DATE='2026-01-23T18:17:46.584008+00:00' AIRFLOW_CTX_TRY_NUMBER='1' AIRFLOW_CTX_DAG_RUN_ID='manual__2026-01-23T18:17:46.584008+00:00'
[2026-01-23T18:23:00.737+0000] {external_task.py:244} INFO - Poking for tasks ['save_silver_postgres'] in dag ETL_TASKFLOW on 2026-01-23T18:02:46.584008+00:00 ... 
[2026-01-23T18:23:00.795+0000] {taskinstance.py:2658} INFO - Rescheduling task, marking task as UP_FOR_RESCHEDULE
[2026-01-23T18:23:00.848+0000] {local_task_job_runner.py:234} INFO - Task exited with return code 0
[2026-01-23T18:23:00.906+0000] {taskinstance.py:3280} INFO - 0 downstream tasks scheduled from follow-on schedule check
[2026-01-23T18:23:33.865+0000] {taskinstance.py:1956} INFO - Dependencies all met for dep_context=non-requeueable deps ti=<TaskInstance: ml_pipeline.wait_for_etl manual__2026-01-23T18:17:46.584008+00:00 [queued]>
[2026-01-23T18:23:33.879+0000] {taskinstance.py:1956} INFO - Dependencies all met for dep_context=requeueable deps ti=<TaskInstance: ml_pipeline.wait_for_etl manual__2026-01-23T18:17:46.584008+00:00 [queued]>
[2026-01-23T18:23:33.880+0000] {taskinstance.py:2170} INFO - Starting attempt 1 of 2
[2026-01-23T18:23:33.898+0000] {taskinstance.py:2191} INFO - Executing <Task(ExternalTaskSensor): wait_for_etl> on 2026-01-23 18:17:46.584008+00:00
[2026-01-23T18:23:33.905+0000] {standard_task_runner.py:60} INFO - Started process 3324 to run task
[2026-01-23T18:23:33.910+0000] {standard_task_runner.py:87} INFO - Running: ['***', 'tasks', 'run', 'ml_pipeline', 'wait_for_etl', 'manual__2026-01-23T18:17:46.584008+00:00', '--job-id', '160', '--raw', '--subdir', 'DAGS_FOLDER/ml_pipeline.py', '--cfg-path', '/tmp/tmpc3fiodc2']
[2026-01-23T18:23:33.914+0000] {standard_task_runner.py:88} INFO - Job 160: Subtask wait_for_etl
[2026-01-23T18:23:33.984+0000] {task_command.py:423} INFO - Running <TaskInstance: ml_pipeline.wait_for_etl manual__2026-01-23T18:17:46.584008+00:00 [running]> on host f2c086da0204
[2026-01-23T18:23:34.117+0000] {taskinstance.py:2480} INFO - Exporting env vars: AIRFLOW_CTX_DAG_OWNER='***' AIRFLOW_CTX_DAG_ID='ml_pipeline' AIRFLOW_CTX_TASK_ID='wait_for_etl' AIRFLOW_CTX_EXECUTION_DATE='2026-01-23T18:17:46.584008+00:00' AIRFLOW_CTX_TRY_NUMBER='1' AIRFLOW_CTX_DAG_RUN_ID='manual__2026-01-23T18:17:46.584008+00:00'
[2026-01-23T18:23:34.136+0000] {external_task.py:244} INFO - Poking for tasks ['save_silver_postgres'] in dag ETL_TASKFLOW on 2026-01-23T18:02:46.584008+00:00 ... 
[2026-01-23T18:23:34.205+0000] {taskinstance.py:2658} INFO - Rescheduling task, marking task as UP_FOR_RESCHEDULE
[2026-01-23T18:23:34.252+0000] {local_task_job_runner.py:234} INFO - Task exited with return code 0
[2026-01-23T18:23:34.281+0000] {taskinstance.py:3280} INFO - 0 downstream tasks scheduled from follow-on schedule check
[2026-01-23T18:25:58.617+0000] {taskinstance.py:1956} INFO - Dependencies all met for dep_context=non-requeueable deps ti=<TaskInstance: ml_pipeline.wait_for_etl manual__2026-01-23T18:17:46.584008+00:00 [queued]>
[2026-01-23T18:25:58.629+0000] {taskinstance.py:1956} INFO - Dependencies all met for dep_context=requeueable deps ti=<TaskInstance: ml_pipeline.wait_for_etl manual__2026-01-23T18:17:46.584008+00:00 [queued]>
[2026-01-23T18:25:58.630+0000] {taskinstance.py:2170} INFO - Starting attempt 1 of 2
[2026-01-23T18:25:58.645+0000] {taskinstance.py:2191} INFO - Executing <Task(ExternalTaskSensor): wait_for_etl> on 2026-01-23 18:17:46.584008+00:00
[2026-01-23T18:25:58.653+0000] {standard_task_runner.py:60} INFO - Started process 295 to run task
[2026-01-23T18:25:58.658+0000] {standard_task_runner.py:87} INFO - Running: ['***', 'tasks', 'run', 'ml_pipeline', 'wait_for_etl', 'manual__2026-01-23T18:17:46.584008+00:00', '--job-id', '170', '--raw', '--subdir', 'DAGS_FOLDER/ml_pipeline.py', '--cfg-path', '/tmp/tmpiwqjnj_8']
[2026-01-23T18:25:58.660+0000] {standard_task_runner.py:88} INFO - Job 170: Subtask wait_for_etl
[2026-01-23T18:25:58.726+0000] {task_command.py:423} INFO - Running <TaskInstance: ml_pipeline.wait_for_etl manual__2026-01-23T18:17:46.584008+00:00 [running]> on host 29e73cfdca90
[2026-01-23T18:25:58.835+0000] {taskinstance.py:2480} INFO - Exporting env vars: AIRFLOW_CTX_DAG_OWNER='***' AIRFLOW_CTX_DAG_ID='ml_pipeline' AIRFLOW_CTX_TASK_ID='wait_for_etl' AIRFLOW_CTX_EXECUTION_DATE='2026-01-23T18:17:46.584008+00:00' AIRFLOW_CTX_TRY_NUMBER='1' AIRFLOW_CTX_DAG_RUN_ID='manual__2026-01-23T18:17:46.584008+00:00'
[2026-01-23T18:25:58.849+0000] {external_task.py:244} INFO - Poking for tasks ['save_silver_postgres'] in dag ETL_TASKFLOW on 2026-01-23T18:02:46.584008+00:00 ... 
[2026-01-23T18:25:58.901+0000] {taskinstance.py:2658} INFO - Rescheduling task, marking task as UP_FOR_RESCHEDULE
[2026-01-23T18:25:58.920+0000] {local_task_job_runner.py:234} INFO - Task exited with return code 0
[2026-01-23T18:25:58.958+0000] {taskinstance.py:3280} INFO - 0 downstream tasks scheduled from follow-on schedule check
[2026-01-23T18:26:34.374+0000] {taskinstance.py:1956} INFO - Dependencies all met for dep_context=non-requeueable deps ti=<TaskInstance: ml_pipeline.wait_for_etl manual__2026-01-23T18:17:46.584008+00:00 [queued]>
[2026-01-23T18:26:34.384+0000] {taskinstance.py:1956} INFO - Dependencies all met for dep_context=requeueable deps ti=<TaskInstance: ml_pipeline.wait_for_etl manual__2026-01-23T18:17:46.584008+00:00 [queued]>
[2026-01-23T18:26:34.385+0000] {taskinstance.py:2170} INFO - Starting attempt 1 of 2
[2026-01-23T18:26:34.400+0000] {taskinstance.py:2191} INFO - Executing <Task(ExternalTaskSensor): wait_for_etl> on 2026-01-23 18:17:46.584008+00:00
[2026-01-23T18:26:34.407+0000] {standard_task_runner.py:60} INFO - Started process 483 to run task
[2026-01-23T18:26:34.411+0000] {standard_task_runner.py:87} INFO - Running: ['***', 'tasks', 'run', 'ml_pipeline', 'wait_for_etl', 'manual__2026-01-23T18:17:46.584008+00:00', '--job-id', '175', '--raw', '--subdir', 'DAGS_FOLDER/ml_pipeline.py', '--cfg-path', '/tmp/tmpedsfrtiw']
[2026-01-23T18:26:34.414+0000] {standard_task_runner.py:88} INFO - Job 175: Subtask wait_for_etl
[2026-01-23T18:26:34.477+0000] {task_command.py:423} INFO - Running <TaskInstance: ml_pipeline.wait_for_etl manual__2026-01-23T18:17:46.584008+00:00 [running]> on host 29e73cfdca90
[2026-01-23T18:26:34.578+0000] {taskinstance.py:2480} INFO - Exporting env vars: AIRFLOW_CTX_DAG_OWNER='***' AIRFLOW_CTX_DAG_ID='ml_pipeline' AIRFLOW_CTX_TASK_ID='wait_for_etl' AIRFLOW_CTX_EXECUTION_DATE='2026-01-23T18:17:46.584008+00:00' AIRFLOW_CTX_TRY_NUMBER='1' AIRFLOW_CTX_DAG_RUN_ID='manual__2026-01-23T18:17:46.584008+00:00'
[2026-01-23T18:26:34.593+0000] {external_task.py:244} INFO - Poking for tasks ['save_silver_postgres'] in dag ETL_TASKFLOW on 2026-01-23T18:02:46.584008+00:00 ... 
[2026-01-23T18:26:34.657+0000] {taskinstance.py:2658} INFO - Rescheduling task, marking task as UP_FOR_RESCHEDULE
[2026-01-23T18:26:34.671+0000] {local_task_job_runner.py:234} INFO - Task exited with return code 0
[2026-01-23T18:26:34.707+0000] {taskinstance.py:3280} INFO - 0 downstream tasks scheduled from follow-on schedule check
[2026-01-23T18:27:10.577+0000] {taskinstance.py:1956} INFO - Dependencies all met for dep_context=non-requeueable deps ti=<TaskInstance: ml_pipeline.wait_for_etl manual__2026-01-23T18:17:46.584008+00:00 [queued]>
[2026-01-23T18:27:10.597+0000] {taskinstance.py:1956} INFO - Dependencies all met for dep_context=requeueable deps ti=<TaskInstance: ml_pipeline.wait_for_etl manual__2026-01-23T18:17:46.584008+00:00 [queued]>
[2026-01-23T18:27:10.599+0000] {taskinstance.py:2170} INFO - Starting attempt 1 of 2
[2026-01-23T18:27:10.625+0000] {taskinstance.py:2191} INFO - Executing <Task(ExternalTaskSensor): wait_for_etl> on 2026-01-23 18:17:46.584008+00:00
[2026-01-23T18:27:10.660+0000] {standard_task_runner.py:60} INFO - Started process 687 to run task
[2026-01-23T18:27:10.664+0000] {standard_task_runner.py:87} INFO - Running: ['***', 'tasks', 'run', 'ml_pipeline', 'wait_for_etl', 'manual__2026-01-23T18:17:46.584008+00:00', '--job-id', '180', '--raw', '--subdir', 'DAGS_FOLDER/ml_pipeline.py', '--cfg-path', '/tmp/tmp61fv4475']
[2026-01-23T18:27:10.667+0000] {standard_task_runner.py:88} INFO - Job 180: Subtask wait_for_etl
[2026-01-23T18:27:10.772+0000] {task_command.py:423} INFO - Running <TaskInstance: ml_pipeline.wait_for_etl manual__2026-01-23T18:17:46.584008+00:00 [running]> on host 29e73cfdca90
[2026-01-23T18:27:10.955+0000] {taskinstance.py:2480} INFO - Exporting env vars: AIRFLOW_CTX_DAG_OWNER='***' AIRFLOW_CTX_DAG_ID='ml_pipeline' AIRFLOW_CTX_TASK_ID='wait_for_etl' AIRFLOW_CTX_EXECUTION_DATE='2026-01-23T18:17:46.584008+00:00' AIRFLOW_CTX_TRY_NUMBER='1' AIRFLOW_CTX_DAG_RUN_ID='manual__2026-01-23T18:17:46.584008+00:00'
[2026-01-23T18:27:10.971+0000] {external_task.py:244} INFO - Poking for tasks ['save_silver_postgres'] in dag ETL_TASKFLOW on 2026-01-23T18:02:46.584008+00:00 ... 
[2026-01-23T18:27:11.025+0000] {taskinstance.py:2658} INFO - Rescheduling task, marking task as UP_FOR_RESCHEDULE
[2026-01-23T18:27:11.048+0000] {local_task_job_runner.py:234} INFO - Task exited with return code 0
[2026-01-23T18:27:11.098+0000] {taskinstance.py:3280} INFO - 0 downstream tasks scheduled from follow-on schedule check
[2026-01-23T18:27:45.731+0000] {taskinstance.py:1946} INFO - Dependencies not met for <TaskInstance: ml_pipeline.wait_for_etl manual__2026-01-23T18:17:46.584008+00:00 [success]>, dependency 'Task Instance State' FAILED: Task is in the 'success' state.
[2026-01-23T18:27:45.746+0000] {local_task_job_runner.py:160} INFO - Task is not able to be run
