[2026-01-23T15:37:05.964+0000] {taskinstance.py:1956} INFO - Dependencies all met for dep_context=non-requeueable deps ti=<TaskInstance: ml_pipeline.wait_for_etl scheduled__2026-01-23T15:15:00+00:00 [queued]>
[2026-01-23T15:37:05.976+0000] {taskinstance.py:1956} INFO - Dependencies all met for dep_context=requeueable deps ti=<TaskInstance: ml_pipeline.wait_for_etl scheduled__2026-01-23T15:15:00+00:00 [queued]>
[2026-01-23T15:37:05.976+0000] {taskinstance.py:2170} INFO - Starting attempt 1 of 2
[2026-01-23T15:37:05.997+0000] {taskinstance.py:2191} INFO - Executing <Task(ExternalTaskSensor): wait_for_etl> on 2026-01-23 15:15:00+00:00
[2026-01-23T15:37:06.006+0000] {standard_task_runner.py:60} INFO - Started process 11076 to run task
[2026-01-23T15:37:06.011+0000] {standard_task_runner.py:87} INFO - Running: ['***', 'tasks', 'run', 'ml_pipeline', 'wait_for_etl', 'scheduled__2026-01-23T15:15:00+00:00', '--job-id', '35', '--raw', '--subdir', 'DAGS_FOLDER/ml_pipeline.py', '--cfg-path', '/tmp/tmp3rfrnqke']
[2026-01-23T15:37:06.014+0000] {standard_task_runner.py:88} INFO - Job 35: Subtask wait_for_etl
[2026-01-23T15:37:06.086+0000] {task_command.py:423} INFO - Running <TaskInstance: ml_pipeline.wait_for_etl scheduled__2026-01-23T15:15:00+00:00 [running]> on host d6104de25333
[2026-01-23T15:37:06.182+0000] {taskinstance.py:2480} INFO - Exporting env vars: AIRFLOW_CTX_DAG_OWNER='***' AIRFLOW_CTX_DAG_ID='ml_pipeline' AIRFLOW_CTX_TASK_ID='wait_for_etl' AIRFLOW_CTX_EXECUTION_DATE='2026-01-23T15:15:00+00:00' AIRFLOW_CTX_TRY_NUMBER='1' AIRFLOW_CTX_DAG_RUN_ID='scheduled__2026-01-23T15:15:00+00:00'
[2026-01-23T15:37:06.185+0000] {external_task.py:244} INFO - Poking for tasks ['save_silver_postgres'] in dag ETL_TASKFLOW on 2026-01-23T15:15:00+00:00 ... 
[2026-01-23T15:38:06.214+0000] {external_task.py:244} INFO - Poking for tasks ['save_silver_postgres'] in dag ETL_TASKFLOW on 2026-01-23T15:15:00+00:00 ... 
[2026-01-23T15:39:06.240+0000] {external_task.py:244} INFO - Poking for tasks ['save_silver_postgres'] in dag ETL_TASKFLOW on 2026-01-23T15:15:00+00:00 ... 
[2026-01-23T15:40:06.335+0000] {external_task.py:244} INFO - Poking for tasks ['save_silver_postgres'] in dag ETL_TASKFLOW on 2026-01-23T15:15:00+00:00 ... 
[2026-01-23T15:41:06.406+0000] {external_task.py:244} INFO - Poking for tasks ['save_silver_postgres'] in dag ETL_TASKFLOW on 2026-01-23T15:15:00+00:00 ... 
[2026-01-23T15:42:06.434+0000] {external_task.py:244} INFO - Poking for tasks ['save_silver_postgres'] in dag ETL_TASKFLOW on 2026-01-23T15:15:00+00:00 ... 
[2026-01-23T15:43:06.466+0000] {external_task.py:244} INFO - Poking for tasks ['save_silver_postgres'] in dag ETL_TASKFLOW on 2026-01-23T15:15:00+00:00 ... 
[2026-01-23T15:44:06.495+0000] {external_task.py:244} INFO - Poking for tasks ['save_silver_postgres'] in dag ETL_TASKFLOW on 2026-01-23T15:15:00+00:00 ... 
[2026-01-23T15:45:06.536+0000] {external_task.py:244} INFO - Poking for tasks ['save_silver_postgres'] in dag ETL_TASKFLOW on 2026-01-23T15:15:00+00:00 ... 
[2026-01-23T15:46:06.593+0000] {external_task.py:244} INFO - Poking for tasks ['save_silver_postgres'] in dag ETL_TASKFLOW on 2026-01-23T15:15:00+00:00 ... 
[2026-01-23T15:47:06.651+0000] {external_task.py:244} INFO - Poking for tasks ['save_silver_postgres'] in dag ETL_TASKFLOW on 2026-01-23T15:15:00+00:00 ... 
[2026-01-23T15:48:06.681+0000] {external_task.py:244} INFO - Poking for tasks ['save_silver_postgres'] in dag ETL_TASKFLOW on 2026-01-23T15:15:00+00:00 ... 
[2026-01-23T15:49:06.729+0000] {external_task.py:244} INFO - Poking for tasks ['save_silver_postgres'] in dag ETL_TASKFLOW on 2026-01-23T15:15:00+00:00 ... 
[2026-01-23T15:50:06.782+0000] {external_task.py:244} INFO - Poking for tasks ['save_silver_postgres'] in dag ETL_TASKFLOW on 2026-01-23T15:15:00+00:00 ... 
[2026-01-23T15:51:06.822+0000] {external_task.py:244} INFO - Poking for tasks ['save_silver_postgres'] in dag ETL_TASKFLOW on 2026-01-23T15:15:00+00:00 ... 
[2026-01-23T15:52:06.843+0000] {external_task.py:244} INFO - Poking for tasks ['save_silver_postgres'] in dag ETL_TASKFLOW on 2026-01-23T15:15:00+00:00 ... 
[2026-01-23T15:52:06.862+0000] {taskinstance.py:2698} ERROR - Task failed with exception
Traceback (most recent call last):
  File "/home/airflow/.local/lib/python3.8/site-packages/airflow/models/taskinstance.py", line 433, in _execute_task
    result = execute_callable(context=context, **execute_callable_kwargs)
  File "/home/airflow/.local/lib/python3.8/site-packages/airflow/sensors/external_task.py", line 334, in execute
    super().execute(context)
  File "/home/airflow/.local/lib/python3.8/site-packages/airflow/sensors/base.py", line 282, in execute
    raise AirflowSensorTimeout(message)
airflow.exceptions.AirflowSensorTimeout: Sensor has timed out; run duration of 900.6359952040002 seconds exceeds the specified timeout of 900.0.
[2026-01-23T15:52:06.880+0000] {taskinstance.py:1138} INFO - Immediate failure requested. Marking task as FAILED. dag_id=ml_pipeline, task_id=wait_for_etl, execution_date=20260123T151500, start_date=20260123T153705, end_date=20260123T155206
[2026-01-23T15:52:06.914+0000] {standard_task_runner.py:107} ERROR - Failed to execute job 35 for task wait_for_etl (Sensor has timed out; run duration of 900.6359952040002 seconds exceeds the specified timeout of 900.0.; 11076)
[2026-01-23T15:52:06.966+0000] {local_task_job_runner.py:234} INFO - Task exited with return code 1
[2026-01-23T15:52:07.027+0000] {taskinstance.py:3280} INFO - 0 downstream tasks scheduled from follow-on schedule check
