[2026-01-23T11:00:49.104+0000] {taskinstance.py:1956} INFO - Dependencies all met for dep_context=non-requeueable deps ti=<TaskInstance: ETL_TASKFLOW.save_silver_postgres scheduled__2026-01-23T10:45:00+00:00 [queued]>
[2026-01-23T11:00:49.115+0000] {taskinstance.py:1956} INFO - Dependencies all met for dep_context=requeueable deps ti=<TaskInstance: ETL_TASKFLOW.save_silver_postgres scheduled__2026-01-23T10:45:00+00:00 [queued]>
[2026-01-23T11:00:49.116+0000] {taskinstance.py:2170} INFO - Starting attempt 1 of 1
[2026-01-23T11:00:49.132+0000] {taskinstance.py:2191} INFO - Executing <Task(_PythonDecoratedOperator): save_silver_postgres> on 2026-01-23 10:45:00+00:00
[2026-01-23T11:00:49.139+0000] {standard_task_runner.py:60} INFO - Started process 4501 to run task
[2026-01-23T11:00:49.144+0000] {standard_task_runner.py:87} INFO - Running: ['***', 'tasks', 'run', 'ETL_TASKFLOW', 'save_silver_postgres', 'scheduled__2026-01-23T10:45:00+00:00', '--job-id', '14', '--raw', '--subdir', 'DAGS_FOLDER/ETL.py', '--cfg-path', '/tmp/tmpzhwi2_o3']
[2026-01-23T11:00:49.146+0000] {standard_task_runner.py:88} INFO - Job 14: Subtask save_silver_postgres
[2026-01-23T11:00:49.203+0000] {task_command.py:423} INFO - Running <TaskInstance: ETL_TASKFLOW.save_silver_postgres scheduled__2026-01-23T10:45:00+00:00 [running]> on host 0d0f1cb08391
[2026-01-23T11:00:49.302+0000] {taskinstance.py:2480} INFO - Exporting env vars: AIRFLOW_CTX_DAG_OWNER='***' AIRFLOW_CTX_DAG_ID='ETL_TASKFLOW' AIRFLOW_CTX_TASK_ID='save_silver_postgres' AIRFLOW_CTX_EXECUTION_DATE='2026-01-23T10:45:00+00:00' AIRFLOW_CTX_TRY_NUMBER='1' AIRFLOW_CTX_DAG_RUN_ID='scheduled__2026-01-23T10:45:00+00:00'
[2026-01-23T11:00:53.456+0000] {logging_mixin.py:188} INFO - jdbc:postgresql://postgres:5432/***
[2026-01-23T11:00:53.458+0000] {logging_mixin.py:188} INFO - {'user': '***', 'password': '***', 'driver': 'org.postgresql.Driver'}
[2026-01-23T11:00:59.088+0000] {python.py:201} INFO - Done. Returned value was: None
[2026-01-23T11:00:59.104+0000] {taskinstance.py:1138} INFO - Marking task as SUCCESS. dag_id=ETL_TASKFLOW, task_id=save_silver_postgres, execution_date=20260123T104500, start_date=20260123T110049, end_date=20260123T110059
[2026-01-23T11:00:59.162+0000] {local_task_job_runner.py:234} INFO - Task exited with return code 0
[2026-01-23T11:00:59.187+0000] {taskinstance.py:3280} INFO - 0 downstream tasks scheduled from follow-on schedule check
[2026-01-23T11:05:26.954+0000] {taskinstance.py:1956} INFO - Dependencies all met for dep_context=non-requeueable deps ti=<TaskInstance: ETL_TASKFLOW.save_silver_postgres scheduled__2026-01-23T10:45:00+00:00 [queued]>
[2026-01-23T11:05:26.965+0000] {taskinstance.py:1956} INFO - Dependencies all met for dep_context=requeueable deps ti=<TaskInstance: ETL_TASKFLOW.save_silver_postgres scheduled__2026-01-23T10:45:00+00:00 [queued]>
[2026-01-23T11:05:26.966+0000] {taskinstance.py:2170} INFO - Starting attempt 1 of 1
[2026-01-23T11:05:26.984+0000] {taskinstance.py:2191} INFO - Executing <Task(_PythonDecoratedOperator): save_silver_postgres> on 2026-01-23 10:45:00+00:00
[2026-01-23T11:05:26.990+0000] {standard_task_runner.py:60} INFO - Started process 1897 to run task
[2026-01-23T11:05:26.996+0000] {standard_task_runner.py:87} INFO - Running: ['***', 'tasks', 'run', 'ETL_TASKFLOW', 'save_silver_postgres', 'scheduled__2026-01-23T10:45:00+00:00', '--job-id', '6', '--raw', '--subdir', 'DAGS_FOLDER/ETL.py', '--cfg-path', '/tmp/tmpjc_oaifv']
[2026-01-23T11:05:27.001+0000] {standard_task_runner.py:88} INFO - Job 6: Subtask save_silver_postgres
[2026-01-23T11:05:27.062+0000] {task_command.py:423} INFO - Running <TaskInstance: ETL_TASKFLOW.save_silver_postgres scheduled__2026-01-23T10:45:00+00:00 [running]> on host 5d61504e82da
[2026-01-23T11:05:27.172+0000] {taskinstance.py:2480} INFO - Exporting env vars: AIRFLOW_CTX_DAG_OWNER='***' AIRFLOW_CTX_DAG_ID='ETL_TASKFLOW' AIRFLOW_CTX_TASK_ID='save_silver_postgres' AIRFLOW_CTX_EXECUTION_DATE='2026-01-23T10:45:00+00:00' AIRFLOW_CTX_TRY_NUMBER='1' AIRFLOW_CTX_DAG_RUN_ID='scheduled__2026-01-23T10:45:00+00:00'
[2026-01-23T11:05:31.491+0000] {logging_mixin.py:188} INFO - jdbc:postgresql://postgres:5432/***
[2026-01-23T11:05:31.492+0000] {logging_mixin.py:188} INFO - {'user': '***', 'password': '***', 'driver': 'org.postgresql.Driver'}
[2026-01-23T11:05:37.265+0000] {python.py:201} INFO - Done. Returned value was: None
[2026-01-23T11:05:37.282+0000] {taskinstance.py:1138} INFO - Marking task as SUCCESS. dag_id=ETL_TASKFLOW, task_id=save_silver_postgres, execution_date=20260123T104500, start_date=20260123T110526, end_date=20260123T110537
[2026-01-23T11:05:37.326+0000] {local_task_job_runner.py:234} INFO - Task exited with return code 0
[2026-01-23T11:05:37.357+0000] {taskinstance.py:3280} INFO - 0 downstream tasks scheduled from follow-on schedule check
[2026-01-23T11:16:26.690+0000] {taskinstance.py:1956} INFO - Dependencies all met for dep_context=non-requeueable deps ti=<TaskInstance: ETL_TASKFLOW.save_silver_postgres scheduled__2026-01-23T10:45:00+00:00 [queued]>
[2026-01-23T11:16:26.705+0000] {taskinstance.py:1956} INFO - Dependencies all met for dep_context=requeueable deps ti=<TaskInstance: ETL_TASKFLOW.save_silver_postgres scheduled__2026-01-23T10:45:00+00:00 [queued]>
[2026-01-23T11:16:26.706+0000] {taskinstance.py:2170} INFO - Starting attempt 1 of 1
[2026-01-23T11:16:26.728+0000] {taskinstance.py:2191} INFO - Executing <Task(_PythonDecoratedOperator): save_silver_postgres> on 2026-01-23 10:45:00+00:00
[2026-01-23T11:16:26.735+0000] {standard_task_runner.py:60} INFO - Started process 2598 to run task
[2026-01-23T11:16:26.743+0000] {standard_task_runner.py:87} INFO - Running: ['***', 'tasks', 'run', 'ETL_TASKFLOW', 'save_silver_postgres', 'scheduled__2026-01-23T10:45:00+00:00', '--job-id', '8', '--raw', '--subdir', 'DAGS_FOLDER/ETL.py', '--cfg-path', '/tmp/tmpuqfxls0n']
[2026-01-23T11:16:26.748+0000] {standard_task_runner.py:88} INFO - Job 8: Subtask save_silver_postgres
[2026-01-23T11:16:26.825+0000] {task_command.py:423} INFO - Running <TaskInstance: ETL_TASKFLOW.save_silver_postgres scheduled__2026-01-23T10:45:00+00:00 [running]> on host 0e061312f598
[2026-01-23T11:16:26.958+0000] {taskinstance.py:2480} INFO - Exporting env vars: AIRFLOW_CTX_DAG_OWNER='***' AIRFLOW_CTX_DAG_ID='ETL_TASKFLOW' AIRFLOW_CTX_TASK_ID='save_silver_postgres' AIRFLOW_CTX_EXECUTION_DATE='2026-01-23T10:45:00+00:00' AIRFLOW_CTX_TRY_NUMBER='1' AIRFLOW_CTX_DAG_RUN_ID='scheduled__2026-01-23T10:45:00+00:00'
[2026-01-23T11:16:32.476+0000] {logging_mixin.py:188} INFO - jdbc:postgresql://postgres:5432/***
[2026-01-23T11:16:32.477+0000] {logging_mixin.py:188} INFO - {'user': '***', 'password': '***', 'driver': 'org.postgresql.Driver'}
[2026-01-23T11:16:39.088+0000] {python.py:201} INFO - Done. Returned value was: None
[2026-01-23T11:16:39.111+0000] {taskinstance.py:1138} INFO - Marking task as SUCCESS. dag_id=ETL_TASKFLOW, task_id=save_silver_postgres, execution_date=20260123T104500, start_date=20260123T111626, end_date=20260123T111639
[2026-01-23T11:16:39.184+0000] {local_task_job_runner.py:234} INFO - Task exited with return code 0
[2026-01-23T11:16:39.222+0000] {taskinstance.py:3280} INFO - 0 downstream tasks scheduled from follow-on schedule check
