[2026-01-23T14:51:21.497+0000] {taskinstance.py:1956} INFO - Dependencies all met for dep_context=non-requeueable deps ti=<TaskInstance: ml_pipeline.wait_for_etl manual__2026-01-23T14:21:26.610437+00:00 [None]>
[2026-01-23T14:51:21.508+0000] {taskinstance.py:1956} INFO - Dependencies all met for dep_context=requeueable deps ti=<TaskInstance: ml_pipeline.wait_for_etl manual__2026-01-23T14:21:26.610437+00:00 [None]>
[2026-01-23T14:51:21.508+0000] {taskinstance.py:2170} INFO - Starting attempt 1 of 2
[2026-01-23T14:51:21.525+0000] {taskinstance.py:2191} INFO - Executing <Task(ExternalTaskSensor): wait_for_etl> on 2026-01-23 14:21:26.610437+00:00
[2026-01-23T14:51:21.532+0000] {standard_task_runner.py:60} INFO - Started process 8816 to run task
[2026-01-23T14:51:21.535+0000] {standard_task_runner.py:87} INFO - Running: ['***', 'tasks', 'run', 'ml_pipeline', 'wait_for_etl', 'manual__2026-01-23T14:21:26.610437+00:00', '--job-id', '30', '--raw', '--subdir', 'DAGS_FOLDER/ml_pipeline.py', '--cfg-path', '/tmp/tmpqv0mxupo']
[2026-01-23T14:51:21.538+0000] {standard_task_runner.py:88} INFO - Job 30: Subtask wait_for_etl
[2026-01-23T14:51:21.598+0000] {task_command.py:423} INFO - Running <TaskInstance: ml_pipeline.wait_for_etl manual__2026-01-23T14:21:26.610437+00:00 [running]> on host d6104de25333
[2026-01-23T14:51:21.695+0000] {taskinstance.py:2480} INFO - Exporting env vars: AIRFLOW_CTX_DAG_OWNER='***' AIRFLOW_CTX_DAG_ID='ml_pipeline' AIRFLOW_CTX_TASK_ID='wait_for_etl' AIRFLOW_CTX_EXECUTION_DATE='2026-01-23T14:21:26.610437+00:00' AIRFLOW_CTX_TRY_NUMBER='1' AIRFLOW_CTX_DAG_RUN_ID='manual__2026-01-23T14:21:26.610437+00:00'
[2026-01-23T14:51:21.696+0000] {external_task.py:244} INFO - Poking for tasks ['save_silver_postgres'] in dag ETL_TASKFLOW on 2026-01-23T14:21:26.610437+00:00 ... 
[2026-01-23T14:52:21.750+0000] {external_task.py:244} INFO - Poking for tasks ['save_silver_postgres'] in dag ETL_TASKFLOW on 2026-01-23T14:21:26.610437+00:00 ... 
[2026-01-23T14:53:21.812+0000] {external_task.py:244} INFO - Poking for tasks ['save_silver_postgres'] in dag ETL_TASKFLOW on 2026-01-23T14:21:26.610437+00:00 ... 
[2026-01-23T14:54:21.744+0000] {external_task.py:244} INFO - Poking for tasks ['save_silver_postgres'] in dag ETL_TASKFLOW on 2026-01-23T14:21:26.610437+00:00 ... 
[2026-01-23T14:55:21.791+0000] {external_task.py:244} INFO - Poking for tasks ['save_silver_postgres'] in dag ETL_TASKFLOW on 2026-01-23T14:21:26.610437+00:00 ... 
[2026-01-23T14:56:21.787+0000] {external_task.py:244} INFO - Poking for tasks ['save_silver_postgres'] in dag ETL_TASKFLOW on 2026-01-23T14:21:26.610437+00:00 ... 
[2026-01-23T14:57:21.771+0000] {external_task.py:244} INFO - Poking for tasks ['save_silver_postgres'] in dag ETL_TASKFLOW on 2026-01-23T14:21:26.610437+00:00 ... 
[2026-01-23T14:58:21.933+0000] {external_task.py:244} INFO - Poking for tasks ['save_silver_postgres'] in dag ETL_TASKFLOW on 2026-01-23T14:21:26.610437+00:00 ... 
[2026-01-23T14:59:21.984+0000] {external_task.py:244} INFO - Poking for tasks ['save_silver_postgres'] in dag ETL_TASKFLOW on 2026-01-23T14:21:26.610437+00:00 ... 
[2026-01-23T15:00:22.019+0000] {external_task.py:244} INFO - Poking for tasks ['save_silver_postgres'] in dag ETL_TASKFLOW on 2026-01-23T14:21:26.610437+00:00 ... 
[2026-01-23T15:01:22.030+0000] {external_task.py:244} INFO - Poking for tasks ['save_silver_postgres'] in dag ETL_TASKFLOW on 2026-01-23T14:21:26.610437+00:00 ... 
[2026-01-23T15:02:22.065+0000] {external_task.py:244} INFO - Poking for tasks ['save_silver_postgres'] in dag ETL_TASKFLOW on 2026-01-23T14:21:26.610437+00:00 ... 
[2026-01-23T15:03:22.118+0000] {external_task.py:244} INFO - Poking for tasks ['save_silver_postgres'] in dag ETL_TASKFLOW on 2026-01-23T14:21:26.610437+00:00 ... 
[2026-01-23T15:04:22.148+0000] {external_task.py:244} INFO - Poking for tasks ['save_silver_postgres'] in dag ETL_TASKFLOW on 2026-01-23T14:21:26.610437+00:00 ... 
[2026-01-23T15:05:22.164+0000] {external_task.py:244} INFO - Poking for tasks ['save_silver_postgres'] in dag ETL_TASKFLOW on 2026-01-23T14:21:26.610437+00:00 ... 
[2026-01-23T15:06:22.234+0000] {external_task.py:244} INFO - Poking for tasks ['save_silver_postgres'] in dag ETL_TASKFLOW on 2026-01-23T14:21:26.610437+00:00 ... 
[2026-01-23T15:06:22.252+0000] {taskinstance.py:2698} ERROR - Task failed with exception
Traceback (most recent call last):
  File "/home/airflow/.local/lib/python3.8/site-packages/airflow/models/taskinstance.py", line 433, in _execute_task
    result = execute_callable(context=context, **execute_callable_kwargs)
  File "/home/airflow/.local/lib/python3.8/site-packages/airflow/sensors/external_task.py", line 334, in execute
    super().execute(context)
  File "/home/airflow/.local/lib/python3.8/site-packages/airflow/sensors/base.py", line 282, in execute
    raise AirflowSensorTimeout(message)
airflow.exceptions.AirflowSensorTimeout: Sensor has timed out; run duration of 900.622976794999 seconds exceeds the specified timeout of 900.0.
[2026-01-23T15:06:22.267+0000] {taskinstance.py:1138} INFO - Immediate failure requested. Marking task as FAILED. dag_id=ml_pipeline, task_id=wait_for_etl, execution_date=20260123T142126, start_date=20260123T145121, end_date=20260123T150622
[2026-01-23T15:06:22.298+0000] {standard_task_runner.py:107} ERROR - Failed to execute job 30 for task wait_for_etl (Sensor has timed out; run duration of 900.622976794999 seconds exceeds the specified timeout of 900.0.; 8816)
[2026-01-23T15:06:22.316+0000] {local_task_job_runner.py:234} INFO - Task exited with return code 1
[2026-01-23T15:06:22.365+0000] {taskinstance.py:3280} INFO - 0 downstream tasks scheduled from follow-on schedule check
