[2026-01-23T15:52:10.710+0000] {taskinstance.py:1956} INFO - Dependencies all met for dep_context=non-requeueable deps ti=<TaskInstance: ml_pipeline.prepare_data scheduled__2026-01-23T14:15:00+00:00 [queued]>
[2026-01-23T15:52:10.722+0000] {taskinstance.py:1956} INFO - Dependencies all met for dep_context=requeueable deps ti=<TaskInstance: ml_pipeline.prepare_data scheduled__2026-01-23T14:15:00+00:00 [queued]>
[2026-01-23T15:52:10.722+0000] {taskinstance.py:2170} INFO - Starting attempt 1 of 2
[2026-01-23T15:52:10.738+0000] {taskinstance.py:2191} INFO - Executing <Task(PythonOperator): prepare_data> on 2026-01-23 14:15:00+00:00
[2026-01-23T15:52:10.746+0000] {standard_task_runner.py:60} INFO - Started process 11619 to run task
[2026-01-23T15:52:10.754+0000] {standard_task_runner.py:87} INFO - Running: ['***', 'tasks', 'run', 'ml_pipeline', 'prepare_data', 'scheduled__2026-01-23T14:15:00+00:00', '--job-id', '36', '--raw', '--subdir', 'DAGS_FOLDER/ml_pipeline.py', '--cfg-path', '/tmp/tmplh5wlj5m']
[2026-01-23T15:52:10.758+0000] {standard_task_runner.py:88} INFO - Job 36: Subtask prepare_data
[2026-01-23T15:52:10.833+0000] {task_command.py:423} INFO - Running <TaskInstance: ml_pipeline.prepare_data scheduled__2026-01-23T14:15:00+00:00 [running]> on host d6104de25333
[2026-01-23T15:52:10.946+0000] {taskinstance.py:2480} INFO - Exporting env vars: AIRFLOW_CTX_DAG_OWNER='***' AIRFLOW_CTX_DAG_ID='ml_pipeline' AIRFLOW_CTX_TASK_ID='prepare_data' AIRFLOW_CTX_EXECUTION_DATE='2026-01-23T14:15:00+00:00' AIRFLOW_CTX_TRY_NUMBER='1' AIRFLOW_CTX_DAG_RUN_ID='scheduled__2026-01-23T14:15:00+00:00'
[2026-01-23T15:52:17.734+0000] {logging_mixin.py:188} INFO - ==================================================
[2026-01-23T15:52:17.735+0000] {logging_mixin.py:188} INFO - Préparation des données
[2026-01-23T15:52:17.736+0000] {logging_mixin.py:188} INFO - ==================================================
[2026-01-23T15:52:17.779+0000] {logging_mixin.py:188} INFO - ✓ Toutes les colonnes présentes
[2026-01-23T15:52:23.301+0000] {logging_mixin.py:188} INFO - 
Split: 80% train / 19% test
[2026-01-23T15:52:23.774+0000] {logging_mixin.py:188} INFO -   Train: 84 lignes
[2026-01-23T15:52:24.125+0000] {logging_mixin.py:188} INFO -   Test:  21 lignes
[2026-01-23T15:52:25.585+0000] {logging_mixin.py:188} INFO - ✓ Pas de fuite temporelle
[2026-01-23T15:52:25.586+0000] {logging_mixin.py:188} INFO - ==================================================
[2026-01-23T15:52:27.630+0000] {python.py:201} INFO - Done. Returned value was: None
[2026-01-23T15:52:27.651+0000] {taskinstance.py:1138} INFO - Marking task as SUCCESS. dag_id=ml_pipeline, task_id=prepare_data, execution_date=20260123T141500, start_date=20260123T155210, end_date=20260123T155227
[2026-01-23T15:52:27.687+0000] {local_task_job_runner.py:234} INFO - Task exited with return code 0
[2026-01-23T15:52:27.734+0000] {taskinstance.py:3280} INFO - 1 downstream tasks scheduled from follow-on schedule check
