[2026-01-23T18:31:19.143+0000] {taskinstance.py:1956} INFO - Dependencies all met for dep_context=non-requeueable deps ti=<TaskInstance: ml_pipeline.train_random_forest manual__2026-01-23T18:01:08.420539+00:00 [queued]>
[2026-01-23T18:31:19.156+0000] {taskinstance.py:1956} INFO - Dependencies all met for dep_context=requeueable deps ti=<TaskInstance: ml_pipeline.train_random_forest manual__2026-01-23T18:01:08.420539+00:00 [queued]>
[2026-01-23T18:31:19.157+0000] {taskinstance.py:2170} INFO - Starting attempt 1 of 2
[2026-01-23T18:31:19.175+0000] {taskinstance.py:2191} INFO - Executing <Task(PythonOperator): train_random_forest> on 2026-01-23 18:01:08.420539+00:00
[2026-01-23T18:31:19.182+0000] {standard_task_runner.py:60} INFO - Started process 5108 to run task
[2026-01-23T18:31:19.187+0000] {standard_task_runner.py:87} INFO - Running: ['***', 'tasks', 'run', 'ml_pipeline', 'train_random_forest', 'manual__2026-01-23T18:01:08.420539+00:00', '--job-id', '199', '--raw', '--subdir', 'DAGS_FOLDER/ml_pipeline.py', '--cfg-path', '/tmp/tmps8e1gsso']
[2026-01-23T18:31:19.189+0000] {standard_task_runner.py:88} INFO - Job 199: Subtask train_random_forest
[2026-01-23T18:31:19.251+0000] {task_command.py:423} INFO - Running <TaskInstance: ml_pipeline.train_random_forest manual__2026-01-23T18:01:08.420539+00:00 [running]> on host 29e73cfdca90
[2026-01-23T18:31:19.349+0000] {taskinstance.py:2480} INFO - Exporting env vars: AIRFLOW_CTX_DAG_OWNER='***' AIRFLOW_CTX_DAG_ID='ml_pipeline' AIRFLOW_CTX_TASK_ID='train_random_forest' AIRFLOW_CTX_EXECUTION_DATE='2026-01-23T18:01:08.420539+00:00' AIRFLOW_CTX_TRY_NUMBER='1' AIRFLOW_CTX_DAG_RUN_ID='manual__2026-01-23T18:01:08.420539+00:00'
[2026-01-23T18:31:19.351+0000] {logging_mixin.py:188} INFO - 
==================================================
[2026-01-23T18:31:19.352+0000] {logging_mixin.py:188} INFO - TRAINING - RANDOM FOREST
[2026-01-23T18:31:19.353+0000] {logging_mixin.py:188} INFO - ==================================================
[2026-01-23T18:31:26.392+0000] {logging_mixin.py:188} INFO - 
Configuration:
[2026-01-23T18:31:26.394+0000] {logging_mixin.py:188} INFO -   Arbres: 100
[2026-01-23T18:31:26.395+0000] {logging_mixin.py:188} INFO -   Profondeur max: 10
[2026-01-23T18:31:26.395+0000] {logging_mixin.py:188} INFO -   Min instances/noeud: 5
[2026-01-23T18:31:26.448+0000] {logging_mixin.py:188} INFO - 
Entraînement en cours...
[2026-01-23T18:31:35.138+0000] {logging_mixin.py:188} INFO - ✓ Modèle sauvegardé: /opt/***/data/models/random_forest
[2026-01-23T18:31:35.139+0000] {logging_mixin.py:188} INFO - ==================================================
[2026-01-23T18:31:35.140+0000] {python.py:201} INFO - Done. Returned value was: None
[2026-01-23T18:31:35.159+0000] {taskinstance.py:1138} INFO - Marking task as SUCCESS. dag_id=ml_pipeline, task_id=train_random_forest, execution_date=20260123T180108, start_date=20260123T183119, end_date=20260123T183135
[2026-01-23T18:31:35.216+0000] {local_task_job_runner.py:234} INFO - Task exited with return code 0
[2026-01-23T18:31:35.247+0000] {taskinstance.py:3280} INFO - 1 downstream tasks scheduled from follow-on schedule check
