[2026-01-23T15:06:26.314+0000] {taskinstance.py:1956} INFO - Dependencies all met for dep_context=non-requeueable deps ti=<TaskInstance: ml_pipeline.wait_for_etl manual__2026-01-23T14:36:30.847530+00:00 [queued]>
[2026-01-23T15:06:26.325+0000] {taskinstance.py:1956} INFO - Dependencies all met for dep_context=requeueable deps ti=<TaskInstance: ml_pipeline.wait_for_etl manual__2026-01-23T14:36:30.847530+00:00 [queued]>
[2026-01-23T15:06:26.326+0000] {taskinstance.py:2170} INFO - Starting attempt 1 of 2
[2026-01-23T15:06:26.341+0000] {taskinstance.py:2191} INFO - Executing <Task(ExternalTaskSensor): wait_for_etl> on 2026-01-23 14:36:30.847530+00:00
[2026-01-23T15:06:26.350+0000] {standard_task_runner.py:60} INFO - Started process 9359 to run task
[2026-01-23T15:06:26.354+0000] {standard_task_runner.py:87} INFO - Running: ['***', 'tasks', 'run', 'ml_pipeline', 'wait_for_etl', 'manual__2026-01-23T14:36:30.847530+00:00', '--job-id', '31', '--raw', '--subdir', 'DAGS_FOLDER/ml_pipeline.py', '--cfg-path', '/tmp/tmp49dtlsv4']
[2026-01-23T15:06:26.356+0000] {standard_task_runner.py:88} INFO - Job 31: Subtask wait_for_etl
[2026-01-23T15:06:26.416+0000] {task_command.py:423} INFO - Running <TaskInstance: ml_pipeline.wait_for_etl manual__2026-01-23T14:36:30.847530+00:00 [running]> on host d6104de25333
[2026-01-23T15:06:26.518+0000] {taskinstance.py:2480} INFO - Exporting env vars: AIRFLOW_CTX_DAG_OWNER='***' AIRFLOW_CTX_DAG_ID='ml_pipeline' AIRFLOW_CTX_TASK_ID='wait_for_etl' AIRFLOW_CTX_EXECUTION_DATE='2026-01-23T14:36:30.847530+00:00' AIRFLOW_CTX_TRY_NUMBER='1' AIRFLOW_CTX_DAG_RUN_ID='manual__2026-01-23T14:36:30.847530+00:00'
[2026-01-23T15:06:26.520+0000] {external_task.py:244} INFO - Poking for tasks ['save_silver_postgres'] in dag ETL_TASKFLOW on 2026-01-23T14:36:30.847530+00:00 ... 
[2026-01-23T15:07:26.603+0000] {external_task.py:244} INFO - Poking for tasks ['save_silver_postgres'] in dag ETL_TASKFLOW on 2026-01-23T14:36:30.847530+00:00 ... 
[2026-01-23T15:08:26.659+0000] {external_task.py:244} INFO - Poking for tasks ['save_silver_postgres'] in dag ETL_TASKFLOW on 2026-01-23T14:36:30.847530+00:00 ... 
[2026-01-23T15:09:26.693+0000] {external_task.py:244} INFO - Poking for tasks ['save_silver_postgres'] in dag ETL_TASKFLOW on 2026-01-23T14:36:30.847530+00:00 ... 
[2026-01-23T15:10:26.744+0000] {external_task.py:244} INFO - Poking for tasks ['save_silver_postgres'] in dag ETL_TASKFLOW on 2026-01-23T14:36:30.847530+00:00 ... 
[2026-01-23T15:11:26.784+0000] {external_task.py:244} INFO - Poking for tasks ['save_silver_postgres'] in dag ETL_TASKFLOW on 2026-01-23T14:36:30.847530+00:00 ... 
[2026-01-23T15:12:26.815+0000] {external_task.py:244} INFO - Poking for tasks ['save_silver_postgres'] in dag ETL_TASKFLOW on 2026-01-23T14:36:30.847530+00:00 ... 
[2026-01-23T15:13:26.857+0000] {external_task.py:244} INFO - Poking for tasks ['save_silver_postgres'] in dag ETL_TASKFLOW on 2026-01-23T14:36:30.847530+00:00 ... 
[2026-01-23T15:14:26.894+0000] {external_task.py:244} INFO - Poking for tasks ['save_silver_postgres'] in dag ETL_TASKFLOW on 2026-01-23T14:36:30.847530+00:00 ... 
[2026-01-23T15:15:26.926+0000] {external_task.py:244} INFO - Poking for tasks ['save_silver_postgres'] in dag ETL_TASKFLOW on 2026-01-23T14:36:30.847530+00:00 ... 
[2026-01-23T15:16:26.974+0000] {external_task.py:244} INFO - Poking for tasks ['save_silver_postgres'] in dag ETL_TASKFLOW on 2026-01-23T14:36:30.847530+00:00 ... 
[2026-01-23T15:17:27.038+0000] {external_task.py:244} INFO - Poking for tasks ['save_silver_postgres'] in dag ETL_TASKFLOW on 2026-01-23T14:36:30.847530+00:00 ... 
[2026-01-23T15:18:26.947+0000] {external_task.py:244} INFO - Poking for tasks ['save_silver_postgres'] in dag ETL_TASKFLOW on 2026-01-23T14:36:30.847530+00:00 ... 
[2026-01-23T15:19:26.952+0000] {external_task.py:244} INFO - Poking for tasks ['save_silver_postgres'] in dag ETL_TASKFLOW on 2026-01-23T14:36:30.847530+00:00 ... 
[2026-01-23T15:20:26.931+0000] {external_task.py:244} INFO - Poking for tasks ['save_silver_postgres'] in dag ETL_TASKFLOW on 2026-01-23T14:36:30.847530+00:00 ... 
[2026-01-23T15:21:26.921+0000] {external_task.py:244} INFO - Poking for tasks ['save_silver_postgres'] in dag ETL_TASKFLOW on 2026-01-23T14:36:30.847530+00:00 ... 
[2026-01-23T15:21:26.937+0000] {taskinstance.py:2698} ERROR - Task failed with exception
Traceback (most recent call last):
  File "/home/airflow/.local/lib/python3.8/site-packages/airflow/models/taskinstance.py", line 433, in _execute_task
    result = execute_callable(context=context, **execute_callable_kwargs)
  File "/home/airflow/.local/lib/python3.8/site-packages/airflow/sensors/external_task.py", line 334, in execute
    super().execute(context)
  File "/home/airflow/.local/lib/python3.8/site-packages/airflow/sensors/base.py", line 282, in execute
    raise AirflowSensorTimeout(message)
airflow.exceptions.AirflowSensorTimeout: Sensor has timed out; run duration of 900.5686385189983 seconds exceeds the specified timeout of 900.0.
[2026-01-23T15:21:26.951+0000] {taskinstance.py:1138} INFO - Immediate failure requested. Marking task as FAILED. dag_id=ml_pipeline, task_id=wait_for_etl, execution_date=20260123T143630, start_date=20260123T150626, end_date=20260123T152126
[2026-01-23T15:21:26.975+0000] {standard_task_runner.py:107} ERROR - Failed to execute job 31 for task wait_for_etl (Sensor has timed out; run duration of 900.5686385189983 seconds exceeds the specified timeout of 900.0.; 9359)
[2026-01-23T15:21:27.004+0000] {local_task_job_runner.py:234} INFO - Task exited with return code 1
[2026-01-23T15:21:27.048+0000] {taskinstance.py:3280} INFO - 0 downstream tasks scheduled from follow-on schedule check
