[2026-01-23T18:20:06.770+0000] {taskinstance.py:1956} INFO - Dependencies all met for dep_context=non-requeueable deps ti=<TaskInstance: ml_pipeline.wait_for_etl manual__2026-01-23T18:01:08.420539+00:00 [queued]>
[2026-01-23T18:20:06.781+0000] {taskinstance.py:1956} INFO - Dependencies all met for dep_context=requeueable deps ti=<TaskInstance: ml_pipeline.wait_for_etl manual__2026-01-23T18:01:08.420539+00:00 [queued]>
[2026-01-23T18:20:06.782+0000] {taskinstance.py:2170} INFO - Starting attempt 2 of 3
[2026-01-23T18:20:06.797+0000] {taskinstance.py:2191} INFO - Executing <Task(ExternalTaskSensor): wait_for_etl> on 2026-01-23 18:01:08.420539+00:00
[2026-01-23T18:20:06.803+0000] {standard_task_runner.py:60} INFO - Started process 2236 to run task
[2026-01-23T18:20:06.809+0000] {standard_task_runner.py:87} INFO - Running: ['***', 'tasks', 'run', 'ml_pipeline', 'wait_for_etl', 'manual__2026-01-23T18:01:08.420539+00:00', '--job-id', '131', '--raw', '--subdir', 'DAGS_FOLDER/ml_pipeline.py', '--cfg-path', '/tmp/tmprktwdout']
[2026-01-23T18:20:06.813+0000] {standard_task_runner.py:88} INFO - Job 131: Subtask wait_for_etl
[2026-01-23T18:20:06.872+0000] {task_command.py:423} INFO - Running <TaskInstance: ml_pipeline.wait_for_etl manual__2026-01-23T18:01:08.420539+00:00 [running]> on host f2c086da0204
[2026-01-23T18:20:06.974+0000] {taskinstance.py:2480} INFO - Exporting env vars: AIRFLOW_CTX_DAG_OWNER='***' AIRFLOW_CTX_DAG_ID='ml_pipeline' AIRFLOW_CTX_TASK_ID='wait_for_etl' AIRFLOW_CTX_EXECUTION_DATE='2026-01-23T18:01:08.420539+00:00' AIRFLOW_CTX_TRY_NUMBER='2' AIRFLOW_CTX_DAG_RUN_ID='manual__2026-01-23T18:01:08.420539+00:00'
[2026-01-23T18:20:06.989+0000] {external_task.py:244} INFO - Poking for tasks ['save_silver_postgres'] in dag ETL_TASKFLOW on 2026-01-23T17:46:08.420539+00:00 ... 
[2026-01-23T18:20:07.051+0000] {taskinstance.py:2658} INFO - Rescheduling task, marking task as UP_FOR_RESCHEDULE
[2026-01-23T18:20:07.071+0000] {local_task_job_runner.py:234} INFO - Task exited with return code 0
[2026-01-23T18:20:07.112+0000] {taskinstance.py:3280} INFO - 0 downstream tasks scheduled from follow-on schedule check
[2026-01-23T18:20:42.445+0000] {taskinstance.py:1956} INFO - Dependencies all met for dep_context=non-requeueable deps ti=<TaskInstance: ml_pipeline.wait_for_etl manual__2026-01-23T18:01:08.420539+00:00 [queued]>
[2026-01-23T18:20:42.456+0000] {taskinstance.py:1956} INFO - Dependencies all met for dep_context=requeueable deps ti=<TaskInstance: ml_pipeline.wait_for_etl manual__2026-01-23T18:01:08.420539+00:00 [queued]>
[2026-01-23T18:20:42.457+0000] {taskinstance.py:2170} INFO - Starting attempt 2 of 3
[2026-01-23T18:20:42.472+0000] {taskinstance.py:2191} INFO - Executing <Task(ExternalTaskSensor): wait_for_etl> on 2026-01-23 18:01:08.420539+00:00
[2026-01-23T18:20:42.478+0000] {standard_task_runner.py:60} INFO - Started process 2423 to run task
[2026-01-23T18:20:42.483+0000] {standard_task_runner.py:87} INFO - Running: ['***', 'tasks', 'run', 'ml_pipeline', 'wait_for_etl', 'manual__2026-01-23T18:01:08.420539+00:00', '--job-id', '136', '--raw', '--subdir', 'DAGS_FOLDER/ml_pipeline.py', '--cfg-path', '/tmp/tmp_hrqiwxf']
[2026-01-23T18:20:42.488+0000] {standard_task_runner.py:88} INFO - Job 136: Subtask wait_for_etl
[2026-01-23T18:20:42.547+0000] {task_command.py:423} INFO - Running <TaskInstance: ml_pipeline.wait_for_etl manual__2026-01-23T18:01:08.420539+00:00 [running]> on host f2c086da0204
[2026-01-23T18:20:42.648+0000] {taskinstance.py:2480} INFO - Exporting env vars: AIRFLOW_CTX_DAG_OWNER='***' AIRFLOW_CTX_DAG_ID='ml_pipeline' AIRFLOW_CTX_TASK_ID='wait_for_etl' AIRFLOW_CTX_EXECUTION_DATE='2026-01-23T18:01:08.420539+00:00' AIRFLOW_CTX_TRY_NUMBER='2' AIRFLOW_CTX_DAG_RUN_ID='manual__2026-01-23T18:01:08.420539+00:00'
[2026-01-23T18:20:42.661+0000] {external_task.py:244} INFO - Poking for tasks ['save_silver_postgres'] in dag ETL_TASKFLOW on 2026-01-23T17:46:08.420539+00:00 ... 
[2026-01-23T18:20:42.728+0000] {taskinstance.py:2658} INFO - Rescheduling task, marking task as UP_FOR_RESCHEDULE
[2026-01-23T18:20:42.744+0000] {local_task_job_runner.py:234} INFO - Task exited with return code 0
[2026-01-23T18:20:42.783+0000] {taskinstance.py:3280} INFO - 0 downstream tasks scheduled from follow-on schedule check
[2026-01-23T18:21:17.362+0000] {taskinstance.py:1956} INFO - Dependencies all met for dep_context=non-requeueable deps ti=<TaskInstance: ml_pipeline.wait_for_etl manual__2026-01-23T18:01:08.420539+00:00 [queued]>
[2026-01-23T18:21:17.373+0000] {taskinstance.py:1956} INFO - Dependencies all met for dep_context=requeueable deps ti=<TaskInstance: ml_pipeline.wait_for_etl manual__2026-01-23T18:01:08.420539+00:00 [queued]>
[2026-01-23T18:21:17.374+0000] {taskinstance.py:2170} INFO - Starting attempt 2 of 3
[2026-01-23T18:21:17.390+0000] {taskinstance.py:2191} INFO - Executing <Task(ExternalTaskSensor): wait_for_etl> on 2026-01-23 18:01:08.420539+00:00
[2026-01-23T18:21:17.397+0000] {standard_task_runner.py:60} INFO - Started process 2610 to run task
[2026-01-23T18:21:17.401+0000] {standard_task_runner.py:87} INFO - Running: ['***', 'tasks', 'run', 'ml_pipeline', 'wait_for_etl', 'manual__2026-01-23T18:01:08.420539+00:00', '--job-id', '141', '--raw', '--subdir', 'DAGS_FOLDER/ml_pipeline.py', '--cfg-path', '/tmp/tmpxx62x_rb']
[2026-01-23T18:21:17.403+0000] {standard_task_runner.py:88} INFO - Job 141: Subtask wait_for_etl
[2026-01-23T18:21:17.470+0000] {task_command.py:423} INFO - Running <TaskInstance: ml_pipeline.wait_for_etl manual__2026-01-23T18:01:08.420539+00:00 [running]> on host f2c086da0204
[2026-01-23T18:21:17.557+0000] {taskinstance.py:2480} INFO - Exporting env vars: AIRFLOW_CTX_DAG_OWNER='***' AIRFLOW_CTX_DAG_ID='ml_pipeline' AIRFLOW_CTX_TASK_ID='wait_for_etl' AIRFLOW_CTX_EXECUTION_DATE='2026-01-23T18:01:08.420539+00:00' AIRFLOW_CTX_TRY_NUMBER='2' AIRFLOW_CTX_DAG_RUN_ID='manual__2026-01-23T18:01:08.420539+00:00'
[2026-01-23T18:21:17.571+0000] {external_task.py:244} INFO - Poking for tasks ['save_silver_postgres'] in dag ETL_TASKFLOW on 2026-01-23T17:46:08.420539+00:00 ... 
[2026-01-23T18:21:17.624+0000] {taskinstance.py:2658} INFO - Rescheduling task, marking task as UP_FOR_RESCHEDULE
[2026-01-23T18:21:17.664+0000] {local_task_job_runner.py:234} INFO - Task exited with return code 0
[2026-01-23T18:21:17.719+0000] {taskinstance.py:3280} INFO - 0 downstream tasks scheduled from follow-on schedule check
[2026-01-23T18:21:52.948+0000] {taskinstance.py:1956} INFO - Dependencies all met for dep_context=non-requeueable deps ti=<TaskInstance: ml_pipeline.wait_for_etl manual__2026-01-23T18:01:08.420539+00:00 [queued]>
[2026-01-23T18:21:52.958+0000] {taskinstance.py:1956} INFO - Dependencies all met for dep_context=requeueable deps ti=<TaskInstance: ml_pipeline.wait_for_etl manual__2026-01-23T18:01:08.420539+00:00 [queued]>
[2026-01-23T18:21:52.959+0000] {taskinstance.py:2170} INFO - Starting attempt 2 of 3
[2026-01-23T18:21:52.974+0000] {taskinstance.py:2191} INFO - Executing <Task(ExternalTaskSensor): wait_for_etl> on 2026-01-23 18:01:08.420539+00:00
[2026-01-23T18:21:52.981+0000] {standard_task_runner.py:60} INFO - Started process 2797 to run task
[2026-01-23T18:21:52.988+0000] {standard_task_runner.py:87} INFO - Running: ['***', 'tasks', 'run', 'ml_pipeline', 'wait_for_etl', 'manual__2026-01-23T18:01:08.420539+00:00', '--job-id', '146', '--raw', '--subdir', 'DAGS_FOLDER/ml_pipeline.py', '--cfg-path', '/tmp/tmpobnu8lqm']
[2026-01-23T18:21:52.991+0000] {standard_task_runner.py:88} INFO - Job 146: Subtask wait_for_etl
[2026-01-23T18:21:53.051+0000] {task_command.py:423} INFO - Running <TaskInstance: ml_pipeline.wait_for_etl manual__2026-01-23T18:01:08.420539+00:00 [running]> on host f2c086da0204
[2026-01-23T18:21:53.151+0000] {taskinstance.py:2480} INFO - Exporting env vars: AIRFLOW_CTX_DAG_OWNER='***' AIRFLOW_CTX_DAG_ID='ml_pipeline' AIRFLOW_CTX_TASK_ID='wait_for_etl' AIRFLOW_CTX_EXECUTION_DATE='2026-01-23T18:01:08.420539+00:00' AIRFLOW_CTX_TRY_NUMBER='2' AIRFLOW_CTX_DAG_RUN_ID='manual__2026-01-23T18:01:08.420539+00:00'
[2026-01-23T18:21:53.164+0000] {external_task.py:244} INFO - Poking for tasks ['save_silver_postgres'] in dag ETL_TASKFLOW on 2026-01-23T17:46:08.420539+00:00 ... 
[2026-01-23T18:21:53.217+0000] {taskinstance.py:2658} INFO - Rescheduling task, marking task as UP_FOR_RESCHEDULE
[2026-01-23T18:21:53.250+0000] {local_task_job_runner.py:234} INFO - Task exited with return code 0
[2026-01-23T18:21:53.301+0000] {taskinstance.py:3280} INFO - 0 downstream tasks scheduled from follow-on schedule check
[2026-01-23T18:22:28.522+0000] {taskinstance.py:1956} INFO - Dependencies all met for dep_context=non-requeueable deps ti=<TaskInstance: ml_pipeline.wait_for_etl manual__2026-01-23T18:01:08.420539+00:00 [queued]>
[2026-01-23T18:22:28.534+0000] {taskinstance.py:1956} INFO - Dependencies all met for dep_context=requeueable deps ti=<TaskInstance: ml_pipeline.wait_for_etl manual__2026-01-23T18:01:08.420539+00:00 [queued]>
[2026-01-23T18:22:28.535+0000] {taskinstance.py:2170} INFO - Starting attempt 2 of 3
[2026-01-23T18:22:28.550+0000] {taskinstance.py:2191} INFO - Executing <Task(ExternalTaskSensor): wait_for_etl> on 2026-01-23 18:01:08.420539+00:00
[2026-01-23T18:22:28.557+0000] {standard_task_runner.py:60} INFO - Started process 2984 to run task
[2026-01-23T18:22:28.563+0000] {standard_task_runner.py:87} INFO - Running: ['***', 'tasks', 'run', 'ml_pipeline', 'wait_for_etl', 'manual__2026-01-23T18:01:08.420539+00:00', '--job-id', '151', '--raw', '--subdir', 'DAGS_FOLDER/ml_pipeline.py', '--cfg-path', '/tmp/tmpf6c61ns0']
[2026-01-23T18:22:28.568+0000] {standard_task_runner.py:88} INFO - Job 151: Subtask wait_for_etl
[2026-01-23T18:22:28.643+0000] {task_command.py:423} INFO - Running <TaskInstance: ml_pipeline.wait_for_etl manual__2026-01-23T18:01:08.420539+00:00 [running]> on host f2c086da0204
[2026-01-23T18:22:28.762+0000] {taskinstance.py:2480} INFO - Exporting env vars: AIRFLOW_CTX_DAG_OWNER='***' AIRFLOW_CTX_DAG_ID='ml_pipeline' AIRFLOW_CTX_TASK_ID='wait_for_etl' AIRFLOW_CTX_EXECUTION_DATE='2026-01-23T18:01:08.420539+00:00' AIRFLOW_CTX_TRY_NUMBER='2' AIRFLOW_CTX_DAG_RUN_ID='manual__2026-01-23T18:01:08.420539+00:00'
[2026-01-23T18:22:28.779+0000] {external_task.py:244} INFO - Poking for tasks ['save_silver_postgres'] in dag ETL_TASKFLOW on 2026-01-23T17:46:08.420539+00:00 ... 
[2026-01-23T18:22:28.843+0000] {taskinstance.py:2658} INFO - Rescheduling task, marking task as UP_FOR_RESCHEDULE
[2026-01-23T18:22:28.864+0000] {local_task_job_runner.py:234} INFO - Task exited with return code 0
[2026-01-23T18:22:28.912+0000] {taskinstance.py:3280} INFO - 0 downstream tasks scheduled from follow-on schedule check
[2026-01-23T18:23:04.694+0000] {taskinstance.py:1956} INFO - Dependencies all met for dep_context=non-requeueable deps ti=<TaskInstance: ml_pipeline.wait_for_etl manual__2026-01-23T18:01:08.420539+00:00 [queued]>
[2026-01-23T18:23:04.713+0000] {taskinstance.py:1956} INFO - Dependencies all met for dep_context=requeueable deps ti=<TaskInstance: ml_pipeline.wait_for_etl manual__2026-01-23T18:01:08.420539+00:00 [queued]>
[2026-01-23T18:23:04.715+0000] {taskinstance.py:2170} INFO - Starting attempt 2 of 3
[2026-01-23T18:23:04.748+0000] {taskinstance.py:2191} INFO - Executing <Task(ExternalTaskSensor): wait_for_etl> on 2026-01-23 18:01:08.420539+00:00
[2026-01-23T18:23:04.755+0000] {standard_task_runner.py:60} INFO - Started process 3172 to run task
[2026-01-23T18:23:04.760+0000] {standard_task_runner.py:87} INFO - Running: ['***', 'tasks', 'run', 'ml_pipeline', 'wait_for_etl', 'manual__2026-01-23T18:01:08.420539+00:00', '--job-id', '156', '--raw', '--subdir', 'DAGS_FOLDER/ml_pipeline.py', '--cfg-path', '/tmp/tmphbcd5pik']
[2026-01-23T18:23:04.762+0000] {standard_task_runner.py:88} INFO - Job 156: Subtask wait_for_etl
[2026-01-23T18:23:04.822+0000] {task_command.py:423} INFO - Running <TaskInstance: ml_pipeline.wait_for_etl manual__2026-01-23T18:01:08.420539+00:00 [running]> on host f2c086da0204
[2026-01-23T18:23:04.928+0000] {taskinstance.py:2480} INFO - Exporting env vars: AIRFLOW_CTX_DAG_OWNER='***' AIRFLOW_CTX_DAG_ID='ml_pipeline' AIRFLOW_CTX_TASK_ID='wait_for_etl' AIRFLOW_CTX_EXECUTION_DATE='2026-01-23T18:01:08.420539+00:00' AIRFLOW_CTX_TRY_NUMBER='2' AIRFLOW_CTX_DAG_RUN_ID='manual__2026-01-23T18:01:08.420539+00:00'
[2026-01-23T18:23:04.942+0000] {external_task.py:244} INFO - Poking for tasks ['save_silver_postgres'] in dag ETL_TASKFLOW on 2026-01-23T17:46:08.420539+00:00 ... 
[2026-01-23T18:23:05.007+0000] {taskinstance.py:2658} INFO - Rescheduling task, marking task as UP_FOR_RESCHEDULE
[2026-01-23T18:23:05.023+0000] {local_task_job_runner.py:234} INFO - Task exited with return code 0
[2026-01-23T18:23:05.073+0000] {taskinstance.py:3280} INFO - 0 downstream tasks scheduled from follow-on schedule check
[2026-01-23T18:23:38.280+0000] {taskinstance.py:1956} INFO - Dependencies all met for dep_context=non-requeueable deps ti=<TaskInstance: ml_pipeline.wait_for_etl manual__2026-01-23T18:01:08.420539+00:00 [queued]>
[2026-01-23T18:23:38.292+0000] {taskinstance.py:1956} INFO - Dependencies all met for dep_context=requeueable deps ti=<TaskInstance: ml_pipeline.wait_for_etl manual__2026-01-23T18:01:08.420539+00:00 [queued]>
[2026-01-23T18:23:38.293+0000] {taskinstance.py:2170} INFO - Starting attempt 2 of 3
[2026-01-23T18:23:38.312+0000] {taskinstance.py:2191} INFO - Executing <Task(ExternalTaskSensor): wait_for_etl> on 2026-01-23 18:01:08.420539+00:00
[2026-01-23T18:23:38.322+0000] {standard_task_runner.py:60} INFO - Started process 3359 to run task
[2026-01-23T18:23:38.327+0000] {standard_task_runner.py:87} INFO - Running: ['***', 'tasks', 'run', 'ml_pipeline', 'wait_for_etl', 'manual__2026-01-23T18:01:08.420539+00:00', '--job-id', '161', '--raw', '--subdir', 'DAGS_FOLDER/ml_pipeline.py', '--cfg-path', '/tmp/tmp_1989ni2']
[2026-01-23T18:23:38.331+0000] {standard_task_runner.py:88} INFO - Job 161: Subtask wait_for_etl
[2026-01-23T18:23:38.400+0000] {task_command.py:423} INFO - Running <TaskInstance: ml_pipeline.wait_for_etl manual__2026-01-23T18:01:08.420539+00:00 [running]> on host f2c086da0204
[2026-01-23T18:23:38.506+0000] {taskinstance.py:2480} INFO - Exporting env vars: AIRFLOW_CTX_DAG_OWNER='***' AIRFLOW_CTX_DAG_ID='ml_pipeline' AIRFLOW_CTX_TASK_ID='wait_for_etl' AIRFLOW_CTX_EXECUTION_DATE='2026-01-23T18:01:08.420539+00:00' AIRFLOW_CTX_TRY_NUMBER='2' AIRFLOW_CTX_DAG_RUN_ID='manual__2026-01-23T18:01:08.420539+00:00'
[2026-01-23T18:23:38.518+0000] {external_task.py:244} INFO - Poking for tasks ['save_silver_postgres'] in dag ETL_TASKFLOW on 2026-01-23T17:46:08.420539+00:00 ... 
[2026-01-23T18:23:38.570+0000] {taskinstance.py:2658} INFO - Rescheduling task, marking task as UP_FOR_RESCHEDULE
[2026-01-23T18:23:38.588+0000] {local_task_job_runner.py:234} INFO - Task exited with return code 0
[2026-01-23T18:23:38.632+0000] {taskinstance.py:3280} INFO - 0 downstream tasks scheduled from follow-on schedule check
[2026-01-23T18:25:49.274+0000] {taskinstance.py:1956} INFO - Dependencies all met for dep_context=non-requeueable deps ti=<TaskInstance: ml_pipeline.wait_for_etl manual__2026-01-23T18:01:08.420539+00:00 [queued]>
[2026-01-23T18:25:49.288+0000] {taskinstance.py:1956} INFO - Dependencies all met for dep_context=requeueable deps ti=<TaskInstance: ml_pipeline.wait_for_etl manual__2026-01-23T18:01:08.420539+00:00 [queued]>
[2026-01-23T18:25:49.289+0000] {taskinstance.py:2170} INFO - Starting attempt 2 of 3
[2026-01-23T18:25:49.307+0000] {taskinstance.py:2191} INFO - Executing <Task(ExternalTaskSensor): wait_for_etl> on 2026-01-23 18:01:08.420539+00:00
[2026-01-23T18:25:49.316+0000] {standard_task_runner.py:60} INFO - Started process 227 to run task
[2026-01-23T18:25:49.321+0000] {standard_task_runner.py:87} INFO - Running: ['***', 'tasks', 'run', 'ml_pipeline', 'wait_for_etl', 'manual__2026-01-23T18:01:08.420539+00:00', '--job-id', '168', '--raw', '--subdir', 'DAGS_FOLDER/ml_pipeline.py', '--cfg-path', '/tmp/tmpfnhfrwuo']
[2026-01-23T18:25:49.324+0000] {standard_task_runner.py:88} INFO - Job 168: Subtask wait_for_etl
[2026-01-23T18:25:49.398+0000] {task_command.py:423} INFO - Running <TaskInstance: ml_pipeline.wait_for_etl manual__2026-01-23T18:01:08.420539+00:00 [running]> on host 29e73cfdca90
[2026-01-23T18:25:49.507+0000] {taskinstance.py:2480} INFO - Exporting env vars: AIRFLOW_CTX_DAG_OWNER='***' AIRFLOW_CTX_DAG_ID='ml_pipeline' AIRFLOW_CTX_TASK_ID='wait_for_etl' AIRFLOW_CTX_EXECUTION_DATE='2026-01-23T18:01:08.420539+00:00' AIRFLOW_CTX_TRY_NUMBER='2' AIRFLOW_CTX_DAG_RUN_ID='manual__2026-01-23T18:01:08.420539+00:00'
[2026-01-23T18:25:49.527+0000] {external_task.py:244} INFO - Poking for tasks ['save_silver_postgres'] in dag ETL_TASKFLOW on 2026-01-23T17:46:08.420539+00:00 ... 
[2026-01-23T18:25:49.583+0000] {taskinstance.py:2658} INFO - Rescheduling task, marking task as UP_FOR_RESCHEDULE
[2026-01-23T18:25:49.622+0000] {local_task_job_runner.py:234} INFO - Task exited with return code 0
[2026-01-23T18:25:49.685+0000] {taskinstance.py:3280} INFO - 0 downstream tasks scheduled from follow-on schedule check
[2026-01-23T18:26:25.431+0000] {taskinstance.py:1956} INFO - Dependencies all met for dep_context=non-requeueable deps ti=<TaskInstance: ml_pipeline.wait_for_etl manual__2026-01-23T18:01:08.420539+00:00 [queued]>
[2026-01-23T18:26:25.447+0000] {taskinstance.py:1956} INFO - Dependencies all met for dep_context=requeueable deps ti=<TaskInstance: ml_pipeline.wait_for_etl manual__2026-01-23T18:01:08.420539+00:00 [queued]>
[2026-01-23T18:26:25.448+0000] {taskinstance.py:2170} INFO - Starting attempt 2 of 3
[2026-01-23T18:26:25.464+0000] {taskinstance.py:2191} INFO - Executing <Task(ExternalTaskSensor): wait_for_etl> on 2026-01-23 18:01:08.420539+00:00
[2026-01-23T18:26:25.473+0000] {standard_task_runner.py:60} INFO - Started process 414 to run task
[2026-01-23T18:26:25.480+0000] {standard_task_runner.py:87} INFO - Running: ['***', 'tasks', 'run', 'ml_pipeline', 'wait_for_etl', 'manual__2026-01-23T18:01:08.420539+00:00', '--job-id', '173', '--raw', '--subdir', 'DAGS_FOLDER/ml_pipeline.py', '--cfg-path', '/tmp/tmpn0k9g9_b']
[2026-01-23T18:26:25.486+0000] {standard_task_runner.py:88} INFO - Job 173: Subtask wait_for_etl
[2026-01-23T18:26:25.545+0000] {task_command.py:423} INFO - Running <TaskInstance: ml_pipeline.wait_for_etl manual__2026-01-23T18:01:08.420539+00:00 [running]> on host 29e73cfdca90
[2026-01-23T18:26:25.643+0000] {taskinstance.py:2480} INFO - Exporting env vars: AIRFLOW_CTX_DAG_OWNER='***' AIRFLOW_CTX_DAG_ID='ml_pipeline' AIRFLOW_CTX_TASK_ID='wait_for_etl' AIRFLOW_CTX_EXECUTION_DATE='2026-01-23T18:01:08.420539+00:00' AIRFLOW_CTX_TRY_NUMBER='2' AIRFLOW_CTX_DAG_RUN_ID='manual__2026-01-23T18:01:08.420539+00:00'
[2026-01-23T18:26:25.657+0000] {external_task.py:244} INFO - Poking for tasks ['save_silver_postgres'] in dag ETL_TASKFLOW on 2026-01-23T17:46:08.420539+00:00 ... 
[2026-01-23T18:26:25.711+0000] {taskinstance.py:2658} INFO - Rescheduling task, marking task as UP_FOR_RESCHEDULE
[2026-01-23T18:26:25.740+0000] {local_task_job_runner.py:234} INFO - Task exited with return code 0
[2026-01-23T18:26:25.787+0000] {taskinstance.py:3280} INFO - 0 downstream tasks scheduled from follow-on schedule check
[2026-01-23T18:27:01.319+0000] {taskinstance.py:1956} INFO - Dependencies all met for dep_context=non-requeueable deps ti=<TaskInstance: ml_pipeline.wait_for_etl manual__2026-01-23T18:01:08.420539+00:00 [queued]>
[2026-01-23T18:27:01.333+0000] {taskinstance.py:1956} INFO - Dependencies all met for dep_context=requeueable deps ti=<TaskInstance: ml_pipeline.wait_for_etl manual__2026-01-23T18:01:08.420539+00:00 [queued]>
[2026-01-23T18:27:01.334+0000] {taskinstance.py:2170} INFO - Starting attempt 2 of 3
[2026-01-23T18:27:01.352+0000] {taskinstance.py:2191} INFO - Executing <Task(ExternalTaskSensor): wait_for_etl> on 2026-01-23 18:01:08.420539+00:00
[2026-01-23T18:27:01.360+0000] {standard_task_runner.py:60} INFO - Started process 602 to run task
[2026-01-23T18:27:01.367+0000] {standard_task_runner.py:87} INFO - Running: ['***', 'tasks', 'run', 'ml_pipeline', 'wait_for_etl', 'manual__2026-01-23T18:01:08.420539+00:00', '--job-id', '178', '--raw', '--subdir', 'DAGS_FOLDER/ml_pipeline.py', '--cfg-path', '/tmp/tmpkuibp3j1']
[2026-01-23T18:27:01.371+0000] {standard_task_runner.py:88} INFO - Job 178: Subtask wait_for_etl
[2026-01-23T18:27:01.430+0000] {task_command.py:423} INFO - Running <TaskInstance: ml_pipeline.wait_for_etl manual__2026-01-23T18:01:08.420539+00:00 [running]> on host 29e73cfdca90
[2026-01-23T18:27:01.526+0000] {taskinstance.py:2480} INFO - Exporting env vars: AIRFLOW_CTX_DAG_OWNER='***' AIRFLOW_CTX_DAG_ID='ml_pipeline' AIRFLOW_CTX_TASK_ID='wait_for_etl' AIRFLOW_CTX_EXECUTION_DATE='2026-01-23T18:01:08.420539+00:00' AIRFLOW_CTX_TRY_NUMBER='2' AIRFLOW_CTX_DAG_RUN_ID='manual__2026-01-23T18:01:08.420539+00:00'
[2026-01-23T18:27:01.542+0000] {external_task.py:244} INFO - Poking for tasks ['save_silver_postgres'] in dag ETL_TASKFLOW on 2026-01-23T17:46:08.420539+00:00 ... 
[2026-01-23T18:27:01.600+0000] {taskinstance.py:2658} INFO - Rescheduling task, marking task as UP_FOR_RESCHEDULE
[2026-01-23T18:27:01.626+0000] {local_task_job_runner.py:234} INFO - Task exited with return code 0
[2026-01-23T18:27:01.671+0000] {taskinstance.py:3280} INFO - 0 downstream tasks scheduled from follow-on schedule check
[2026-01-23T18:27:35.869+0000] {taskinstance.py:1956} INFO - Dependencies all met for dep_context=non-requeueable deps ti=<TaskInstance: ml_pipeline.wait_for_etl manual__2026-01-23T18:01:08.420539+00:00 [queued]>
[2026-01-23T18:27:35.880+0000] {taskinstance.py:1956} INFO - Dependencies all met for dep_context=requeueable deps ti=<TaskInstance: ml_pipeline.wait_for_etl manual__2026-01-23T18:01:08.420539+00:00 [queued]>
[2026-01-23T18:27:35.881+0000] {taskinstance.py:2170} INFO - Starting attempt 2 of 3
[2026-01-23T18:27:35.897+0000] {taskinstance.py:2191} INFO - Executing <Task(ExternalTaskSensor): wait_for_etl> on 2026-01-23 18:01:08.420539+00:00
[2026-01-23T18:27:35.903+0000] {standard_task_runner.py:60} INFO - Started process 789 to run task
[2026-01-23T18:27:35.910+0000] {standard_task_runner.py:87} INFO - Running: ['***', 'tasks', 'run', 'ml_pipeline', 'wait_for_etl', 'manual__2026-01-23T18:01:08.420539+00:00', '--job-id', '183', '--raw', '--subdir', 'DAGS_FOLDER/ml_pipeline.py', '--cfg-path', '/tmp/tmpeynfit7c']
[2026-01-23T18:27:35.912+0000] {standard_task_runner.py:88} INFO - Job 183: Subtask wait_for_etl
[2026-01-23T18:27:35.972+0000] {task_command.py:423} INFO - Running <TaskInstance: ml_pipeline.wait_for_etl manual__2026-01-23T18:01:08.420539+00:00 [running]> on host 29e73cfdca90
[2026-01-23T18:27:36.064+0000] {taskinstance.py:2480} INFO - Exporting env vars: AIRFLOW_CTX_DAG_OWNER='***' AIRFLOW_CTX_DAG_ID='ml_pipeline' AIRFLOW_CTX_TASK_ID='wait_for_etl' AIRFLOW_CTX_EXECUTION_DATE='2026-01-23T18:01:08.420539+00:00' AIRFLOW_CTX_TRY_NUMBER='2' AIRFLOW_CTX_DAG_RUN_ID='manual__2026-01-23T18:01:08.420539+00:00'
[2026-01-23T18:27:36.075+0000] {external_task.py:244} INFO - Poking for tasks ['save_silver_postgres'] in dag ETL_TASKFLOW on 2026-01-23T17:46:08.420539+00:00 ... 
[2026-01-23T18:27:36.132+0000] {taskinstance.py:2658} INFO - Rescheduling task, marking task as UP_FOR_RESCHEDULE
[2026-01-23T18:27:36.168+0000] {local_task_job_runner.py:234} INFO - Task exited with return code 0
[2026-01-23T18:27:36.226+0000] {taskinstance.py:3280} INFO - 0 downstream tasks scheduled from follow-on schedule check
