[2026-01-23T17:26:12.179+0000] {taskinstance.py:1956} INFO - Dependencies all met for dep_context=non-requeueable deps ti=<TaskInstance: ml_pipeline.wait_for_etl manual__2026-01-23T16:27:13.664578+00:00 [queued]>
[2026-01-23T17:26:12.197+0000] {taskinstance.py:1956} INFO - Dependencies all met for dep_context=requeueable deps ti=<TaskInstance: ml_pipeline.wait_for_etl manual__2026-01-23T16:27:13.664578+00:00 [queued]>
[2026-01-23T17:26:12.198+0000] {taskinstance.py:2170} INFO - Starting attempt 1 of 2
[2026-01-23T17:26:12.220+0000] {taskinstance.py:2191} INFO - Executing <Task(ExternalTaskSensor): wait_for_etl> on 2026-01-23 16:27:13.664578+00:00
[2026-01-23T17:26:12.229+0000] {standard_task_runner.py:60} INFO - Started process 18614 to run task
[2026-01-23T17:26:12.237+0000] {standard_task_runner.py:87} INFO - Running: ['***', 'tasks', 'run', 'ml_pipeline', 'wait_for_etl', 'manual__2026-01-23T16:27:13.664578+00:00', '--job-id', '54', '--raw', '--subdir', 'DAGS_FOLDER/ml_pipeline.py', '--cfg-path', '/tmp/tmp7qhvs0l3']
[2026-01-23T17:26:12.241+0000] {standard_task_runner.py:88} INFO - Job 54: Subtask wait_for_etl
[2026-01-23T17:26:12.325+0000] {task_command.py:423} INFO - Running <TaskInstance: ml_pipeline.wait_for_etl manual__2026-01-23T16:27:13.664578+00:00 [running]> on host d6104de25333
[2026-01-23T17:26:12.467+0000] {taskinstance.py:2480} INFO - Exporting env vars: AIRFLOW_CTX_DAG_OWNER='***' AIRFLOW_CTX_DAG_ID='ml_pipeline' AIRFLOW_CTX_TASK_ID='wait_for_etl' AIRFLOW_CTX_EXECUTION_DATE='2026-01-23T16:27:13.664578+00:00' AIRFLOW_CTX_TRY_NUMBER='1' AIRFLOW_CTX_DAG_RUN_ID='manual__2026-01-23T16:27:13.664578+00:00'
[2026-01-23T17:26:12.468+0000] {external_task.py:244} INFO - Poking for tasks ['save_silver_postgres'] in dag ETL_TASKFLOW on 2026-01-23T16:27:13.664578+00:00 ... 
[2026-01-23T17:27:12.520+0000] {external_task.py:244} INFO - Poking for tasks ['save_silver_postgres'] in dag ETL_TASKFLOW on 2026-01-23T16:27:13.664578+00:00 ... 
[2026-01-23T17:28:12.585+0000] {external_task.py:244} INFO - Poking for tasks ['save_silver_postgres'] in dag ETL_TASKFLOW on 2026-01-23T16:27:13.664578+00:00 ... 
[2026-01-23T17:29:12.643+0000] {external_task.py:244} INFO - Poking for tasks ['save_silver_postgres'] in dag ETL_TASKFLOW on 2026-01-23T16:27:13.664578+00:00 ... 
[2026-01-23T17:30:12.674+0000] {external_task.py:244} INFO - Poking for tasks ['save_silver_postgres'] in dag ETL_TASKFLOW on 2026-01-23T16:27:13.664578+00:00 ... 
[2026-01-23T17:31:12.708+0000] {external_task.py:244} INFO - Poking for tasks ['save_silver_postgres'] in dag ETL_TASKFLOW on 2026-01-23T16:27:13.664578+00:00 ... 
[2026-01-23T17:32:12.776+0000] {external_task.py:244} INFO - Poking for tasks ['save_silver_postgres'] in dag ETL_TASKFLOW on 2026-01-23T16:27:13.664578+00:00 ... 
[2026-01-23T17:33:12.828+0000] {external_task.py:244} INFO - Poking for tasks ['save_silver_postgres'] in dag ETL_TASKFLOW on 2026-01-23T16:27:13.664578+00:00 ... 
[2026-01-23T17:34:12.853+0000] {external_task.py:244} INFO - Poking for tasks ['save_silver_postgres'] in dag ETL_TASKFLOW on 2026-01-23T16:27:13.664578+00:00 ... 
[2026-01-23T17:35:12.931+0000] {external_task.py:244} INFO - Poking for tasks ['save_silver_postgres'] in dag ETL_TASKFLOW on 2026-01-23T16:27:13.664578+00:00 ... 
[2026-01-23T17:36:12.957+0000] {external_task.py:244} INFO - Poking for tasks ['save_silver_postgres'] in dag ETL_TASKFLOW on 2026-01-23T16:27:13.664578+00:00 ... 
[2026-01-23T17:37:13.021+0000] {external_task.py:244} INFO - Poking for tasks ['save_silver_postgres'] in dag ETL_TASKFLOW on 2026-01-23T16:27:13.664578+00:00 ... 
[2026-01-23T17:38:13.058+0000] {external_task.py:244} INFO - Poking for tasks ['save_silver_postgres'] in dag ETL_TASKFLOW on 2026-01-23T16:27:13.664578+00:00 ... 
[2026-01-23T17:39:13.078+0000] {external_task.py:244} INFO - Poking for tasks ['save_silver_postgres'] in dag ETL_TASKFLOW on 2026-01-23T16:27:13.664578+00:00 ... 
[2026-01-23T17:40:13.140+0000] {external_task.py:244} INFO - Poking for tasks ['save_silver_postgres'] in dag ETL_TASKFLOW on 2026-01-23T16:27:13.664578+00:00 ... 
[2026-01-23T17:41:13.187+0000] {external_task.py:244} INFO - Poking for tasks ['save_silver_postgres'] in dag ETL_TASKFLOW on 2026-01-23T16:27:13.664578+00:00 ... 
[2026-01-23T17:41:13.205+0000] {taskinstance.py:2698} ERROR - Task failed with exception
Traceback (most recent call last):
  File "/home/airflow/.local/lib/python3.8/site-packages/airflow/models/taskinstance.py", line 433, in _execute_task
    result = execute_callable(context=context, **execute_callable_kwargs)
  File "/home/airflow/.local/lib/python3.8/site-packages/airflow/sensors/external_task.py", line 334, in execute
    super().execute(context)
  File "/home/airflow/.local/lib/python3.8/site-packages/airflow/sensors/base.py", line 282, in execute
    raise AirflowSensorTimeout(message)
airflow.exceptions.AirflowSensorTimeout: Sensor has timed out; run duration of 900.7009355289993 seconds exceeds the specified timeout of 900.0.
[2026-01-23T17:41:13.222+0000] {taskinstance.py:1138} INFO - Immediate failure requested. Marking task as FAILED. dag_id=ml_pipeline, task_id=wait_for_etl, execution_date=20260123T162713, start_date=20260123T172612, end_date=20260123T174113
[2026-01-23T17:41:13.253+0000] {standard_task_runner.py:107} ERROR - Failed to execute job 54 for task wait_for_etl (Sensor has timed out; run duration of 900.7009355289993 seconds exceeds the specified timeout of 900.0.; 18614)
[2026-01-23T17:41:13.310+0000] {local_task_job_runner.py:234} INFO - Task exited with return code 1
[2026-01-23T17:41:13.364+0000] {taskinstance.py:3280} INFO - 0 downstream tasks scheduled from follow-on schedule check
