[2026-01-21T10:45:15.191+0000] {taskinstance.py:1956} INFO - Dependencies all met for dep_context=non-requeueable deps ti=<TaskInstance: ETL.transform_data scheduled__2026-01-21T10:30:00+00:00 [queued]>
[2026-01-21T10:45:15.202+0000] {taskinstance.py:1956} INFO - Dependencies all met for dep_context=requeueable deps ti=<TaskInstance: ETL.transform_data scheduled__2026-01-21T10:30:00+00:00 [queued]>
[2026-01-21T10:45:15.203+0000] {taskinstance.py:2170} INFO - Starting attempt 1 of 1
[2026-01-21T10:45:15.223+0000] {taskinstance.py:2191} INFO - Executing <Task(PythonOperator): transform_data> on 2026-01-21 10:30:00+00:00
[2026-01-21T10:45:15.228+0000] {standard_task_runner.py:60} INFO - Started process 981 to run task
[2026-01-21T10:45:15.233+0000] {standard_task_runner.py:87} INFO - Running: ['***', 'tasks', 'run', 'ETL', 'transform_data', 'scheduled__2026-01-21T10:30:00+00:00', '--job-id', '12', '--raw', '--subdir', 'DAGS_FOLDER/ETL.py', '--cfg-path', '/tmp/tmpo1m5pd3j']
[2026-01-21T10:45:15.236+0000] {standard_task_runner.py:88} INFO - Job 12: Subtask transform_data
[2026-01-21T10:45:15.283+0000] {task_command.py:423} INFO - Running <TaskInstance: ETL.transform_data scheduled__2026-01-21T10:30:00+00:00 [running]> on host d6a8c67c486d
[2026-01-21T10:45:15.378+0000] {taskinstance.py:2480} INFO - Exporting env vars: AIRFLOW_CTX_DAG_OWNER='***' AIRFLOW_CTX_DAG_ID='ETL' AIRFLOW_CTX_TASK_ID='transform_data' AIRFLOW_CTX_EXECUTION_DATE='2026-01-21T10:30:00+00:00' AIRFLOW_CTX_TRY_NUMBER='1' AIRFLOW_CTX_DAG_RUN_ID='scheduled__2026-01-21T10:30:00+00:00'
[2026-01-21T10:45:22.909+0000] {logging_mixin.py:188} INFO - open_time : you dont have any null values
[2026-01-21T10:45:23.173+0000] {logging_mixin.py:188} INFO - open : you dont have any null values
[2026-01-21T10:45:23.363+0000] {logging_mixin.py:188} INFO - high : you dont have any null values
[2026-01-21T10:45:23.521+0000] {logging_mixin.py:188} INFO - low : you dont have any null values
[2026-01-21T10:45:23.659+0000] {logging_mixin.py:188} INFO - close : you dont have any null values
[2026-01-21T10:45:23.819+0000] {logging_mixin.py:188} INFO - volume : you dont have any null values
[2026-01-21T10:45:23.987+0000] {logging_mixin.py:188} INFO - close_time : you dont have any null values
[2026-01-21T10:45:24.136+0000] {logging_mixin.py:188} INFO - quote_asset_volume : you dont have any null values
[2026-01-21T10:45:24.269+0000] {logging_mixin.py:188} INFO - number_of_trades : you dont have any null values
[2026-01-21T10:45:24.395+0000] {logging_mixin.py:188} INFO - taker_buy_base_volume : you dont have any null values
[2026-01-21T10:45:24.510+0000] {logging_mixin.py:188} INFO - taker_buy_quote_volume : you dont have any null values
[2026-01-21T10:45:24.674+0000] {logging_mixin.py:188} INFO - ignore : you dont have any null values
[2026-01-21T10:45:25.568+0000] {logging_mixin.py:188} INFO - you don't have any duplicated values !!
[2026-01-21T10:45:25.908+0000] {logging_mixin.py:188} INFO - open_time : you dont have any null values
[2026-01-21T10:45:26.040+0000] {logging_mixin.py:188} INFO - open : you dont have any null values
[2026-01-21T10:45:26.160+0000] {logging_mixin.py:188} INFO - high : you dont have any null values
[2026-01-21T10:45:26.258+0000] {logging_mixin.py:188} INFO - low : you dont have any null values
[2026-01-21T10:45:26.379+0000] {logging_mixin.py:188} INFO - close : you dont have any null values
[2026-01-21T10:45:26.480+0000] {logging_mixin.py:188} INFO - volume : you dont have any null values
[2026-01-21T10:45:26.595+0000] {logging_mixin.py:188} INFO - close_time : you dont have any null values
[2026-01-21T10:45:26.692+0000] {logging_mixin.py:188} INFO - quote_asset_volume : you dont have any null values
[2026-01-21T10:45:26.801+0000] {logging_mixin.py:188} INFO - number_of_trades : you dont have any null values
[2026-01-21T10:45:26.904+0000] {logging_mixin.py:188} INFO - taker_buy_base_volume : you dont have any null values
[2026-01-21T10:45:27.013+0000] {logging_mixin.py:188} INFO - taker_buy_quote_volume : you dont have any null values
[2026-01-21T10:45:27.347+0000] {logging_mixin.py:188} INFO - Column close_t_plus_10 has 10 null values (1.00%)
[2026-01-21T10:45:27.764+0000] {logging_mixin.py:188} INFO - open_time : you dont have any null values
[2026-01-21T10:45:27.986+0000] {logging_mixin.py:188} INFO - open : you dont have any null values
[2026-01-21T10:45:28.141+0000] {logging_mixin.py:188} INFO - high : you dont have any null values
[2026-01-21T10:45:28.272+0000] {logging_mixin.py:188} INFO - low : you dont have any null values
[2026-01-21T10:45:28.433+0000] {logging_mixin.py:188} INFO - close : you dont have any null values
[2026-01-21T10:45:28.576+0000] {logging_mixin.py:188} INFO - volume : you dont have any null values
[2026-01-21T10:45:28.738+0000] {logging_mixin.py:188} INFO - close_time : you dont have any null values
[2026-01-21T10:45:28.861+0000] {logging_mixin.py:188} INFO - quote_asset_volume : you dont have any null values
[2026-01-21T10:45:28.993+0000] {logging_mixin.py:188} INFO - number_of_trades : you dont have any null values
[2026-01-21T10:45:29.126+0000] {logging_mixin.py:188} INFO - taker_buy_base_volume : you dont have any null values
[2026-01-21T10:45:29.237+0000] {logging_mixin.py:188} INFO - taker_buy_quote_volume : you dont have any null values
[2026-01-21T10:45:29.393+0000] {logging_mixin.py:188} INFO - close_t_plus_10 : you dont have any null values
[2026-01-21T10:45:29.564+0000] {logging_mixin.py:188} INFO - Column prev_close has 1 null values (0.10%)
[2026-01-21T10:45:29.742+0000] {logging_mixin.py:188} INFO - return : you dont have any null values
[2026-01-21T10:45:30.066+0000] {logging_mixin.py:188} INFO - open_time : you dont have any null values
[2026-01-21T10:45:30.230+0000] {logging_mixin.py:188} INFO - open : you dont have any null values
[2026-01-21T10:45:30.350+0000] {logging_mixin.py:188} INFO - high : you dont have any null values
[2026-01-21T10:45:30.481+0000] {logging_mixin.py:188} INFO - low : you dont have any null values
[2026-01-21T10:45:30.616+0000] {logging_mixin.py:188} INFO - close : you dont have any null values
[2026-01-21T10:45:30.777+0000] {logging_mixin.py:188} INFO - volume : you dont have any null values
[2026-01-21T10:45:30.995+0000] {logging_mixin.py:188} INFO - close_time : you dont have any null values
[2026-01-21T10:45:31.169+0000] {logging_mixin.py:188} INFO - quote_asset_volume : you dont have any null values
[2026-01-21T10:45:31.312+0000] {logging_mixin.py:188} INFO - number_of_trades : you dont have any null values
[2026-01-21T10:45:31.448+0000] {logging_mixin.py:188} INFO - taker_buy_base_volume : you dont have any null values
[2026-01-21T10:45:31.590+0000] {logging_mixin.py:188} INFO - taker_buy_quote_volume : you dont have any null values
[2026-01-21T10:45:31.724+0000] {logging_mixin.py:188} INFO - close_t_plus_10 : you dont have any null values
[2026-01-21T10:45:31.864+0000] {logging_mixin.py:188} INFO - prev_close : you dont have any null values
[2026-01-21T10:45:31.982+0000] {logging_mixin.py:188} INFO - return : you dont have any null values
[2026-01-21T10:45:32.183+0000] {logging_mixin.py:188} INFO - MA_5 : you dont have any null values
[2026-01-21T10:45:32.432+0000] {logging_mixin.py:188} INFO - open_time : you dont have any null values
[2026-01-21T10:45:32.567+0000] {logging_mixin.py:188} INFO - open : you dont have any null values
[2026-01-21T10:45:32.700+0000] {logging_mixin.py:188} INFO - high : you dont have any null values
[2026-01-21T10:45:32.845+0000] {logging_mixin.py:188} INFO - low : you dont have any null values
[2026-01-21T10:45:32.964+0000] {logging_mixin.py:188} INFO - close : you dont have any null values
[2026-01-21T10:45:33.129+0000] {logging_mixin.py:188} INFO - volume : you dont have any null values
[2026-01-21T10:45:33.260+0000] {logging_mixin.py:188} INFO - close_time : you dont have any null values
[2026-01-21T10:45:33.382+0000] {logging_mixin.py:188} INFO - quote_asset_volume : you dont have any null values
[2026-01-21T10:45:33.496+0000] {logging_mixin.py:188} INFO - number_of_trades : you dont have any null values
[2026-01-21T10:45:33.607+0000] {logging_mixin.py:188} INFO - taker_buy_base_volume : you dont have any null values
[2026-01-21T10:45:33.715+0000] {logging_mixin.py:188} INFO - taker_buy_quote_volume : you dont have any null values
[2026-01-21T10:45:33.809+0000] {logging_mixin.py:188} INFO - close_t_plus_10 : you dont have any null values
[2026-01-21T10:45:33.926+0000] {logging_mixin.py:188} INFO - prev_close : you dont have any null values
[2026-01-21T10:45:34.036+0000] {logging_mixin.py:188} INFO - return : you dont have any null values
[2026-01-21T10:45:34.154+0000] {logging_mixin.py:188} INFO - MA_5 : you dont have any null values
[2026-01-21T10:45:34.263+0000] {logging_mixin.py:188} INFO - MA_10 : you dont have any null values
[2026-01-21T10:45:34.484+0000] {logging_mixin.py:188} INFO - open_time : you dont have any null values
[2026-01-21T10:45:34.582+0000] {logging_mixin.py:188} INFO - open : you dont have any null values
[2026-01-21T10:45:34.688+0000] {logging_mixin.py:188} INFO - high : you dont have any null values
[2026-01-21T10:45:34.813+0000] {logging_mixin.py:188} INFO - low : you dont have any null values
[2026-01-21T10:45:34.914+0000] {logging_mixin.py:188} INFO - close : you dont have any null values
[2026-01-21T10:45:35.046+0000] {logging_mixin.py:188} INFO - volume : you dont have any null values
[2026-01-21T10:45:35.151+0000] {logging_mixin.py:188} INFO - close_time : you dont have any null values
[2026-01-21T10:45:35.265+0000] {logging_mixin.py:188} INFO - quote_asset_volume : you dont have any null values
[2026-01-21T10:45:35.387+0000] {logging_mixin.py:188} INFO - number_of_trades : you dont have any null values
[2026-01-21T10:45:35.490+0000] {logging_mixin.py:188} INFO - taker_buy_base_volume : you dont have any null values
[2026-01-21T10:45:35.571+0000] {logging_mixin.py:188} INFO - taker_buy_quote_volume : you dont have any null values
[2026-01-21T10:45:35.682+0000] {logging_mixin.py:188} INFO - close_t_plus_10 : you dont have any null values
[2026-01-21T10:45:35.781+0000] {logging_mixin.py:188} INFO - prev_close : you dont have any null values
[2026-01-21T10:45:35.899+0000] {logging_mixin.py:188} INFO - return : you dont have any null values
[2026-01-21T10:45:36.028+0000] {logging_mixin.py:188} INFO - MA_5 : you dont have any null values
[2026-01-21T10:45:36.150+0000] {logging_mixin.py:188} INFO - MA_10 : you dont have any null values
[2026-01-21T10:45:36.305+0000] {logging_mixin.py:188} INFO - taker_ratio : you dont have any null values
[2026-01-21T10:45:36.929+0000] {python.py:201} INFO - Done. Returned value was: None
[2026-01-21T10:45:36.946+0000] {taskinstance.py:1138} INFO - Marking task as SUCCESS. dag_id=ETL, task_id=transform_data, execution_date=20260121T103000, start_date=20260121T104515, end_date=20260121T104536
[2026-01-21T10:45:36.997+0000] {local_task_job_runner.py:234} INFO - Task exited with return code 0
[2026-01-21T10:45:37.022+0000] {taskinstance.py:3280} INFO - 0 downstream tasks scheduled from follow-on schedule check
