[2026-01-23T16:08:35.690+0000] {taskinstance.py:1956} INFO - Dependencies all met for dep_context=non-requeueable deps ti=<TaskInstance: ml_pipeline.train_random_forest scheduled__2026-01-23T14:15:00+00:00 [queued]>
[2026-01-23T16:08:35.702+0000] {taskinstance.py:1956} INFO - Dependencies all met for dep_context=requeueable deps ti=<TaskInstance: ml_pipeline.train_random_forest scheduled__2026-01-23T14:15:00+00:00 [queued]>
[2026-01-23T16:08:35.703+0000] {taskinstance.py:2170} INFO - Starting attempt 1 of 2
[2026-01-23T16:08:35.718+0000] {taskinstance.py:2191} INFO - Executing <Task(PythonOperator): train_random_forest> on 2026-01-23 14:15:00+00:00
[2026-01-23T16:08:35.727+0000] {standard_task_runner.py:60} INFO - Started process 13987 to run task
[2026-01-23T16:08:35.732+0000] {standard_task_runner.py:87} INFO - Running: ['***', 'tasks', 'run', 'ml_pipeline', 'train_random_forest', 'scheduled__2026-01-23T14:15:00+00:00', '--job-id', '41', '--raw', '--subdir', 'DAGS_FOLDER/ml_pipeline.py', '--cfg-path', '/tmp/tmp5tzw0l8k']
[2026-01-23T16:08:35.735+0000] {standard_task_runner.py:88} INFO - Job 41: Subtask train_random_forest
[2026-01-23T16:08:35.788+0000] {task_command.py:423} INFO - Running <TaskInstance: ml_pipeline.train_random_forest scheduled__2026-01-23T14:15:00+00:00 [running]> on host d6104de25333
[2026-01-23T16:08:35.882+0000] {taskinstance.py:2480} INFO - Exporting env vars: AIRFLOW_CTX_DAG_OWNER='***' AIRFLOW_CTX_DAG_ID='ml_pipeline' AIRFLOW_CTX_TASK_ID='train_random_forest' AIRFLOW_CTX_EXECUTION_DATE='2026-01-23T14:15:00+00:00' AIRFLOW_CTX_TRY_NUMBER='1' AIRFLOW_CTX_DAG_RUN_ID='scheduled__2026-01-23T14:15:00+00:00'
[2026-01-23T16:08:35.885+0000] {logging_mixin.py:188} INFO - 
==================================================
[2026-01-23T16:08:35.885+0000] {logging_mixin.py:188} INFO - TRAINING - RANDOM FOREST
[2026-01-23T16:08:35.886+0000] {logging_mixin.py:188} INFO - ==================================================
[2026-01-23T16:08:42.978+0000] {logging_mixin.py:188} INFO - 
Configuration:
[2026-01-23T16:08:42.979+0000] {logging_mixin.py:188} INFO -   Arbres: 100
[2026-01-23T16:08:42.980+0000] {logging_mixin.py:188} INFO -   Profondeur max: 10
[2026-01-23T16:08:42.981+0000] {logging_mixin.py:188} INFO -   Min instances/noeud: 5
[2026-01-23T16:08:43.035+0000] {logging_mixin.py:188} INFO - 
Entraînement en cours...
[2026-01-23T16:08:51.007+0000] {logging_mixin.py:188} INFO - ✓ Modèle sauvegardé: /opt/***/data/models/random_forest
[2026-01-23T16:08:51.008+0000] {logging_mixin.py:188} INFO - ==================================================
[2026-01-23T16:08:51.010+0000] {python.py:201} INFO - Done. Returned value was: None
[2026-01-23T16:08:51.033+0000] {taskinstance.py:1138} INFO - Marking task as SUCCESS. dag_id=ml_pipeline, task_id=train_random_forest, execution_date=20260123T141500, start_date=20260123T160835, end_date=20260123T160851
[2026-01-23T16:08:51.106+0000] {local_task_job_runner.py:234} INFO - Task exited with return code 0
[2026-01-23T16:08:51.147+0000] {taskinstance.py:3280} INFO - 1 downstream tasks scheduled from follow-on schedule check
