[2026-01-23T16:25:35.473+0000] {taskinstance.py:1956} INFO - Dependencies all met for dep_context=non-requeueable deps ti=<TaskInstance: ml_pipeline.evaluate_random_forest scheduled__2026-01-23T14:15:00+00:00 [queued]>
[2026-01-23T16:25:35.483+0000] {taskinstance.py:1956} INFO - Dependencies all met for dep_context=requeueable deps ti=<TaskInstance: ml_pipeline.evaluate_random_forest scheduled__2026-01-23T14:15:00+00:00 [queued]>
[2026-01-23T16:25:35.484+0000] {taskinstance.py:2170} INFO - Starting attempt 1 of 2
[2026-01-23T16:25:35.500+0000] {taskinstance.py:2191} INFO - Executing <Task(PythonOperator): evaluate_random_forest> on 2026-01-23 14:15:00+00:00
[2026-01-23T16:25:35.507+0000] {standard_task_runner.py:60} INFO - Started process 16670 to run task
[2026-01-23T16:25:35.513+0000] {standard_task_runner.py:87} INFO - Running: ['***', 'tasks', 'run', 'ml_pipeline', 'evaluate_random_forest', 'scheduled__2026-01-23T14:15:00+00:00', '--job-id', '47', '--raw', '--subdir', 'DAGS_FOLDER/ml_pipeline.py', '--cfg-path', '/tmp/tmpkbq7dj56']
[2026-01-23T16:25:35.516+0000] {standard_task_runner.py:88} INFO - Job 47: Subtask evaluate_random_forest
[2026-01-23T16:25:35.573+0000] {task_command.py:423} INFO - Running <TaskInstance: ml_pipeline.evaluate_random_forest scheduled__2026-01-23T14:15:00+00:00 [running]> on host d6104de25333
[2026-01-23T16:25:35.666+0000] {taskinstance.py:2480} INFO - Exporting env vars: AIRFLOW_CTX_DAG_OWNER='***' AIRFLOW_CTX_DAG_ID='ml_pipeline' AIRFLOW_CTX_TASK_ID='evaluate_random_forest' AIRFLOW_CTX_EXECUTION_DATE='2026-01-23T14:15:00+00:00' AIRFLOW_CTX_TRY_NUMBER='1' AIRFLOW_CTX_DAG_RUN_ID='scheduled__2026-01-23T14:15:00+00:00'
[2026-01-23T16:25:35.667+0000] {logging_mixin.py:188} INFO - 
==================================================
[2026-01-23T16:25:35.668+0000] {logging_mixin.py:188} INFO - ÉVALUATION - RANDOM FOREST
[2026-01-23T16:25:35.669+0000] {logging_mixin.py:188} INFO - ==================================================
[2026-01-23T16:25:48.115+0000] {logging_mixin.py:188} INFO - 
Résultats:
[2026-01-23T16:25:48.117+0000] {logging_mixin.py:188} INFO -   RMSE: $0.00
[2026-01-23T16:25:48.119+0000] {logging_mixin.py:188} INFO -   MAE:  $0.00
[2026-01-23T16:25:48.119+0000] {logging_mixin.py:188} INFO -   R²:   -inf
[2026-01-23T16:25:48.120+0000] {logging_mixin.py:188} INFO - 
Exemples de prédictions:
[2026-01-23T16:25:48.425+0000] {logging_mixin.py:188} INFO - +---------------+-----------------+
|close_t_plus_10|prediction       |
+---------------+-----------------+
|89631.356      |89631.35599999993|
|89631.356      |89631.35599999993|
|89631.356      |89631.35599999993|
|89631.356      |89631.35599999993|
|89631.356      |89631.35599999993|
+---------------+-----------------+
only showing top 5 rows
[2026-01-23T16:25:48.426+0000] {logging_mixin.py:188} INFO - ==================================================
[2026-01-23T16:25:48.427+0000] {python.py:201} INFO - Done. Returned value was: None
[2026-01-23T16:25:48.448+0000] {taskinstance.py:1138} INFO - Marking task as SUCCESS. dag_id=ml_pipeline, task_id=evaluate_random_forest, execution_date=20260123T141500, start_date=20260123T162535, end_date=20260123T162548
[2026-01-23T16:25:48.493+0000] {local_task_job_runner.py:234} INFO - Task exited with return code 0
[2026-01-23T16:25:48.526+0000] {taskinstance.py:3280} INFO - 0 downstream tasks scheduled from follow-on schedule check
