[2026-01-21T11:37:08.631+0000] {taskinstance.py:1956} INFO - Dependencies all met for dep_context=non-requeueable deps ti=<TaskInstance: ETL.transform_data manual__2026-01-21T11:36:51.964992+00:00 [queued]>
[2026-01-21T11:37:08.641+0000] {taskinstance.py:1956} INFO - Dependencies all met for dep_context=requeueable deps ti=<TaskInstance: ETL.transform_data manual__2026-01-21T11:36:51.964992+00:00 [queued]>
[2026-01-21T11:37:08.641+0000] {taskinstance.py:2170} INFO - Starting attempt 1 of 1
[2026-01-21T11:37:08.659+0000] {taskinstance.py:2191} INFO - Executing <Task(PythonOperator): transform_data> on 2026-01-21 11:36:51.964992+00:00
[2026-01-21T11:37:08.663+0000] {standard_task_runner.py:60} INFO - Started process 3619 to run task
[2026-01-21T11:37:08.668+0000] {standard_task_runner.py:87} INFO - Running: ['***', 'tasks', 'run', 'ETL', 'transform_data', 'manual__2026-01-21T11:36:51.964992+00:00', '--job-id', '21', '--raw', '--subdir', 'DAGS_FOLDER/ETL.py', '--cfg-path', '/tmp/tmp8m2c8xvm']
[2026-01-21T11:37:08.671+0000] {standard_task_runner.py:88} INFO - Job 21: Subtask transform_data
[2026-01-21T11:37:08.719+0000] {task_command.py:423} INFO - Running <TaskInstance: ETL.transform_data manual__2026-01-21T11:36:51.964992+00:00 [running]> on host d6a8c67c486d
[2026-01-21T11:37:08.800+0000] {taskinstance.py:2480} INFO - Exporting env vars: AIRFLOW_CTX_DAG_OWNER='***' AIRFLOW_CTX_DAG_ID='ETL' AIRFLOW_CTX_TASK_ID='transform_data' AIRFLOW_CTX_EXECUTION_DATE='2026-01-21T11:36:51.964992+00:00' AIRFLOW_CTX_TRY_NUMBER='1' AIRFLOW_CTX_DAG_RUN_ID='manual__2026-01-21T11:36:51.964992+00:00'
[2026-01-21T11:37:16.201+0000] {logging_mixin.py:188} INFO - open_time : you dont have any null values
[2026-01-21T11:37:16.454+0000] {logging_mixin.py:188} INFO - open : you dont have any null values
[2026-01-21T11:37:16.633+0000] {logging_mixin.py:188} INFO - high : you dont have any null values
[2026-01-21T11:37:16.793+0000] {logging_mixin.py:188} INFO - low : you dont have any null values
[2026-01-21T11:37:16.970+0000] {logging_mixin.py:188} INFO - close : you dont have any null values
[2026-01-21T11:37:17.117+0000] {logging_mixin.py:188} INFO - volume : you dont have any null values
[2026-01-21T11:37:17.299+0000] {logging_mixin.py:188} INFO - close_time : you dont have any null values
[2026-01-21T11:37:17.431+0000] {logging_mixin.py:188} INFO - quote_asset_volume : you dont have any null values
[2026-01-21T11:37:17.576+0000] {logging_mixin.py:188} INFO - number_of_trades : you dont have any null values
[2026-01-21T11:37:17.721+0000] {logging_mixin.py:188} INFO - taker_buy_base_volume : you dont have any null values
[2026-01-21T11:37:17.854+0000] {logging_mixin.py:188} INFO - taker_buy_quote_volume : you dont have any null values
[2026-01-21T11:37:18.045+0000] {logging_mixin.py:188} INFO - ignore : you dont have any null values
[2026-01-21T11:37:18.926+0000] {logging_mixin.py:188} INFO - you don't have any duplicated values !!
[2026-01-21T11:37:19.240+0000] {logging_mixin.py:188} INFO - open_time : you dont have any null values
[2026-01-21T11:37:19.389+0000] {logging_mixin.py:188} INFO - open : you dont have any null values
[2026-01-21T11:37:19.525+0000] {logging_mixin.py:188} INFO - high : you dont have any null values
[2026-01-21T11:37:19.642+0000] {logging_mixin.py:188} INFO - low : you dont have any null values
[2026-01-21T11:37:19.764+0000] {logging_mixin.py:188} INFO - close : you dont have any null values
[2026-01-21T11:37:19.868+0000] {logging_mixin.py:188} INFO - volume : you dont have any null values
[2026-01-21T11:37:20.008+0000] {logging_mixin.py:188} INFO - close_time : you dont have any null values
[2026-01-21T11:37:20.118+0000] {logging_mixin.py:188} INFO - quote_asset_volume : you dont have any null values
[2026-01-21T11:37:20.255+0000] {logging_mixin.py:188} INFO - number_of_trades : you dont have any null values
[2026-01-21T11:37:20.390+0000] {logging_mixin.py:188} INFO - taker_buy_base_volume : you dont have any null values
[2026-01-21T11:37:20.512+0000] {logging_mixin.py:188} INFO - taker_buy_quote_volume : you dont have any null values
[2026-01-21T11:37:20.844+0000] {logging_mixin.py:188} INFO - Column close_t_plus_10 has 10 null values (1.00%)
[2026-01-21T11:37:21.250+0000] {logging_mixin.py:188} INFO - open_time : you dont have any null values
[2026-01-21T11:37:21.482+0000] {logging_mixin.py:188} INFO - open : you dont have any null values
[2026-01-21T11:37:21.627+0000] {logging_mixin.py:188} INFO - high : you dont have any null values
[2026-01-21T11:37:21.754+0000] {logging_mixin.py:188} INFO - low : you dont have any null values
[2026-01-21T11:37:21.900+0000] {logging_mixin.py:188} INFO - close : you dont have any null values
[2026-01-21T11:37:22.063+0000] {logging_mixin.py:188} INFO - volume : you dont have any null values
[2026-01-21T11:37:22.226+0000] {logging_mixin.py:188} INFO - close_time : you dont have any null values
[2026-01-21T11:37:22.419+0000] {logging_mixin.py:188} INFO - quote_asset_volume : you dont have any null values
[2026-01-21T11:37:22.574+0000] {logging_mixin.py:188} INFO - number_of_trades : you dont have any null values
[2026-01-21T11:37:22.696+0000] {logging_mixin.py:188} INFO - taker_buy_base_volume : you dont have any null values
[2026-01-21T11:37:22.822+0000] {logging_mixin.py:188} INFO - taker_buy_quote_volume : you dont have any null values
[2026-01-21T11:37:22.983+0000] {logging_mixin.py:188} INFO - close_t_plus_10 : you dont have any null values
[2026-01-21T11:37:23.158+0000] {logging_mixin.py:188} INFO - Column prev_close has 1 null values (0.10%)
[2026-01-21T11:37:23.347+0000] {logging_mixin.py:188} INFO - return : you dont have any null values
[2026-01-21T11:37:23.693+0000] {logging_mixin.py:188} INFO - open_time : you dont have any null values
[2026-01-21T11:37:23.895+0000] {logging_mixin.py:188} INFO - open : you dont have any null values
[2026-01-21T11:37:24.066+0000] {logging_mixin.py:188} INFO - high : you dont have any null values
[2026-01-21T11:37:24.196+0000] {logging_mixin.py:188} INFO - low : you dont have any null values
[2026-01-21T11:37:24.360+0000] {logging_mixin.py:188} INFO - close : you dont have any null values
[2026-01-21T11:37:24.536+0000] {logging_mixin.py:188} INFO - volume : you dont have any null values
[2026-01-21T11:37:24.726+0000] {logging_mixin.py:188} INFO - close_time : you dont have any null values
[2026-01-21T11:37:24.868+0000] {logging_mixin.py:188} INFO - quote_asset_volume : you dont have any null values
[2026-01-21T11:37:24.995+0000] {logging_mixin.py:188} INFO - number_of_trades : you dont have any null values
[2026-01-21T11:37:25.134+0000] {logging_mixin.py:188} INFO - taker_buy_base_volume : you dont have any null values
[2026-01-21T11:37:25.253+0000] {logging_mixin.py:188} INFO - taker_buy_quote_volume : you dont have any null values
[2026-01-21T11:37:25.386+0000] {logging_mixin.py:188} INFO - close_t_plus_10 : you dont have any null values
[2026-01-21T11:37:25.511+0000] {logging_mixin.py:188} INFO - prev_close : you dont have any null values
[2026-01-21T11:37:25.637+0000] {logging_mixin.py:188} INFO - return : you dont have any null values
[2026-01-21T11:37:25.850+0000] {logging_mixin.py:188} INFO - MA_5 : you dont have any null values
[2026-01-21T11:37:26.119+0000] {logging_mixin.py:188} INFO - open_time : you dont have any null values
[2026-01-21T11:37:26.239+0000] {logging_mixin.py:188} INFO - open : you dont have any null values
[2026-01-21T11:37:26.357+0000] {logging_mixin.py:188} INFO - high : you dont have any null values
[2026-01-21T11:37:26.510+0000] {logging_mixin.py:188} INFO - low : you dont have any null values
[2026-01-21T11:37:26.635+0000] {logging_mixin.py:188} INFO - close : you dont have any null values
[2026-01-21T11:37:26.746+0000] {logging_mixin.py:188} INFO - volume : you dont have any null values
[2026-01-21T11:37:26.868+0000] {logging_mixin.py:188} INFO - close_time : you dont have any null values
[2026-01-21T11:37:26.990+0000] {logging_mixin.py:188} INFO - quote_asset_volume : you dont have any null values
[2026-01-21T11:37:27.103+0000] {logging_mixin.py:188} INFO - number_of_trades : you dont have any null values
[2026-01-21T11:37:27.220+0000] {logging_mixin.py:188} INFO - taker_buy_base_volume : you dont have any null values
[2026-01-21T11:37:27.336+0000] {logging_mixin.py:188} INFO - taker_buy_quote_volume : you dont have any null values
[2026-01-21T11:37:27.449+0000] {logging_mixin.py:188} INFO - close_t_plus_10 : you dont have any null values
[2026-01-21T11:37:27.609+0000] {logging_mixin.py:188} INFO - prev_close : you dont have any null values
[2026-01-21T11:37:27.717+0000] {logging_mixin.py:188} INFO - return : you dont have any null values
[2026-01-21T11:37:27.839+0000] {logging_mixin.py:188} INFO - MA_5 : you dont have any null values
[2026-01-21T11:37:27.963+0000] {logging_mixin.py:188} INFO - MA_10 : you dont have any null values
[2026-01-21T11:37:28.180+0000] {logging_mixin.py:188} INFO - open_time : you dont have any null values
[2026-01-21T11:37:28.288+0000] {logging_mixin.py:188} INFO - open : you dont have any null values
[2026-01-21T11:37:28.393+0000] {logging_mixin.py:188} INFO - high : you dont have any null values
[2026-01-21T11:37:28.507+0000] {logging_mixin.py:188} INFO - low : you dont have any null values
[2026-01-21T11:37:28.621+0000] {logging_mixin.py:188} INFO - close : you dont have any null values
[2026-01-21T11:37:28.738+0000] {logging_mixin.py:188} INFO - volume : you dont have any null values
[2026-01-21T11:37:28.860+0000] {logging_mixin.py:188} INFO - close_time : you dont have any null values
[2026-01-21T11:37:28.993+0000] {logging_mixin.py:188} INFO - quote_asset_volume : you dont have any null values
[2026-01-21T11:37:29.101+0000] {logging_mixin.py:188} INFO - number_of_trades : you dont have any null values
[2026-01-21T11:37:29.207+0000] {logging_mixin.py:188} INFO - taker_buy_base_volume : you dont have any null values
[2026-01-21T11:37:29.324+0000] {logging_mixin.py:188} INFO - taker_buy_quote_volume : you dont have any null values
[2026-01-21T11:37:29.429+0000] {logging_mixin.py:188} INFO - close_t_plus_10 : you dont have any null values
[2026-01-21T11:37:29.547+0000] {logging_mixin.py:188} INFO - prev_close : you dont have any null values
[2026-01-21T11:37:29.663+0000] {logging_mixin.py:188} INFO - return : you dont have any null values
[2026-01-21T11:37:29.772+0000] {logging_mixin.py:188} INFO - MA_5 : you dont have any null values
[2026-01-21T11:37:29.890+0000] {logging_mixin.py:188} INFO - MA_10 : you dont have any null values
[2026-01-21T11:37:30.069+0000] {logging_mixin.py:188} INFO - taker_ratio : you dont have any null values
[2026-01-21T11:37:30.717+0000] {python.py:201} INFO - Done. Returned value was: None
[2026-01-21T11:37:30.735+0000] {taskinstance.py:1138} INFO - Marking task as SUCCESS. dag_id=ETL, task_id=transform_data, execution_date=20260121T113651, start_date=20260121T113708, end_date=20260121T113730
[2026-01-21T11:37:30.798+0000] {local_task_job_runner.py:234} INFO - Task exited with return code 0
[2026-01-21T11:37:30.828+0000] {taskinstance.py:3280} INFO - 0 downstream tasks scheduled from follow-on schedule check
