[2026-01-23T18:28:08.096+0000] {taskinstance.py:1956} INFO - Dependencies all met for dep_context=non-requeueable deps ti=<TaskInstance: ml_pipeline.prepare_data manual__2026-01-23T18:17:46.584008+00:00 [queued]>
[2026-01-23T18:28:08.109+0000] {taskinstance.py:1956} INFO - Dependencies all met for dep_context=requeueable deps ti=<TaskInstance: ml_pipeline.prepare_data manual__2026-01-23T18:17:46.584008+00:00 [queued]>
[2026-01-23T18:28:08.109+0000] {taskinstance.py:2170} INFO - Starting attempt 1 of 2
[2026-01-23T18:28:08.126+0000] {taskinstance.py:2191} INFO - Executing <Task(PythonOperator): prepare_data> on 2026-01-23 18:17:46.584008+00:00
[2026-01-23T18:28:08.133+0000] {standard_task_runner.py:60} INFO - Started process 1156 to run task
[2026-01-23T18:28:08.141+0000] {standard_task_runner.py:87} INFO - Running: ['***', 'tasks', 'run', 'ml_pipeline', 'prepare_data', 'manual__2026-01-23T18:17:46.584008+00:00', '--job-id', '187', '--raw', '--subdir', 'DAGS_FOLDER/ml_pipeline.py', '--cfg-path', '/tmp/tmpz9h_6poa']
[2026-01-23T18:28:08.145+0000] {standard_task_runner.py:88} INFO - Job 187: Subtask prepare_data
[2026-01-23T18:28:08.215+0000] {task_command.py:423} INFO - Running <TaskInstance: ml_pipeline.prepare_data manual__2026-01-23T18:17:46.584008+00:00 [running]> on host 29e73cfdca90
[2026-01-23T18:28:08.313+0000] {taskinstance.py:2480} INFO - Exporting env vars: AIRFLOW_CTX_DAG_OWNER='***' AIRFLOW_CTX_DAG_ID='ml_pipeline' AIRFLOW_CTX_TASK_ID='prepare_data' AIRFLOW_CTX_EXECUTION_DATE='2026-01-23T18:17:46.584008+00:00' AIRFLOW_CTX_TRY_NUMBER='1' AIRFLOW_CTX_DAG_RUN_ID='manual__2026-01-23T18:17:46.584008+00:00'
[2026-01-23T18:28:14.801+0000] {logging_mixin.py:188} INFO - ==================================================
[2026-01-23T18:28:14.802+0000] {logging_mixin.py:188} INFO - Préparation des données
[2026-01-23T18:28:14.802+0000] {logging_mixin.py:188} INFO - ==================================================
[2026-01-23T18:28:14.842+0000] {logging_mixin.py:188} INFO - ✓ Toutes les colonnes présentes
[2026-01-23T18:28:20.479+0000] {logging_mixin.py:188} INFO - 
Split: 80% train / 19% test
[2026-01-23T18:28:21.106+0000] {logging_mixin.py:188} INFO -   Train: 156 lignes
[2026-01-23T18:28:21.492+0000] {logging_mixin.py:188} INFO -   Test:  39 lignes
[2026-01-23T18:28:22.904+0000] {logging_mixin.py:188} INFO - ✓ Pas de fuite temporelle
[2026-01-23T18:28:22.904+0000] {logging_mixin.py:188} INFO - ==================================================
[2026-01-23T18:28:25.157+0000] {python.py:201} INFO - Done. Returned value was: None
[2026-01-23T18:28:25.175+0000] {taskinstance.py:1138} INFO - Marking task as SUCCESS. dag_id=ml_pipeline, task_id=prepare_data, execution_date=20260123T181746, start_date=20260123T182808, end_date=20260123T182825
[2026-01-23T18:28:25.237+0000] {local_task_job_runner.py:234} INFO - Task exited with return code 0
[2026-01-23T18:28:25.275+0000] {taskinstance.py:3280} INFO - 1 downstream tasks scheduled from follow-on schedule check
