[2026-01-23T18:16:31.900+0000] {taskinstance.py:1956} INFO - Dependencies all met for dep_context=non-requeueable deps ti=<TaskInstance: ml_pipeline.prepare_data scheduled__2026-01-23T18:00:00+00:00 [queued]>
[2026-01-23T18:16:31.918+0000] {taskinstance.py:1956} INFO - Dependencies all met for dep_context=requeueable deps ti=<TaskInstance: ml_pipeline.prepare_data scheduled__2026-01-23T18:00:00+00:00 [queued]>
[2026-01-23T18:16:31.919+0000] {taskinstance.py:2170} INFO - Starting attempt 1 of 2
[2026-01-23T18:16:31.948+0000] {taskinstance.py:2191} INFO - Executing <Task(PythonOperator): prepare_data> on 2026-01-23 18:00:00+00:00
[2026-01-23T18:16:31.959+0000] {standard_task_runner.py:60} INFO - Started process 155 to run task
[2026-01-23T18:16:31.965+0000] {standard_task_runner.py:87} INFO - Running: ['***', 'tasks', 'run', 'ml_pipeline', 'prepare_data', 'scheduled__2026-01-23T18:00:00+00:00', '--job-id', '110', '--raw', '--subdir', 'DAGS_FOLDER/ml_pipeline.py', '--cfg-path', '/tmp/tmpnnz8lygq']
[2026-01-23T18:16:31.968+0000] {standard_task_runner.py:88} INFO - Job 110: Subtask prepare_data
[2026-01-23T18:16:32.052+0000] {task_command.py:423} INFO - Running <TaskInstance: ml_pipeline.prepare_data scheduled__2026-01-23T18:00:00+00:00 [running]> on host f2c086da0204
[2026-01-23T18:16:32.201+0000] {taskinstance.py:2480} INFO - Exporting env vars: AIRFLOW_CTX_DAG_OWNER='***' AIRFLOW_CTX_DAG_ID='ml_pipeline' AIRFLOW_CTX_TASK_ID='prepare_data' AIRFLOW_CTX_EXECUTION_DATE='2026-01-23T18:00:00+00:00' AIRFLOW_CTX_TRY_NUMBER='1' AIRFLOW_CTX_DAG_RUN_ID='scheduled__2026-01-23T18:00:00+00:00'
[2026-01-23T18:16:41.433+0000] {logging_mixin.py:188} INFO - ==================================================
[2026-01-23T18:16:41.433+0000] {logging_mixin.py:188} INFO - Préparation des données
[2026-01-23T18:16:41.434+0000] {logging_mixin.py:188} INFO - ==================================================
[2026-01-23T18:16:41.465+0000] {logging_mixin.py:188} INFO - ✓ Toutes les colonnes présentes
[2026-01-23T18:16:48.872+0000] {logging_mixin.py:188} INFO - 
Split: 80% train / 19% test
[2026-01-23T18:16:49.585+0000] {logging_mixin.py:188} INFO -   Train: 156 lignes
[2026-01-23T18:16:50.104+0000] {logging_mixin.py:188} INFO -   Test:  39 lignes
[2026-01-23T18:16:52.182+0000] {logging_mixin.py:188} INFO - ✓ Pas de fuite temporelle
[2026-01-23T18:16:52.183+0000] {logging_mixin.py:188} INFO - ==================================================
[2026-01-23T18:16:54.766+0000] {python.py:201} INFO - Done. Returned value was: None
[2026-01-23T18:16:54.788+0000] {taskinstance.py:1138} INFO - Marking task as SUCCESS. dag_id=ml_pipeline, task_id=prepare_data, execution_date=20260123T180000, start_date=20260123T181631, end_date=20260123T181654
[2026-01-23T18:16:54.827+0000] {local_task_job_runner.py:234} INFO - Task exited with return code 0
[2026-01-23T18:16:54.870+0000] {taskinstance.py:3280} INFO - 1 downstream tasks scheduled from follow-on schedule check
