[2026-01-23T11:33:25.267+0000] {taskinstance.py:1956} INFO - Dependencies all met for dep_context=non-requeueable deps ti=<TaskInstance: ml_pipeline.train_models manual__2026-01-23T11:32:44.374859+00:00 [queued]>
[2026-01-23T11:33:25.279+0000] {taskinstance.py:1956} INFO - Dependencies all met for dep_context=requeueable deps ti=<TaskInstance: ml_pipeline.train_models manual__2026-01-23T11:32:44.374859+00:00 [queued]>
[2026-01-23T11:33:25.279+0000] {taskinstance.py:2170} INFO - Starting attempt 1 of 2
[2026-01-23T11:33:25.297+0000] {taskinstance.py:2191} INFO - Executing <Task(PythonOperator): train_models> on 2026-01-23 11:32:44.374859+00:00
[2026-01-23T11:33:25.307+0000] {standard_task_runner.py:60} INFO - Started process 6721 to run task
[2026-01-23T11:33:25.313+0000] {standard_task_runner.py:87} INFO - Running: ['***', 'tasks', 'run', 'ml_pipeline', 'train_models', 'manual__2026-01-23T11:32:44.374859+00:00', '--job-id', '20', '--raw', '--subdir', 'DAGS_FOLDER/ml_pipeline.py', '--cfg-path', '/tmp/tmp6gshmjju']
[2026-01-23T11:33:25.317+0000] {standard_task_runner.py:88} INFO - Job 20: Subtask train_models
[2026-01-23T11:33:25.379+0000] {task_command.py:423} INFO - Running <TaskInstance: ml_pipeline.train_models manual__2026-01-23T11:32:44.374859+00:00 [running]> on host 0e061312f598
[2026-01-23T11:33:25.647+0000] {taskinstance.py:2480} INFO - Exporting env vars: AIRFLOW_CTX_DAG_OWNER='***' AIRFLOW_CTX_DAG_ID='ml_pipeline' AIRFLOW_CTX_TASK_ID='train_models' AIRFLOW_CTX_EXECUTION_DATE='2026-01-23T11:32:44.374859+00:00' AIRFLOW_CTX_TRY_NUMBER='1' AIRFLOW_CTX_DAG_RUN_ID='manual__2026-01-23T11:32:44.374859+00:00'
[2026-01-23T11:33:33.088+0000] {logging_mixin.py:188} INFO - [Linear Regression] Entraînement...
[2026-01-23T11:33:37.849+0000] {logging_mixin.py:188} INFO -   ✓ RMSE train: 4.46
[2026-01-23T11:33:37.850+0000] {logging_mixin.py:188} INFO - [Random Forest] Entraînement...
[2026-01-23T11:33:39.974+0000] {logging_mixin.py:188} INFO -   ✓ Modèle entraîné (100 arbres)
[2026-01-23T11:33:39.975+0000] {logging_mixin.py:188} INFO - [GBT] Entraînement...
[2026-01-23T11:33:52.454+0000] {logging_mixin.py:188} INFO -   ✓ Modèle entraîné
[2026-01-23T11:33:55.601+0000] {logging_mixin.py:188} INFO - ✓ Tous les modèles sauvegardés
[2026-01-23T11:33:55.603+0000] {python.py:201} INFO - Done. Returned value was: None
[2026-01-23T11:33:55.620+0000] {taskinstance.py:1138} INFO - Marking task as SUCCESS. dag_id=ml_pipeline, task_id=train_models, execution_date=20260123T113244, start_date=20260123T113325, end_date=20260123T113355
[2026-01-23T11:33:55.675+0000] {local_task_job_runner.py:234} INFO - Task exited with return code 0
[2026-01-23T11:33:55.718+0000] {taskinstance.py:3280} INFO - 1 downstream tasks scheduled from follow-on schedule check
