[2026-01-23T16:09:35.026+0000] {taskinstance.py:1956} INFO - Dependencies all met for dep_context=non-requeueable deps ti=<TaskInstance: ml_pipeline.wait_for_etl scheduled__2026-01-23T15:45:00+00:00 [queued]>
[2026-01-23T16:09:35.040+0000] {taskinstance.py:1956} INFO - Dependencies all met for dep_context=requeueable deps ti=<TaskInstance: ml_pipeline.wait_for_etl scheduled__2026-01-23T15:45:00+00:00 [queued]>
[2026-01-23T16:09:35.041+0000] {taskinstance.py:2170} INFO - Starting attempt 1 of 2
[2026-01-23T16:09:35.074+0000] {taskinstance.py:2191} INFO - Executing <Task(ExternalTaskSensor): wait_for_etl> on 2026-01-23 15:45:00+00:00
[2026-01-23T16:09:35.082+0000] {standard_task_runner.py:60} INFO - Started process 15210 to run task
[2026-01-23T16:09:35.088+0000] {standard_task_runner.py:87} INFO - Running: ['***', 'tasks', 'run', 'ml_pipeline', 'wait_for_etl', 'scheduled__2026-01-23T15:45:00+00:00', '--job-id', '44', '--raw', '--subdir', 'DAGS_FOLDER/ml_pipeline.py', '--cfg-path', '/tmp/tmpykvz81q1']
[2026-01-23T16:09:35.092+0000] {standard_task_runner.py:88} INFO - Job 44: Subtask wait_for_etl
[2026-01-23T16:09:35.168+0000] {task_command.py:423} INFO - Running <TaskInstance: ml_pipeline.wait_for_etl scheduled__2026-01-23T15:45:00+00:00 [running]> on host d6104de25333
[2026-01-23T16:09:35.274+0000] {taskinstance.py:2480} INFO - Exporting env vars: AIRFLOW_CTX_DAG_OWNER='***' AIRFLOW_CTX_DAG_ID='ml_pipeline' AIRFLOW_CTX_TASK_ID='wait_for_etl' AIRFLOW_CTX_EXECUTION_DATE='2026-01-23T15:45:00+00:00' AIRFLOW_CTX_TRY_NUMBER='1' AIRFLOW_CTX_DAG_RUN_ID='scheduled__2026-01-23T15:45:00+00:00'
[2026-01-23T16:09:35.276+0000] {external_task.py:244} INFO - Poking for tasks ['save_silver_postgres'] in dag ETL_TASKFLOW on 2026-01-23T15:45:00+00:00 ... 
[2026-01-23T16:10:35.332+0000] {external_task.py:244} INFO - Poking for tasks ['save_silver_postgres'] in dag ETL_TASKFLOW on 2026-01-23T15:45:00+00:00 ... 
[2026-01-23T16:11:35.373+0000] {external_task.py:244} INFO - Poking for tasks ['save_silver_postgres'] in dag ETL_TASKFLOW on 2026-01-23T15:45:00+00:00 ... 
[2026-01-23T16:12:35.403+0000] {external_task.py:244} INFO - Poking for tasks ['save_silver_postgres'] in dag ETL_TASKFLOW on 2026-01-23T15:45:00+00:00 ... 
[2026-01-23T16:13:35.434+0000] {external_task.py:244} INFO - Poking for tasks ['save_silver_postgres'] in dag ETL_TASKFLOW on 2026-01-23T15:45:00+00:00 ... 
[2026-01-23T16:14:35.447+0000] {external_task.py:244} INFO - Poking for tasks ['save_silver_postgres'] in dag ETL_TASKFLOW on 2026-01-23T15:45:00+00:00 ... 
[2026-01-23T16:15:35.483+0000] {external_task.py:244} INFO - Poking for tasks ['save_silver_postgres'] in dag ETL_TASKFLOW on 2026-01-23T15:45:00+00:00 ... 
[2026-01-23T16:16:35.514+0000] {external_task.py:244} INFO - Poking for tasks ['save_silver_postgres'] in dag ETL_TASKFLOW on 2026-01-23T15:45:00+00:00 ... 
[2026-01-23T16:17:35.549+0000] {external_task.py:244} INFO - Poking for tasks ['save_silver_postgres'] in dag ETL_TASKFLOW on 2026-01-23T15:45:00+00:00 ... 
[2026-01-23T16:18:35.582+0000] {external_task.py:244} INFO - Poking for tasks ['save_silver_postgres'] in dag ETL_TASKFLOW on 2026-01-23T15:45:00+00:00 ... 
[2026-01-23T16:19:35.628+0000] {external_task.py:244} INFO - Poking for tasks ['save_silver_postgres'] in dag ETL_TASKFLOW on 2026-01-23T15:45:00+00:00 ... 
[2026-01-23T16:20:35.651+0000] {external_task.py:244} INFO - Poking for tasks ['save_silver_postgres'] in dag ETL_TASKFLOW on 2026-01-23T15:45:00+00:00 ... 
[2026-01-23T16:21:35.703+0000] {external_task.py:244} INFO - Poking for tasks ['save_silver_postgres'] in dag ETL_TASKFLOW on 2026-01-23T15:45:00+00:00 ... 
[2026-01-23T16:22:35.728+0000] {external_task.py:244} INFO - Poking for tasks ['save_silver_postgres'] in dag ETL_TASKFLOW on 2026-01-23T15:45:00+00:00 ... 
[2026-01-23T16:23:35.755+0000] {external_task.py:244} INFO - Poking for tasks ['save_silver_postgres'] in dag ETL_TASKFLOW on 2026-01-23T15:45:00+00:00 ... 
[2026-01-23T16:24:35.777+0000] {external_task.py:244} INFO - Poking for tasks ['save_silver_postgres'] in dag ETL_TASKFLOW on 2026-01-23T15:45:00+00:00 ... 
[2026-01-23T16:24:35.796+0000] {taskinstance.py:2698} ERROR - Task failed with exception
Traceback (most recent call last):
  File "/home/airflow/.local/lib/python3.8/site-packages/airflow/models/taskinstance.py", line 433, in _execute_task
    result = execute_callable(context=context, **execute_callable_kwargs)
  File "/home/airflow/.local/lib/python3.8/site-packages/airflow/sensors/external_task.py", line 334, in execute
    super().execute(context)
  File "/home/airflow/.local/lib/python3.8/site-packages/airflow/sensors/base.py", line 282, in execute
    raise AirflowSensorTimeout(message)
airflow.exceptions.AirflowSensorTimeout: Sensor has timed out; run duration of 900.4928335040022 seconds exceeds the specified timeout of 900.0.
[2026-01-23T16:24:35.814+0000] {taskinstance.py:1138} INFO - Immediate failure requested. Marking task as FAILED. dag_id=ml_pipeline, task_id=wait_for_etl, execution_date=20260123T154500, start_date=20260123T160935, end_date=20260123T162435
[2026-01-23T16:24:35.847+0000] {standard_task_runner.py:107} ERROR - Failed to execute job 44 for task wait_for_etl (Sensor has timed out; run duration of 900.4928335040022 seconds exceeds the specified timeout of 900.0.; 15210)
[2026-01-23T16:24:35.900+0000] {local_task_job_runner.py:234} INFO - Task exited with return code 1
[2026-01-23T16:24:35.959+0000] {taskinstance.py:3280} INFO - 0 downstream tasks scheduled from follow-on schedule check
