[2026-01-23T18:17:43.671+0000] {taskinstance.py:1956} INFO - Dependencies all met for dep_context=non-requeueable deps ti=<TaskInstance: ml_pipeline.evaluate_random_forest scheduled__2026-01-23T18:00:00+00:00 [queued]>
[2026-01-23T18:17:43.684+0000] {taskinstance.py:1956} INFO - Dependencies all met for dep_context=requeueable deps ti=<TaskInstance: ml_pipeline.evaluate_random_forest scheduled__2026-01-23T18:00:00+00:00 [queued]>
[2026-01-23T18:17:43.684+0000] {taskinstance.py:2170} INFO - Starting attempt 1 of 2
[2026-01-23T18:17:43.700+0000] {taskinstance.py:2191} INFO - Executing <Task(PythonOperator): evaluate_random_forest> on 2026-01-23 18:00:00+00:00
[2026-01-23T18:17:43.707+0000] {standard_task_runner.py:60} INFO - Started process 1386 to run task
[2026-01-23T18:17:43.713+0000] {standard_task_runner.py:87} INFO - Running: ['***', 'tasks', 'run', 'ml_pipeline', 'evaluate_random_forest', 'scheduled__2026-01-23T18:00:00+00:00', '--job-id', '117', '--raw', '--subdir', 'DAGS_FOLDER/ml_pipeline.py', '--cfg-path', '/tmp/tmpr5eml0c1']
[2026-01-23T18:17:43.717+0000] {standard_task_runner.py:88} INFO - Job 117: Subtask evaluate_random_forest
[2026-01-23T18:17:43.779+0000] {task_command.py:423} INFO - Running <TaskInstance: ml_pipeline.evaluate_random_forest scheduled__2026-01-23T18:00:00+00:00 [running]> on host f2c086da0204
[2026-01-23T18:17:43.887+0000] {taskinstance.py:2480} INFO - Exporting env vars: AIRFLOW_CTX_DAG_OWNER='***' AIRFLOW_CTX_DAG_ID='ml_pipeline' AIRFLOW_CTX_TASK_ID='evaluate_random_forest' AIRFLOW_CTX_EXECUTION_DATE='2026-01-23T18:00:00+00:00' AIRFLOW_CTX_TRY_NUMBER='1' AIRFLOW_CTX_DAG_RUN_ID='scheduled__2026-01-23T18:00:00+00:00'
[2026-01-23T18:17:43.889+0000] {logging_mixin.py:188} INFO - 
==================================================
[2026-01-23T18:17:43.890+0000] {logging_mixin.py:188} INFO - ÉVALUATION - RANDOM FOREST
[2026-01-23T18:17:43.891+0000] {logging_mixin.py:188} INFO - ==================================================
[2026-01-23T18:17:57.473+0000] {logging_mixin.py:188} INFO - 
Résultats:
[2026-01-23T18:17:57.475+0000] {logging_mixin.py:188} INFO -   RMSE: $670.91
[2026-01-23T18:17:57.475+0000] {logging_mixin.py:188} INFO -   MAE:  $593.88
[2026-01-23T18:17:57.476+0000] {logging_mixin.py:188} INFO -   R²:   -2.3110
[2026-01-23T18:17:57.477+0000] {logging_mixin.py:188} INFO - 
Exemples de prédictions:
[2026-01-23T18:17:57.782+0000] {logging_mixin.py:188} INFO - +---------------+-----------------+
|close_t_plus_10|prediction       |
+---------------+-----------------+
|89694.474      |89715.29865618689|
|89694.474      |89715.29865618689|
|89694.474      |89715.29865618689|
|89694.474      |89719.6791950036 |
|89694.474      |89719.6791950036 |
+---------------+-----------------+
only showing top 5 rows
[2026-01-23T18:17:57.783+0000] {logging_mixin.py:188} INFO - ==================================================
[2026-01-23T18:17:57.785+0000] {python.py:201} INFO - Done. Returned value was: None
[2026-01-23T18:17:57.804+0000] {taskinstance.py:1138} INFO - Marking task as SUCCESS. dag_id=ml_pipeline, task_id=evaluate_random_forest, execution_date=20260123T180000, start_date=20260123T181743, end_date=20260123T181757
[2026-01-23T18:17:57.846+0000] {local_task_job_runner.py:234} INFO - Task exited with return code 0
[2026-01-23T18:17:57.874+0000] {taskinstance.py:3280} INFO - 0 downstream tasks scheduled from follow-on schedule check
