[2026-01-23T19:46:04.273+0000] {taskinstance.py:1956} INFO - Dependencies all met for dep_context=non-requeueable deps ti=<TaskInstance: ml_pipeline.prepare_data scheduled__2026-01-23T19:30:00+00:00 [queued]>
[2026-01-23T19:46:04.285+0000] {taskinstance.py:1956} INFO - Dependencies all met for dep_context=requeueable deps ti=<TaskInstance: ml_pipeline.prepare_data scheduled__2026-01-23T19:30:00+00:00 [queued]>
[2026-01-23T19:46:04.286+0000] {taskinstance.py:2170} INFO - Starting attempt 1 of 2
[2026-01-23T19:46:04.303+0000] {taskinstance.py:2191} INFO - Executing <Task(PythonOperator): prepare_data> on 2026-01-23 19:30:00+00:00
[2026-01-23T19:46:04.310+0000] {standard_task_runner.py:60} INFO - Started process 11041 to run task
[2026-01-23T19:46:04.317+0000] {standard_task_runner.py:87} INFO - Running: ['***', 'tasks', 'run', 'ml_pipeline', 'prepare_data', 'scheduled__2026-01-23T19:30:00+00:00', '--job-id', '288', '--raw', '--subdir', 'DAGS_FOLDER/ml_pipeline.py', '--cfg-path', '/tmp/tmp980p4szv']
[2026-01-23T19:46:04.322+0000] {standard_task_runner.py:88} INFO - Job 288: Subtask prepare_data
[2026-01-23T19:46:04.388+0000] {task_command.py:423} INFO - Running <TaskInstance: ml_pipeline.prepare_data scheduled__2026-01-23T19:30:00+00:00 [running]> on host 29e73cfdca90
[2026-01-23T19:46:04.493+0000] {taskinstance.py:2480} INFO - Exporting env vars: AIRFLOW_CTX_DAG_OWNER='***' AIRFLOW_CTX_DAG_ID='ml_pipeline' AIRFLOW_CTX_TASK_ID='prepare_data' AIRFLOW_CTX_EXECUTION_DATE='2026-01-23T19:30:00+00:00' AIRFLOW_CTX_TRY_NUMBER='1' AIRFLOW_CTX_DAG_RUN_ID='scheduled__2026-01-23T19:30:00+00:00'
[2026-01-23T19:46:13.096+0000] {logging_mixin.py:188} INFO - ==================================================
[2026-01-23T19:46:13.098+0000] {logging_mixin.py:188} INFO - Préparation des données
[2026-01-23T19:46:13.099+0000] {logging_mixin.py:188} INFO - ==================================================
[2026-01-23T19:46:13.158+0000] {logging_mixin.py:188} INFO - ✓ Toutes les colonnes présentes
[2026-01-23T19:46:19.214+0000] {logging_mixin.py:188} INFO - 
Split: 80% train / 19% test
[2026-01-23T19:46:20.278+0000] {logging_mixin.py:188} INFO -   Train: 228 lignes
[2026-01-23T19:46:21.171+0000] {logging_mixin.py:188} INFO -   Test:  57 lignes
[2026-01-23T19:46:23.693+0000] {logging_mixin.py:188} INFO - 
  DEBUG: train_max_time = 2026-01-23 18:40:00
[2026-01-23T19:46:23.694+0000] {logging_mixin.py:188} INFO -   DEBUG: test_min_time = 2026-01-23 18:41:00
[2026-01-23T19:46:23.695+0000] {logging_mixin.py:188} INFO - ✓ Pas de fuite temporelle
[2026-01-23T19:46:23.696+0000] {logging_mixin.py:188} INFO - ==================================================
[2026-01-23T19:46:25.675+0000] {python.py:201} INFO - Done. Returned value was: None
[2026-01-23T19:46:25.691+0000] {taskinstance.py:1138} INFO - Marking task as SUCCESS. dag_id=ml_pipeline, task_id=prepare_data, execution_date=20260123T193000, start_date=20260123T194604, end_date=20260123T194625
[2026-01-23T19:46:25.726+0000] {local_task_job_runner.py:234} INFO - Task exited with return code 0
[2026-01-23T19:46:25.772+0000] {taskinstance.py:3280} INFO - 1 downstream tasks scheduled from follow-on schedule check
