[2026-01-23T11:00:05.491+0000] {taskinstance.py:1956} INFO - Dependencies all met for dep_context=non-requeueable deps ti=<TaskInstance: ETL_TASKFLOW.extract scheduled__2026-01-23T10:45:00+00:00 [queued]>
[2026-01-23T11:00:05.505+0000] {taskinstance.py:1956} INFO - Dependencies all met for dep_context=requeueable deps ti=<TaskInstance: ETL_TASKFLOW.extract scheduled__2026-01-23T10:45:00+00:00 [queued]>
[2026-01-23T11:00:05.506+0000] {taskinstance.py:2170} INFO - Starting attempt 1 of 1
[2026-01-23T11:00:05.535+0000] {taskinstance.py:2191} INFO - Executing <Task(_PythonDecoratedOperator): extract> on 2026-01-23 10:45:00+00:00
[2026-01-23T11:00:05.543+0000] {standard_task_runner.py:60} INFO - Started process 3631 to run task
[2026-01-23T11:00:05.550+0000] {standard_task_runner.py:87} INFO - Running: ['***', 'tasks', 'run', 'ETL_TASKFLOW', 'extract', 'scheduled__2026-01-23T10:45:00+00:00', '--job-id', '12', '--raw', '--subdir', 'DAGS_FOLDER/ETL.py', '--cfg-path', '/tmp/tmpdpivzghy']
[2026-01-23T11:00:05.554+0000] {standard_task_runner.py:88} INFO - Job 12: Subtask extract
[2026-01-23T11:00:05.634+0000] {task_command.py:423} INFO - Running <TaskInstance: ETL_TASKFLOW.extract scheduled__2026-01-23T10:45:00+00:00 [running]> on host 0d0f1cb08391
[2026-01-23T11:00:05.793+0000] {taskinstance.py:2480} INFO - Exporting env vars: AIRFLOW_CTX_DAG_OWNER='***' AIRFLOW_CTX_DAG_ID='ETL_TASKFLOW' AIRFLOW_CTX_TASK_ID='extract' AIRFLOW_CTX_EXECUTION_DATE='2026-01-23T10:45:00+00:00' AIRFLOW_CTX_TRY_NUMBER='1' AIRFLOW_CTX_DAG_RUN_ID='scheduled__2026-01-23T10:45:00+00:00'
[2026-01-23T11:00:17.093+0000] {python.py:201} INFO - Done. Returned value was: /opt/***/data/Bronze/
[2026-01-23T11:00:17.128+0000] {taskinstance.py:1138} INFO - Marking task as SUCCESS. dag_id=ETL_TASKFLOW, task_id=extract, execution_date=20260123T104500, start_date=20260123T110005, end_date=20260123T110017
[2026-01-23T11:00:17.179+0000] {local_task_job_runner.py:234} INFO - Task exited with return code 0
[2026-01-23T11:00:17.229+0000] {taskinstance.py:3280} INFO - 1 downstream tasks scheduled from follow-on schedule check
[2026-01-23T11:03:57.153+0000] {taskinstance.py:1956} INFO - Dependencies all met for dep_context=non-requeueable deps ti=<TaskInstance: ETL_TASKFLOW.extract scheduled__2026-01-23T10:45:00+00:00 [queued]>
[2026-01-23T11:03:57.169+0000] {taskinstance.py:1956} INFO - Dependencies all met for dep_context=requeueable deps ti=<TaskInstance: ETL_TASKFLOW.extract scheduled__2026-01-23T10:45:00+00:00 [queued]>
[2026-01-23T11:03:57.170+0000] {taskinstance.py:2170} INFO - Starting attempt 1 of 1
[2026-01-23T11:03:57.193+0000] {taskinstance.py:2191} INFO - Executing <Task(_PythonDecoratedOperator): extract> on 2026-01-23 10:45:00+00:00
[2026-01-23T11:03:57.199+0000] {standard_task_runner.py:60} INFO - Started process 130 to run task
[2026-01-23T11:03:57.207+0000] {standard_task_runner.py:87} INFO - Running: ['***', 'tasks', 'run', 'ETL_TASKFLOW', 'extract', 'scheduled__2026-01-23T10:45:00+00:00', '--job-id', '2', '--raw', '--subdir', 'DAGS_FOLDER/ETL.py', '--cfg-path', '/tmp/tmpsl_wgbf4']
[2026-01-23T11:03:57.212+0000] {standard_task_runner.py:88} INFO - Job 2: Subtask extract
[2026-01-23T11:03:57.288+0000] {task_command.py:423} INFO - Running <TaskInstance: ETL_TASKFLOW.extract scheduled__2026-01-23T10:45:00+00:00 [running]> on host 5d61504e82da
[2026-01-23T11:03:57.410+0000] {taskinstance.py:2480} INFO - Exporting env vars: AIRFLOW_CTX_DAG_OWNER='***' AIRFLOW_CTX_DAG_ID='ETL_TASKFLOW' AIRFLOW_CTX_TASK_ID='extract' AIRFLOW_CTX_EXECUTION_DATE='2026-01-23T10:45:00+00:00' AIRFLOW_CTX_TRY_NUMBER='1' AIRFLOW_CTX_DAG_RUN_ID='scheduled__2026-01-23T10:45:00+00:00'
[2026-01-23T11:04:09.517+0000] {python.py:201} INFO - Done. Returned value was: /opt/***/data/Bronze/
[2026-01-23T11:04:09.712+0000] {taskinstance.py:1138} INFO - Marking task as SUCCESS. dag_id=ETL_TASKFLOW, task_id=extract, execution_date=20260123T104500, start_date=20260123T110357, end_date=20260123T110409
[2026-01-23T11:04:09.755+0000] {local_task_job_runner.py:234} INFO - Task exited with return code 0
[2026-01-23T11:04:09.804+0000] {taskinstance.py:3280} INFO - 1 downstream tasks scheduled from follow-on schedule check
[2026-01-23T11:14:28.975+0000] {taskinstance.py:1956} INFO - Dependencies all met for dep_context=non-requeueable deps ti=<TaskInstance: ETL_TASKFLOW.extract scheduled__2026-01-23T10:45:00+00:00 [queued]>
[2026-01-23T11:14:28.988+0000] {taskinstance.py:1956} INFO - Dependencies all met for dep_context=requeueable deps ti=<TaskInstance: ETL_TASKFLOW.extract scheduled__2026-01-23T10:45:00+00:00 [queued]>
[2026-01-23T11:14:28.989+0000] {taskinstance.py:2170} INFO - Starting attempt 1 of 1
[2026-01-23T11:14:29.017+0000] {taskinstance.py:2191} INFO - Executing <Task(_PythonDecoratedOperator): extract> on 2026-01-23 10:45:00+00:00
[2026-01-23T11:14:29.024+0000] {standard_task_runner.py:60} INFO - Started process 145 to run task
[2026-01-23T11:14:29.031+0000] {standard_task_runner.py:87} INFO - Running: ['***', 'tasks', 'run', 'ETL_TASKFLOW', 'extract', 'scheduled__2026-01-23T10:45:00+00:00', '--job-id', '2', '--raw', '--subdir', 'DAGS_FOLDER/ETL.py', '--cfg-path', '/tmp/tmpjo5flgkn']
[2026-01-23T11:14:29.036+0000] {standard_task_runner.py:88} INFO - Job 2: Subtask extract
[2026-01-23T11:14:29.107+0000] {task_command.py:423} INFO - Running <TaskInstance: ETL_TASKFLOW.extract scheduled__2026-01-23T10:45:00+00:00 [running]> on host 0e061312f598
[2026-01-23T11:14:29.277+0000] {taskinstance.py:2480} INFO - Exporting env vars: AIRFLOW_CTX_DAG_OWNER='***' AIRFLOW_CTX_DAG_ID='ETL_TASKFLOW' AIRFLOW_CTX_TASK_ID='extract' AIRFLOW_CTX_EXECUTION_DATE='2026-01-23T10:45:00+00:00' AIRFLOW_CTX_TRY_NUMBER='1' AIRFLOW_CTX_DAG_RUN_ID='scheduled__2026-01-23T10:45:00+00:00'
[2026-01-23T11:14:41.173+0000] {python.py:201} INFO - Done. Returned value was: /opt/***/data/Bronze/
[2026-01-23T11:14:41.365+0000] {taskinstance.py:1138} INFO - Marking task as SUCCESS. dag_id=ETL_TASKFLOW, task_id=extract, execution_date=20260123T104500, start_date=20260123T111428, end_date=20260123T111441
[2026-01-23T11:14:41.399+0000] {local_task_job_runner.py:234} INFO - Task exited with return code 0
[2026-01-23T11:14:41.434+0000] {taskinstance.py:3280} INFO - 1 downstream tasks scheduled from follow-on schedule check
