[2026-01-23T18:19:58.374+0000] {taskinstance.py:1956} INFO - Dependencies all met for dep_context=non-requeueable deps ti=<TaskInstance: ml_pipeline.wait_for_etl scheduled__2026-01-23T17:45:00+00:00 [queued]>
[2026-01-23T18:19:58.386+0000] {taskinstance.py:1956} INFO - Dependencies all met for dep_context=requeueable deps ti=<TaskInstance: ml_pipeline.wait_for_etl scheduled__2026-01-23T17:45:00+00:00 [queued]>
[2026-01-23T18:19:58.387+0000] {taskinstance.py:2170} INFO - Starting attempt 2 of 3
[2026-01-23T18:19:58.403+0000] {taskinstance.py:2191} INFO - Executing <Task(ExternalTaskSensor): wait_for_etl> on 2026-01-23 17:45:00+00:00
[2026-01-23T18:19:58.410+0000] {standard_task_runner.py:60} INFO - Started process 2151 to run task
[2026-01-23T18:19:58.417+0000] {standard_task_runner.py:87} INFO - Running: ['***', 'tasks', 'run', 'ml_pipeline', 'wait_for_etl', 'scheduled__2026-01-23T17:45:00+00:00', '--job-id', '129', '--raw', '--subdir', 'DAGS_FOLDER/ml_pipeline.py', '--cfg-path', '/tmp/tmp3din02h3']
[2026-01-23T18:19:58.421+0000] {standard_task_runner.py:88} INFO - Job 129: Subtask wait_for_etl
[2026-01-23T18:19:58.480+0000] {task_command.py:423} INFO - Running <TaskInstance: ml_pipeline.wait_for_etl scheduled__2026-01-23T17:45:00+00:00 [running]> on host f2c086da0204
[2026-01-23T18:19:58.583+0000] {taskinstance.py:2480} INFO - Exporting env vars: AIRFLOW_CTX_DAG_OWNER='***' AIRFLOW_CTX_DAG_ID='ml_pipeline' AIRFLOW_CTX_TASK_ID='wait_for_etl' AIRFLOW_CTX_EXECUTION_DATE='2026-01-23T17:45:00+00:00' AIRFLOW_CTX_TRY_NUMBER='2' AIRFLOW_CTX_DAG_RUN_ID='scheduled__2026-01-23T17:45:00+00:00'
[2026-01-23T18:19:58.597+0000] {external_task.py:244} INFO - Poking for tasks ['save_silver_postgres'] in dag ETL_TASKFLOW on 2026-01-23T17:30:00+00:00 ... 
[2026-01-23T18:19:58.629+0000] {taskinstance.py:2658} INFO - Rescheduling task, marking task as UP_FOR_RESCHEDULE
[2026-01-23T18:19:58.677+0000] {local_task_job_runner.py:234} INFO - Task exited with return code 0
[2026-01-23T18:19:58.733+0000] {taskinstance.py:3280} INFO - 0 downstream tasks scheduled from follow-on schedule check
[2026-01-23T18:20:33.585+0000] {taskinstance.py:1956} INFO - Dependencies all met for dep_context=non-requeueable deps ti=<TaskInstance: ml_pipeline.wait_for_etl scheduled__2026-01-23T17:45:00+00:00 [queued]>
[2026-01-23T18:20:33.597+0000] {taskinstance.py:1956} INFO - Dependencies all met for dep_context=requeueable deps ti=<TaskInstance: ml_pipeline.wait_for_etl scheduled__2026-01-23T17:45:00+00:00 [queued]>
[2026-01-23T18:20:33.598+0000] {taskinstance.py:2170} INFO - Starting attempt 2 of 3
[2026-01-23T18:20:33.613+0000] {taskinstance.py:2191} INFO - Executing <Task(ExternalTaskSensor): wait_for_etl> on 2026-01-23 17:45:00+00:00
[2026-01-23T18:20:33.621+0000] {standard_task_runner.py:60} INFO - Started process 2339 to run task
[2026-01-23T18:20:33.628+0000] {standard_task_runner.py:87} INFO - Running: ['***', 'tasks', 'run', 'ml_pipeline', 'wait_for_etl', 'scheduled__2026-01-23T17:45:00+00:00', '--job-id', '134', '--raw', '--subdir', 'DAGS_FOLDER/ml_pipeline.py', '--cfg-path', '/tmp/tmp_gieta6d']
[2026-01-23T18:20:33.632+0000] {standard_task_runner.py:88} INFO - Job 134: Subtask wait_for_etl
[2026-01-23T18:20:33.698+0000] {task_command.py:423} INFO - Running <TaskInstance: ml_pipeline.wait_for_etl scheduled__2026-01-23T17:45:00+00:00 [running]> on host f2c086da0204
[2026-01-23T18:20:33.798+0000] {taskinstance.py:2480} INFO - Exporting env vars: AIRFLOW_CTX_DAG_OWNER='***' AIRFLOW_CTX_DAG_ID='ml_pipeline' AIRFLOW_CTX_TASK_ID='wait_for_etl' AIRFLOW_CTX_EXECUTION_DATE='2026-01-23T17:45:00+00:00' AIRFLOW_CTX_TRY_NUMBER='2' AIRFLOW_CTX_DAG_RUN_ID='scheduled__2026-01-23T17:45:00+00:00'
[2026-01-23T18:20:33.816+0000] {external_task.py:244} INFO - Poking for tasks ['save_silver_postgres'] in dag ETL_TASKFLOW on 2026-01-23T17:30:00+00:00 ... 
[2026-01-23T18:20:33.868+0000] {taskinstance.py:2658} INFO - Rescheduling task, marking task as UP_FOR_RESCHEDULE
[2026-01-23T18:20:33.889+0000] {local_task_job_runner.py:234} INFO - Task exited with return code 0
[2026-01-23T18:20:33.939+0000] {taskinstance.py:3280} INFO - 0 downstream tasks scheduled from follow-on schedule check
[2026-01-23T18:21:08.858+0000] {taskinstance.py:1956} INFO - Dependencies all met for dep_context=non-requeueable deps ti=<TaskInstance: ml_pipeline.wait_for_etl scheduled__2026-01-23T17:45:00+00:00 [queued]>
[2026-01-23T18:21:08.869+0000] {taskinstance.py:1956} INFO - Dependencies all met for dep_context=requeueable deps ti=<TaskInstance: ml_pipeline.wait_for_etl scheduled__2026-01-23T17:45:00+00:00 [queued]>
[2026-01-23T18:21:08.870+0000] {taskinstance.py:2170} INFO - Starting attempt 2 of 3
[2026-01-23T18:21:08.886+0000] {taskinstance.py:2191} INFO - Executing <Task(ExternalTaskSensor): wait_for_etl> on 2026-01-23 17:45:00+00:00
[2026-01-23T18:21:08.893+0000] {standard_task_runner.py:60} INFO - Started process 2542 to run task
[2026-01-23T18:21:08.898+0000] {standard_task_runner.py:87} INFO - Running: ['***', 'tasks', 'run', 'ml_pipeline', 'wait_for_etl', 'scheduled__2026-01-23T17:45:00+00:00', '--job-id', '139', '--raw', '--subdir', 'DAGS_FOLDER/ml_pipeline.py', '--cfg-path', '/tmp/tmprm8hot6t']
[2026-01-23T18:21:08.902+0000] {standard_task_runner.py:88} INFO - Job 139: Subtask wait_for_etl
[2026-01-23T18:21:08.961+0000] {task_command.py:423} INFO - Running <TaskInstance: ml_pipeline.wait_for_etl scheduled__2026-01-23T17:45:00+00:00 [running]> on host f2c086da0204
[2026-01-23T18:21:09.063+0000] {taskinstance.py:2480} INFO - Exporting env vars: AIRFLOW_CTX_DAG_OWNER='***' AIRFLOW_CTX_DAG_ID='ml_pipeline' AIRFLOW_CTX_TASK_ID='wait_for_etl' AIRFLOW_CTX_EXECUTION_DATE='2026-01-23T17:45:00+00:00' AIRFLOW_CTX_TRY_NUMBER='2' AIRFLOW_CTX_DAG_RUN_ID='scheduled__2026-01-23T17:45:00+00:00'
[2026-01-23T18:21:09.080+0000] {external_task.py:244} INFO - Poking for tasks ['save_silver_postgres'] in dag ETL_TASKFLOW on 2026-01-23T17:30:00+00:00 ... 
[2026-01-23T18:21:09.133+0000] {taskinstance.py:2658} INFO - Rescheduling task, marking task as UP_FOR_RESCHEDULE
[2026-01-23T18:21:09.158+0000] {local_task_job_runner.py:234} INFO - Task exited with return code 0
[2026-01-23T18:21:09.196+0000] {taskinstance.py:3280} INFO - 0 downstream tasks scheduled from follow-on schedule check
[2026-01-23T18:21:44.620+0000] {taskinstance.py:1956} INFO - Dependencies all met for dep_context=non-requeueable deps ti=<TaskInstance: ml_pipeline.wait_for_etl scheduled__2026-01-23T17:45:00+00:00 [queued]>
[2026-01-23T18:21:44.631+0000] {taskinstance.py:1956} INFO - Dependencies all met for dep_context=requeueable deps ti=<TaskInstance: ml_pipeline.wait_for_etl scheduled__2026-01-23T17:45:00+00:00 [queued]>
[2026-01-23T18:21:44.632+0000] {taskinstance.py:2170} INFO - Starting attempt 2 of 3
[2026-01-23T18:21:44.646+0000] {taskinstance.py:2191} INFO - Executing <Task(ExternalTaskSensor): wait_for_etl> on 2026-01-23 17:45:00+00:00
[2026-01-23T18:21:44.653+0000] {standard_task_runner.py:60} INFO - Started process 2729 to run task
[2026-01-23T18:21:44.657+0000] {standard_task_runner.py:87} INFO - Running: ['***', 'tasks', 'run', 'ml_pipeline', 'wait_for_etl', 'scheduled__2026-01-23T17:45:00+00:00', '--job-id', '144', '--raw', '--subdir', 'DAGS_FOLDER/ml_pipeline.py', '--cfg-path', '/tmp/tmpzqa9_gyg']
[2026-01-23T18:21:44.659+0000] {standard_task_runner.py:88} INFO - Job 144: Subtask wait_for_etl
[2026-01-23T18:21:44.718+0000] {task_command.py:423} INFO - Running <TaskInstance: ml_pipeline.wait_for_etl scheduled__2026-01-23T17:45:00+00:00 [running]> on host f2c086da0204
[2026-01-23T18:21:44.811+0000] {taskinstance.py:2480} INFO - Exporting env vars: AIRFLOW_CTX_DAG_OWNER='***' AIRFLOW_CTX_DAG_ID='ml_pipeline' AIRFLOW_CTX_TASK_ID='wait_for_etl' AIRFLOW_CTX_EXECUTION_DATE='2026-01-23T17:45:00+00:00' AIRFLOW_CTX_TRY_NUMBER='2' AIRFLOW_CTX_DAG_RUN_ID='scheduled__2026-01-23T17:45:00+00:00'
[2026-01-23T18:21:44.823+0000] {external_task.py:244} INFO - Poking for tasks ['save_silver_postgres'] in dag ETL_TASKFLOW on 2026-01-23T17:30:00+00:00 ... 
[2026-01-23T18:21:44.863+0000] {taskinstance.py:2658} INFO - Rescheduling task, marking task as UP_FOR_RESCHEDULE
[2026-01-23T18:21:44.878+0000] {local_task_job_runner.py:234} INFO - Task exited with return code 0
[2026-01-23T18:21:44.912+0000] {taskinstance.py:3280} INFO - 0 downstream tasks scheduled from follow-on schedule check
[2026-01-23T18:22:20.322+0000] {taskinstance.py:1956} INFO - Dependencies all met for dep_context=non-requeueable deps ti=<TaskInstance: ml_pipeline.wait_for_etl scheduled__2026-01-23T17:45:00+00:00 [queued]>
[2026-01-23T18:22:20.333+0000] {taskinstance.py:1956} INFO - Dependencies all met for dep_context=requeueable deps ti=<TaskInstance: ml_pipeline.wait_for_etl scheduled__2026-01-23T17:45:00+00:00 [queued]>
[2026-01-23T18:22:20.334+0000] {taskinstance.py:2170} INFO - Starting attempt 2 of 3
[2026-01-23T18:22:20.348+0000] {taskinstance.py:2191} INFO - Executing <Task(ExternalTaskSensor): wait_for_etl> on 2026-01-23 17:45:00+00:00
[2026-01-23T18:22:20.355+0000] {standard_task_runner.py:60} INFO - Started process 2916 to run task
[2026-01-23T18:22:20.359+0000] {standard_task_runner.py:87} INFO - Running: ['***', 'tasks', 'run', 'ml_pipeline', 'wait_for_etl', 'scheduled__2026-01-23T17:45:00+00:00', '--job-id', '149', '--raw', '--subdir', 'DAGS_FOLDER/ml_pipeline.py', '--cfg-path', '/tmp/tmpnkczcoc1']
[2026-01-23T18:22:20.361+0000] {standard_task_runner.py:88} INFO - Job 149: Subtask wait_for_etl
[2026-01-23T18:22:20.422+0000] {task_command.py:423} INFO - Running <TaskInstance: ml_pipeline.wait_for_etl scheduled__2026-01-23T17:45:00+00:00 [running]> on host f2c086da0204
[2026-01-23T18:22:20.526+0000] {taskinstance.py:2480} INFO - Exporting env vars: AIRFLOW_CTX_DAG_OWNER='***' AIRFLOW_CTX_DAG_ID='ml_pipeline' AIRFLOW_CTX_TASK_ID='wait_for_etl' AIRFLOW_CTX_EXECUTION_DATE='2026-01-23T17:45:00+00:00' AIRFLOW_CTX_TRY_NUMBER='2' AIRFLOW_CTX_DAG_RUN_ID='scheduled__2026-01-23T17:45:00+00:00'
[2026-01-23T18:22:20.540+0000] {external_task.py:244} INFO - Poking for tasks ['save_silver_postgres'] in dag ETL_TASKFLOW on 2026-01-23T17:30:00+00:00 ... 
[2026-01-23T18:22:20.607+0000] {taskinstance.py:2658} INFO - Rescheduling task, marking task as UP_FOR_RESCHEDULE
[2026-01-23T18:22:20.620+0000] {local_task_job_runner.py:234} INFO - Task exited with return code 0
[2026-01-23T18:22:20.661+0000] {taskinstance.py:3280} INFO - 0 downstream tasks scheduled from follow-on schedule check
[2026-01-23T18:22:56.262+0000] {taskinstance.py:1956} INFO - Dependencies all met for dep_context=non-requeueable deps ti=<TaskInstance: ml_pipeline.wait_for_etl scheduled__2026-01-23T17:45:00+00:00 [queued]>
[2026-01-23T18:22:56.273+0000] {taskinstance.py:1956} INFO - Dependencies all met for dep_context=requeueable deps ti=<TaskInstance: ml_pipeline.wait_for_etl scheduled__2026-01-23T17:45:00+00:00 [queued]>
[2026-01-23T18:22:56.273+0000] {taskinstance.py:2170} INFO - Starting attempt 2 of 3
[2026-01-23T18:22:56.289+0000] {taskinstance.py:2191} INFO - Executing <Task(ExternalTaskSensor): wait_for_etl> on 2026-01-23 17:45:00+00:00
[2026-01-23T18:22:56.296+0000] {standard_task_runner.py:60} INFO - Started process 3103 to run task
[2026-01-23T18:22:56.305+0000] {standard_task_runner.py:87} INFO - Running: ['***', 'tasks', 'run', 'ml_pipeline', 'wait_for_etl', 'scheduled__2026-01-23T17:45:00+00:00', '--job-id', '154', '--raw', '--subdir', 'DAGS_FOLDER/ml_pipeline.py', '--cfg-path', '/tmp/tmp3775bfua']
[2026-01-23T18:22:56.309+0000] {standard_task_runner.py:88} INFO - Job 154: Subtask wait_for_etl
[2026-01-23T18:22:56.377+0000] {task_command.py:423} INFO - Running <TaskInstance: ml_pipeline.wait_for_etl scheduled__2026-01-23T17:45:00+00:00 [running]> on host f2c086da0204
[2026-01-23T18:22:56.476+0000] {taskinstance.py:2480} INFO - Exporting env vars: AIRFLOW_CTX_DAG_OWNER='***' AIRFLOW_CTX_DAG_ID='ml_pipeline' AIRFLOW_CTX_TASK_ID='wait_for_etl' AIRFLOW_CTX_EXECUTION_DATE='2026-01-23T17:45:00+00:00' AIRFLOW_CTX_TRY_NUMBER='2' AIRFLOW_CTX_DAG_RUN_ID='scheduled__2026-01-23T17:45:00+00:00'
[2026-01-23T18:22:56.493+0000] {external_task.py:244} INFO - Poking for tasks ['save_silver_postgres'] in dag ETL_TASKFLOW on 2026-01-23T17:30:00+00:00 ... 
[2026-01-23T18:22:56.546+0000] {taskinstance.py:2658} INFO - Rescheduling task, marking task as UP_FOR_RESCHEDULE
[2026-01-23T18:22:56.565+0000] {local_task_job_runner.py:234} INFO - Task exited with return code 0
[2026-01-23T18:22:56.612+0000] {taskinstance.py:3280} INFO - 0 downstream tasks scheduled from follow-on schedule check
[2026-01-23T18:23:29.644+0000] {taskinstance.py:1956} INFO - Dependencies all met for dep_context=non-requeueable deps ti=<TaskInstance: ml_pipeline.wait_for_etl scheduled__2026-01-23T17:45:00+00:00 [queued]>
[2026-01-23T18:23:29.659+0000] {taskinstance.py:1956} INFO - Dependencies all met for dep_context=requeueable deps ti=<TaskInstance: ml_pipeline.wait_for_etl scheduled__2026-01-23T17:45:00+00:00 [queued]>
[2026-01-23T18:23:29.659+0000] {taskinstance.py:2170} INFO - Starting attempt 2 of 3
[2026-01-23T18:23:29.680+0000] {taskinstance.py:2191} INFO - Executing <Task(ExternalTaskSensor): wait_for_etl> on 2026-01-23 17:45:00+00:00
[2026-01-23T18:23:29.690+0000] {standard_task_runner.py:60} INFO - Started process 3290 to run task
[2026-01-23T18:23:29.695+0000] {standard_task_runner.py:87} INFO - Running: ['***', 'tasks', 'run', 'ml_pipeline', 'wait_for_etl', 'scheduled__2026-01-23T17:45:00+00:00', '--job-id', '159', '--raw', '--subdir', 'DAGS_FOLDER/ml_pipeline.py', '--cfg-path', '/tmp/tmpq8rtrhug']
[2026-01-23T18:23:29.699+0000] {standard_task_runner.py:88} INFO - Job 159: Subtask wait_for_etl
[2026-01-23T18:23:29.779+0000] {task_command.py:423} INFO - Running <TaskInstance: ml_pipeline.wait_for_etl scheduled__2026-01-23T17:45:00+00:00 [running]> on host f2c086da0204
[2026-01-23T18:23:29.883+0000] {taskinstance.py:2480} INFO - Exporting env vars: AIRFLOW_CTX_DAG_OWNER='***' AIRFLOW_CTX_DAG_ID='ml_pipeline' AIRFLOW_CTX_TASK_ID='wait_for_etl' AIRFLOW_CTX_EXECUTION_DATE='2026-01-23T17:45:00+00:00' AIRFLOW_CTX_TRY_NUMBER='2' AIRFLOW_CTX_DAG_RUN_ID='scheduled__2026-01-23T17:45:00+00:00'
[2026-01-23T18:23:29.896+0000] {external_task.py:244} INFO - Poking for tasks ['save_silver_postgres'] in dag ETL_TASKFLOW on 2026-01-23T17:30:00+00:00 ... 
[2026-01-23T18:23:29.943+0000] {taskinstance.py:2658} INFO - Rescheduling task, marking task as UP_FOR_RESCHEDULE
[2026-01-23T18:23:29.958+0000] {local_task_job_runner.py:234} INFO - Task exited with return code 0
[2026-01-23T18:23:30.008+0000] {taskinstance.py:3280} INFO - 0 downstream tasks scheduled from follow-on schedule check
[2026-01-23T18:24:05.246+0000] {taskinstance.py:1956} INFO - Dependencies all met for dep_context=non-requeueable deps ti=<TaskInstance: ml_pipeline.wait_for_etl scheduled__2026-01-23T17:45:00+00:00 [queued]>
[2026-01-23T18:24:05.258+0000] {taskinstance.py:1956} INFO - Dependencies all met for dep_context=requeueable deps ti=<TaskInstance: ml_pipeline.wait_for_etl scheduled__2026-01-23T17:45:00+00:00 [queued]>
[2026-01-23T18:24:05.259+0000] {taskinstance.py:2170} INFO - Starting attempt 2 of 3
[2026-01-23T18:24:05.274+0000] {taskinstance.py:2191} INFO - Executing <Task(ExternalTaskSensor): wait_for_etl> on 2026-01-23 17:45:00+00:00
[2026-01-23T18:24:05.282+0000] {standard_task_runner.py:60} INFO - Started process 3477 to run task
[2026-01-23T18:24:05.288+0000] {standard_task_runner.py:87} INFO - Running: ['***', 'tasks', 'run', 'ml_pipeline', 'wait_for_etl', 'scheduled__2026-01-23T17:45:00+00:00', '--job-id', '164', '--raw', '--subdir', 'DAGS_FOLDER/ml_pipeline.py', '--cfg-path', '/tmp/tmp6xjkgcum']
[2026-01-23T18:24:05.291+0000] {standard_task_runner.py:88} INFO - Job 164: Subtask wait_for_etl
[2026-01-23T18:24:05.364+0000] {task_command.py:423} INFO - Running <TaskInstance: ml_pipeline.wait_for_etl scheduled__2026-01-23T17:45:00+00:00 [running]> on host f2c086da0204
[2026-01-23T18:24:05.505+0000] {taskinstance.py:2480} INFO - Exporting env vars: AIRFLOW_CTX_DAG_OWNER='***' AIRFLOW_CTX_DAG_ID='ml_pipeline' AIRFLOW_CTX_TASK_ID='wait_for_etl' AIRFLOW_CTX_EXECUTION_DATE='2026-01-23T17:45:00+00:00' AIRFLOW_CTX_TRY_NUMBER='2' AIRFLOW_CTX_DAG_RUN_ID='scheduled__2026-01-23T17:45:00+00:00'
[2026-01-23T18:24:05.523+0000] {external_task.py:244} INFO - Poking for tasks ['save_silver_postgres'] in dag ETL_TASKFLOW on 2026-01-23T17:30:00+00:00 ... 
[2026-01-23T18:24:05.570+0000] {taskinstance.py:2658} INFO - Rescheduling task, marking task as UP_FOR_RESCHEDULE
[2026-01-23T18:24:05.588+0000] {local_task_job_runner.py:234} INFO - Task exited with return code 0
[2026-01-23T18:24:05.622+0000] {taskinstance.py:3280} INFO - 0 downstream tasks scheduled from follow-on schedule check
[2026-01-23T18:25:44.707+0000] {taskinstance.py:1956} INFO - Dependencies all met for dep_context=non-requeueable deps ti=<TaskInstance: ml_pipeline.wait_for_etl scheduled__2026-01-23T17:45:00+00:00 [queued]>
[2026-01-23T18:25:44.720+0000] {taskinstance.py:1956} INFO - Dependencies all met for dep_context=requeueable deps ti=<TaskInstance: ml_pipeline.wait_for_etl scheduled__2026-01-23T17:45:00+00:00 [queued]>
[2026-01-23T18:25:44.721+0000] {taskinstance.py:2170} INFO - Starting attempt 2 of 3
[2026-01-23T18:25:44.737+0000] {taskinstance.py:2191} INFO - Executing <Task(ExternalTaskSensor): wait_for_etl> on 2026-01-23 17:45:00+00:00
[2026-01-23T18:25:44.744+0000] {standard_task_runner.py:60} INFO - Started process 189 to run task
[2026-01-23T18:25:44.752+0000] {standard_task_runner.py:87} INFO - Running: ['***', 'tasks', 'run', 'ml_pipeline', 'wait_for_etl', 'scheduled__2026-01-23T17:45:00+00:00', '--job-id', '167', '--raw', '--subdir', 'DAGS_FOLDER/ml_pipeline.py', '--cfg-path', '/tmp/tmph8ht6jnl']
[2026-01-23T18:25:44.756+0000] {standard_task_runner.py:88} INFO - Job 167: Subtask wait_for_etl
[2026-01-23T18:25:44.822+0000] {task_command.py:423} INFO - Running <TaskInstance: ml_pipeline.wait_for_etl scheduled__2026-01-23T17:45:00+00:00 [running]> on host 29e73cfdca90
[2026-01-23T18:25:44.923+0000] {taskinstance.py:2480} INFO - Exporting env vars: AIRFLOW_CTX_DAG_OWNER='***' AIRFLOW_CTX_DAG_ID='ml_pipeline' AIRFLOW_CTX_TASK_ID='wait_for_etl' AIRFLOW_CTX_EXECUTION_DATE='2026-01-23T17:45:00+00:00' AIRFLOW_CTX_TRY_NUMBER='2' AIRFLOW_CTX_DAG_RUN_ID='scheduled__2026-01-23T17:45:00+00:00'
[2026-01-23T18:25:44.935+0000] {external_task.py:244} INFO - Poking for tasks ['save_silver_postgres'] in dag ETL_TASKFLOW on 2026-01-23T17:30:00+00:00 ... 
[2026-01-23T18:25:44.982+0000] {taskinstance.py:2658} INFO - Rescheduling task, marking task as UP_FOR_RESCHEDULE
[2026-01-23T18:25:45.010+0000] {local_task_job_runner.py:234} INFO - Task exited with return code 0
[2026-01-23T18:25:45.059+0000] {taskinstance.py:3280} INFO - 0 downstream tasks scheduled from follow-on schedule check
[2026-01-23T18:26:21.139+0000] {taskinstance.py:1956} INFO - Dependencies all met for dep_context=non-requeueable deps ti=<TaskInstance: ml_pipeline.wait_for_etl scheduled__2026-01-23T17:45:00+00:00 [queued]>
[2026-01-23T18:26:21.150+0000] {taskinstance.py:1956} INFO - Dependencies all met for dep_context=requeueable deps ti=<TaskInstance: ml_pipeline.wait_for_etl scheduled__2026-01-23T17:45:00+00:00 [queued]>
[2026-01-23T18:26:21.151+0000] {taskinstance.py:2170} INFO - Starting attempt 2 of 3
[2026-01-23T18:26:21.167+0000] {taskinstance.py:2191} INFO - Executing <Task(ExternalTaskSensor): wait_for_etl> on 2026-01-23 17:45:00+00:00
[2026-01-23T18:26:21.175+0000] {standard_task_runner.py:60} INFO - Started process 380 to run task
[2026-01-23T18:26:21.180+0000] {standard_task_runner.py:87} INFO - Running: ['***', 'tasks', 'run', 'ml_pipeline', 'wait_for_etl', 'scheduled__2026-01-23T17:45:00+00:00', '--job-id', '172', '--raw', '--subdir', 'DAGS_FOLDER/ml_pipeline.py', '--cfg-path', '/tmp/tmpq2wzgct9']
[2026-01-23T18:26:21.184+0000] {standard_task_runner.py:88} INFO - Job 172: Subtask wait_for_etl
[2026-01-23T18:26:21.246+0000] {task_command.py:423} INFO - Running <TaskInstance: ml_pipeline.wait_for_etl scheduled__2026-01-23T17:45:00+00:00 [running]> on host 29e73cfdca90
[2026-01-23T18:26:21.353+0000] {taskinstance.py:2480} INFO - Exporting env vars: AIRFLOW_CTX_DAG_OWNER='***' AIRFLOW_CTX_DAG_ID='ml_pipeline' AIRFLOW_CTX_TASK_ID='wait_for_etl' AIRFLOW_CTX_EXECUTION_DATE='2026-01-23T17:45:00+00:00' AIRFLOW_CTX_TRY_NUMBER='2' AIRFLOW_CTX_DAG_RUN_ID='scheduled__2026-01-23T17:45:00+00:00'
[2026-01-23T18:26:21.368+0000] {external_task.py:244} INFO - Poking for tasks ['save_silver_postgres'] in dag ETL_TASKFLOW on 2026-01-23T17:30:00+00:00 ... 
[2026-01-23T18:26:21.417+0000] {taskinstance.py:2658} INFO - Rescheduling task, marking task as UP_FOR_RESCHEDULE
[2026-01-23T18:26:21.441+0000] {local_task_job_runner.py:234} INFO - Task exited with return code 0
[2026-01-23T18:26:21.497+0000] {taskinstance.py:3280} INFO - 0 downstream tasks scheduled from follow-on schedule check
[2026-01-23T18:26:56.581+0000] {taskinstance.py:1956} INFO - Dependencies all met for dep_context=non-requeueable deps ti=<TaskInstance: ml_pipeline.wait_for_etl scheduled__2026-01-23T17:45:00+00:00 [queued]>
[2026-01-23T18:26:56.594+0000] {taskinstance.py:1956} INFO - Dependencies all met for dep_context=requeueable deps ti=<TaskInstance: ml_pipeline.wait_for_etl scheduled__2026-01-23T17:45:00+00:00 [queued]>
[2026-01-23T18:26:56.595+0000] {taskinstance.py:2170} INFO - Starting attempt 2 of 3
[2026-01-23T18:26:56.613+0000] {taskinstance.py:2191} INFO - Executing <Task(ExternalTaskSensor): wait_for_etl> on 2026-01-23 17:45:00+00:00
[2026-01-23T18:26:56.620+0000] {standard_task_runner.py:60} INFO - Started process 568 to run task
[2026-01-23T18:26:56.627+0000] {standard_task_runner.py:87} INFO - Running: ['***', 'tasks', 'run', 'ml_pipeline', 'wait_for_etl', 'scheduled__2026-01-23T17:45:00+00:00', '--job-id', '177', '--raw', '--subdir', 'DAGS_FOLDER/ml_pipeline.py', '--cfg-path', '/tmp/tmpk614huzx']
[2026-01-23T18:26:56.629+0000] {standard_task_runner.py:88} INFO - Job 177: Subtask wait_for_etl
[2026-01-23T18:26:56.697+0000] {task_command.py:423} INFO - Running <TaskInstance: ml_pipeline.wait_for_etl scheduled__2026-01-23T17:45:00+00:00 [running]> on host 29e73cfdca90
[2026-01-23T18:26:56.810+0000] {taskinstance.py:2480} INFO - Exporting env vars: AIRFLOW_CTX_DAG_OWNER='***' AIRFLOW_CTX_DAG_ID='ml_pipeline' AIRFLOW_CTX_TASK_ID='wait_for_etl' AIRFLOW_CTX_EXECUTION_DATE='2026-01-23T17:45:00+00:00' AIRFLOW_CTX_TRY_NUMBER='2' AIRFLOW_CTX_DAG_RUN_ID='scheduled__2026-01-23T17:45:00+00:00'
[2026-01-23T18:26:56.824+0000] {external_task.py:244} INFO - Poking for tasks ['save_silver_postgres'] in dag ETL_TASKFLOW on 2026-01-23T17:30:00+00:00 ... 
[2026-01-23T18:26:56.881+0000] {taskinstance.py:2658} INFO - Rescheduling task, marking task as UP_FOR_RESCHEDULE
[2026-01-23T18:26:56.926+0000] {local_task_job_runner.py:234} INFO - Task exited with return code 0
[2026-01-23T18:26:56.986+0000] {taskinstance.py:3280} INFO - 0 downstream tasks scheduled from follow-on schedule check
[2026-01-23T18:27:31.608+0000] {taskinstance.py:1956} INFO - Dependencies all met for dep_context=non-requeueable deps ti=<TaskInstance: ml_pipeline.wait_for_etl scheduled__2026-01-23T17:45:00+00:00 [queued]>
[2026-01-23T18:27:31.622+0000] {taskinstance.py:1956} INFO - Dependencies all met for dep_context=requeueable deps ti=<TaskInstance: ml_pipeline.wait_for_etl scheduled__2026-01-23T17:45:00+00:00 [queued]>
[2026-01-23T18:27:31.623+0000] {taskinstance.py:2170} INFO - Starting attempt 2 of 3
[2026-01-23T18:27:31.644+0000] {taskinstance.py:2191} INFO - Executing <Task(ExternalTaskSensor): wait_for_etl> on 2026-01-23 17:45:00+00:00
[2026-01-23T18:27:31.652+0000] {standard_task_runner.py:60} INFO - Started process 755 to run task
[2026-01-23T18:27:31.656+0000] {standard_task_runner.py:87} INFO - Running: ['***', 'tasks', 'run', 'ml_pipeline', 'wait_for_etl', 'scheduled__2026-01-23T17:45:00+00:00', '--job-id', '182', '--raw', '--subdir', 'DAGS_FOLDER/ml_pipeline.py', '--cfg-path', '/tmp/tmpo2xry9b6']
[2026-01-23T18:27:31.658+0000] {standard_task_runner.py:88} INFO - Job 182: Subtask wait_for_etl
[2026-01-23T18:27:31.723+0000] {task_command.py:423} INFO - Running <TaskInstance: ml_pipeline.wait_for_etl scheduled__2026-01-23T17:45:00+00:00 [running]> on host 29e73cfdca90
[2026-01-23T18:27:31.839+0000] {taskinstance.py:2480} INFO - Exporting env vars: AIRFLOW_CTX_DAG_OWNER='***' AIRFLOW_CTX_DAG_ID='ml_pipeline' AIRFLOW_CTX_TASK_ID='wait_for_etl' AIRFLOW_CTX_EXECUTION_DATE='2026-01-23T17:45:00+00:00' AIRFLOW_CTX_TRY_NUMBER='2' AIRFLOW_CTX_DAG_RUN_ID='scheduled__2026-01-23T17:45:00+00:00'
[2026-01-23T18:27:31.853+0000] {external_task.py:244} INFO - Poking for tasks ['save_silver_postgres'] in dag ETL_TASKFLOW on 2026-01-23T17:30:00+00:00 ... 
[2026-01-23T18:27:31.905+0000] {taskinstance.py:2658} INFO - Rescheduling task, marking task as UP_FOR_RESCHEDULE
[2026-01-23T18:27:31.920+0000] {local_task_job_runner.py:234} INFO - Task exited with return code 0
[2026-01-23T18:27:31.964+0000] {taskinstance.py:3280} INFO - 0 downstream tasks scheduled from follow-on schedule check
