[2026-01-23T18:30:13.956+0000] {taskinstance.py:1956} INFO - Dependencies all met for dep_context=non-requeueable deps ti=<TaskInstance: ml_pipeline.evaluate_random_forest manual__2026-01-23T18:17:46.584008+00:00 [queued]>
[2026-01-23T18:30:13.968+0000] {taskinstance.py:1956} INFO - Dependencies all met for dep_context=requeueable deps ti=<TaskInstance: ml_pipeline.evaluate_random_forest manual__2026-01-23T18:17:46.584008+00:00 [queued]>
[2026-01-23T18:30:13.968+0000] {taskinstance.py:2170} INFO - Starting attempt 1 of 2
[2026-01-23T18:30:13.984+0000] {taskinstance.py:2191} INFO - Executing <Task(PythonOperator): evaluate_random_forest> on 2026-01-23 18:17:46.584008+00:00
[2026-01-23T18:30:13.991+0000] {standard_task_runner.py:60} INFO - Started process 3792 to run task
[2026-01-23T18:30:13.996+0000] {standard_task_runner.py:87} INFO - Running: ['***', 'tasks', 'run', 'ml_pipeline', 'evaluate_random_forest', 'manual__2026-01-23T18:17:46.584008+00:00', '--job-id', '194', '--raw', '--subdir', 'DAGS_FOLDER/ml_pipeline.py', '--cfg-path', '/tmp/tmpe4wopkim']
[2026-01-23T18:30:14.000+0000] {standard_task_runner.py:88} INFO - Job 194: Subtask evaluate_random_forest
[2026-01-23T18:30:14.059+0000] {task_command.py:423} INFO - Running <TaskInstance: ml_pipeline.evaluate_random_forest manual__2026-01-23T18:17:46.584008+00:00 [running]> on host 29e73cfdca90
[2026-01-23T18:30:14.153+0000] {taskinstance.py:2480} INFO - Exporting env vars: AIRFLOW_CTX_DAG_OWNER='***' AIRFLOW_CTX_DAG_ID='ml_pipeline' AIRFLOW_CTX_TASK_ID='evaluate_random_forest' AIRFLOW_CTX_EXECUTION_DATE='2026-01-23T18:17:46.584008+00:00' AIRFLOW_CTX_TRY_NUMBER='1' AIRFLOW_CTX_DAG_RUN_ID='manual__2026-01-23T18:17:46.584008+00:00'
[2026-01-23T18:30:14.155+0000] {logging_mixin.py:188} INFO - 
==================================================
[2026-01-23T18:30:14.155+0000] {logging_mixin.py:188} INFO - ÉVALUATION - RANDOM FOREST
[2026-01-23T18:30:14.156+0000] {logging_mixin.py:188} INFO - ==================================================
[2026-01-23T18:30:28.258+0000] {logging_mixin.py:188} INFO - 
Résultats:
[2026-01-23T18:30:28.259+0000] {logging_mixin.py:188} INFO -   RMSE: $670.91
[2026-01-23T18:30:28.260+0000] {logging_mixin.py:188} INFO -   MAE:  $593.88
[2026-01-23T18:30:28.261+0000] {logging_mixin.py:188} INFO -   R²:   -2.3110
[2026-01-23T18:30:28.262+0000] {logging_mixin.py:188} INFO - 
Exemples de prédictions:
[2026-01-23T18:30:28.606+0000] {logging_mixin.py:188} INFO - +---------------+-----------------+
|close_t_plus_10|prediction       |
+---------------+-----------------+
|89694.474      |89715.29865618689|
|89694.474      |89715.29865618689|
|89694.474      |89715.29865618689|
|89694.474      |89719.6791950036 |
|89694.474      |89719.6791950036 |
+---------------+-----------------+
only showing top 5 rows
[2026-01-23T18:30:28.607+0000] {logging_mixin.py:188} INFO - ==================================================
[2026-01-23T18:30:28.608+0000] {python.py:201} INFO - Done. Returned value was: None
[2026-01-23T18:30:28.625+0000] {taskinstance.py:1138} INFO - Marking task as SUCCESS. dag_id=ml_pipeline, task_id=evaluate_random_forest, execution_date=20260123T181746, start_date=20260123T183013, end_date=20260123T183028
[2026-01-23T18:30:28.695+0000] {local_task_job_runner.py:234} INFO - Task exited with return code 0
[2026-01-23T18:30:28.731+0000] {taskinstance.py:3280} INFO - 0 downstream tasks scheduled from follow-on schedule check
