[2026-01-23T18:29:31.549+0000] {taskinstance.py:1956} INFO - Dependencies all met for dep_context=non-requeueable deps ti=<TaskInstance: ml_pipeline.prepare_data scheduled__2026-01-23T17:45:00+00:00 [queued]>
[2026-01-23T18:29:31.560+0000] {taskinstance.py:1956} INFO - Dependencies all met for dep_context=requeueable deps ti=<TaskInstance: ml_pipeline.prepare_data scheduled__2026-01-23T17:45:00+00:00 [queued]>
[2026-01-23T18:29:31.561+0000] {taskinstance.py:2170} INFO - Starting attempt 1 of 2
[2026-01-23T18:29:31.577+0000] {taskinstance.py:2191} INFO - Executing <Task(PythonOperator): prepare_data> on 2026-01-23 17:45:00+00:00
[2026-01-23T18:29:31.585+0000] {standard_task_runner.py:60} INFO - Started process 2746 to run task
[2026-01-23T18:29:31.591+0000] {standard_task_runner.py:87} INFO - Running: ['***', 'tasks', 'run', 'ml_pipeline', 'prepare_data', 'scheduled__2026-01-23T17:45:00+00:00', '--job-id', '192', '--raw', '--subdir', 'DAGS_FOLDER/ml_pipeline.py', '--cfg-path', '/tmp/tmpt9jyffvx']
[2026-01-23T18:29:31.594+0000] {standard_task_runner.py:88} INFO - Job 192: Subtask prepare_data
[2026-01-23T18:29:31.657+0000] {task_command.py:423} INFO - Running <TaskInstance: ml_pipeline.prepare_data scheduled__2026-01-23T17:45:00+00:00 [running]> on host 29e73cfdca90
[2026-01-23T18:29:31.759+0000] {taskinstance.py:2480} INFO - Exporting env vars: AIRFLOW_CTX_DAG_OWNER='***' AIRFLOW_CTX_DAG_ID='ml_pipeline' AIRFLOW_CTX_TASK_ID='prepare_data' AIRFLOW_CTX_EXECUTION_DATE='2026-01-23T17:45:00+00:00' AIRFLOW_CTX_TRY_NUMBER='1' AIRFLOW_CTX_DAG_RUN_ID='scheduled__2026-01-23T17:45:00+00:00'
[2026-01-23T18:29:38.607+0000] {logging_mixin.py:188} INFO - ==================================================
[2026-01-23T18:29:38.607+0000] {logging_mixin.py:188} INFO - Préparation des données
[2026-01-23T18:29:38.608+0000] {logging_mixin.py:188} INFO - ==================================================
[2026-01-23T18:29:38.640+0000] {logging_mixin.py:188} INFO - ✓ Toutes les colonnes présentes
[2026-01-23T18:29:44.216+0000] {logging_mixin.py:188} INFO - 
Split: 80% train / 19% test
[2026-01-23T18:29:44.665+0000] {logging_mixin.py:188} INFO -   Train: 156 lignes
[2026-01-23T18:29:45.050+0000] {logging_mixin.py:188} INFO -   Test:  39 lignes
[2026-01-23T18:29:46.363+0000] {logging_mixin.py:188} INFO - ✓ Pas de fuite temporelle
[2026-01-23T18:29:46.364+0000] {logging_mixin.py:188} INFO - ==================================================
[2026-01-23T18:29:48.425+0000] {python.py:201} INFO - Done. Returned value was: None
[2026-01-23T18:29:48.442+0000] {taskinstance.py:1138} INFO - Marking task as SUCCESS. dag_id=ml_pipeline, task_id=prepare_data, execution_date=20260123T174500, start_date=20260123T182931, end_date=20260123T182948
[2026-01-23T18:29:48.479+0000] {local_task_job_runner.py:234} INFO - Task exited with return code 0
[2026-01-23T18:29:48.530+0000] {taskinstance.py:3280} INFO - 1 downstream tasks scheduled from follow-on schedule check
