[2026-01-21T14:30:16.481+0000] {taskinstance.py:1956} INFO - Dependencies all met for dep_context=non-requeueable deps ti=<TaskInstance: ETL.transform_data scheduled__2026-01-21T14:15:00+00:00 [queued]>
[2026-01-21T14:30:16.490+0000] {taskinstance.py:1956} INFO - Dependencies all met for dep_context=requeueable deps ti=<TaskInstance: ETL.transform_data scheduled__2026-01-21T14:15:00+00:00 [queued]>
[2026-01-21T14:30:16.491+0000] {taskinstance.py:2170} INFO - Starting attempt 1 of 1
[2026-01-21T14:30:16.504+0000] {taskinstance.py:2191} INFO - Executing <Task(PythonOperator): transform_data> on 2026-01-21 14:15:00+00:00
[2026-01-21T14:30:16.509+0000] {standard_task_runner.py:60} INFO - Started process 7690 to run task
[2026-01-21T14:30:16.513+0000] {standard_task_runner.py:87} INFO - Running: ['***', 'tasks', 'run', 'ETL', 'transform_data', 'scheduled__2026-01-21T14:15:00+00:00', '--job-id', '37', '--raw', '--subdir', 'DAGS_FOLDER/ETL.py', '--cfg-path', '/tmp/tmp78twwi1k']
[2026-01-21T14:30:16.516+0000] {standard_task_runner.py:88} INFO - Job 37: Subtask transform_data
[2026-01-21T14:30:16.564+0000] {task_command.py:423} INFO - Running <TaskInstance: ETL.transform_data scheduled__2026-01-21T14:15:00+00:00 [running]> on host d6a8c67c486d
[2026-01-21T14:30:16.645+0000] {taskinstance.py:2480} INFO - Exporting env vars: AIRFLOW_CTX_DAG_OWNER='***' AIRFLOW_CTX_DAG_ID='ETL' AIRFLOW_CTX_TASK_ID='transform_data' AIRFLOW_CTX_EXECUTION_DATE='2026-01-21T14:15:00+00:00' AIRFLOW_CTX_TRY_NUMBER='1' AIRFLOW_CTX_DAG_RUN_ID='scheduled__2026-01-21T14:15:00+00:00'
[2026-01-21T14:30:24.115+0000] {logging_mixin.py:188} INFO - open_time : you dont have any null values
[2026-01-21T14:30:24.326+0000] {logging_mixin.py:188} INFO - open : you dont have any null values
[2026-01-21T14:30:24.495+0000] {logging_mixin.py:188} INFO - high : you dont have any null values
[2026-01-21T14:30:24.655+0000] {logging_mixin.py:188} INFO - low : you dont have any null values
[2026-01-21T14:30:24.829+0000] {logging_mixin.py:188} INFO - close : you dont have any null values
[2026-01-21T14:30:24.974+0000] {logging_mixin.py:188} INFO - volume : you dont have any null values
[2026-01-21T14:30:25.137+0000] {logging_mixin.py:188} INFO - close_time : you dont have any null values
[2026-01-21T14:30:25.286+0000] {logging_mixin.py:188} INFO - quote_asset_volume : you dont have any null values
[2026-01-21T14:30:25.422+0000] {logging_mixin.py:188} INFO - number_of_trades : you dont have any null values
[2026-01-21T14:30:25.563+0000] {logging_mixin.py:188} INFO - taker_buy_base_volume : you dont have any null values
[2026-01-21T14:30:25.674+0000] {logging_mixin.py:188} INFO - taker_buy_quote_volume : you dont have any null values
[2026-01-21T14:30:25.841+0000] {logging_mixin.py:188} INFO - ignore : you dont have any null values
[2026-01-21T14:30:26.709+0000] {logging_mixin.py:188} INFO - you don't have any duplicated values !!
[2026-01-21T14:30:27.051+0000] {logging_mixin.py:188} INFO - open_time : you dont have any null values
[2026-01-21T14:30:27.237+0000] {logging_mixin.py:188} INFO - open : you dont have any null values
[2026-01-21T14:30:27.347+0000] {logging_mixin.py:188} INFO - high : you dont have any null values
[2026-01-21T14:30:27.467+0000] {logging_mixin.py:188} INFO - low : you dont have any null values
[2026-01-21T14:30:27.567+0000] {logging_mixin.py:188} INFO - close : you dont have any null values
[2026-01-21T14:30:27.662+0000] {logging_mixin.py:188} INFO - volume : you dont have any null values
[2026-01-21T14:30:27.762+0000] {logging_mixin.py:188} INFO - close_time : you dont have any null values
[2026-01-21T14:30:27.867+0000] {logging_mixin.py:188} INFO - quote_asset_volume : you dont have any null values
[2026-01-21T14:30:27.983+0000] {logging_mixin.py:188} INFO - number_of_trades : you dont have any null values
[2026-01-21T14:30:28.107+0000] {logging_mixin.py:188} INFO - taker_buy_base_volume : you dont have any null values
[2026-01-21T14:30:28.226+0000] {logging_mixin.py:188} INFO - taker_buy_quote_volume : you dont have any null values
[2026-01-21T14:30:28.580+0000] {logging_mixin.py:188} INFO - Column close_t_plus_10 has 10 null values (1.00%)
[2026-01-21T14:30:28.939+0000] {logging_mixin.py:188} INFO - open_time : you dont have any null values
[2026-01-21T14:30:29.161+0000] {logging_mixin.py:188} INFO - open : you dont have any null values
[2026-01-21T14:30:29.305+0000] {logging_mixin.py:188} INFO - high : you dont have any null values
[2026-01-21T14:30:29.423+0000] {logging_mixin.py:188} INFO - low : you dont have any null values
[2026-01-21T14:30:29.556+0000] {logging_mixin.py:188} INFO - close : you dont have any null values
[2026-01-21T14:30:29.701+0000] {logging_mixin.py:188} INFO - volume : you dont have any null values
[2026-01-21T14:30:29.858+0000] {logging_mixin.py:188} INFO - close_time : you dont have any null values
[2026-01-21T14:30:30.002+0000] {logging_mixin.py:188} INFO - quote_asset_volume : you dont have any null values
[2026-01-21T14:30:30.137+0000] {logging_mixin.py:188} INFO - number_of_trades : you dont have any null values
[2026-01-21T14:30:30.274+0000] {logging_mixin.py:188} INFO - taker_buy_base_volume : you dont have any null values
[2026-01-21T14:30:30.384+0000] {logging_mixin.py:188} INFO - taker_buy_quote_volume : you dont have any null values
[2026-01-21T14:30:30.500+0000] {logging_mixin.py:188} INFO - close_t_plus_10 : you dont have any null values
[2026-01-21T14:30:30.687+0000] {logging_mixin.py:188} INFO - Column prev_close has 1 null values (0.10%)
[2026-01-21T14:30:30.868+0000] {logging_mixin.py:188} INFO - return : you dont have any null values
[2026-01-21T14:30:31.301+0000] {logging_mixin.py:188} INFO - open_time : you dont have any null values
[2026-01-21T14:30:31.463+0000] {logging_mixin.py:188} INFO - open : you dont have any null values
[2026-01-21T14:30:31.593+0000] {logging_mixin.py:188} INFO - high : you dont have any null values
[2026-01-21T14:30:31.789+0000] {logging_mixin.py:188} INFO - low : you dont have any null values
[2026-01-21T14:30:31.933+0000] {logging_mixin.py:188} INFO - close : you dont have any null values
[2026-01-21T14:30:32.121+0000] {logging_mixin.py:188} INFO - volume : you dont have any null values
[2026-01-21T14:30:32.295+0000] {logging_mixin.py:188} INFO - close_time : you dont have any null values
[2026-01-21T14:30:32.444+0000] {logging_mixin.py:188} INFO - quote_asset_volume : you dont have any null values
[2026-01-21T14:30:32.587+0000] {logging_mixin.py:188} INFO - number_of_trades : you dont have any null values
[2026-01-21T14:30:32.708+0000] {logging_mixin.py:188} INFO - taker_buy_base_volume : you dont have any null values
[2026-01-21T14:30:32.840+0000] {logging_mixin.py:188} INFO - taker_buy_quote_volume : you dont have any null values
[2026-01-21T14:30:33.033+0000] {logging_mixin.py:188} INFO - close_t_plus_10 : you dont have any null values
[2026-01-21T14:30:33.158+0000] {logging_mixin.py:188} INFO - prev_close : you dont have any null values
[2026-01-21T14:30:33.271+0000] {logging_mixin.py:188} INFO - return : you dont have any null values
[2026-01-21T14:30:33.516+0000] {logging_mixin.py:188} INFO - MA_5 : you dont have any null values
[2026-01-21T14:30:33.793+0000] {logging_mixin.py:188} INFO - open_time : you dont have any null values
[2026-01-21T14:30:33.917+0000] {logging_mixin.py:188} INFO - open : you dont have any null values
[2026-01-21T14:30:34.100+0000] {logging_mixin.py:188} INFO - high : you dont have any null values
[2026-01-21T14:30:34.258+0000] {logging_mixin.py:188} INFO - low : you dont have any null values
[2026-01-21T14:30:34.376+0000] {logging_mixin.py:188} INFO - close : you dont have any null values
[2026-01-21T14:30:34.505+0000] {logging_mixin.py:188} INFO - volume : you dont have any null values
[2026-01-21T14:30:34.654+0000] {logging_mixin.py:188} INFO - close_time : you dont have any null values
[2026-01-21T14:30:34.792+0000] {logging_mixin.py:188} INFO - quote_asset_volume : you dont have any null values
[2026-01-21T14:30:34.968+0000] {logging_mixin.py:188} INFO - number_of_trades : you dont have any null values
[2026-01-21T14:30:35.103+0000] {logging_mixin.py:188} INFO - taker_buy_base_volume : you dont have any null values
[2026-01-21T14:30:35.208+0000] {logging_mixin.py:188} INFO - taker_buy_quote_volume : you dont have any null values
[2026-01-21T14:30:35.301+0000] {logging_mixin.py:188} INFO - close_t_plus_10 : you dont have any null values
[2026-01-21T14:30:35.407+0000] {logging_mixin.py:188} INFO - prev_close : you dont have any null values
[2026-01-21T14:30:35.502+0000] {logging_mixin.py:188} INFO - return : you dont have any null values
[2026-01-21T14:30:35.616+0000] {logging_mixin.py:188} INFO - MA_5 : you dont have any null values
[2026-01-21T14:30:35.738+0000] {logging_mixin.py:188} INFO - MA_10 : you dont have any null values
[2026-01-21T14:30:36.044+0000] {logging_mixin.py:188} INFO - open_time : you dont have any null values
[2026-01-21T14:30:36.160+0000] {logging_mixin.py:188} INFO - open : you dont have any null values
[2026-01-21T14:30:36.276+0000] {logging_mixin.py:188} INFO - high : you dont have any null values
[2026-01-21T14:30:36.401+0000] {logging_mixin.py:188} INFO - low : you dont have any null values
[2026-01-21T14:30:36.497+0000] {logging_mixin.py:188} INFO - close : you dont have any null values
[2026-01-21T14:30:36.614+0000] {logging_mixin.py:188} INFO - volume : you dont have any null values
[2026-01-21T14:30:36.734+0000] {logging_mixin.py:188} INFO - close_time : you dont have any null values
[2026-01-21T14:30:36.838+0000] {logging_mixin.py:188} INFO - quote_asset_volume : you dont have any null values
[2026-01-21T14:30:36.949+0000] {logging_mixin.py:188} INFO - number_of_trades : you dont have any null values
[2026-01-21T14:30:37.091+0000] {logging_mixin.py:188} INFO - taker_buy_base_volume : you dont have any null values
[2026-01-21T14:30:37.206+0000] {logging_mixin.py:188} INFO - taker_buy_quote_volume : you dont have any null values
[2026-01-21T14:30:37.326+0000] {logging_mixin.py:188} INFO - close_t_plus_10 : you dont have any null values
[2026-01-21T14:30:37.428+0000] {logging_mixin.py:188} INFO - prev_close : you dont have any null values
[2026-01-21T14:30:37.553+0000] {logging_mixin.py:188} INFO - return : you dont have any null values
[2026-01-21T14:30:37.672+0000] {logging_mixin.py:188} INFO - MA_5 : you dont have any null values
[2026-01-21T14:30:37.805+0000] {logging_mixin.py:188} INFO - MA_10 : you dont have any null values
[2026-01-21T14:30:37.943+0000] {logging_mixin.py:188} INFO - taker_ratio : you dont have any null values
[2026-01-21T14:30:38.692+0000] {python.py:201} INFO - Done. Returned value was: None
[2026-01-21T14:30:38.705+0000] {taskinstance.py:1138} INFO - Marking task as SUCCESS. dag_id=ETL, task_id=transform_data, execution_date=20260121T141500, start_date=20260121T143016, end_date=20260121T143038
[2026-01-21T14:30:38.754+0000] {local_task_job_runner.py:234} INFO - Task exited with return code 0
[2026-01-21T14:30:38.779+0000] {taskinstance.py:3280} INFO - 0 downstream tasks scheduled from follow-on schedule check
