[2026-01-23T14:36:12.572+0000] {taskinstance.py:1956} INFO - Dependencies all met for dep_context=non-requeueable deps ti=<TaskInstance: ml_pipeline.wait_for_etl manual__2026-01-23T14:06:20.552965+00:00 [queued]>
[2026-01-23T14:36:12.585+0000] {taskinstance.py:1956} INFO - Dependencies all met for dep_context=requeueable deps ti=<TaskInstance: ml_pipeline.wait_for_etl manual__2026-01-23T14:06:20.552965+00:00 [queued]>
[2026-01-23T14:36:12.586+0000] {taskinstance.py:2170} INFO - Starting attempt 2 of 2
[2026-01-23T14:36:12.601+0000] {taskinstance.py:2191} INFO - Executing <Task(ExternalTaskSensor): wait_for_etl> on 2026-01-23 14:06:20.552965+00:00
[2026-01-23T14:36:12.609+0000] {standard_task_runner.py:60} INFO - Started process 8254 to run task
[2026-01-23T14:36:12.615+0000] {standard_task_runner.py:87} INFO - Running: ['***', 'tasks', 'run', 'ml_pipeline', 'wait_for_etl', 'manual__2026-01-23T14:06:20.552965+00:00', '--job-id', '28', '--raw', '--subdir', 'DAGS_FOLDER/ml_pipeline.py', '--cfg-path', '/tmp/tmpk9bfyzxn']
[2026-01-23T14:36:12.618+0000] {standard_task_runner.py:88} INFO - Job 28: Subtask wait_for_etl
[2026-01-23T14:36:12.678+0000] {task_command.py:423} INFO - Running <TaskInstance: ml_pipeline.wait_for_etl manual__2026-01-23T14:06:20.552965+00:00 [running]> on host d6104de25333
[2026-01-23T14:36:12.773+0000] {taskinstance.py:2480} INFO - Exporting env vars: AIRFLOW_CTX_DAG_OWNER='***' AIRFLOW_CTX_DAG_ID='ml_pipeline' AIRFLOW_CTX_TASK_ID='wait_for_etl' AIRFLOW_CTX_EXECUTION_DATE='2026-01-23T14:06:20.552965+00:00' AIRFLOW_CTX_TRY_NUMBER='2' AIRFLOW_CTX_DAG_RUN_ID='manual__2026-01-23T14:06:20.552965+00:00'
[2026-01-23T14:36:12.774+0000] {external_task.py:244} INFO - Poking for tasks ['save_silver_postgres'] in dag ETL_TASKFLOW on 2026-01-23T14:06:20.552965+00:00 ... 
[2026-01-23T14:37:12.782+0000] {external_task.py:244} INFO - Poking for tasks ['save_silver_postgres'] in dag ETL_TASKFLOW on 2026-01-23T14:06:20.552965+00:00 ... 
[2026-01-23T14:38:12.823+0000] {external_task.py:244} INFO - Poking for tasks ['save_silver_postgres'] in dag ETL_TASKFLOW on 2026-01-23T14:06:20.552965+00:00 ... 
[2026-01-23T14:39:12.866+0000] {external_task.py:244} INFO - Poking for tasks ['save_silver_postgres'] in dag ETL_TASKFLOW on 2026-01-23T14:06:20.552965+00:00 ... 
[2026-01-23T14:40:12.899+0000] {external_task.py:244} INFO - Poking for tasks ['save_silver_postgres'] in dag ETL_TASKFLOW on 2026-01-23T14:06:20.552965+00:00 ... 
[2026-01-23T14:41:12.994+0000] {external_task.py:244} INFO - Poking for tasks ['save_silver_postgres'] in dag ETL_TASKFLOW on 2026-01-23T14:06:20.552965+00:00 ... 
[2026-01-23T14:42:13.071+0000] {external_task.py:244} INFO - Poking for tasks ['save_silver_postgres'] in dag ETL_TASKFLOW on 2026-01-23T14:06:20.552965+00:00 ... 
[2026-01-23T14:43:13.114+0000] {external_task.py:244} INFO - Poking for tasks ['save_silver_postgres'] in dag ETL_TASKFLOW on 2026-01-23T14:06:20.552965+00:00 ... 
[2026-01-23T14:44:13.156+0000] {external_task.py:244} INFO - Poking for tasks ['save_silver_postgres'] in dag ETL_TASKFLOW on 2026-01-23T14:06:20.552965+00:00 ... 
[2026-01-23T14:45:13.216+0000] {external_task.py:244} INFO - Poking for tasks ['save_silver_postgres'] in dag ETL_TASKFLOW on 2026-01-23T14:06:20.552965+00:00 ... 
[2026-01-23T14:46:13.263+0000] {external_task.py:244} INFO - Poking for tasks ['save_silver_postgres'] in dag ETL_TASKFLOW on 2026-01-23T14:06:20.552965+00:00 ... 
[2026-01-23T14:47:13.326+0000] {external_task.py:244} INFO - Poking for tasks ['save_silver_postgres'] in dag ETL_TASKFLOW on 2026-01-23T14:06:20.552965+00:00 ... 
[2026-01-23T14:48:13.372+0000] {external_task.py:244} INFO - Poking for tasks ['save_silver_postgres'] in dag ETL_TASKFLOW on 2026-01-23T14:06:20.552965+00:00 ... 
[2026-01-23T14:49:13.425+0000] {external_task.py:244} INFO - Poking for tasks ['save_silver_postgres'] in dag ETL_TASKFLOW on 2026-01-23T14:06:20.552965+00:00 ... 
[2026-01-23T14:50:13.490+0000] {external_task.py:244} INFO - Poking for tasks ['save_silver_postgres'] in dag ETL_TASKFLOW on 2026-01-23T14:06:20.552965+00:00 ... 
[2026-01-23T14:51:13.549+0000] {external_task.py:244} INFO - Poking for tasks ['save_silver_postgres'] in dag ETL_TASKFLOW on 2026-01-23T14:06:20.552965+00:00 ... 
[2026-01-23T14:51:13.560+0000] {taskinstance.py:2698} ERROR - Task failed with exception
Traceback (most recent call last):
  File "/home/airflow/.local/lib/python3.8/site-packages/airflow/models/taskinstance.py", line 433, in _execute_task
    result = execute_callable(context=context, **execute_callable_kwargs)
  File "/home/airflow/.local/lib/python3.8/site-packages/airflow/sensors/external_task.py", line 334, in execute
    super().execute(context)
  File "/home/airflow/.local/lib/python3.8/site-packages/airflow/sensors/base.py", line 282, in execute
    raise AirflowSensorTimeout(message)
airflow.exceptions.AirflowSensorTimeout: Sensor has timed out; run duration of 900.6738832800002 seconds exceeds the specified timeout of 900.0.
[2026-01-23T14:51:13.584+0000] {taskinstance.py:1138} INFO - Immediate failure requested. Marking task as FAILED. dag_id=ml_pipeline, task_id=wait_for_etl, execution_date=20260123T140620, start_date=20260123T143612, end_date=20260123T145113
[2026-01-23T14:51:13.607+0000] {standard_task_runner.py:107} ERROR - Failed to execute job 28 for task wait_for_etl (Sensor has timed out; run duration of 900.6738832800002 seconds exceeds the specified timeout of 900.0.; 8254)
[2026-01-23T14:51:13.632+0000] {local_task_job_runner.py:234} INFO - Task exited with return code 1
[2026-01-23T14:51:13.679+0000] {taskinstance.py:3280} INFO - 0 downstream tasks scheduled from follow-on schedule check
