[2026-01-23T19:31:36.506+0000] {taskinstance.py:1956} INFO - Dependencies all met for dep_context=non-requeueable deps ti=<TaskInstance: ml_pipeline.train_random_forest scheduled__2026-01-23T19:15:00+00:00 [queued]>
[2026-01-23T19:31:36.517+0000] {taskinstance.py:1956} INFO - Dependencies all met for dep_context=requeueable deps ti=<TaskInstance: ml_pipeline.train_random_forest scheduled__2026-01-23T19:15:00+00:00 [queued]>
[2026-01-23T19:31:36.517+0000] {taskinstance.py:2170} INFO - Starting attempt 1 of 2
[2026-01-23T19:31:36.532+0000] {taskinstance.py:2191} INFO - Executing <Task(PythonOperator): train_random_forest> on 2026-01-23 19:15:00+00:00
[2026-01-23T19:31:36.538+0000] {standard_task_runner.py:60} INFO - Started process 8580 to run task
[2026-01-23T19:31:36.544+0000] {standard_task_runner.py:87} INFO - Running: ['***', 'tasks', 'run', 'ml_pipeline', 'train_random_forest', 'scheduled__2026-01-23T19:15:00+00:00', '--job-id', '282', '--raw', '--subdir', 'DAGS_FOLDER/ml_pipeline.py', '--cfg-path', '/tmp/tmphdq053rd']
[2026-01-23T19:31:36.547+0000] {standard_task_runner.py:88} INFO - Job 282: Subtask train_random_forest
[2026-01-23T19:31:36.607+0000] {task_command.py:423} INFO - Running <TaskInstance: ml_pipeline.train_random_forest scheduled__2026-01-23T19:15:00+00:00 [running]> on host 29e73cfdca90
[2026-01-23T19:31:36.707+0000] {taskinstance.py:2480} INFO - Exporting env vars: AIRFLOW_CTX_DAG_OWNER='***' AIRFLOW_CTX_DAG_ID='ml_pipeline' AIRFLOW_CTX_TASK_ID='train_random_forest' AIRFLOW_CTX_EXECUTION_DATE='2026-01-23T19:15:00+00:00' AIRFLOW_CTX_TRY_NUMBER='1' AIRFLOW_CTX_DAG_RUN_ID='scheduled__2026-01-23T19:15:00+00:00'
[2026-01-23T19:31:36.709+0000] {logging_mixin.py:188} INFO - 
==================================================
[2026-01-23T19:31:36.710+0000] {logging_mixin.py:188} INFO - TRAINING - RANDOM FOREST
[2026-01-23T19:31:36.711+0000] {logging_mixin.py:188} INFO - ==================================================
[2026-01-23T19:31:43.479+0000] {logging_mixin.py:188} INFO - 
Configuration:
[2026-01-23T19:31:43.481+0000] {logging_mixin.py:188} INFO -   Arbres: 100
[2026-01-23T19:31:43.482+0000] {logging_mixin.py:188} INFO -   Profondeur max: 10
[2026-01-23T19:31:43.483+0000] {logging_mixin.py:188} INFO -   Min instances/noeud: 5
[2026-01-23T19:31:43.514+0000] {logging_mixin.py:188} INFO - 
Entraînement en cours...
[2026-01-23T19:31:52.463+0000] {logging_mixin.py:188} INFO - ✓ Modèle sauvegardé: /opt/***/data/models/random_forest
[2026-01-23T19:31:52.466+0000] {logging_mixin.py:188} INFO - ==================================================
[2026-01-23T19:31:52.468+0000] {python.py:201} INFO - Done. Returned value was: None
[2026-01-23T19:31:52.493+0000] {taskinstance.py:1138} INFO - Marking task as SUCCESS. dag_id=ml_pipeline, task_id=train_random_forest, execution_date=20260123T191500, start_date=20260123T193136, end_date=20260123T193152
[2026-01-23T19:31:52.532+0000] {local_task_job_runner.py:234} INFO - Task exited with return code 0
[2026-01-23T19:31:52.566+0000] {taskinstance.py:3280} INFO - 1 downstream tasks scheduled from follow-on schedule check
