[2026-01-21T10:14:59.918+0000] {taskinstance.py:1956} INFO - Dependencies all met for dep_context=non-requeueable deps ti=<TaskInstance: ETL.Extract_data manual__2026-01-21T10:14:55.572585+00:00 [queued]>
[2026-01-21T10:14:59.929+0000] {taskinstance.py:1956} INFO - Dependencies all met for dep_context=requeueable deps ti=<TaskInstance: ETL.Extract_data manual__2026-01-21T10:14:55.572585+00:00 [queued]>
[2026-01-21T10:14:59.929+0000] {taskinstance.py:2170} INFO - Starting attempt 1 of 1
[2026-01-21T10:14:59.949+0000] {taskinstance.py:2191} INFO - Executing <Task(PythonOperator): Extract_data> on 2026-01-21 10:14:55.572585+00:00
[2026-01-21T10:14:59.955+0000] {standard_task_runner.py:60} INFO - Started process 85 to run task
[2026-01-21T10:14:59.959+0000] {standard_task_runner.py:87} INFO - Running: ['***', 'tasks', 'run', 'ETL', 'Extract_data', 'manual__2026-01-21T10:14:55.572585+00:00', '--job-id', '3', '--raw', '--subdir', 'DAGS_FOLDER/ETL.py', '--cfg-path', '/tmp/tmpi54tdcuq']
[2026-01-21T10:14:59.961+0000] {standard_task_runner.py:88} INFO - Job 3: Subtask Extract_data
[2026-01-21T10:15:00.010+0000] {task_command.py:423} INFO - Running <TaskInstance: ETL.Extract_data manual__2026-01-21T10:14:55.572585+00:00 [running]> on host d6a8c67c486d
[2026-01-21T10:15:00.087+0000] {taskinstance.py:2480} INFO - Exporting env vars: AIRFLOW_CTX_DAG_OWNER='***' AIRFLOW_CTX_DAG_ID='ETL' AIRFLOW_CTX_TASK_ID='Extract_data' AIRFLOW_CTX_EXECUTION_DATE='2026-01-21T10:14:55.572585+00:00' AIRFLOW_CTX_TRY_NUMBER='1' AIRFLOW_CTX_DAG_RUN_ID='manual__2026-01-21T10:14:55.572585+00:00'
[2026-01-21T10:15:01.724+0000] {taskinstance.py:2698} ERROR - Task failed with exception
Traceback (most recent call last):
  File "/home/airflow/.local/lib/python3.8/site-packages/airflow/models/taskinstance.py", line 433, in _execute_task
    result = execute_callable(context=context, **execute_callable_kwargs)
  File "/home/airflow/.local/lib/python3.8/site-packages/airflow/operators/python.py", line 199, in execute
    return_value = self.execute_callable()
  File "/home/airflow/.local/lib/python3.8/site-packages/airflow/operators/python.py", line 216, in execute_callable
    return self.python_callable(*self.op_args, **self.op_kwargs)
  File "/opt/airflow/dags/ETL.py", line 141, in Extract_Data
    df = data_collection_api(15, "1m", "BTCUSDT")
  File "/opt/airflow/dags/ETL.py", line 40, in data_collection_api
    df = pd.DataFrame(data, columns=columns)
NameError: name 'pd' is not defined
[2026-01-21T10:15:01.734+0000] {taskinstance.py:1138} INFO - Marking task as FAILED. dag_id=ETL, task_id=Extract_data, execution_date=20260121T101455, start_date=20260121T101459, end_date=20260121T101501
[2026-01-21T10:15:01.749+0000] {standard_task_runner.py:107} ERROR - Failed to execute job 3 for task Extract_data (name 'pd' is not defined; 85)
[2026-01-21T10:15:01.778+0000] {local_task_job_runner.py:234} INFO - Task exited with return code 1
[2026-01-21T10:15:01.801+0000] {taskinstance.py:3280} INFO - 0 downstream tasks scheduled from follow-on schedule check
