[2026-01-20T14:15:18.204+0000] {taskinstance.py:1956} INFO - Dependencies all met for dep_context=non-requeueable deps ti=<TaskInstance: ETL.transform_data manual__2026-01-20T14:15:01.698713+00:00 [queued]>
[2026-01-20T14:15:18.216+0000] {taskinstance.py:1956} INFO - Dependencies all met for dep_context=requeueable deps ti=<TaskInstance: ETL.transform_data manual__2026-01-20T14:15:01.698713+00:00 [queued]>
[2026-01-20T14:15:18.217+0000] {taskinstance.py:2170} INFO - Starting attempt 1 of 1
[2026-01-20T14:15:18.238+0000] {taskinstance.py:2191} INFO - Executing <Task(PythonOperator): transform_data> on 2026-01-20 14:15:01.698713+00:00
[2026-01-20T14:15:18.243+0000] {standard_task_runner.py:60} INFO - Started process 15116 to run task
[2026-01-20T14:15:18.247+0000] {standard_task_runner.py:87} INFO - Running: ['***', 'tasks', 'run', 'ETL', 'transform_data', 'manual__2026-01-20T14:15:01.698713+00:00', '--job-id', '6', '--raw', '--subdir', 'DAGS_FOLDER/ETL.py', '--cfg-path', '/tmp/tmpojt9_q18']
[2026-01-20T14:15:18.249+0000] {standard_task_runner.py:88} INFO - Job 6: Subtask transform_data
[2026-01-20T14:15:18.303+0000] {task_command.py:423} INFO - Running <TaskInstance: ETL.transform_data manual__2026-01-20T14:15:01.698713+00:00 [running]> on host 1088443c7c2b
[2026-01-20T14:15:18.395+0000] {taskinstance.py:2480} INFO - Exporting env vars: AIRFLOW_CTX_DAG_OWNER='***' AIRFLOW_CTX_DAG_ID='ETL' AIRFLOW_CTX_TASK_ID='transform_data' AIRFLOW_CTX_EXECUTION_DATE='2026-01-20T14:15:01.698713+00:00' AIRFLOW_CTX_TRY_NUMBER='1' AIRFLOW_CTX_DAG_RUN_ID='manual__2026-01-20T14:15:01.698713+00:00'
[2026-01-20T14:15:26.867+0000] {logging_mixin.py:188} INFO - open_time : you dont have any null values
[2026-01-20T14:15:27.153+0000] {logging_mixin.py:188} INFO - open : you dont have any null values
[2026-01-20T14:15:27.332+0000] {logging_mixin.py:188} INFO - high : you dont have any null values
[2026-01-20T14:15:27.502+0000] {logging_mixin.py:188} INFO - low : you dont have any null values
[2026-01-20T14:15:27.703+0000] {logging_mixin.py:188} INFO - close : you dont have any null values
[2026-01-20T14:15:27.862+0000] {logging_mixin.py:188} INFO - volume : you dont have any null values
[2026-01-20T14:15:28.020+0000] {logging_mixin.py:188} INFO - close_time : you dont have any null values
[2026-01-20T14:15:28.181+0000] {logging_mixin.py:188} INFO - quote_asset_volume : you dont have any null values
[2026-01-20T14:15:28.330+0000] {logging_mixin.py:188} INFO - number_of_trades : you dont have any null values
[2026-01-20T14:15:28.472+0000] {logging_mixin.py:188} INFO - taker_buy_base_volume : you dont have any null values
[2026-01-20T14:15:28.627+0000] {logging_mixin.py:188} INFO - taker_buy_quote_volume : you dont have any null values
[2026-01-20T14:15:28.792+0000] {logging_mixin.py:188} INFO - ignore : you dont have any null values
[2026-01-20T14:15:29.722+0000] {logging_mixin.py:188} INFO - you don't have any duplicated values !!
[2026-01-20T14:15:30.039+0000] {logging_mixin.py:188} INFO - open_time : you dont have any null values
[2026-01-20T14:15:30.175+0000] {logging_mixin.py:188} INFO - open : you dont have any null values
[2026-01-20T14:15:30.289+0000] {logging_mixin.py:188} INFO - high : you dont have any null values
[2026-01-20T14:15:30.419+0000] {logging_mixin.py:188} INFO - low : you dont have any null values
[2026-01-20T14:15:30.526+0000] {logging_mixin.py:188} INFO - close : you dont have any null values
[2026-01-20T14:15:30.639+0000] {logging_mixin.py:188} INFO - volume : you dont have any null values
[2026-01-20T14:15:30.751+0000] {logging_mixin.py:188} INFO - close_time : you dont have any null values
[2026-01-20T14:15:30.857+0000] {logging_mixin.py:188} INFO - quote_asset_volume : you dont have any null values
[2026-01-20T14:15:30.963+0000] {logging_mixin.py:188} INFO - number_of_trades : you dont have any null values
[2026-01-20T14:15:31.069+0000] {logging_mixin.py:188} INFO - taker_buy_base_volume : you dont have any null values
[2026-01-20T14:15:31.196+0000] {logging_mixin.py:188} INFO - taker_buy_quote_volume : you dont have any null values
[2026-01-20T14:15:31.605+0000] {logging_mixin.py:188} INFO - Column close_t_plus_10 has 10 null values (1.00%)
[2026-01-20T14:15:32.075+0000] {logging_mixin.py:188} INFO - open_time : you dont have any null values
[2026-01-20T14:15:32.333+0000] {logging_mixin.py:188} INFO - open : you dont have any null values
[2026-01-20T14:15:32.503+0000] {logging_mixin.py:188} INFO - high : you dont have any null values
[2026-01-20T14:15:32.691+0000] {logging_mixin.py:188} INFO - low : you dont have any null values
[2026-01-20T14:15:32.910+0000] {logging_mixin.py:188} INFO - close : you dont have any null values
[2026-01-20T14:15:33.170+0000] {logging_mixin.py:188} INFO - volume : you dont have any null values
[2026-01-20T14:15:33.410+0000] {logging_mixin.py:188} INFO - close_time : you dont have any null values
[2026-01-20T14:15:33.571+0000] {logging_mixin.py:188} INFO - quote_asset_volume : you dont have any null values
[2026-01-20T14:15:33.761+0000] {logging_mixin.py:188} INFO - number_of_trades : you dont have any null values
[2026-01-20T14:15:33.932+0000] {logging_mixin.py:188} INFO - taker_buy_base_volume : you dont have any null values
[2026-01-20T14:15:34.150+0000] {logging_mixin.py:188} INFO - taker_buy_quote_volume : you dont have any null values
[2026-01-20T14:15:34.337+0000] {logging_mixin.py:188} INFO - close_t_plus_10 : you dont have any null values
[2026-01-20T14:15:34.594+0000] {logging_mixin.py:188} INFO - Column prev_close has 1 null values (0.10%)
[2026-01-20T14:15:34.852+0000] {logging_mixin.py:188} INFO - return : you dont have any null values
[2026-01-20T14:15:35.346+0000] {logging_mixin.py:188} INFO - open_time : you dont have any null values
[2026-01-20T14:15:35.575+0000] {logging_mixin.py:188} INFO - open : you dont have any null values
[2026-01-20T14:15:35.752+0000] {logging_mixin.py:188} INFO - high : you dont have any null values
[2026-01-20T14:15:35.956+0000] {logging_mixin.py:188} INFO - low : you dont have any null values
[2026-01-20T14:15:36.191+0000] {logging_mixin.py:188} INFO - close : you dont have any null values
[2026-01-20T14:15:36.381+0000] {logging_mixin.py:188} INFO - volume : you dont have any null values
[2026-01-20T14:15:36.630+0000] {logging_mixin.py:188} INFO - close_time : you dont have any null values
[2026-01-20T14:15:36.803+0000] {logging_mixin.py:188} INFO - quote_asset_volume : you dont have any null values
[2026-01-20T14:15:36.978+0000] {logging_mixin.py:188} INFO - number_of_trades : you dont have any null values
[2026-01-20T14:15:37.197+0000] {logging_mixin.py:188} INFO - taker_buy_base_volume : you dont have any null values
[2026-01-20T14:15:37.364+0000] {logging_mixin.py:188} INFO - taker_buy_quote_volume : you dont have any null values
[2026-01-20T14:15:37.559+0000] {logging_mixin.py:188} INFO - close_t_plus_10 : you dont have any null values
[2026-01-20T14:15:37.781+0000] {logging_mixin.py:188} INFO - prev_close : you dont have any null values
[2026-01-20T14:15:37.964+0000] {logging_mixin.py:188} INFO - return : you dont have any null values
[2026-01-20T14:15:38.266+0000] {logging_mixin.py:188} INFO - MA_5 : you dont have any null values
[2026-01-20T14:15:38.651+0000] {logging_mixin.py:188} INFO - open_time : you dont have any null values
[2026-01-20T14:15:38.828+0000] {logging_mixin.py:188} INFO - open : you dont have any null values
[2026-01-20T14:15:39.035+0000] {logging_mixin.py:188} INFO - high : you dont have any null values
[2026-01-20T14:15:39.245+0000] {logging_mixin.py:188} INFO - low : you dont have any null values
[2026-01-20T14:15:39.417+0000] {logging_mixin.py:188} INFO - close : you dont have any null values
[2026-01-20T14:15:39.597+0000] {logging_mixin.py:188} INFO - volume : you dont have any null values
[2026-01-20T14:15:39.778+0000] {logging_mixin.py:188} INFO - close_time : you dont have any null values
[2026-01-20T14:15:39.951+0000] {logging_mixin.py:188} INFO - quote_asset_volume : you dont have any null values
[2026-01-20T14:15:40.128+0000] {logging_mixin.py:188} INFO - number_of_trades : you dont have any null values
[2026-01-20T14:15:40.333+0000] {logging_mixin.py:188} INFO - taker_buy_base_volume : you dont have any null values
[2026-01-20T14:15:40.572+0000] {logging_mixin.py:188} INFO - taker_buy_quote_volume : you dont have any null values
[2026-01-20T14:15:40.795+0000] {logging_mixin.py:188} INFO - close_t_plus_10 : you dont have any null values
[2026-01-20T14:15:40.993+0000] {logging_mixin.py:188} INFO - prev_close : you dont have any null values
[2026-01-20T14:15:41.185+0000] {logging_mixin.py:188} INFO - return : you dont have any null values
[2026-01-20T14:15:41.361+0000] {logging_mixin.py:188} INFO - MA_5 : you dont have any null values
[2026-01-20T14:15:41.524+0000] {logging_mixin.py:188} INFO - MA_10 : you dont have any null values
[2026-01-20T14:15:41.900+0000] {logging_mixin.py:188} INFO - open_time : you dont have any null values
[2026-01-20T14:15:42.045+0000] {logging_mixin.py:188} INFO - open : you dont have any null values
[2026-01-20T14:15:42.243+0000] {logging_mixin.py:188} INFO - high : you dont have any null values
[2026-01-20T14:15:42.404+0000] {logging_mixin.py:188} INFO - low : you dont have any null values
[2026-01-20T14:15:42.568+0000] {logging_mixin.py:188} INFO - close : you dont have any null values
[2026-01-20T14:15:42.723+0000] {logging_mixin.py:188} INFO - volume : you dont have any null values
[2026-01-20T14:15:42.928+0000] {logging_mixin.py:188} INFO - close_time : you dont have any null values
[2026-01-20T14:15:43.121+0000] {logging_mixin.py:188} INFO - quote_asset_volume : you dont have any null values
[2026-01-20T14:15:43.302+0000] {logging_mixin.py:188} INFO - number_of_trades : you dont have any null values
[2026-01-20T14:15:43.494+0000] {logging_mixin.py:188} INFO - taker_buy_base_volume : you dont have any null values
[2026-01-20T14:15:43.665+0000] {logging_mixin.py:188} INFO - taker_buy_quote_volume : you dont have any null values
[2026-01-20T14:15:43.859+0000] {logging_mixin.py:188} INFO - close_t_plus_10 : you dont have any null values
[2026-01-20T14:15:44.129+0000] {logging_mixin.py:188} INFO - prev_close : you dont have any null values
[2026-01-20T14:15:44.278+0000] {logging_mixin.py:188} INFO - return : you dont have any null values
[2026-01-20T14:15:44.445+0000] {logging_mixin.py:188} INFO - MA_5 : you dont have any null values
[2026-01-20T14:15:44.615+0000] {logging_mixin.py:188} INFO - MA_10 : you dont have any null values
[2026-01-20T14:15:44.868+0000] {logging_mixin.py:188} INFO - taker_ratio : you dont have any null values
[2026-01-20T14:15:45.697+0000] {python.py:201} INFO - Done. Returned value was: None
[2026-01-20T14:15:45.710+0000] {taskinstance.py:1138} INFO - Marking task as SUCCESS. dag_id=ETL, task_id=transform_data, execution_date=20260120T141501, start_date=20260120T141518, end_date=20260120T141545
[2026-01-20T14:15:45.769+0000] {local_task_job_runner.py:234} INFO - Task exited with return code 0
[2026-01-20T14:15:45.794+0000] {taskinstance.py:3280} INFO - 0 downstream tasks scheduled from follow-on schedule check
