[2026-01-22T09:17:00.840+0000] {processor.py:161} INFO - Started process (PID=73) to work on /opt/airflow/dags/ETL.py
[2026-01-22T09:17:00.841+0000] {processor.py:830} INFO - Processing file /opt/airflow/dags/ETL.py for tasks to queue
[2026-01-22T09:17:00.843+0000] {logging_mixin.py:188} INFO - [2026-01-22T09:17:00.842+0000] {dagbag.py:538} INFO - Filling up the DagBag from /opt/airflow/dags/ETL.py
[2026-01-22T09:17:00.965+0000] {processor.py:840} INFO - DAG(s) 'ETL_TASKFLOW' retrieved from /opt/airflow/dags/ETL.py
[2026-01-22T09:17:01.098+0000] {logging_mixin.py:188} INFO - [2026-01-22T09:17:01.098+0000] {override.py:1769} INFO - Created Permission View: can delete on DAG:ETL_TASKFLOW
[2026-01-22T09:17:01.112+0000] {logging_mixin.py:188} INFO - [2026-01-22T09:17:01.111+0000] {override.py:1769} INFO - Created Permission View: can edit on DAG:ETL_TASKFLOW
[2026-01-22T09:17:01.120+0000] {logging_mixin.py:188} INFO - [2026-01-22T09:17:01.119+0000] {override.py:1769} INFO - Created Permission View: can read on DAG:ETL_TASKFLOW
[2026-01-22T09:17:01.121+0000] {logging_mixin.py:188} INFO - [2026-01-22T09:17:01.120+0000] {dag.py:3036} INFO - Sync 1 DAGs
[2026-01-22T09:17:01.134+0000] {logging_mixin.py:188} INFO - [2026-01-22T09:17:01.134+0000] {dag.py:3058} INFO - Creating ORM DAG for ETL_TASKFLOW
[2026-01-22T09:17:01.148+0000] {logging_mixin.py:188} INFO - [2026-01-22T09:17:01.147+0000] {dag.py:3823} INFO - Setting next_dagrun for ETL_TASKFLOW to 2026-01-22 09:00:00+00:00, run_after=2026-01-22 09:15:00+00:00
[2026-01-22T09:17:01.172+0000] {processor.py:183} INFO - Processing /opt/airflow/dags/ETL.py took 0.337 seconds
[2026-01-22T09:17:31.345+0000] {processor.py:161} INFO - Started process (PID=78) to work on /opt/airflow/dags/ETL.py
[2026-01-22T09:17:31.346+0000] {processor.py:830} INFO - Processing file /opt/airflow/dags/ETL.py for tasks to queue
[2026-01-22T09:17:31.348+0000] {logging_mixin.py:188} INFO - [2026-01-22T09:17:31.347+0000] {dagbag.py:538} INFO - Filling up the DagBag from /opt/airflow/dags/ETL.py
[2026-01-22T09:17:31.427+0000] {processor.py:840} INFO - DAG(s) 'ETL_TASKFLOW' retrieved from /opt/airflow/dags/ETL.py
[2026-01-22T09:17:31.453+0000] {logging_mixin.py:188} INFO - [2026-01-22T09:17:31.453+0000] {dag.py:3036} INFO - Sync 1 DAGs
[2026-01-22T09:17:31.476+0000] {logging_mixin.py:188} INFO - [2026-01-22T09:17:31.476+0000] {dag.py:3823} INFO - Setting next_dagrun for ETL_TASKFLOW to 2026-01-22 09:00:00+00:00, run_after=2026-01-22 09:15:00+00:00
[2026-01-22T09:17:31.500+0000] {processor.py:183} INFO - Processing /opt/airflow/dags/ETL.py took 0.160 seconds
[2026-01-22T09:18:01.722+0000] {processor.py:161} INFO - Started process (PID=79) to work on /opt/airflow/dags/ETL.py
[2026-01-22T09:18:01.726+0000] {processor.py:830} INFO - Processing file /opt/airflow/dags/ETL.py for tasks to queue
[2026-01-22T09:18:01.730+0000] {logging_mixin.py:188} INFO - [2026-01-22T09:18:01.729+0000] {dagbag.py:538} INFO - Filling up the DagBag from /opt/airflow/dags/ETL.py
[2026-01-22T09:18:01.827+0000] {processor.py:840} INFO - DAG(s) 'ETL_TASKFLOW' retrieved from /opt/airflow/dags/ETL.py
[2026-01-22T09:18:01.853+0000] {logging_mixin.py:188} INFO - [2026-01-22T09:18:01.852+0000] {dag.py:3036} INFO - Sync 1 DAGs
[2026-01-22T09:18:01.876+0000] {logging_mixin.py:188} INFO - [2026-01-22T09:18:01.876+0000] {dag.py:3823} INFO - Setting next_dagrun for ETL_TASKFLOW to 2026-01-22 09:00:00+00:00, run_after=2026-01-22 09:15:00+00:00
[2026-01-22T09:18:01.897+0000] {processor.py:183} INFO - Processing /opt/airflow/dags/ETL.py took 0.186 seconds
[2026-01-22T09:18:31.951+0000] {processor.py:161} INFO - Started process (PID=81) to work on /opt/airflow/dags/ETL.py
[2026-01-22T09:18:31.952+0000] {processor.py:830} INFO - Processing file /opt/airflow/dags/ETL.py for tasks to queue
[2026-01-22T09:18:31.954+0000] {logging_mixin.py:188} INFO - [2026-01-22T09:18:31.953+0000] {dagbag.py:538} INFO - Filling up the DagBag from /opt/airflow/dags/ETL.py
[2026-01-22T09:18:32.124+0000] {processor.py:840} INFO - DAG(s) 'ETL_TASKFLOW' retrieved from /opt/airflow/dags/ETL.py
[2026-01-22T09:18:32.170+0000] {logging_mixin.py:188} INFO - [2026-01-22T09:18:32.170+0000] {dag.py:3036} INFO - Sync 1 DAGs
[2026-01-22T09:18:32.203+0000] {logging_mixin.py:188} INFO - [2026-01-22T09:18:32.203+0000] {dag.py:3823} INFO - Setting next_dagrun for ETL_TASKFLOW to 2026-01-22 09:00:00+00:00, run_after=2026-01-22 09:15:00+00:00
[2026-01-22T09:18:32.263+0000] {processor.py:183} INFO - Processing /opt/airflow/dags/ETL.py took 0.318 seconds
[2026-01-22T09:19:02.352+0000] {processor.py:161} INFO - Started process (PID=205) to work on /opt/airflow/dags/ETL.py
[2026-01-22T09:19:02.354+0000] {processor.py:830} INFO - Processing file /opt/airflow/dags/ETL.py for tasks to queue
[2026-01-22T09:19:02.356+0000] {logging_mixin.py:188} INFO - [2026-01-22T09:19:02.356+0000] {dagbag.py:538} INFO - Filling up the DagBag from /opt/airflow/dags/ETL.py
[2026-01-22T09:19:02.595+0000] {processor.py:840} INFO - DAG(s) 'ETL_TASKFLOW' retrieved from /opt/airflow/dags/ETL.py
[2026-01-22T09:19:02.642+0000] {logging_mixin.py:188} INFO - [2026-01-22T09:19:02.642+0000] {dag.py:3036} INFO - Sync 1 DAGs
[2026-01-22T09:19:02.685+0000] {logging_mixin.py:188} INFO - [2026-01-22T09:19:02.685+0000] {dag.py:3823} INFO - Setting next_dagrun for ETL_TASKFLOW to 2026-01-22 09:15:00+00:00, run_after=2026-01-22 09:30:00+00:00
[2026-01-22T09:19:02.740+0000] {processor.py:183} INFO - Processing /opt/airflow/dags/ETL.py took 0.394 seconds
[2026-01-22T09:19:32.940+0000] {processor.py:161} INFO - Started process (PID=750) to work on /opt/airflow/dags/ETL.py
[2026-01-22T09:19:32.941+0000] {processor.py:830} INFO - Processing file /opt/airflow/dags/ETL.py for tasks to queue
[2026-01-22T09:19:32.943+0000] {logging_mixin.py:188} INFO - [2026-01-22T09:19:32.943+0000] {dagbag.py:538} INFO - Filling up the DagBag from /opt/airflow/dags/ETL.py
[2026-01-22T09:19:33.048+0000] {processor.py:840} INFO - DAG(s) 'ETL_TASKFLOW' retrieved from /opt/airflow/dags/ETL.py
[2026-01-22T09:19:33.093+0000] {logging_mixin.py:188} INFO - [2026-01-22T09:19:33.092+0000] {dag.py:3036} INFO - Sync 1 DAGs
[2026-01-22T09:19:33.137+0000] {logging_mixin.py:188} INFO - [2026-01-22T09:19:33.137+0000] {dag.py:3823} INFO - Setting next_dagrun for ETL_TASKFLOW to 2026-01-22 09:15:00+00:00, run_after=2026-01-22 09:30:00+00:00
[2026-01-22T09:19:33.192+0000] {processor.py:183} INFO - Processing /opt/airflow/dags/ETL.py took 0.260 seconds
[2026-01-22T09:20:03.431+0000] {processor.py:161} INFO - Started process (PID=1169) to work on /opt/airflow/dags/ETL.py
[2026-01-22T09:20:03.433+0000] {processor.py:830} INFO - Processing file /opt/airflow/dags/ETL.py for tasks to queue
[2026-01-22T09:20:03.435+0000] {logging_mixin.py:188} INFO - [2026-01-22T09:20:03.434+0000] {dagbag.py:538} INFO - Filling up the DagBag from /opt/airflow/dags/ETL.py
[2026-01-22T09:20:03.572+0000] {processor.py:840} INFO - DAG(s) 'ETL_TASKFLOW' retrieved from /opt/airflow/dags/ETL.py
[2026-01-22T09:20:03.627+0000] {logging_mixin.py:188} INFO - [2026-01-22T09:20:03.626+0000] {dag.py:3036} INFO - Sync 1 DAGs
[2026-01-22T09:20:03.683+0000] {logging_mixin.py:188} INFO - [2026-01-22T09:20:03.682+0000] {dag.py:3823} INFO - Setting next_dagrun for ETL_TASKFLOW to 2026-01-22 09:15:00+00:00, run_after=2026-01-22 09:30:00+00:00
[2026-01-22T09:20:03.723+0000] {processor.py:183} INFO - Processing /opt/airflow/dags/ETL.py took 0.299 seconds
[2026-01-22T09:20:33.982+0000] {processor.py:161} INFO - Started process (PID=1588) to work on /opt/airflow/dags/ETL.py
[2026-01-22T09:20:33.985+0000] {processor.py:830} INFO - Processing file /opt/airflow/dags/ETL.py for tasks to queue
[2026-01-22T09:20:33.987+0000] {logging_mixin.py:188} INFO - [2026-01-22T09:20:33.987+0000] {dagbag.py:538} INFO - Filling up the DagBag from /opt/airflow/dags/ETL.py
[2026-01-22T09:20:34.110+0000] {processor.py:840} INFO - DAG(s) 'ETL_TASKFLOW' retrieved from /opt/airflow/dags/ETL.py
[2026-01-22T09:20:34.150+0000] {logging_mixin.py:188} INFO - [2026-01-22T09:20:34.150+0000] {dag.py:3036} INFO - Sync 1 DAGs
[2026-01-22T09:20:34.190+0000] {logging_mixin.py:188} INFO - [2026-01-22T09:20:34.189+0000] {dag.py:3823} INFO - Setting next_dagrun for ETL_TASKFLOW to 2026-01-22 09:15:00+00:00, run_after=2026-01-22 09:30:00+00:00
[2026-01-22T09:20:34.230+0000] {processor.py:183} INFO - Processing /opt/airflow/dags/ETL.py took 0.254 seconds
[2026-01-22T09:21:04.421+0000] {processor.py:161} INFO - Started process (PID=1814) to work on /opt/airflow/dags/ETL.py
[2026-01-22T09:21:04.422+0000] {processor.py:830} INFO - Processing file /opt/airflow/dags/ETL.py for tasks to queue
[2026-01-22T09:21:04.423+0000] {logging_mixin.py:188} INFO - [2026-01-22T09:21:04.423+0000] {dagbag.py:538} INFO - Filling up the DagBag from /opt/airflow/dags/ETL.py
[2026-01-22T09:21:04.513+0000] {processor.py:840} INFO - DAG(s) 'ETL_TASKFLOW' retrieved from /opt/airflow/dags/ETL.py
[2026-01-22T09:21:04.543+0000] {logging_mixin.py:188} INFO - [2026-01-22T09:21:04.542+0000] {dag.py:3036} INFO - Sync 1 DAGs
[2026-01-22T09:21:04.576+0000] {logging_mixin.py:188} INFO - [2026-01-22T09:21:04.576+0000] {dag.py:3823} INFO - Setting next_dagrun for ETL_TASKFLOW to 2026-01-22 09:15:00+00:00, run_after=2026-01-22 09:30:00+00:00
[2026-01-22T09:21:04.603+0000] {processor.py:183} INFO - Processing /opt/airflow/dags/ETL.py took 0.187 seconds
[2026-01-22T09:21:34.837+0000] {processor.py:161} INFO - Started process (PID=1815) to work on /opt/airflow/dags/ETL.py
[2026-01-22T09:21:34.839+0000] {processor.py:830} INFO - Processing file /opt/airflow/dags/ETL.py for tasks to queue
[2026-01-22T09:21:34.842+0000] {logging_mixin.py:188} INFO - [2026-01-22T09:21:34.841+0000] {dagbag.py:538} INFO - Filling up the DagBag from /opt/airflow/dags/ETL.py
[2026-01-22T09:21:34.936+0000] {processor.py:840} INFO - DAG(s) 'ETL_TASKFLOW' retrieved from /opt/airflow/dags/ETL.py
[2026-01-22T09:21:34.964+0000] {logging_mixin.py:188} INFO - [2026-01-22T09:21:34.964+0000] {dag.py:3036} INFO - Sync 1 DAGs
[2026-01-22T09:21:34.990+0000] {logging_mixin.py:188} INFO - [2026-01-22T09:21:34.990+0000] {dag.py:3823} INFO - Setting next_dagrun for ETL_TASKFLOW to 2026-01-22 09:15:00+00:00, run_after=2026-01-22 09:30:00+00:00
[2026-01-22T09:21:35.017+0000] {processor.py:183} INFO - Processing /opt/airflow/dags/ETL.py took 0.187 seconds
[2026-01-22T09:22:05.077+0000] {processor.py:161} INFO - Started process (PID=1816) to work on /opt/airflow/dags/ETL.py
[2026-01-22T09:22:05.078+0000] {processor.py:830} INFO - Processing file /opt/airflow/dags/ETL.py for tasks to queue
[2026-01-22T09:22:05.080+0000] {logging_mixin.py:188} INFO - [2026-01-22T09:22:05.080+0000] {dagbag.py:538} INFO - Filling up the DagBag from /opt/airflow/dags/ETL.py
[2026-01-22T09:22:05.165+0000] {processor.py:840} INFO - DAG(s) 'ETL_TASKFLOW' retrieved from /opt/airflow/dags/ETL.py
[2026-01-22T09:22:05.192+0000] {logging_mixin.py:188} INFO - [2026-01-22T09:22:05.192+0000] {dag.py:3036} INFO - Sync 1 DAGs
[2026-01-22T09:22:05.218+0000] {logging_mixin.py:188} INFO - [2026-01-22T09:22:05.218+0000] {dag.py:3823} INFO - Setting next_dagrun for ETL_TASKFLOW to 2026-01-22 09:15:00+00:00, run_after=2026-01-22 09:30:00+00:00
[2026-01-22T09:22:05.242+0000] {processor.py:183} INFO - Processing /opt/airflow/dags/ETL.py took 0.173 seconds
[2026-01-22T09:22:35.400+0000] {processor.py:161} INFO - Started process (PID=1817) to work on /opt/airflow/dags/ETL.py
[2026-01-22T09:22:35.402+0000] {processor.py:830} INFO - Processing file /opt/airflow/dags/ETL.py for tasks to queue
[2026-01-22T09:22:35.403+0000] {logging_mixin.py:188} INFO - [2026-01-22T09:22:35.403+0000] {dagbag.py:538} INFO - Filling up the DagBag from /opt/airflow/dags/ETL.py
[2026-01-22T09:22:35.493+0000] {processor.py:840} INFO - DAG(s) 'ETL_TASKFLOW' retrieved from /opt/airflow/dags/ETL.py
[2026-01-22T09:22:35.523+0000] {logging_mixin.py:188} INFO - [2026-01-22T09:22:35.523+0000] {dag.py:3036} INFO - Sync 1 DAGs
[2026-01-22T09:22:35.553+0000] {logging_mixin.py:188} INFO - [2026-01-22T09:22:35.553+0000] {dag.py:3823} INFO - Setting next_dagrun for ETL_TASKFLOW to 2026-01-22 09:15:00+00:00, run_after=2026-01-22 09:30:00+00:00
[2026-01-22T09:22:35.580+0000] {processor.py:183} INFO - Processing /opt/airflow/dags/ETL.py took 0.184 seconds
[2026-01-22T09:23:05.816+0000] {processor.py:161} INFO - Started process (PID=1818) to work on /opt/airflow/dags/ETL.py
[2026-01-22T09:23:05.819+0000] {processor.py:830} INFO - Processing file /opt/airflow/dags/ETL.py for tasks to queue
[2026-01-22T09:23:05.823+0000] {logging_mixin.py:188} INFO - [2026-01-22T09:23:05.821+0000] {dagbag.py:538} INFO - Filling up the DagBag from /opt/airflow/dags/ETL.py
[2026-01-22T09:23:05.929+0000] {processor.py:840} INFO - DAG(s) 'ETL_TASKFLOW' retrieved from /opt/airflow/dags/ETL.py
[2026-01-22T09:23:05.959+0000] {logging_mixin.py:188} INFO - [2026-01-22T09:23:05.958+0000] {dag.py:3036} INFO - Sync 1 DAGs
[2026-01-22T09:23:05.984+0000] {logging_mixin.py:188} INFO - [2026-01-22T09:23:05.984+0000] {dag.py:3823} INFO - Setting next_dagrun for ETL_TASKFLOW to 2026-01-22 09:15:00+00:00, run_after=2026-01-22 09:30:00+00:00
[2026-01-22T09:23:06.007+0000] {processor.py:183} INFO - Processing /opt/airflow/dags/ETL.py took 0.200 seconds
[2026-01-22T09:23:36.175+0000] {processor.py:161} INFO - Started process (PID=1819) to work on /opt/airflow/dags/ETL.py
[2026-01-22T09:23:36.176+0000] {processor.py:830} INFO - Processing file /opt/airflow/dags/ETL.py for tasks to queue
[2026-01-22T09:23:36.178+0000] {logging_mixin.py:188} INFO - [2026-01-22T09:23:36.177+0000] {dagbag.py:538} INFO - Filling up the DagBag from /opt/airflow/dags/ETL.py
[2026-01-22T09:23:36.257+0000] {processor.py:840} INFO - DAG(s) 'ETL_TASKFLOW' retrieved from /opt/airflow/dags/ETL.py
[2026-01-22T09:23:36.289+0000] {logging_mixin.py:188} INFO - [2026-01-22T09:23:36.289+0000] {dag.py:3036} INFO - Sync 1 DAGs
[2026-01-22T09:23:36.328+0000] {logging_mixin.py:188} INFO - [2026-01-22T09:23:36.328+0000] {dag.py:3823} INFO - Setting next_dagrun for ETL_TASKFLOW to 2026-01-22 09:15:00+00:00, run_after=2026-01-22 09:30:00+00:00
[2026-01-22T09:23:36.357+0000] {processor.py:183} INFO - Processing /opt/airflow/dags/ETL.py took 0.187 seconds
[2026-01-22T09:24:06.509+0000] {processor.py:161} INFO - Started process (PID=1820) to work on /opt/airflow/dags/ETL.py
[2026-01-22T09:24:06.511+0000] {processor.py:830} INFO - Processing file /opt/airflow/dags/ETL.py for tasks to queue
[2026-01-22T09:24:06.512+0000] {logging_mixin.py:188} INFO - [2026-01-22T09:24:06.512+0000] {dagbag.py:538} INFO - Filling up the DagBag from /opt/airflow/dags/ETL.py
[2026-01-22T09:24:06.608+0000] {processor.py:840} INFO - DAG(s) 'ETL_TASKFLOW' retrieved from /opt/airflow/dags/ETL.py
[2026-01-22T09:24:06.643+0000] {logging_mixin.py:188} INFO - [2026-01-22T09:24:06.643+0000] {dag.py:3036} INFO - Sync 1 DAGs
[2026-01-22T09:24:06.677+0000] {logging_mixin.py:188} INFO - [2026-01-22T09:24:06.677+0000] {dag.py:3823} INFO - Setting next_dagrun for ETL_TASKFLOW to 2026-01-22 09:15:00+00:00, run_after=2026-01-22 09:30:00+00:00
[2026-01-22T09:24:06.722+0000] {processor.py:183} INFO - Processing /opt/airflow/dags/ETL.py took 0.219 seconds
[2026-01-22T09:24:36.963+0000] {processor.py:161} INFO - Started process (PID=1821) to work on /opt/airflow/dags/ETL.py
[2026-01-22T09:24:36.966+0000] {processor.py:830} INFO - Processing file /opt/airflow/dags/ETL.py for tasks to queue
[2026-01-22T09:24:36.969+0000] {logging_mixin.py:188} INFO - [2026-01-22T09:24:36.969+0000] {dagbag.py:538} INFO - Filling up the DagBag from /opt/airflow/dags/ETL.py
[2026-01-22T09:24:37.065+0000] {processor.py:840} INFO - DAG(s) 'ETL_TASKFLOW' retrieved from /opt/airflow/dags/ETL.py
[2026-01-22T09:24:37.104+0000] {logging_mixin.py:188} INFO - [2026-01-22T09:24:37.103+0000] {dag.py:3036} INFO - Sync 1 DAGs
[2026-01-22T09:24:37.135+0000] {logging_mixin.py:188} INFO - [2026-01-22T09:24:37.135+0000] {dag.py:3823} INFO - Setting next_dagrun for ETL_TASKFLOW to 2026-01-22 09:15:00+00:00, run_after=2026-01-22 09:30:00+00:00
[2026-01-22T09:24:37.163+0000] {processor.py:183} INFO - Processing /opt/airflow/dags/ETL.py took 0.214 seconds
[2026-01-22T09:25:07.381+0000] {processor.py:161} INFO - Started process (PID=1822) to work on /opt/airflow/dags/ETL.py
[2026-01-22T09:25:07.382+0000] {processor.py:830} INFO - Processing file /opt/airflow/dags/ETL.py for tasks to queue
[2026-01-22T09:25:07.384+0000] {logging_mixin.py:188} INFO - [2026-01-22T09:25:07.383+0000] {dagbag.py:538} INFO - Filling up the DagBag from /opt/airflow/dags/ETL.py
[2026-01-22T09:25:07.486+0000] {processor.py:840} INFO - DAG(s) 'ETL_TASKFLOW' retrieved from /opt/airflow/dags/ETL.py
[2026-01-22T09:25:07.530+0000] {logging_mixin.py:188} INFO - [2026-01-22T09:25:07.529+0000] {dag.py:3036} INFO - Sync 1 DAGs
[2026-01-22T09:25:07.578+0000] {logging_mixin.py:188} INFO - [2026-01-22T09:25:07.577+0000] {dag.py:3823} INFO - Setting next_dagrun for ETL_TASKFLOW to 2026-01-22 09:15:00+00:00, run_after=2026-01-22 09:30:00+00:00
[2026-01-22T09:25:07.622+0000] {processor.py:183} INFO - Processing /opt/airflow/dags/ETL.py took 0.246 seconds
[2026-01-22T09:25:37.852+0000] {processor.py:161} INFO - Started process (PID=1823) to work on /opt/airflow/dags/ETL.py
[2026-01-22T09:25:37.855+0000] {processor.py:830} INFO - Processing file /opt/airflow/dags/ETL.py for tasks to queue
[2026-01-22T09:25:37.858+0000] {logging_mixin.py:188} INFO - [2026-01-22T09:25:37.857+0000] {dagbag.py:538} INFO - Filling up the DagBag from /opt/airflow/dags/ETL.py
[2026-01-22T09:25:37.950+0000] {processor.py:840} INFO - DAG(s) 'ETL_TASKFLOW' retrieved from /opt/airflow/dags/ETL.py
[2026-01-22T09:25:37.979+0000] {logging_mixin.py:188} INFO - [2026-01-22T09:25:37.979+0000] {dag.py:3036} INFO - Sync 1 DAGs
[2026-01-22T09:25:38.003+0000] {logging_mixin.py:188} INFO - [2026-01-22T09:25:38.003+0000] {dag.py:3823} INFO - Setting next_dagrun for ETL_TASKFLOW to 2026-01-22 09:15:00+00:00, run_after=2026-01-22 09:30:00+00:00
[2026-01-22T09:25:38.027+0000] {processor.py:183} INFO - Processing /opt/airflow/dags/ETL.py took 0.186 seconds
[2026-01-22T09:26:08.085+0000] {processor.py:161} INFO - Started process (PID=1824) to work on /opt/airflow/dags/ETL.py
[2026-01-22T09:26:08.087+0000] {processor.py:830} INFO - Processing file /opt/airflow/dags/ETL.py for tasks to queue
[2026-01-22T09:26:08.090+0000] {logging_mixin.py:188} INFO - [2026-01-22T09:26:08.089+0000] {dagbag.py:538} INFO - Filling up the DagBag from /opt/airflow/dags/ETL.py
[2026-01-22T09:26:08.171+0000] {processor.py:840} INFO - DAG(s) 'ETL_TASKFLOW' retrieved from /opt/airflow/dags/ETL.py
[2026-01-22T09:26:08.198+0000] {logging_mixin.py:188} INFO - [2026-01-22T09:26:08.197+0000] {dag.py:3036} INFO - Sync 1 DAGs
[2026-01-22T09:26:08.220+0000] {logging_mixin.py:188} INFO - [2026-01-22T09:26:08.220+0000] {dag.py:3823} INFO - Setting next_dagrun for ETL_TASKFLOW to 2026-01-22 09:15:00+00:00, run_after=2026-01-22 09:30:00+00:00
[2026-01-22T09:26:08.246+0000] {processor.py:183} INFO - Processing /opt/airflow/dags/ETL.py took 0.175 seconds
[2026-01-22T09:26:38.409+0000] {processor.py:161} INFO - Started process (PID=1825) to work on /opt/airflow/dags/ETL.py
[2026-01-22T09:26:38.410+0000] {processor.py:830} INFO - Processing file /opt/airflow/dags/ETL.py for tasks to queue
[2026-01-22T09:26:38.412+0000] {logging_mixin.py:188} INFO - [2026-01-22T09:26:38.411+0000] {dagbag.py:538} INFO - Filling up the DagBag from /opt/airflow/dags/ETL.py
[2026-01-22T09:26:38.489+0000] {processor.py:840} INFO - DAG(s) 'ETL_TASKFLOW' retrieved from /opt/airflow/dags/ETL.py
[2026-01-22T09:26:38.522+0000] {logging_mixin.py:188} INFO - [2026-01-22T09:26:38.522+0000] {dag.py:3036} INFO - Sync 1 DAGs
[2026-01-22T09:26:38.545+0000] {logging_mixin.py:188} INFO - [2026-01-22T09:26:38.545+0000] {dag.py:3823} INFO - Setting next_dagrun for ETL_TASKFLOW to 2026-01-22 09:15:00+00:00, run_after=2026-01-22 09:30:00+00:00
[2026-01-22T09:26:38.566+0000] {processor.py:183} INFO - Processing /opt/airflow/dags/ETL.py took 0.162 seconds
[2026-01-22T09:27:08.732+0000] {processor.py:161} INFO - Started process (PID=1826) to work on /opt/airflow/dags/ETL.py
[2026-01-22T09:27:08.733+0000] {processor.py:830} INFO - Processing file /opt/airflow/dags/ETL.py for tasks to queue
[2026-01-22T09:27:08.734+0000] {logging_mixin.py:188} INFO - [2026-01-22T09:27:08.734+0000] {dagbag.py:538} INFO - Filling up the DagBag from /opt/airflow/dags/ETL.py
[2026-01-22T09:27:08.815+0000] {processor.py:840} INFO - DAG(s) 'ETL_TASKFLOW' retrieved from /opt/airflow/dags/ETL.py
[2026-01-22T09:27:08.850+0000] {logging_mixin.py:188} INFO - [2026-01-22T09:27:08.849+0000] {dag.py:3036} INFO - Sync 1 DAGs
[2026-01-22T09:27:08.881+0000] {logging_mixin.py:188} INFO - [2026-01-22T09:27:08.880+0000] {dag.py:3823} INFO - Setting next_dagrun for ETL_TASKFLOW to 2026-01-22 09:15:00+00:00, run_after=2026-01-22 09:30:00+00:00
[2026-01-22T09:27:08.906+0000] {processor.py:183} INFO - Processing /opt/airflow/dags/ETL.py took 0.179 seconds
[2026-01-22T09:27:38.990+0000] {processor.py:161} INFO - Started process (PID=1827) to work on /opt/airflow/dags/ETL.py
[2026-01-22T09:27:38.993+0000] {processor.py:830} INFO - Processing file /opt/airflow/dags/ETL.py for tasks to queue
[2026-01-22T09:27:38.997+0000] {logging_mixin.py:188} INFO - [2026-01-22T09:27:38.996+0000] {dagbag.py:538} INFO - Filling up the DagBag from /opt/airflow/dags/ETL.py
[2026-01-22T09:27:39.096+0000] {processor.py:840} INFO - DAG(s) 'ETL_TASKFLOW' retrieved from /opt/airflow/dags/ETL.py
[2026-01-22T09:27:39.122+0000] {logging_mixin.py:188} INFO - [2026-01-22T09:27:39.122+0000] {dag.py:3036} INFO - Sync 1 DAGs
[2026-01-22T09:27:39.146+0000] {logging_mixin.py:188} INFO - [2026-01-22T09:27:39.146+0000] {dag.py:3823} INFO - Setting next_dagrun for ETL_TASKFLOW to 2026-01-22 09:15:00+00:00, run_after=2026-01-22 09:30:00+00:00
[2026-01-22T09:27:39.167+0000] {processor.py:183} INFO - Processing /opt/airflow/dags/ETL.py took 0.189 seconds
[2026-01-22T09:28:09.336+0000] {processor.py:161} INFO - Started process (PID=1828) to work on /opt/airflow/dags/ETL.py
[2026-01-22T09:28:09.337+0000] {processor.py:830} INFO - Processing file /opt/airflow/dags/ETL.py for tasks to queue
[2026-01-22T09:28:09.339+0000] {logging_mixin.py:188} INFO - [2026-01-22T09:28:09.339+0000] {dagbag.py:538} INFO - Filling up the DagBag from /opt/airflow/dags/ETL.py
[2026-01-22T09:28:09.436+0000] {processor.py:840} INFO - DAG(s) 'ETL_TASKFLOW' retrieved from /opt/airflow/dags/ETL.py
[2026-01-22T09:28:09.467+0000] {logging_mixin.py:188} INFO - [2026-01-22T09:28:09.466+0000] {dag.py:3036} INFO - Sync 1 DAGs
[2026-01-22T09:28:09.500+0000] {logging_mixin.py:188} INFO - [2026-01-22T09:28:09.499+0000] {dag.py:3823} INFO - Setting next_dagrun for ETL_TASKFLOW to 2026-01-22 09:15:00+00:00, run_after=2026-01-22 09:30:00+00:00
[2026-01-22T09:28:09.528+0000] {processor.py:183} INFO - Processing /opt/airflow/dags/ETL.py took 0.196 seconds
[2026-01-22T09:28:28.653+0000] {processor.py:161} INFO - Started process (PID=1829) to work on /opt/airflow/dags/ETL.py
[2026-01-22T09:28:28.654+0000] {processor.py:830} INFO - Processing file /opt/airflow/dags/ETL.py for tasks to queue
[2026-01-22T09:28:28.656+0000] {logging_mixin.py:188} INFO - [2026-01-22T09:28:28.656+0000] {dagbag.py:538} INFO - Filling up the DagBag from /opt/airflow/dags/ETL.py
[2026-01-22T09:28:28.775+0000] {processor.py:840} INFO - DAG(s) 'ETL_TASKFLOW' retrieved from /opt/airflow/dags/ETL.py
[2026-01-22T09:28:28.806+0000] {logging_mixin.py:188} INFO - [2026-01-22T09:28:28.806+0000] {dag.py:3036} INFO - Sync 1 DAGs
[2026-01-22T09:28:28.834+0000] {logging_mixin.py:188} INFO - [2026-01-22T09:28:28.834+0000] {dag.py:3823} INFO - Setting next_dagrun for ETL_TASKFLOW to 2026-01-22 09:15:00+00:00, run_after=2026-01-22 09:30:00+00:00
[2026-01-22T09:28:28.857+0000] {processor.py:183} INFO - Processing /opt/airflow/dags/ETL.py took 0.210 seconds
[2026-01-22T09:28:59.030+0000] {processor.py:161} INFO - Started process (PID=2106) to work on /opt/airflow/dags/ETL.py
[2026-01-22T09:28:59.032+0000] {processor.py:830} INFO - Processing file /opt/airflow/dags/ETL.py for tasks to queue
[2026-01-22T09:28:59.034+0000] {logging_mixin.py:188} INFO - [2026-01-22T09:28:59.033+0000] {dagbag.py:538} INFO - Filling up the DagBag from /opt/airflow/dags/ETL.py
[2026-01-22T09:28:59.157+0000] {processor.py:840} INFO - DAG(s) 'ETL_TASKFLOW' retrieved from /opt/airflow/dags/ETL.py
[2026-01-22T09:28:59.200+0000] {logging_mixin.py:188} INFO - [2026-01-22T09:28:59.200+0000] {dag.py:3036} INFO - Sync 1 DAGs
[2026-01-22T09:28:59.227+0000] {logging_mixin.py:188} INFO - [2026-01-22T09:28:59.227+0000] {dag.py:3823} INFO - Setting next_dagrun for ETL_TASKFLOW to 2026-01-22 09:15:00+00:00, run_after=2026-01-22 09:30:00+00:00
[2026-01-22T09:28:59.256+0000] {processor.py:183} INFO - Processing /opt/airflow/dags/ETL.py took 0.231 seconds
[2026-01-22T09:29:29.444+0000] {processor.py:161} INFO - Started process (PID=2644) to work on /opt/airflow/dags/ETL.py
[2026-01-22T09:29:29.445+0000] {processor.py:830} INFO - Processing file /opt/airflow/dags/ETL.py for tasks to queue
[2026-01-22T09:29:29.447+0000] {logging_mixin.py:188} INFO - [2026-01-22T09:29:29.446+0000] {dagbag.py:538} INFO - Filling up the DagBag from /opt/airflow/dags/ETL.py
[2026-01-22T09:29:29.565+0000] {processor.py:840} INFO - DAG(s) 'ETL_TASKFLOW' retrieved from /opt/airflow/dags/ETL.py
[2026-01-22T09:29:29.603+0000] {logging_mixin.py:188} INFO - [2026-01-22T09:29:29.603+0000] {dag.py:3036} INFO - Sync 1 DAGs
[2026-01-22T09:29:29.638+0000] {logging_mixin.py:188} INFO - [2026-01-22T09:29:29.638+0000] {dag.py:3823} INFO - Setting next_dagrun for ETL_TASKFLOW to 2026-01-22 09:15:00+00:00, run_after=2026-01-22 09:30:00+00:00
[2026-01-22T09:29:29.678+0000] {processor.py:183} INFO - Processing /opt/airflow/dags/ETL.py took 0.239 seconds
[2026-01-22T09:29:59.937+0000] {processor.py:161} INFO - Started process (PID=2695) to work on /opt/airflow/dags/ETL.py
[2026-01-22T09:29:59.940+0000] {processor.py:830} INFO - Processing file /opt/airflow/dags/ETL.py for tasks to queue
[2026-01-22T09:29:59.944+0000] {logging_mixin.py:188} INFO - [2026-01-22T09:29:59.943+0000] {dagbag.py:538} INFO - Filling up the DagBag from /opt/airflow/dags/ETL.py
[2026-01-22T09:30:00.048+0000] {processor.py:840} INFO - DAG(s) 'ETL_TASKFLOW' retrieved from /opt/airflow/dags/ETL.py
[2026-01-22T09:30:00.074+0000] {logging_mixin.py:188} INFO - [2026-01-22T09:30:00.074+0000] {dag.py:3036} INFO - Sync 1 DAGs
[2026-01-22T09:30:00.098+0000] {logging_mixin.py:188} INFO - [2026-01-22T09:30:00.097+0000] {dag.py:3823} INFO - Setting next_dagrun for ETL_TASKFLOW to 2026-01-22 09:15:00+00:00, run_after=2026-01-22 09:30:00+00:00
[2026-01-22T09:30:00.120+0000] {processor.py:183} INFO - Processing /opt/airflow/dags/ETL.py took 0.194 seconds
[2026-01-22T09:30:30.285+0000] {processor.py:161} INFO - Started process (PID=3329) to work on /opt/airflow/dags/ETL.py
[2026-01-22T09:30:30.287+0000] {processor.py:830} INFO - Processing file /opt/airflow/dags/ETL.py for tasks to queue
[2026-01-22T09:30:30.289+0000] {logging_mixin.py:188} INFO - [2026-01-22T09:30:30.288+0000] {dagbag.py:538} INFO - Filling up the DagBag from /opt/airflow/dags/ETL.py
[2026-01-22T09:30:30.424+0000] {processor.py:840} INFO - DAG(s) 'ETL_TASKFLOW' retrieved from /opt/airflow/dags/ETL.py
[2026-01-22T09:30:30.475+0000] {logging_mixin.py:188} INFO - [2026-01-22T09:30:30.475+0000] {dag.py:3036} INFO - Sync 1 DAGs
[2026-01-22T09:30:30.515+0000] {logging_mixin.py:188} INFO - [2026-01-22T09:30:30.515+0000] {dag.py:3823} INFO - Setting next_dagrun for ETL_TASKFLOW to 2026-01-22 09:30:00+00:00, run_after=2026-01-22 09:45:00+00:00
[2026-01-22T09:30:30.556+0000] {processor.py:183} INFO - Processing /opt/airflow/dags/ETL.py took 0.277 seconds
[2026-01-22T09:31:00.785+0000] {processor.py:161} INFO - Started process (PID=3560) to work on /opt/airflow/dags/ETL.py
[2026-01-22T09:31:00.787+0000] {processor.py:830} INFO - Processing file /opt/airflow/dags/ETL.py for tasks to queue
[2026-01-22T09:31:00.789+0000] {logging_mixin.py:188} INFO - [2026-01-22T09:31:00.788+0000] {dagbag.py:538} INFO - Filling up the DagBag from /opt/airflow/dags/ETL.py
[2026-01-22T09:31:00.866+0000] {processor.py:840} INFO - DAG(s) 'ETL_TASKFLOW' retrieved from /opt/airflow/dags/ETL.py
[2026-01-22T09:31:00.894+0000] {logging_mixin.py:188} INFO - [2026-01-22T09:31:00.894+0000] {dag.py:3036} INFO - Sync 1 DAGs
[2026-01-22T09:31:00.918+0000] {logging_mixin.py:188} INFO - [2026-01-22T09:31:00.917+0000] {dag.py:3823} INFO - Setting next_dagrun for ETL_TASKFLOW to 2026-01-22 09:30:00+00:00, run_after=2026-01-22 09:45:00+00:00
[2026-01-22T09:31:00.940+0000] {processor.py:183} INFO - Processing /opt/airflow/dags/ETL.py took 0.162 seconds
[2026-01-22T09:31:31.039+0000] {processor.py:161} INFO - Started process (PID=3561) to work on /opt/airflow/dags/ETL.py
[2026-01-22T09:31:31.040+0000] {processor.py:830} INFO - Processing file /opt/airflow/dags/ETL.py for tasks to queue
[2026-01-22T09:31:31.041+0000] {logging_mixin.py:188} INFO - [2026-01-22T09:31:31.041+0000] {dagbag.py:538} INFO - Filling up the DagBag from /opt/airflow/dags/ETL.py
[2026-01-22T09:31:31.118+0000] {processor.py:840} INFO - DAG(s) 'ETL_TASKFLOW' retrieved from /opt/airflow/dags/ETL.py
[2026-01-22T09:31:31.145+0000] {logging_mixin.py:188} INFO - [2026-01-22T09:31:31.145+0000] {dag.py:3036} INFO - Sync 1 DAGs
[2026-01-22T09:31:31.171+0000] {logging_mixin.py:188} INFO - [2026-01-22T09:31:31.171+0000] {dag.py:3823} INFO - Setting next_dagrun for ETL_TASKFLOW to 2026-01-22 09:30:00+00:00, run_after=2026-01-22 09:45:00+00:00
[2026-01-22T09:31:31.192+0000] {processor.py:183} INFO - Processing /opt/airflow/dags/ETL.py took 0.157 seconds
[2026-01-22T09:32:01.387+0000] {processor.py:161} INFO - Started process (PID=3562) to work on /opt/airflow/dags/ETL.py
[2026-01-22T09:32:01.388+0000] {processor.py:830} INFO - Processing file /opt/airflow/dags/ETL.py for tasks to queue
[2026-01-22T09:32:01.390+0000] {logging_mixin.py:188} INFO - [2026-01-22T09:32:01.389+0000] {dagbag.py:538} INFO - Filling up the DagBag from /opt/airflow/dags/ETL.py
[2026-01-22T09:32:01.467+0000] {processor.py:840} INFO - DAG(s) 'ETL_TASKFLOW' retrieved from /opt/airflow/dags/ETL.py
[2026-01-22T09:32:01.494+0000] {logging_mixin.py:188} INFO - [2026-01-22T09:32:01.494+0000] {dag.py:3036} INFO - Sync 1 DAGs
[2026-01-22T09:32:01.519+0000] {logging_mixin.py:188} INFO - [2026-01-22T09:32:01.518+0000] {dag.py:3823} INFO - Setting next_dagrun for ETL_TASKFLOW to 2026-01-22 09:30:00+00:00, run_after=2026-01-22 09:45:00+00:00
[2026-01-22T09:32:01.546+0000] {processor.py:183} INFO - Processing /opt/airflow/dags/ETL.py took 0.164 seconds
[2026-01-22T09:32:31.810+0000] {processor.py:161} INFO - Started process (PID=3563) to work on /opt/airflow/dags/ETL.py
[2026-01-22T09:32:31.812+0000] {processor.py:830} INFO - Processing file /opt/airflow/dags/ETL.py for tasks to queue
[2026-01-22T09:32:31.814+0000] {logging_mixin.py:188} INFO - [2026-01-22T09:32:31.813+0000] {dagbag.py:538} INFO - Filling up the DagBag from /opt/airflow/dags/ETL.py
[2026-01-22T09:32:31.902+0000] {processor.py:840} INFO - DAG(s) 'ETL_TASKFLOW' retrieved from /opt/airflow/dags/ETL.py
[2026-01-22T09:32:31.929+0000] {logging_mixin.py:188} INFO - [2026-01-22T09:32:31.929+0000] {dag.py:3036} INFO - Sync 1 DAGs
[2026-01-22T09:32:31.953+0000] {logging_mixin.py:188} INFO - [2026-01-22T09:32:31.953+0000] {dag.py:3823} INFO - Setting next_dagrun for ETL_TASKFLOW to 2026-01-22 09:30:00+00:00, run_after=2026-01-22 09:45:00+00:00
[2026-01-22T09:32:31.976+0000] {processor.py:183} INFO - Processing /opt/airflow/dags/ETL.py took 0.176 seconds
[2026-01-22T09:33:02.078+0000] {processor.py:161} INFO - Started process (PID=3564) to work on /opt/airflow/dags/ETL.py
[2026-01-22T09:33:02.080+0000] {processor.py:830} INFO - Processing file /opt/airflow/dags/ETL.py for tasks to queue
[2026-01-22T09:33:02.083+0000] {logging_mixin.py:188} INFO - [2026-01-22T09:33:02.082+0000] {dagbag.py:538} INFO - Filling up the DagBag from /opt/airflow/dags/ETL.py
[2026-01-22T09:33:02.166+0000] {processor.py:840} INFO - DAG(s) 'ETL_TASKFLOW' retrieved from /opt/airflow/dags/ETL.py
[2026-01-22T09:33:02.194+0000] {logging_mixin.py:188} INFO - [2026-01-22T09:33:02.194+0000] {dag.py:3036} INFO - Sync 1 DAGs
[2026-01-22T09:33:02.218+0000] {logging_mixin.py:188} INFO - [2026-01-22T09:33:02.218+0000] {dag.py:3823} INFO - Setting next_dagrun for ETL_TASKFLOW to 2026-01-22 09:30:00+00:00, run_after=2026-01-22 09:45:00+00:00
[2026-01-22T09:33:02.240+0000] {processor.py:183} INFO - Processing /opt/airflow/dags/ETL.py took 0.172 seconds
[2026-01-22T09:33:32.393+0000] {processor.py:161} INFO - Started process (PID=3565) to work on /opt/airflow/dags/ETL.py
[2026-01-22T09:33:32.395+0000] {processor.py:830} INFO - Processing file /opt/airflow/dags/ETL.py for tasks to queue
[2026-01-22T09:33:32.396+0000] {logging_mixin.py:188} INFO - [2026-01-22T09:33:32.396+0000] {dagbag.py:538} INFO - Filling up the DagBag from /opt/airflow/dags/ETL.py
[2026-01-22T09:33:32.474+0000] {processor.py:840} INFO - DAG(s) 'ETL_TASKFLOW' retrieved from /opt/airflow/dags/ETL.py
[2026-01-22T09:33:32.499+0000] {logging_mixin.py:188} INFO - [2026-01-22T09:33:32.499+0000] {dag.py:3036} INFO - Sync 1 DAGs
[2026-01-22T09:33:32.524+0000] {logging_mixin.py:188} INFO - [2026-01-22T09:33:32.524+0000] {dag.py:3823} INFO - Setting next_dagrun for ETL_TASKFLOW to 2026-01-22 09:30:00+00:00, run_after=2026-01-22 09:45:00+00:00
[2026-01-22T09:33:32.549+0000] {processor.py:183} INFO - Processing /opt/airflow/dags/ETL.py took 0.160 seconds
[2026-01-22T09:34:02.786+0000] {processor.py:161} INFO - Started process (PID=3566) to work on /opt/airflow/dags/ETL.py
[2026-01-22T09:34:02.788+0000] {processor.py:830} INFO - Processing file /opt/airflow/dags/ETL.py for tasks to queue
[2026-01-22T09:34:02.790+0000] {logging_mixin.py:188} INFO - [2026-01-22T09:34:02.789+0000] {dagbag.py:538} INFO - Filling up the DagBag from /opt/airflow/dags/ETL.py
[2026-01-22T09:34:02.869+0000] {processor.py:840} INFO - DAG(s) 'ETL_TASKFLOW' retrieved from /opt/airflow/dags/ETL.py
[2026-01-22T09:34:02.896+0000] {logging_mixin.py:188} INFO - [2026-01-22T09:34:02.895+0000] {dag.py:3036} INFO - Sync 1 DAGs
[2026-01-22T09:34:02.919+0000] {logging_mixin.py:188} INFO - [2026-01-22T09:34:02.918+0000] {dag.py:3823} INFO - Setting next_dagrun for ETL_TASKFLOW to 2026-01-22 09:30:00+00:00, run_after=2026-01-22 09:45:00+00:00
[2026-01-22T09:34:02.943+0000] {processor.py:183} INFO - Processing /opt/airflow/dags/ETL.py took 0.164 seconds
[2026-01-22T09:34:33.020+0000] {processor.py:161} INFO - Started process (PID=3567) to work on /opt/airflow/dags/ETL.py
[2026-01-22T09:34:33.021+0000] {processor.py:830} INFO - Processing file /opt/airflow/dags/ETL.py for tasks to queue
[2026-01-22T09:34:33.023+0000] {logging_mixin.py:188} INFO - [2026-01-22T09:34:33.023+0000] {dagbag.py:538} INFO - Filling up the DagBag from /opt/airflow/dags/ETL.py
[2026-01-22T09:34:33.108+0000] {processor.py:840} INFO - DAG(s) 'ETL_TASKFLOW' retrieved from /opt/airflow/dags/ETL.py
[2026-01-22T09:34:33.136+0000] {logging_mixin.py:188} INFO - [2026-01-22T09:34:33.136+0000] {dag.py:3036} INFO - Sync 1 DAGs
[2026-01-22T09:34:33.160+0000] {logging_mixin.py:188} INFO - [2026-01-22T09:34:33.159+0000] {dag.py:3823} INFO - Setting next_dagrun for ETL_TASKFLOW to 2026-01-22 09:30:00+00:00, run_after=2026-01-22 09:45:00+00:00
[2026-01-22T09:34:33.179+0000] {processor.py:183} INFO - Processing /opt/airflow/dags/ETL.py took 0.164 seconds
[2026-01-22T09:35:03.373+0000] {processor.py:161} INFO - Started process (PID=3568) to work on /opt/airflow/dags/ETL.py
[2026-01-22T09:35:03.374+0000] {processor.py:830} INFO - Processing file /opt/airflow/dags/ETL.py for tasks to queue
[2026-01-22T09:35:03.375+0000] {logging_mixin.py:188} INFO - [2026-01-22T09:35:03.375+0000] {dagbag.py:538} INFO - Filling up the DagBag from /opt/airflow/dags/ETL.py
[2026-01-22T09:35:03.453+0000] {processor.py:840} INFO - DAG(s) 'ETL_TASKFLOW' retrieved from /opt/airflow/dags/ETL.py
[2026-01-22T09:35:03.480+0000] {logging_mixin.py:188} INFO - [2026-01-22T09:35:03.480+0000] {dag.py:3036} INFO - Sync 1 DAGs
[2026-01-22T09:35:03.504+0000] {logging_mixin.py:188} INFO - [2026-01-22T09:35:03.503+0000] {dag.py:3823} INFO - Setting next_dagrun for ETL_TASKFLOW to 2026-01-22 09:30:00+00:00, run_after=2026-01-22 09:45:00+00:00
[2026-01-22T09:35:03.528+0000] {processor.py:183} INFO - Processing /opt/airflow/dags/ETL.py took 0.159 seconds
[2026-01-22T09:35:33.735+0000] {processor.py:161} INFO - Started process (PID=3569) to work on /opt/airflow/dags/ETL.py
[2026-01-22T09:35:33.737+0000] {processor.py:830} INFO - Processing file /opt/airflow/dags/ETL.py for tasks to queue
[2026-01-22T09:35:33.739+0000] {logging_mixin.py:188} INFO - [2026-01-22T09:35:33.738+0000] {dagbag.py:538} INFO - Filling up the DagBag from /opt/airflow/dags/ETL.py
[2026-01-22T09:35:33.814+0000] {processor.py:840} INFO - DAG(s) 'ETL_TASKFLOW' retrieved from /opt/airflow/dags/ETL.py
[2026-01-22T09:35:33.840+0000] {logging_mixin.py:188} INFO - [2026-01-22T09:35:33.840+0000] {dag.py:3036} INFO - Sync 1 DAGs
[2026-01-22T09:35:33.864+0000] {logging_mixin.py:188} INFO - [2026-01-22T09:35:33.863+0000] {dag.py:3823} INFO - Setting next_dagrun for ETL_TASKFLOW to 2026-01-22 09:30:00+00:00, run_after=2026-01-22 09:45:00+00:00
[2026-01-22T09:35:33.887+0000] {processor.py:183} INFO - Processing /opt/airflow/dags/ETL.py took 0.155 seconds
[2026-01-22T09:36:04.012+0000] {processor.py:161} INFO - Started process (PID=3570) to work on /opt/airflow/dags/ETL.py
[2026-01-22T09:36:04.015+0000] {processor.py:830} INFO - Processing file /opt/airflow/dags/ETL.py for tasks to queue
[2026-01-22T09:36:04.020+0000] {logging_mixin.py:188} INFO - [2026-01-22T09:36:04.018+0000] {dagbag.py:538} INFO - Filling up the DagBag from /opt/airflow/dags/ETL.py
[2026-01-22T09:36:04.132+0000] {processor.py:840} INFO - DAG(s) 'ETL_TASKFLOW' retrieved from /opt/airflow/dags/ETL.py
[2026-01-22T09:36:04.156+0000] {logging_mixin.py:188} INFO - [2026-01-22T09:36:04.156+0000] {dag.py:3036} INFO - Sync 1 DAGs
[2026-01-22T09:36:04.180+0000] {logging_mixin.py:188} INFO - [2026-01-22T09:36:04.180+0000] {dag.py:3823} INFO - Setting next_dagrun for ETL_TASKFLOW to 2026-01-22 09:30:00+00:00, run_after=2026-01-22 09:45:00+00:00
[2026-01-22T09:36:04.204+0000] {processor.py:183} INFO - Processing /opt/airflow/dags/ETL.py took 0.202 seconds
[2026-01-22T09:36:34.340+0000] {processor.py:161} INFO - Started process (PID=3571) to work on /opt/airflow/dags/ETL.py
[2026-01-22T09:36:34.342+0000] {processor.py:830} INFO - Processing file /opt/airflow/dags/ETL.py for tasks to queue
[2026-01-22T09:36:34.343+0000] {logging_mixin.py:188} INFO - [2026-01-22T09:36:34.343+0000] {dagbag.py:538} INFO - Filling up the DagBag from /opt/airflow/dags/ETL.py
[2026-01-22T09:36:34.437+0000] {processor.py:840} INFO - DAG(s) 'ETL_TASKFLOW' retrieved from /opt/airflow/dags/ETL.py
[2026-01-22T09:36:34.463+0000] {logging_mixin.py:188} INFO - [2026-01-22T09:36:34.463+0000] {dag.py:3036} INFO - Sync 1 DAGs
[2026-01-22T09:36:34.489+0000] {logging_mixin.py:188} INFO - [2026-01-22T09:36:34.489+0000] {dag.py:3823} INFO - Setting next_dagrun for ETL_TASKFLOW to 2026-01-22 09:30:00+00:00, run_after=2026-01-22 09:45:00+00:00
[2026-01-22T09:36:34.513+0000] {processor.py:183} INFO - Processing /opt/airflow/dags/ETL.py took 0.177 seconds
[2026-01-22T09:37:04.753+0000] {processor.py:161} INFO - Started process (PID=3572) to work on /opt/airflow/dags/ETL.py
[2026-01-22T09:37:04.755+0000] {processor.py:830} INFO - Processing file /opt/airflow/dags/ETL.py for tasks to queue
[2026-01-22T09:37:04.756+0000] {logging_mixin.py:188} INFO - [2026-01-22T09:37:04.756+0000] {dagbag.py:538} INFO - Filling up the DagBag from /opt/airflow/dags/ETL.py
[2026-01-22T09:37:04.830+0000] {processor.py:840} INFO - DAG(s) 'ETL_TASKFLOW' retrieved from /opt/airflow/dags/ETL.py
[2026-01-22T09:37:04.857+0000] {logging_mixin.py:188} INFO - [2026-01-22T09:37:04.857+0000] {dag.py:3036} INFO - Sync 1 DAGs
[2026-01-22T09:37:04.880+0000] {logging_mixin.py:188} INFO - [2026-01-22T09:37:04.879+0000] {dag.py:3823} INFO - Setting next_dagrun for ETL_TASKFLOW to 2026-01-22 09:30:00+00:00, run_after=2026-01-22 09:45:00+00:00
[2026-01-22T09:37:04.902+0000] {processor.py:183} INFO - Processing /opt/airflow/dags/ETL.py took 0.152 seconds
[2026-01-22T09:37:35.036+0000] {processor.py:161} INFO - Started process (PID=3573) to work on /opt/airflow/dags/ETL.py
[2026-01-22T09:37:35.040+0000] {processor.py:830} INFO - Processing file /opt/airflow/dags/ETL.py for tasks to queue
[2026-01-22T09:37:35.044+0000] {logging_mixin.py:188} INFO - [2026-01-22T09:37:35.043+0000] {dagbag.py:538} INFO - Filling up the DagBag from /opt/airflow/dags/ETL.py
[2026-01-22T09:37:35.138+0000] {processor.py:840} INFO - DAG(s) 'ETL_TASKFLOW' retrieved from /opt/airflow/dags/ETL.py
[2026-01-22T09:37:35.163+0000] {logging_mixin.py:188} INFO - [2026-01-22T09:37:35.163+0000] {dag.py:3036} INFO - Sync 1 DAGs
[2026-01-22T09:37:35.185+0000] {logging_mixin.py:188} INFO - [2026-01-22T09:37:35.185+0000] {dag.py:3823} INFO - Setting next_dagrun for ETL_TASKFLOW to 2026-01-22 09:30:00+00:00, run_after=2026-01-22 09:45:00+00:00
[2026-01-22T09:37:35.207+0000] {processor.py:183} INFO - Processing /opt/airflow/dags/ETL.py took 0.181 seconds
[2026-01-22T09:38:05.361+0000] {processor.py:161} INFO - Started process (PID=3574) to work on /opt/airflow/dags/ETL.py
[2026-01-22T09:38:05.363+0000] {processor.py:830} INFO - Processing file /opt/airflow/dags/ETL.py for tasks to queue
[2026-01-22T09:38:05.364+0000] {logging_mixin.py:188} INFO - [2026-01-22T09:38:05.364+0000] {dagbag.py:538} INFO - Filling up the DagBag from /opt/airflow/dags/ETL.py
[2026-01-22T09:38:05.452+0000] {processor.py:840} INFO - DAG(s) 'ETL_TASKFLOW' retrieved from /opt/airflow/dags/ETL.py
[2026-01-22T09:38:05.481+0000] {logging_mixin.py:188} INFO - [2026-01-22T09:38:05.481+0000] {dag.py:3036} INFO - Sync 1 DAGs
[2026-01-22T09:38:05.508+0000] {logging_mixin.py:188} INFO - [2026-01-22T09:38:05.508+0000] {dag.py:3823} INFO - Setting next_dagrun for ETL_TASKFLOW to 2026-01-22 09:30:00+00:00, run_after=2026-01-22 09:45:00+00:00
[2026-01-22T09:38:05.536+0000] {processor.py:183} INFO - Processing /opt/airflow/dags/ETL.py took 0.180 seconds
[2026-01-22T09:38:35.769+0000] {processor.py:161} INFO - Started process (PID=3575) to work on /opt/airflow/dags/ETL.py
[2026-01-22T09:38:35.771+0000] {processor.py:830} INFO - Processing file /opt/airflow/dags/ETL.py for tasks to queue
[2026-01-22T09:38:35.773+0000] {logging_mixin.py:188} INFO - [2026-01-22T09:38:35.772+0000] {dagbag.py:538} INFO - Filling up the DagBag from /opt/airflow/dags/ETL.py
[2026-01-22T09:38:35.854+0000] {processor.py:840} INFO - DAG(s) 'ETL_TASKFLOW' retrieved from /opt/airflow/dags/ETL.py
[2026-01-22T09:38:35.880+0000] {logging_mixin.py:188} INFO - [2026-01-22T09:38:35.880+0000] {dag.py:3036} INFO - Sync 1 DAGs
[2026-01-22T09:38:35.904+0000] {logging_mixin.py:188} INFO - [2026-01-22T09:38:35.904+0000] {dag.py:3823} INFO - Setting next_dagrun for ETL_TASKFLOW to 2026-01-22 09:30:00+00:00, run_after=2026-01-22 09:45:00+00:00
[2026-01-22T09:38:35.924+0000] {processor.py:183} INFO - Processing /opt/airflow/dags/ETL.py took 0.163 seconds
[2026-01-22T09:39:06.035+0000] {processor.py:161} INFO - Started process (PID=3576) to work on /opt/airflow/dags/ETL.py
[2026-01-22T09:39:06.039+0000] {processor.py:830} INFO - Processing file /opt/airflow/dags/ETL.py for tasks to queue
[2026-01-22T09:39:06.042+0000] {logging_mixin.py:188} INFO - [2026-01-22T09:39:06.041+0000] {dagbag.py:538} INFO - Filling up the DagBag from /opt/airflow/dags/ETL.py
[2026-01-22T09:39:06.137+0000] {processor.py:840} INFO - DAG(s) 'ETL_TASKFLOW' retrieved from /opt/airflow/dags/ETL.py
[2026-01-22T09:39:06.165+0000] {logging_mixin.py:188} INFO - [2026-01-22T09:39:06.165+0000] {dag.py:3036} INFO - Sync 1 DAGs
[2026-01-22T09:39:06.189+0000] {logging_mixin.py:188} INFO - [2026-01-22T09:39:06.189+0000] {dag.py:3823} INFO - Setting next_dagrun for ETL_TASKFLOW to 2026-01-22 09:30:00+00:00, run_after=2026-01-22 09:45:00+00:00
[2026-01-22T09:39:06.211+0000] {processor.py:183} INFO - Processing /opt/airflow/dags/ETL.py took 0.187 seconds
[2026-01-22T09:39:36.373+0000] {processor.py:161} INFO - Started process (PID=3577) to work on /opt/airflow/dags/ETL.py
[2026-01-22T09:39:36.374+0000] {processor.py:830} INFO - Processing file /opt/airflow/dags/ETL.py for tasks to queue
[2026-01-22T09:39:36.376+0000] {logging_mixin.py:188} INFO - [2026-01-22T09:39:36.375+0000] {dagbag.py:538} INFO - Filling up the DagBag from /opt/airflow/dags/ETL.py
[2026-01-22T09:39:36.456+0000] {processor.py:840} INFO - DAG(s) 'ETL_TASKFLOW' retrieved from /opt/airflow/dags/ETL.py
[2026-01-22T09:39:36.483+0000] {logging_mixin.py:188} INFO - [2026-01-22T09:39:36.482+0000] {dag.py:3036} INFO - Sync 1 DAGs
[2026-01-22T09:39:36.507+0000] {logging_mixin.py:188} INFO - [2026-01-22T09:39:36.506+0000] {dag.py:3823} INFO - Setting next_dagrun for ETL_TASKFLOW to 2026-01-22 09:30:00+00:00, run_after=2026-01-22 09:45:00+00:00
[2026-01-22T09:39:36.532+0000] {processor.py:183} INFO - Processing /opt/airflow/dags/ETL.py took 0.162 seconds
[2026-01-22T09:40:06.766+0000] {processor.py:161} INFO - Started process (PID=3578) to work on /opt/airflow/dags/ETL.py
[2026-01-22T09:40:06.769+0000] {processor.py:830} INFO - Processing file /opt/airflow/dags/ETL.py for tasks to queue
[2026-01-22T09:40:06.773+0000] {logging_mixin.py:188} INFO - [2026-01-22T09:40:06.772+0000] {dagbag.py:538} INFO - Filling up the DagBag from /opt/airflow/dags/ETL.py
[2026-01-22T09:40:06.863+0000] {processor.py:840} INFO - DAG(s) 'ETL_TASKFLOW' retrieved from /opt/airflow/dags/ETL.py
[2026-01-22T09:40:06.890+0000] {logging_mixin.py:188} INFO - [2026-01-22T09:40:06.890+0000] {dag.py:3036} INFO - Sync 1 DAGs
[2026-01-22T09:40:06.913+0000] {logging_mixin.py:188} INFO - [2026-01-22T09:40:06.912+0000] {dag.py:3823} INFO - Setting next_dagrun for ETL_TASKFLOW to 2026-01-22 09:30:00+00:00, run_after=2026-01-22 09:45:00+00:00
[2026-01-22T09:40:06.936+0000] {processor.py:183} INFO - Processing /opt/airflow/dags/ETL.py took 0.181 seconds
[2026-01-22T09:40:37.023+0000] {processor.py:161} INFO - Started process (PID=3579) to work on /opt/airflow/dags/ETL.py
[2026-01-22T09:40:37.027+0000] {processor.py:830} INFO - Processing file /opt/airflow/dags/ETL.py for tasks to queue
[2026-01-22T09:40:37.031+0000] {logging_mixin.py:188} INFO - [2026-01-22T09:40:37.030+0000] {dagbag.py:538} INFO - Filling up the DagBag from /opt/airflow/dags/ETL.py
[2026-01-22T09:40:37.119+0000] {processor.py:840} INFO - DAG(s) 'ETL_TASKFLOW' retrieved from /opt/airflow/dags/ETL.py
[2026-01-22T09:40:37.146+0000] {logging_mixin.py:188} INFO - [2026-01-22T09:40:37.145+0000] {dag.py:3036} INFO - Sync 1 DAGs
[2026-01-22T09:40:37.173+0000] {logging_mixin.py:188} INFO - [2026-01-22T09:40:37.173+0000] {dag.py:3823} INFO - Setting next_dagrun for ETL_TASKFLOW to 2026-01-22 09:30:00+00:00, run_after=2026-01-22 09:45:00+00:00
[2026-01-22T09:40:37.195+0000] {processor.py:183} INFO - Processing /opt/airflow/dags/ETL.py took 0.183 seconds
[2026-01-22T09:41:07.369+0000] {processor.py:161} INFO - Started process (PID=3580) to work on /opt/airflow/dags/ETL.py
[2026-01-22T09:41:07.370+0000] {processor.py:830} INFO - Processing file /opt/airflow/dags/ETL.py for tasks to queue
[2026-01-22T09:41:07.372+0000] {logging_mixin.py:188} INFO - [2026-01-22T09:41:07.371+0000] {dagbag.py:538} INFO - Filling up the DagBag from /opt/airflow/dags/ETL.py
[2026-01-22T09:41:07.450+0000] {processor.py:840} INFO - DAG(s) 'ETL_TASKFLOW' retrieved from /opt/airflow/dags/ETL.py
[2026-01-22T09:41:07.478+0000] {logging_mixin.py:188} INFO - [2026-01-22T09:41:07.478+0000] {dag.py:3036} INFO - Sync 1 DAGs
[2026-01-22T09:41:07.512+0000] {logging_mixin.py:188} INFO - [2026-01-22T09:41:07.511+0000] {dag.py:3823} INFO - Setting next_dagrun for ETL_TASKFLOW to 2026-01-22 09:30:00+00:00, run_after=2026-01-22 09:45:00+00:00
[2026-01-22T09:41:07.541+0000] {processor.py:183} INFO - Processing /opt/airflow/dags/ETL.py took 0.175 seconds
[2026-01-22T09:41:37.776+0000] {processor.py:161} INFO - Started process (PID=3581) to work on /opt/airflow/dags/ETL.py
[2026-01-22T09:41:37.778+0000] {processor.py:830} INFO - Processing file /opt/airflow/dags/ETL.py for tasks to queue
[2026-01-22T09:41:37.780+0000] {logging_mixin.py:188} INFO - [2026-01-22T09:41:37.779+0000] {dagbag.py:538} INFO - Filling up the DagBag from /opt/airflow/dags/ETL.py
[2026-01-22T09:41:37.871+0000] {processor.py:840} INFO - DAG(s) 'ETL_TASKFLOW' retrieved from /opt/airflow/dags/ETL.py
[2026-01-22T09:41:37.902+0000] {logging_mixin.py:188} INFO - [2026-01-22T09:41:37.901+0000] {dag.py:3036} INFO - Sync 1 DAGs
[2026-01-22T09:41:37.928+0000] {logging_mixin.py:188} INFO - [2026-01-22T09:41:37.928+0000] {dag.py:3823} INFO - Setting next_dagrun for ETL_TASKFLOW to 2026-01-22 09:30:00+00:00, run_after=2026-01-22 09:45:00+00:00
[2026-01-22T09:41:37.951+0000] {processor.py:183} INFO - Processing /opt/airflow/dags/ETL.py took 0.183 seconds
[2026-01-22T09:42:08.052+0000] {processor.py:161} INFO - Started process (PID=3582) to work on /opt/airflow/dags/ETL.py
[2026-01-22T09:42:08.053+0000] {processor.py:830} INFO - Processing file /opt/airflow/dags/ETL.py for tasks to queue
[2026-01-22T09:42:08.055+0000] {logging_mixin.py:188} INFO - [2026-01-22T09:42:08.055+0000] {dagbag.py:538} INFO - Filling up the DagBag from /opt/airflow/dags/ETL.py
[2026-01-22T09:42:08.134+0000] {processor.py:840} INFO - DAG(s) 'ETL_TASKFLOW' retrieved from /opt/airflow/dags/ETL.py
[2026-01-22T09:42:08.160+0000] {logging_mixin.py:188} INFO - [2026-01-22T09:42:08.160+0000] {dag.py:3036} INFO - Sync 1 DAGs
[2026-01-22T09:42:08.183+0000] {logging_mixin.py:188} INFO - [2026-01-22T09:42:08.183+0000] {dag.py:3823} INFO - Setting next_dagrun for ETL_TASKFLOW to 2026-01-22 09:30:00+00:00, run_after=2026-01-22 09:45:00+00:00
[2026-01-22T09:42:08.206+0000] {processor.py:183} INFO - Processing /opt/airflow/dags/ETL.py took 0.158 seconds
[2026-01-22T09:42:38.388+0000] {processor.py:161} INFO - Started process (PID=3583) to work on /opt/airflow/dags/ETL.py
[2026-01-22T09:42:38.389+0000] {processor.py:830} INFO - Processing file /opt/airflow/dags/ETL.py for tasks to queue
[2026-01-22T09:42:38.390+0000] {logging_mixin.py:188} INFO - [2026-01-22T09:42:38.390+0000] {dagbag.py:538} INFO - Filling up the DagBag from /opt/airflow/dags/ETL.py
[2026-01-22T09:42:38.470+0000] {processor.py:840} INFO - DAG(s) 'ETL_TASKFLOW' retrieved from /opt/airflow/dags/ETL.py
[2026-01-22T09:42:38.495+0000] {logging_mixin.py:188} INFO - [2026-01-22T09:42:38.495+0000] {dag.py:3036} INFO - Sync 1 DAGs
[2026-01-22T09:42:38.521+0000] {logging_mixin.py:188} INFO - [2026-01-22T09:42:38.520+0000] {dag.py:3823} INFO - Setting next_dagrun for ETL_TASKFLOW to 2026-01-22 09:30:00+00:00, run_after=2026-01-22 09:45:00+00:00
[2026-01-22T09:42:38.548+0000] {processor.py:183} INFO - Processing /opt/airflow/dags/ETL.py took 0.164 seconds
[2026-01-22T09:43:08.792+0000] {processor.py:161} INFO - Started process (PID=3584) to work on /opt/airflow/dags/ETL.py
[2026-01-22T09:43:08.795+0000] {processor.py:830} INFO - Processing file /opt/airflow/dags/ETL.py for tasks to queue
[2026-01-22T09:43:08.798+0000] {logging_mixin.py:188} INFO - [2026-01-22T09:43:08.797+0000] {dagbag.py:538} INFO - Filling up the DagBag from /opt/airflow/dags/ETL.py
[2026-01-22T09:43:08.896+0000] {processor.py:840} INFO - DAG(s) 'ETL_TASKFLOW' retrieved from /opt/airflow/dags/ETL.py
[2026-01-22T09:43:08.923+0000] {logging_mixin.py:188} INFO - [2026-01-22T09:43:08.923+0000] {dag.py:3036} INFO - Sync 1 DAGs
[2026-01-22T09:43:08.946+0000] {logging_mixin.py:188} INFO - [2026-01-22T09:43:08.946+0000] {dag.py:3823} INFO - Setting next_dagrun for ETL_TASKFLOW to 2026-01-22 09:30:00+00:00, run_after=2026-01-22 09:45:00+00:00
[2026-01-22T09:43:08.969+0000] {processor.py:183} INFO - Processing /opt/airflow/dags/ETL.py took 0.189 seconds
[2026-01-22T09:43:39.073+0000] {processor.py:161} INFO - Started process (PID=3585) to work on /opt/airflow/dags/ETL.py
[2026-01-22T09:43:39.076+0000] {processor.py:830} INFO - Processing file /opt/airflow/dags/ETL.py for tasks to queue
[2026-01-22T09:43:39.080+0000] {logging_mixin.py:188} INFO - [2026-01-22T09:43:39.079+0000] {dagbag.py:538} INFO - Filling up the DagBag from /opt/airflow/dags/ETL.py
[2026-01-22T09:43:39.181+0000] {processor.py:840} INFO - DAG(s) 'ETL_TASKFLOW' retrieved from /opt/airflow/dags/ETL.py
[2026-01-22T09:43:39.209+0000] {logging_mixin.py:188} INFO - [2026-01-22T09:43:39.209+0000] {dag.py:3036} INFO - Sync 1 DAGs
[2026-01-22T09:43:39.230+0000] {logging_mixin.py:188} INFO - [2026-01-22T09:43:39.230+0000] {dag.py:3823} INFO - Setting next_dagrun for ETL_TASKFLOW to 2026-01-22 09:30:00+00:00, run_after=2026-01-22 09:45:00+00:00
[2026-01-22T09:43:39.254+0000] {processor.py:183} INFO - Processing /opt/airflow/dags/ETL.py took 0.193 seconds
[2026-01-22T09:44:09.396+0000] {processor.py:161} INFO - Started process (PID=3586) to work on /opt/airflow/dags/ETL.py
[2026-01-22T09:44:09.397+0000] {processor.py:830} INFO - Processing file /opt/airflow/dags/ETL.py for tasks to queue
[2026-01-22T09:44:09.399+0000] {logging_mixin.py:188} INFO - [2026-01-22T09:44:09.398+0000] {dagbag.py:538} INFO - Filling up the DagBag from /opt/airflow/dags/ETL.py
[2026-01-22T09:44:09.479+0000] {processor.py:840} INFO - DAG(s) 'ETL_TASKFLOW' retrieved from /opt/airflow/dags/ETL.py
[2026-01-22T09:44:09.507+0000] {logging_mixin.py:188} INFO - [2026-01-22T09:44:09.506+0000] {dag.py:3036} INFO - Sync 1 DAGs
[2026-01-22T09:44:09.533+0000] {logging_mixin.py:188} INFO - [2026-01-22T09:44:09.533+0000] {dag.py:3823} INFO - Setting next_dagrun for ETL_TASKFLOW to 2026-01-22 09:30:00+00:00, run_after=2026-01-22 09:45:00+00:00
[2026-01-22T09:44:09.554+0000] {processor.py:183} INFO - Processing /opt/airflow/dags/ETL.py took 0.162 seconds
[2026-01-22T09:44:39.794+0000] {processor.py:161} INFO - Started process (PID=3587) to work on /opt/airflow/dags/ETL.py
[2026-01-22T09:44:39.798+0000] {processor.py:830} INFO - Processing file /opt/airflow/dags/ETL.py for tasks to queue
[2026-01-22T09:44:39.802+0000] {logging_mixin.py:188} INFO - [2026-01-22T09:44:39.801+0000] {dagbag.py:538} INFO - Filling up the DagBag from /opt/airflow/dags/ETL.py
[2026-01-22T09:44:39.904+0000] {processor.py:840} INFO - DAG(s) 'ETL_TASKFLOW' retrieved from /opt/airflow/dags/ETL.py
[2026-01-22T09:44:39.930+0000] {logging_mixin.py:188} INFO - [2026-01-22T09:44:39.930+0000] {dag.py:3036} INFO - Sync 1 DAGs
[2026-01-22T09:44:39.954+0000] {logging_mixin.py:188} INFO - [2026-01-22T09:44:39.954+0000] {dag.py:3823} INFO - Setting next_dagrun for ETL_TASKFLOW to 2026-01-22 09:30:00+00:00, run_after=2026-01-22 09:45:00+00:00
[2026-01-22T09:44:39.977+0000] {processor.py:183} INFO - Processing /opt/airflow/dags/ETL.py took 0.194 seconds
[2026-01-22T09:45:10.007+0000] {processor.py:161} INFO - Started process (PID=3718) to work on /opt/airflow/dags/ETL.py
[2026-01-22T09:45:10.008+0000] {processor.py:830} INFO - Processing file /opt/airflow/dags/ETL.py for tasks to queue
[2026-01-22T09:45:10.010+0000] {logging_mixin.py:188} INFO - [2026-01-22T09:45:10.010+0000] {dagbag.py:538} INFO - Filling up the DagBag from /opt/airflow/dags/ETL.py
[2026-01-22T09:45:10.097+0000] {processor.py:840} INFO - DAG(s) 'ETL_TASKFLOW' retrieved from /opt/airflow/dags/ETL.py
[2026-01-22T09:45:10.142+0000] {logging_mixin.py:188} INFO - [2026-01-22T09:45:10.142+0000] {dag.py:3036} INFO - Sync 1 DAGs
[2026-01-22T09:45:10.178+0000] {logging_mixin.py:188} INFO - [2026-01-22T09:45:10.178+0000] {dag.py:3823} INFO - Setting next_dagrun for ETL_TASKFLOW to 2026-01-22 09:45:00+00:00, run_after=2026-01-22 10:00:00+00:00
[2026-01-22T09:45:10.207+0000] {processor.py:183} INFO - Processing /opt/airflow/dags/ETL.py took 0.206 seconds
[2026-01-22T09:45:40.362+0000] {processor.py:161} INFO - Started process (PID=4411) to work on /opt/airflow/dags/ETL.py
[2026-01-22T09:45:40.364+0000] {processor.py:830} INFO - Processing file /opt/airflow/dags/ETL.py for tasks to queue
[2026-01-22T09:45:40.369+0000] {logging_mixin.py:188} INFO - [2026-01-22T09:45:40.369+0000] {dagbag.py:538} INFO - Filling up the DagBag from /opt/airflow/dags/ETL.py
[2026-01-22T09:45:40.506+0000] {processor.py:840} INFO - DAG(s) 'ETL_TASKFLOW' retrieved from /opt/airflow/dags/ETL.py
[2026-01-22T09:45:40.538+0000] {logging_mixin.py:188} INFO - [2026-01-22T09:45:40.538+0000] {dag.py:3036} INFO - Sync 1 DAGs
[2026-01-22T09:45:40.566+0000] {logging_mixin.py:188} INFO - [2026-01-22T09:45:40.566+0000] {dag.py:3823} INFO - Setting next_dagrun for ETL_TASKFLOW to 2026-01-22 09:45:00+00:00, run_after=2026-01-22 10:00:00+00:00
[2026-01-22T09:45:40.594+0000] {processor.py:183} INFO - Processing /opt/airflow/dags/ETL.py took 0.239 seconds
[2026-01-22T09:46:10.843+0000] {processor.py:161} INFO - Started process (PID=4456) to work on /opt/airflow/dags/ETL.py
[2026-01-22T09:46:10.847+0000] {processor.py:830} INFO - Processing file /opt/airflow/dags/ETL.py for tasks to queue
[2026-01-22T09:46:10.851+0000] {logging_mixin.py:188} INFO - [2026-01-22T09:46:10.850+0000] {dagbag.py:538} INFO - Filling up the DagBag from /opt/airflow/dags/ETL.py
[2026-01-22T09:46:10.953+0000] {processor.py:840} INFO - DAG(s) 'ETL_TASKFLOW' retrieved from /opt/airflow/dags/ETL.py
[2026-01-22T09:46:10.981+0000] {logging_mixin.py:188} INFO - [2026-01-22T09:46:10.981+0000] {dag.py:3036} INFO - Sync 1 DAGs
[2026-01-22T09:46:11.004+0000] {logging_mixin.py:188} INFO - [2026-01-22T09:46:11.004+0000] {dag.py:3823} INFO - Setting next_dagrun for ETL_TASKFLOW to 2026-01-22 09:45:00+00:00, run_after=2026-01-22 10:00:00+00:00
[2026-01-22T09:46:11.026+0000] {processor.py:183} INFO - Processing /opt/airflow/dags/ETL.py took 0.196 seconds
[2026-01-22T09:46:41.109+0000] {processor.py:161} INFO - Started process (PID=4457) to work on /opt/airflow/dags/ETL.py
[2026-01-22T09:46:41.111+0000] {processor.py:830} INFO - Processing file /opt/airflow/dags/ETL.py for tasks to queue
[2026-01-22T09:46:41.114+0000] {logging_mixin.py:188} INFO - [2026-01-22T09:46:41.113+0000] {dagbag.py:538} INFO - Filling up the DagBag from /opt/airflow/dags/ETL.py
[2026-01-22T09:46:41.197+0000] {processor.py:840} INFO - DAG(s) 'ETL_TASKFLOW' retrieved from /opt/airflow/dags/ETL.py
[2026-01-22T09:46:41.223+0000] {logging_mixin.py:188} INFO - [2026-01-22T09:46:41.222+0000] {dag.py:3036} INFO - Sync 1 DAGs
[2026-01-22T09:46:41.250+0000] {logging_mixin.py:188} INFO - [2026-01-22T09:46:41.249+0000] {dag.py:3823} INFO - Setting next_dagrun for ETL_TASKFLOW to 2026-01-22 09:45:00+00:00, run_after=2026-01-22 10:00:00+00:00
[2026-01-22T09:46:41.273+0000] {processor.py:183} INFO - Processing /opt/airflow/dags/ETL.py took 0.176 seconds
[2026-01-22T09:47:11.445+0000] {processor.py:161} INFO - Started process (PID=4458) to work on /opt/airflow/dags/ETL.py
[2026-01-22T09:47:11.446+0000] {processor.py:830} INFO - Processing file /opt/airflow/dags/ETL.py for tasks to queue
[2026-01-22T09:47:11.448+0000] {logging_mixin.py:188} INFO - [2026-01-22T09:47:11.448+0000] {dagbag.py:538} INFO - Filling up the DagBag from /opt/airflow/dags/ETL.py
[2026-01-22T09:47:11.527+0000] {processor.py:840} INFO - DAG(s) 'ETL_TASKFLOW' retrieved from /opt/airflow/dags/ETL.py
[2026-01-22T09:47:11.557+0000] {logging_mixin.py:188} INFO - [2026-01-22T09:47:11.557+0000] {dag.py:3036} INFO - Sync 1 DAGs
[2026-01-22T09:47:11.580+0000] {logging_mixin.py:188} INFO - [2026-01-22T09:47:11.580+0000] {dag.py:3823} INFO - Setting next_dagrun for ETL_TASKFLOW to 2026-01-22 09:45:00+00:00, run_after=2026-01-22 10:00:00+00:00
[2026-01-22T09:47:11.602+0000] {processor.py:183} INFO - Processing /opt/airflow/dags/ETL.py took 0.161 seconds
[2026-01-22T09:47:41.859+0000] {processor.py:161} INFO - Started process (PID=4459) to work on /opt/airflow/dags/ETL.py
[2026-01-22T09:47:41.863+0000] {processor.py:830} INFO - Processing file /opt/airflow/dags/ETL.py for tasks to queue
[2026-01-22T09:47:41.866+0000] {logging_mixin.py:188} INFO - [2026-01-22T09:47:41.865+0000] {dagbag.py:538} INFO - Filling up the DagBag from /opt/airflow/dags/ETL.py
[2026-01-22T09:47:41.962+0000] {processor.py:840} INFO - DAG(s) 'ETL_TASKFLOW' retrieved from /opt/airflow/dags/ETL.py
[2026-01-22T09:47:41.991+0000] {logging_mixin.py:188} INFO - [2026-01-22T09:47:41.990+0000] {dag.py:3036} INFO - Sync 1 DAGs
[2026-01-22T09:47:42.016+0000] {logging_mixin.py:188} INFO - [2026-01-22T09:47:42.016+0000] {dag.py:3823} INFO - Setting next_dagrun for ETL_TASKFLOW to 2026-01-22 09:45:00+00:00, run_after=2026-01-22 10:00:00+00:00
[2026-01-22T09:47:42.038+0000] {processor.py:183} INFO - Processing /opt/airflow/dags/ETL.py took 0.192 seconds
[2026-01-22T09:48:12.124+0000] {processor.py:161} INFO - Started process (PID=4460) to work on /opt/airflow/dags/ETL.py
[2026-01-22T09:48:12.126+0000] {processor.py:830} INFO - Processing file /opt/airflow/dags/ETL.py for tasks to queue
[2026-01-22T09:48:12.129+0000] {logging_mixin.py:188} INFO - [2026-01-22T09:48:12.128+0000] {dagbag.py:538} INFO - Filling up the DagBag from /opt/airflow/dags/ETL.py
[2026-01-22T09:48:12.210+0000] {processor.py:840} INFO - DAG(s) 'ETL_TASKFLOW' retrieved from /opt/airflow/dags/ETL.py
[2026-01-22T09:48:12.243+0000] {logging_mixin.py:188} INFO - [2026-01-22T09:48:12.243+0000] {dag.py:3036} INFO - Sync 1 DAGs
[2026-01-22T09:48:12.267+0000] {logging_mixin.py:188} INFO - [2026-01-22T09:48:12.267+0000] {dag.py:3823} INFO - Setting next_dagrun for ETL_TASKFLOW to 2026-01-22 09:45:00+00:00, run_after=2026-01-22 10:00:00+00:00
[2026-01-22T09:48:12.295+0000] {processor.py:183} INFO - Processing /opt/airflow/dags/ETL.py took 0.178 seconds
[2026-01-22T09:48:42.448+0000] {processor.py:161} INFO - Started process (PID=4461) to work on /opt/airflow/dags/ETL.py
[2026-01-22T09:48:42.450+0000] {processor.py:830} INFO - Processing file /opt/airflow/dags/ETL.py for tasks to queue
[2026-01-22T09:48:42.451+0000] {logging_mixin.py:188} INFO - [2026-01-22T09:48:42.451+0000] {dagbag.py:538} INFO - Filling up the DagBag from /opt/airflow/dags/ETL.py
[2026-01-22T09:48:42.543+0000] {processor.py:840} INFO - DAG(s) 'ETL_TASKFLOW' retrieved from /opt/airflow/dags/ETL.py
[2026-01-22T09:48:42.573+0000] {logging_mixin.py:188} INFO - [2026-01-22T09:48:42.572+0000] {dag.py:3036} INFO - Sync 1 DAGs
[2026-01-22T09:48:42.597+0000] {logging_mixin.py:188} INFO - [2026-01-22T09:48:42.596+0000] {dag.py:3823} INFO - Setting next_dagrun for ETL_TASKFLOW to 2026-01-22 09:45:00+00:00, run_after=2026-01-22 10:00:00+00:00
[2026-01-22T09:48:42.618+0000] {processor.py:183} INFO - Processing /opt/airflow/dags/ETL.py took 0.173 seconds
[2026-01-22T09:49:12.842+0000] {processor.py:161} INFO - Started process (PID=4462) to work on /opt/airflow/dags/ETL.py
[2026-01-22T09:49:12.844+0000] {processor.py:830} INFO - Processing file /opt/airflow/dags/ETL.py for tasks to queue
[2026-01-22T09:49:12.846+0000] {logging_mixin.py:188} INFO - [2026-01-22T09:49:12.845+0000] {dagbag.py:538} INFO - Filling up the DagBag from /opt/airflow/dags/ETL.py
[2026-01-22T09:49:12.933+0000] {processor.py:840} INFO - DAG(s) 'ETL_TASKFLOW' retrieved from /opt/airflow/dags/ETL.py
[2026-01-22T09:49:12.959+0000] {logging_mixin.py:188} INFO - [2026-01-22T09:49:12.959+0000] {dag.py:3036} INFO - Sync 1 DAGs
[2026-01-22T09:49:12.985+0000] {logging_mixin.py:188} INFO - [2026-01-22T09:49:12.985+0000] {dag.py:3823} INFO - Setting next_dagrun for ETL_TASKFLOW to 2026-01-22 09:45:00+00:00, run_after=2026-01-22 10:00:00+00:00
[2026-01-22T09:49:13.007+0000] {processor.py:183} INFO - Processing /opt/airflow/dags/ETL.py took 0.170 seconds
[2026-01-22T09:49:43.127+0000] {processor.py:161} INFO - Started process (PID=4463) to work on /opt/airflow/dags/ETL.py
[2026-01-22T09:49:43.129+0000] {processor.py:830} INFO - Processing file /opt/airflow/dags/ETL.py for tasks to queue
[2026-01-22T09:49:43.131+0000] {logging_mixin.py:188} INFO - [2026-01-22T09:49:43.131+0000] {dagbag.py:538} INFO - Filling up the DagBag from /opt/airflow/dags/ETL.py
[2026-01-22T09:49:43.211+0000] {processor.py:840} INFO - DAG(s) 'ETL_TASKFLOW' retrieved from /opt/airflow/dags/ETL.py
[2026-01-22T09:49:43.241+0000] {logging_mixin.py:188} INFO - [2026-01-22T09:49:43.241+0000] {dag.py:3036} INFO - Sync 1 DAGs
[2026-01-22T09:49:43.268+0000] {logging_mixin.py:188} INFO - [2026-01-22T09:49:43.268+0000] {dag.py:3823} INFO - Setting next_dagrun for ETL_TASKFLOW to 2026-01-22 09:45:00+00:00, run_after=2026-01-22 10:00:00+00:00
[2026-01-22T09:49:43.289+0000] {processor.py:183} INFO - Processing /opt/airflow/dags/ETL.py took 0.170 seconds
[2026-01-22T09:50:13.407+0000] {processor.py:161} INFO - Started process (PID=4464) to work on /opt/airflow/dags/ETL.py
[2026-01-22T09:50:13.408+0000] {processor.py:830} INFO - Processing file /opt/airflow/dags/ETL.py for tasks to queue
[2026-01-22T09:50:13.410+0000] {logging_mixin.py:188} INFO - [2026-01-22T09:50:13.410+0000] {dagbag.py:538} INFO - Filling up the DagBag from /opt/airflow/dags/ETL.py
[2026-01-22T09:50:13.489+0000] {processor.py:840} INFO - DAG(s) 'ETL_TASKFLOW' retrieved from /opt/airflow/dags/ETL.py
[2026-01-22T09:50:13.516+0000] {logging_mixin.py:188} INFO - [2026-01-22T09:50:13.515+0000] {dag.py:3036} INFO - Sync 1 DAGs
[2026-01-22T09:50:13.542+0000] {logging_mixin.py:188} INFO - [2026-01-22T09:50:13.542+0000] {dag.py:3823} INFO - Setting next_dagrun for ETL_TASKFLOW to 2026-01-22 09:45:00+00:00, run_after=2026-01-22 10:00:00+00:00
[2026-01-22T09:50:13.569+0000] {processor.py:183} INFO - Processing /opt/airflow/dags/ETL.py took 0.166 seconds
[2026-01-22T09:50:43.822+0000] {processor.py:161} INFO - Started process (PID=4465) to work on /opt/airflow/dags/ETL.py
[2026-01-22T09:50:43.825+0000] {processor.py:830} INFO - Processing file /opt/airflow/dags/ETL.py for tasks to queue
[2026-01-22T09:50:43.829+0000] {logging_mixin.py:188} INFO - [2026-01-22T09:50:43.828+0000] {dagbag.py:538} INFO - Filling up the DagBag from /opt/airflow/dags/ETL.py
[2026-01-22T09:50:43.915+0000] {processor.py:840} INFO - DAG(s) 'ETL_TASKFLOW' retrieved from /opt/airflow/dags/ETL.py
[2026-01-22T09:50:43.941+0000] {logging_mixin.py:188} INFO - [2026-01-22T09:50:43.941+0000] {dag.py:3036} INFO - Sync 1 DAGs
[2026-01-22T09:50:43.965+0000] {logging_mixin.py:188} INFO - [2026-01-22T09:50:43.965+0000] {dag.py:3823} INFO - Setting next_dagrun for ETL_TASKFLOW to 2026-01-22 09:45:00+00:00, run_after=2026-01-22 10:00:00+00:00
[2026-01-22T09:50:43.988+0000] {processor.py:183} INFO - Processing /opt/airflow/dags/ETL.py took 0.179 seconds
[2026-01-22T09:51:14.077+0000] {processor.py:161} INFO - Started process (PID=4466) to work on /opt/airflow/dags/ETL.py
[2026-01-22T09:51:14.078+0000] {processor.py:830} INFO - Processing file /opt/airflow/dags/ETL.py for tasks to queue
[2026-01-22T09:51:14.079+0000] {logging_mixin.py:188} INFO - [2026-01-22T09:51:14.079+0000] {dagbag.py:538} INFO - Filling up the DagBag from /opt/airflow/dags/ETL.py
[2026-01-22T09:51:14.156+0000] {processor.py:840} INFO - DAG(s) 'ETL_TASKFLOW' retrieved from /opt/airflow/dags/ETL.py
[2026-01-22T09:51:14.184+0000] {logging_mixin.py:188} INFO - [2026-01-22T09:51:14.184+0000] {dag.py:3036} INFO - Sync 1 DAGs
[2026-01-22T09:51:14.207+0000] {logging_mixin.py:188} INFO - [2026-01-22T09:51:14.207+0000] {dag.py:3823} INFO - Setting next_dagrun for ETL_TASKFLOW to 2026-01-22 09:45:00+00:00, run_after=2026-01-22 10:00:00+00:00
[2026-01-22T09:51:14.227+0000] {processor.py:183} INFO - Processing /opt/airflow/dags/ETL.py took 0.155 seconds
[2026-01-22T09:51:44.385+0000] {processor.py:161} INFO - Started process (PID=4467) to work on /opt/airflow/dags/ETL.py
[2026-01-22T09:51:44.386+0000] {processor.py:830} INFO - Processing file /opt/airflow/dags/ETL.py for tasks to queue
[2026-01-22T09:51:44.388+0000] {logging_mixin.py:188} INFO - [2026-01-22T09:51:44.387+0000] {dagbag.py:538} INFO - Filling up the DagBag from /opt/airflow/dags/ETL.py
[2026-01-22T09:51:44.468+0000] {processor.py:840} INFO - DAG(s) 'ETL_TASKFLOW' retrieved from /opt/airflow/dags/ETL.py
[2026-01-22T09:51:44.495+0000] {logging_mixin.py:188} INFO - [2026-01-22T09:51:44.494+0000] {dag.py:3036} INFO - Sync 1 DAGs
[2026-01-22T09:51:44.518+0000] {logging_mixin.py:188} INFO - [2026-01-22T09:51:44.518+0000] {dag.py:3823} INFO - Setting next_dagrun for ETL_TASKFLOW to 2026-01-22 09:45:00+00:00, run_after=2026-01-22 10:00:00+00:00
[2026-01-22T09:51:44.545+0000] {processor.py:183} INFO - Processing /opt/airflow/dags/ETL.py took 0.164 seconds
[2026-01-22T09:52:14.791+0000] {processor.py:161} INFO - Started process (PID=4468) to work on /opt/airflow/dags/ETL.py
[2026-01-22T09:52:14.794+0000] {processor.py:830} INFO - Processing file /opt/airflow/dags/ETL.py for tasks to queue
[2026-01-22T09:52:14.799+0000] {logging_mixin.py:188} INFO - [2026-01-22T09:52:14.798+0000] {dagbag.py:538} INFO - Filling up the DagBag from /opt/airflow/dags/ETL.py
[2026-01-22T09:52:14.895+0000] {processor.py:840} INFO - DAG(s) 'ETL_TASKFLOW' retrieved from /opt/airflow/dags/ETL.py
[2026-01-22T09:52:14.921+0000] {logging_mixin.py:188} INFO - [2026-01-22T09:52:14.921+0000] {dag.py:3036} INFO - Sync 1 DAGs
[2026-01-22T09:52:14.945+0000] {logging_mixin.py:188} INFO - [2026-01-22T09:52:14.944+0000] {dag.py:3823} INFO - Setting next_dagrun for ETL_TASKFLOW to 2026-01-22 09:45:00+00:00, run_after=2026-01-22 10:00:00+00:00
[2026-01-22T09:52:14.968+0000] {processor.py:183} INFO - Processing /opt/airflow/dags/ETL.py took 0.188 seconds
[2026-01-22T09:52:45.069+0000] {processor.py:161} INFO - Started process (PID=4469) to work on /opt/airflow/dags/ETL.py
[2026-01-22T09:52:45.072+0000] {processor.py:830} INFO - Processing file /opt/airflow/dags/ETL.py for tasks to queue
[2026-01-22T09:52:45.076+0000] {logging_mixin.py:188} INFO - [2026-01-22T09:52:45.075+0000] {dagbag.py:538} INFO - Filling up the DagBag from /opt/airflow/dags/ETL.py
[2026-01-22T09:52:45.173+0000] {processor.py:840} INFO - DAG(s) 'ETL_TASKFLOW' retrieved from /opt/airflow/dags/ETL.py
[2026-01-22T09:52:45.202+0000] {logging_mixin.py:188} INFO - [2026-01-22T09:52:45.202+0000] {dag.py:3036} INFO - Sync 1 DAGs
[2026-01-22T09:52:45.227+0000] {logging_mixin.py:188} INFO - [2026-01-22T09:52:45.226+0000] {dag.py:3823} INFO - Setting next_dagrun for ETL_TASKFLOW to 2026-01-22 09:45:00+00:00, run_after=2026-01-22 10:00:00+00:00
[2026-01-22T09:52:45.250+0000] {processor.py:183} INFO - Processing /opt/airflow/dags/ETL.py took 0.193 seconds
[2026-01-22T09:53:15.378+0000] {processor.py:161} INFO - Started process (PID=4470) to work on /opt/airflow/dags/ETL.py
[2026-01-22T09:53:15.380+0000] {processor.py:830} INFO - Processing file /opt/airflow/dags/ETL.py for tasks to queue
[2026-01-22T09:53:15.382+0000] {logging_mixin.py:188} INFO - [2026-01-22T09:53:15.381+0000] {dagbag.py:538} INFO - Filling up the DagBag from /opt/airflow/dags/ETL.py
[2026-01-22T09:53:15.464+0000] {processor.py:840} INFO - DAG(s) 'ETL_TASKFLOW' retrieved from /opt/airflow/dags/ETL.py
[2026-01-22T09:53:15.492+0000] {logging_mixin.py:188} INFO - [2026-01-22T09:53:15.491+0000] {dag.py:3036} INFO - Sync 1 DAGs
[2026-01-22T09:53:15.516+0000] {logging_mixin.py:188} INFO - [2026-01-22T09:53:15.516+0000] {dag.py:3823} INFO - Setting next_dagrun for ETL_TASKFLOW to 2026-01-22 09:45:00+00:00, run_after=2026-01-22 10:00:00+00:00
[2026-01-22T09:53:15.540+0000] {processor.py:183} INFO - Processing /opt/airflow/dags/ETL.py took 0.167 seconds
[2026-01-22T09:53:45.801+0000] {processor.py:161} INFO - Started process (PID=4471) to work on /opt/airflow/dags/ETL.py
[2026-01-22T09:53:45.803+0000] {processor.py:830} INFO - Processing file /opt/airflow/dags/ETL.py for tasks to queue
[2026-01-22T09:53:45.806+0000] {logging_mixin.py:188} INFO - [2026-01-22T09:53:45.805+0000] {dagbag.py:538} INFO - Filling up the DagBag from /opt/airflow/dags/ETL.py
[2026-01-22T09:53:45.890+0000] {processor.py:840} INFO - DAG(s) 'ETL_TASKFLOW' retrieved from /opt/airflow/dags/ETL.py
[2026-01-22T09:53:45.916+0000] {logging_mixin.py:188} INFO - [2026-01-22T09:53:45.916+0000] {dag.py:3036} INFO - Sync 1 DAGs
[2026-01-22T09:53:45.940+0000] {logging_mixin.py:188} INFO - [2026-01-22T09:53:45.939+0000] {dag.py:3823} INFO - Setting next_dagrun for ETL_TASKFLOW to 2026-01-22 09:45:00+00:00, run_after=2026-01-22 10:00:00+00:00
[2026-01-22T09:53:45.964+0000] {processor.py:183} INFO - Processing /opt/airflow/dags/ETL.py took 0.171 seconds
[2026-01-22T09:54:16.069+0000] {processor.py:161} INFO - Started process (PID=4472) to work on /opt/airflow/dags/ETL.py
[2026-01-22T09:54:16.072+0000] {processor.py:830} INFO - Processing file /opt/airflow/dags/ETL.py for tasks to queue
[2026-01-22T09:54:16.075+0000] {logging_mixin.py:188} INFO - [2026-01-22T09:54:16.074+0000] {dagbag.py:538} INFO - Filling up the DagBag from /opt/airflow/dags/ETL.py
[2026-01-22T09:54:16.162+0000] {processor.py:840} INFO - DAG(s) 'ETL_TASKFLOW' retrieved from /opt/airflow/dags/ETL.py
[2026-01-22T09:54:16.191+0000] {logging_mixin.py:188} INFO - [2026-01-22T09:54:16.191+0000] {dag.py:3036} INFO - Sync 1 DAGs
[2026-01-22T09:54:16.214+0000] {logging_mixin.py:188} INFO - [2026-01-22T09:54:16.214+0000] {dag.py:3823} INFO - Setting next_dagrun for ETL_TASKFLOW to 2026-01-22 09:45:00+00:00, run_after=2026-01-22 10:00:00+00:00
[2026-01-22T09:54:16.238+0000] {processor.py:183} INFO - Processing /opt/airflow/dags/ETL.py took 0.181 seconds
[2026-01-22T09:54:46.372+0000] {processor.py:161} INFO - Started process (PID=4473) to work on /opt/airflow/dags/ETL.py
[2026-01-22T09:54:46.373+0000] {processor.py:830} INFO - Processing file /opt/airflow/dags/ETL.py for tasks to queue
[2026-01-22T09:54:46.375+0000] {logging_mixin.py:188} INFO - [2026-01-22T09:54:46.374+0000] {dagbag.py:538} INFO - Filling up the DagBag from /opt/airflow/dags/ETL.py
[2026-01-22T09:54:46.457+0000] {processor.py:840} INFO - DAG(s) 'ETL_TASKFLOW' retrieved from /opt/airflow/dags/ETL.py
[2026-01-22T09:54:46.483+0000] {logging_mixin.py:188} INFO - [2026-01-22T09:54:46.483+0000] {dag.py:3036} INFO - Sync 1 DAGs
[2026-01-22T09:54:46.509+0000] {logging_mixin.py:188} INFO - [2026-01-22T09:54:46.508+0000] {dag.py:3823} INFO - Setting next_dagrun for ETL_TASKFLOW to 2026-01-22 09:45:00+00:00, run_after=2026-01-22 10:00:00+00:00
[2026-01-22T09:54:46.534+0000] {processor.py:183} INFO - Processing /opt/airflow/dags/ETL.py took 0.166 seconds
[2026-01-22T09:55:16.778+0000] {processor.py:161} INFO - Started process (PID=4474) to work on /opt/airflow/dags/ETL.py
[2026-01-22T09:55:16.781+0000] {processor.py:830} INFO - Processing file /opt/airflow/dags/ETL.py for tasks to queue
[2026-01-22T09:55:16.785+0000] {logging_mixin.py:188} INFO - [2026-01-22T09:55:16.784+0000] {dagbag.py:538} INFO - Filling up the DagBag from /opt/airflow/dags/ETL.py
[2026-01-22T09:55:16.879+0000] {processor.py:840} INFO - DAG(s) 'ETL_TASKFLOW' retrieved from /opt/airflow/dags/ETL.py
[2026-01-22T09:55:16.906+0000] {logging_mixin.py:188} INFO - [2026-01-22T09:55:16.906+0000] {dag.py:3036} INFO - Sync 1 DAGs
[2026-01-22T09:55:16.928+0000] {logging_mixin.py:188} INFO - [2026-01-22T09:55:16.928+0000] {dag.py:3823} INFO - Setting next_dagrun for ETL_TASKFLOW to 2026-01-22 09:45:00+00:00, run_after=2026-01-22 10:00:00+00:00
[2026-01-22T09:55:16.952+0000] {processor.py:183} INFO - Processing /opt/airflow/dags/ETL.py took 0.185 seconds
[2026-01-22T09:55:47.044+0000] {processor.py:161} INFO - Started process (PID=4475) to work on /opt/airflow/dags/ETL.py
[2026-01-22T09:55:47.048+0000] {processor.py:830} INFO - Processing file /opt/airflow/dags/ETL.py for tasks to queue
[2026-01-22T09:55:47.051+0000] {logging_mixin.py:188} INFO - [2026-01-22T09:55:47.050+0000] {dagbag.py:538} INFO - Filling up the DagBag from /opt/airflow/dags/ETL.py
[2026-01-22T09:55:47.150+0000] {processor.py:840} INFO - DAG(s) 'ETL_TASKFLOW' retrieved from /opt/airflow/dags/ETL.py
[2026-01-22T09:55:47.178+0000] {logging_mixin.py:188} INFO - [2026-01-22T09:55:47.177+0000] {dag.py:3036} INFO - Sync 1 DAGs
[2026-01-22T09:55:47.200+0000] {logging_mixin.py:188} INFO - [2026-01-22T09:55:47.200+0000] {dag.py:3823} INFO - Setting next_dagrun for ETL_TASKFLOW to 2026-01-22 09:45:00+00:00, run_after=2026-01-22 10:00:00+00:00
[2026-01-22T09:55:47.222+0000] {processor.py:183} INFO - Processing /opt/airflow/dags/ETL.py took 0.190 seconds
[2026-01-22T09:56:09.340+0000] {processor.py:161} INFO - Started process (PID=4476) to work on /opt/airflow/dags/ETL.py
[2026-01-22T09:56:09.341+0000] {processor.py:830} INFO - Processing file /opt/airflow/dags/ETL.py for tasks to queue
[2026-01-22T09:56:09.343+0000] {logging_mixin.py:188} INFO - [2026-01-22T09:56:09.342+0000] {dagbag.py:538} INFO - Filling up the DagBag from /opt/airflow/dags/ETL.py
[2026-01-22T09:56:09.435+0000] {processor.py:840} INFO - DAG(s) 'ETL_TASKFLOW' retrieved from /opt/airflow/dags/ETL.py
[2026-01-22T09:56:09.463+0000] {logging_mixin.py:188} INFO - [2026-01-22T09:56:09.463+0000] {dag.py:3036} INFO - Sync 1 DAGs
[2026-01-22T09:56:09.496+0000] {logging_mixin.py:188} INFO - [2026-01-22T09:56:09.496+0000] {dag.py:3823} INFO - Setting next_dagrun for ETL_TASKFLOW to 2026-01-22 09:45:00+00:00, run_after=2026-01-22 10:00:00+00:00
[2026-01-22T09:56:09.533+0000] {processor.py:183} INFO - Processing /opt/airflow/dags/ETL.py took 0.199 seconds
[2026-01-22T09:56:39.737+0000] {processor.py:161} INFO - Started process (PID=4477) to work on /opt/airflow/dags/ETL.py
[2026-01-22T09:56:39.739+0000] {processor.py:830} INFO - Processing file /opt/airflow/dags/ETL.py for tasks to queue
[2026-01-22T09:56:39.741+0000] {logging_mixin.py:188} INFO - [2026-01-22T09:56:39.740+0000] {dagbag.py:538} INFO - Filling up the DagBag from /opt/airflow/dags/ETL.py
[2026-01-22T09:56:39.826+0000] {processor.py:840} INFO - DAG(s) 'ETL_TASKFLOW' retrieved from /opt/airflow/dags/ETL.py
[2026-01-22T09:56:39.856+0000] {logging_mixin.py:188} INFO - [2026-01-22T09:56:39.856+0000] {dag.py:3036} INFO - Sync 1 DAGs
[2026-01-22T09:56:39.882+0000] {logging_mixin.py:188} INFO - [2026-01-22T09:56:39.882+0000] {dag.py:3823} INFO - Setting next_dagrun for ETL_TASKFLOW to 2026-01-22 09:45:00+00:00, run_after=2026-01-22 10:00:00+00:00
[2026-01-22T09:56:39.905+0000] {processor.py:183} INFO - Processing /opt/airflow/dags/ETL.py took 0.174 seconds
[2026-01-22T09:57:09.939+0000] {processor.py:161} INFO - Started process (PID=4478) to work on /opt/airflow/dags/ETL.py
[2026-01-22T09:57:09.941+0000] {processor.py:830} INFO - Processing file /opt/airflow/dags/ETL.py for tasks to queue
[2026-01-22T09:57:09.943+0000] {logging_mixin.py:188} INFO - [2026-01-22T09:57:09.942+0000] {dagbag.py:538} INFO - Filling up the DagBag from /opt/airflow/dags/ETL.py
[2026-01-22T09:57:10.041+0000] {processor.py:840} INFO - DAG(s) 'ETL_TASKFLOW' retrieved from /opt/airflow/dags/ETL.py
[2026-01-22T09:57:10.079+0000] {logging_mixin.py:188} INFO - [2026-01-22T09:57:10.078+0000] {dag.py:3036} INFO - Sync 1 DAGs
[2026-01-22T09:57:10.115+0000] {logging_mixin.py:188} INFO - [2026-01-22T09:57:10.115+0000] {dag.py:3823} INFO - Setting next_dagrun for ETL_TASKFLOW to 2026-01-22 09:45:00+00:00, run_after=2026-01-22 10:00:00+00:00
[2026-01-22T09:57:10.148+0000] {processor.py:183} INFO - Processing /opt/airflow/dags/ETL.py took 0.213 seconds
[2026-01-22T09:57:40.301+0000] {processor.py:161} INFO - Started process (PID=4479) to work on /opt/airflow/dags/ETL.py
[2026-01-22T09:57:40.304+0000] {processor.py:830} INFO - Processing file /opt/airflow/dags/ETL.py for tasks to queue
[2026-01-22T09:57:40.306+0000] {logging_mixin.py:188} INFO - [2026-01-22T09:57:40.305+0000] {dagbag.py:538} INFO - Filling up the DagBag from /opt/airflow/dags/ETL.py
[2026-01-22T09:57:40.436+0000] {processor.py:840} INFO - DAG(s) 'ETL_TASKFLOW' retrieved from /opt/airflow/dags/ETL.py
[2026-01-22T09:57:40.473+0000] {logging_mixin.py:188} INFO - [2026-01-22T09:57:40.473+0000] {dag.py:3036} INFO - Sync 1 DAGs
[2026-01-22T09:57:40.502+0000] {logging_mixin.py:188} INFO - [2026-01-22T09:57:40.502+0000] {dag.py:3823} INFO - Setting next_dagrun for ETL_TASKFLOW to 2026-01-22 09:45:00+00:00, run_after=2026-01-22 10:00:00+00:00
[2026-01-22T09:57:40.533+0000] {processor.py:183} INFO - Processing /opt/airflow/dags/ETL.py took 0.238 seconds
[2026-01-22T09:58:10.699+0000] {processor.py:161} INFO - Started process (PID=4480) to work on /opt/airflow/dags/ETL.py
[2026-01-22T09:58:10.700+0000] {processor.py:830} INFO - Processing file /opt/airflow/dags/ETL.py for tasks to queue
[2026-01-22T09:58:10.702+0000] {logging_mixin.py:188} INFO - [2026-01-22T09:58:10.701+0000] {dagbag.py:538} INFO - Filling up the DagBag from /opt/airflow/dags/ETL.py
[2026-01-22T09:58:10.789+0000] {processor.py:840} INFO - DAG(s) 'ETL_TASKFLOW' retrieved from /opt/airflow/dags/ETL.py
[2026-01-22T09:58:10.818+0000] {logging_mixin.py:188} INFO - [2026-01-22T09:58:10.818+0000] {dag.py:3036} INFO - Sync 1 DAGs
[2026-01-22T09:58:10.847+0000] {logging_mixin.py:188} INFO - [2026-01-22T09:58:10.847+0000] {dag.py:3823} INFO - Setting next_dagrun for ETL_TASKFLOW to 2026-01-22 09:45:00+00:00, run_after=2026-01-22 10:00:00+00:00
[2026-01-22T09:58:10.874+0000] {processor.py:183} INFO - Processing /opt/airflow/dags/ETL.py took 0.180 seconds
[2026-01-22T09:58:40.947+0000] {processor.py:161} INFO - Started process (PID=4481) to work on /opt/airflow/dags/ETL.py
[2026-01-22T09:58:40.950+0000] {processor.py:830} INFO - Processing file /opt/airflow/dags/ETL.py for tasks to queue
[2026-01-22T09:58:40.953+0000] {logging_mixin.py:188} INFO - [2026-01-22T09:58:40.952+0000] {dagbag.py:538} INFO - Filling up the DagBag from /opt/airflow/dags/ETL.py
[2026-01-22T09:58:41.040+0000] {processor.py:840} INFO - DAG(s) 'ETL_TASKFLOW' retrieved from /opt/airflow/dags/ETL.py
[2026-01-22T09:58:41.066+0000] {logging_mixin.py:188} INFO - [2026-01-22T09:58:41.066+0000] {dag.py:3036} INFO - Sync 1 DAGs
[2026-01-22T09:58:41.090+0000] {logging_mixin.py:188} INFO - [2026-01-22T09:58:41.090+0000] {dag.py:3823} INFO - Setting next_dagrun for ETL_TASKFLOW to 2026-01-22 09:45:00+00:00, run_after=2026-01-22 10:00:00+00:00
[2026-01-22T09:58:41.112+0000] {processor.py:183} INFO - Processing /opt/airflow/dags/ETL.py took 0.177 seconds
[2026-01-22T09:59:11.310+0000] {processor.py:161} INFO - Started process (PID=4482) to work on /opt/airflow/dags/ETL.py
[2026-01-22T09:59:11.312+0000] {processor.py:830} INFO - Processing file /opt/airflow/dags/ETL.py for tasks to queue
[2026-01-22T09:59:11.313+0000] {logging_mixin.py:188} INFO - [2026-01-22T09:59:11.313+0000] {dagbag.py:538} INFO - Filling up the DagBag from /opt/airflow/dags/ETL.py
[2026-01-22T09:59:11.403+0000] {processor.py:840} INFO - DAG(s) 'ETL_TASKFLOW' retrieved from /opt/airflow/dags/ETL.py
[2026-01-22T09:59:11.431+0000] {logging_mixin.py:188} INFO - [2026-01-22T09:59:11.430+0000] {dag.py:3036} INFO - Sync 1 DAGs
[2026-01-22T09:59:11.456+0000] {logging_mixin.py:188} INFO - [2026-01-22T09:59:11.456+0000] {dag.py:3823} INFO - Setting next_dagrun for ETL_TASKFLOW to 2026-01-22 09:45:00+00:00, run_after=2026-01-22 10:00:00+00:00
[2026-01-22T09:59:11.481+0000] {processor.py:183} INFO - Processing /opt/airflow/dags/ETL.py took 0.176 seconds
