[2026-01-23T19:31:03.755+0000] {taskinstance.py:1956} INFO - Dependencies all met for dep_context=non-requeueable deps ti=<TaskInstance: ml_pipeline.prepare_data scheduled__2026-01-23T19:15:00+00:00 [queued]>
[2026-01-23T19:31:03.765+0000] {taskinstance.py:1956} INFO - Dependencies all met for dep_context=requeueable deps ti=<TaskInstance: ml_pipeline.prepare_data scheduled__2026-01-23T19:15:00+00:00 [queued]>
[2026-01-23T19:31:03.766+0000] {taskinstance.py:2170} INFO - Starting attempt 1 of 2
[2026-01-23T19:31:03.780+0000] {taskinstance.py:2191} INFO - Executing <Task(PythonOperator): prepare_data> on 2026-01-23 19:15:00+00:00
[2026-01-23T19:31:03.787+0000] {standard_task_runner.py:60} INFO - Started process 7830 to run task
[2026-01-23T19:31:03.794+0000] {standard_task_runner.py:87} INFO - Running: ['***', 'tasks', 'run', 'ml_pipeline', 'prepare_data', 'scheduled__2026-01-23T19:15:00+00:00', '--job-id', '280', '--raw', '--subdir', 'DAGS_FOLDER/ml_pipeline.py', '--cfg-path', '/tmp/tmppahhssap']
[2026-01-23T19:31:03.798+0000] {standard_task_runner.py:88} INFO - Job 280: Subtask prepare_data
[2026-01-23T19:31:03.867+0000] {task_command.py:423} INFO - Running <TaskInstance: ml_pipeline.prepare_data scheduled__2026-01-23T19:15:00+00:00 [running]> on host 29e73cfdca90
[2026-01-23T19:31:03.971+0000] {taskinstance.py:2480} INFO - Exporting env vars: AIRFLOW_CTX_DAG_OWNER='***' AIRFLOW_CTX_DAG_ID='ml_pipeline' AIRFLOW_CTX_TASK_ID='prepare_data' AIRFLOW_CTX_EXECUTION_DATE='2026-01-23T19:15:00+00:00' AIRFLOW_CTX_TRY_NUMBER='1' AIRFLOW_CTX_DAG_RUN_ID='scheduled__2026-01-23T19:15:00+00:00'
[2026-01-23T19:31:10.058+0000] {logging_mixin.py:188} INFO - ==================================================
[2026-01-23T19:31:10.059+0000] {logging_mixin.py:188} INFO - Préparation des données
[2026-01-23T19:31:10.059+0000] {logging_mixin.py:188} INFO - ==================================================
[2026-01-23T19:31:10.099+0000] {logging_mixin.py:188} INFO - ✓ Toutes les colonnes présentes
[2026-01-23T19:31:15.300+0000] {logging_mixin.py:188} INFO - 
Split: 80% train / 19% test
[2026-01-23T19:31:15.787+0000] {logging_mixin.py:188} INFO -   Train: 216 lignes
[2026-01-23T19:31:16.150+0000] {logging_mixin.py:188} INFO -   Test:  54 lignes
[2026-01-23T19:31:17.442+0000] {logging_mixin.py:188} INFO - 
  DEBUG: train_max_time = 2026-01-23 18:34:00
[2026-01-23T19:31:17.444+0000] {logging_mixin.py:188} INFO -   DEBUG: test_min_time = 2026-01-23 18:35:00
[2026-01-23T19:31:17.444+0000] {logging_mixin.py:188} INFO - ✓ Pas de fuite temporelle
[2026-01-23T19:31:17.445+0000] {logging_mixin.py:188} INFO - ==================================================
[2026-01-23T19:31:19.598+0000] {python.py:201} INFO - Done. Returned value was: None
[2026-01-23T19:31:19.615+0000] {taskinstance.py:1138} INFO - Marking task as SUCCESS. dag_id=ml_pipeline, task_id=prepare_data, execution_date=20260123T191500, start_date=20260123T193103, end_date=20260123T193119
[2026-01-23T19:31:19.666+0000] {local_task_job_runner.py:234} INFO - Task exited with return code 0
[2026-01-23T19:31:19.708+0000] {taskinstance.py:3280} INFO - 1 downstream tasks scheduled from follow-on schedule check
